[ 2016-09-08T17:00:29+08:00 ] ::1 /mintAdmin/index.php/Home/User/login
INFO: [ app_init ] --START--
INFO: Run Behavior\BuildLiteBehavior [ RunTime:0.000027s ]
INFO: [ app_init ] --END-- [ RunTime:0.006057s ]
INFO: [ app_begin ] --START--
INFO: Run Behavior\ReadHtmlCacheBehavior [ RunTime:0.000791s ]
INFO: [ app_begin ] --END-- [ RunTime:0.000873s ]
SQL: SHOW COLUMNS FROM `mint_user` [ RunTime:0.0527s ]
SQL: SELECT * FROM `mint_user` WHERE `account` = '18610212470' LIMIT 1   [ RunTime:0.0503s ]
INFO: [ app_end ] --START--
INFO: Run Behavior\ShowPageTraceBehavior [ RunTime:0.011647s ]
INFO: [ app_end ] --END-- [ RunTime:0.011761s ]

[ 2016-09-08T17:00:37+08:00 ] ::1 /mintAdmin/index.php/Home/User/login
INFO: [ app_init ] --START--
INFO: Run Behavior\BuildLiteBehavior [ RunTime:0.000025s ]
INFO: [ app_init ] --END-- [ RunTime:0.000785s ]
INFO: [ app_begin ] --START--
INFO: Run Behavior\ReadHtmlCacheBehavior [ RunTime:0.000529s ]
INFO: [ app_begin ] --END-- [ RunTime:0.000593s ]
SQL: SHOW COLUMNS FROM `mint_user` [ RunTime:0.0515s ]
SQL: SELECT * FROM `mint_user` WHERE `account` = '18610212470' LIMIT 1   [ RunTime:0.0502s ]
INFO: [ app_end ] --START--
INFO: Run Behavior\ShowPageTraceBehavior [ RunTime:0.000675s ]
INFO: [ app_end ] --END-- [ RunTime:0.000741s ]

[ 2016-09-08T17:00:48+08:00 ] ::1 /mintAdmin/index.php/Home/User/login
INFO: [ app_init ] --START--
INFO: Run Behavior\BuildLiteBehavior [ RunTime:0.000025s ]
INFO: [ app_init ] --END-- [ RunTime:0.000676s ]
INFO: [ app_begin ] --START--
INFO: Run Behavior\ReadHtmlCacheBehavior [ RunTime:0.000873s ]
INFO: [ app_begin ] --END-- [ RunTime:0.001022s ]
SQL: SHOW COLUMNS FROM `mint_user` [ RunTime:0.0512s ]
SQL: SELECT * FROM `mint_user` WHERE `account` = '18610212470' LIMIT 1   [ RunTime:0.0507s ]
INFO: [ app_end ] --START--
INFO: Run Behavior\ShowPageTraceBehavior [ RunTime:0.000792s ]
INFO: [ app_end ] --END-- [ RunTime:0.000868s ]

[ 2016-09-08T17:01:53+08:00 ] ::1 /mintAdmin/index.php/Home/Index/getVerify?t=1473325313549
INFO: [ app_init ] --START--
INFO: Run Behavior\BuildLiteBehavior [ RunTime:0.000039s ]
INFO: [ app_init ] --END-- [ RunTime:0.000918s ]
INFO: [ app_begin ] --START--
INFO: Run Behavior\ReadHtmlCacheBehavior [ RunTime:0.000636s ]
INFO: [ app_begin ] --END-- [ RunTime:0.000729s ]
INFO: [ app_end ] --START--
INFO: Run Behavior\ShowPageTraceBehavior [ RunTime:0.000759s ]
INFO: [ app_end ] --END-- [ RunTime:0.000887s ]

[ 2016-09-08T17:02:32+08:00 ] ::1 /mintAdmin/index.php/Home/User/checkUser
INFO: [ app_init ] --START--
INFO: Run Behavior\BuildLiteBehavior [ RunTime:0.000028s ]
INFO: [ app_init ] --END-- [ RunTime:0.000654s ]
INFO: [ app_begin ] --START--
INFO: Run Behavior\ReadHtmlCacheBehavior [ RunTime:0.000878s ]
INFO: [ app_begin ] --END-- [ RunTime:0.000994s ]
SQL: SHOW COLUMNS FROM `mint_user` [ RunTime:0.0541s ]
SQL: SELECT COUNT(*) AS tp_count FROM `mint_user` WHERE `account` = '18610212470' LIMIT 1   [ RunTime:0.0523s ]
INFO: [ app_end ] --START--
INFO: Run Behavior\ShowPageTraceBehavior [ RunTime:0.000682s ]
INFO: [ app_end ] --END-- [ RunTime:0.000764s ]

[ 2016-09-08T17:14:20+08:00 ] ::1 /mintAdmin/index.php/Home/Index/getVerify?t=1473326060704
INFO: [ app_init ] --START--
INFO: Run Behavior\BuildLiteBehavior [ RunTime:0.000024s ]
INFO: [ app_init ] --END-- [ RunTime:0.000549s ]
INFO: [ app_begin ] --START--
INFO: Run Behavior\ReadHtmlCacheBehavior [ RunTime:0.000898s ]
INFO: [ app_begin ] --END-- [ RunTime:0.001025s ]
INFO: [ app_end ] --START--
INFO: Run Behavior\ShowPageTraceBehavior [ RunTime:0.000947s ]
INFO: [ app_end ] --END-- [ RunTime:0.001068s ]

[ 2016-09-08T17:14:42+08:00 ] ::1 /mintAdmin/index.php/Home/User/login
INFO: [ app_init ] --START--
INFO: Run Behavior\BuildLiteBehavior [ RunTime:0.000021s ]
INFO: [ app_init ] --END-- [ RunTime:0.000471s ]
INFO: [ app_begin ] --START--
INFO: Run Behavior\ReadHtmlCacheBehavior [ RunTime:0.000520s ]
INFO: [ app_begin ] --END-- [ RunTime:0.000584s ]
SQL: SHOW COLUMNS FROM `mint_user` [ RunTime:0.0527s ]
SQL: SELECT * FROM `mint_user` WHERE `account` = '18248088627' LIMIT 1   [ RunTime:0.0521s ]
INFO: [ app_end ] --START--
INFO: Run Behavior\ShowPageTraceBehavior [ RunTime:0.000844s ]
INFO: [ app_end ] --END-- [ RunTime:0.000916s ]

[ 2016-09-08T18:21:12+08:00 ] ::1 /mintAdmin/index.php/Home/User/getInfo
INFO: [ app_init ] --START--
INFO: Run Behavior\BuildLiteBehavior [ RunTime:0.000020s ]
INFO: [ app_init ] --END-- [ RunTime:0.000644s ]
INFO: [ app_begin ] --START--
INFO: Run Behavior\ReadHtmlCacheBehavior [ RunTime:0.000726s ]
INFO: [ app_begin ] --END-- [ RunTime:0.000840s ]

[ 2016-09-08T18:23:58+08:00 ] ::1 /mintAdmin/index.php/Home/User/login
INFO: [ app_init ] --START--
INFO: Run Behavior\BuildLiteBehavior [ RunTime:0.000015s ]
INFO: [ app_init ] --END-- [ RunTime:0.000345s ]
INFO: [ app_begin ] --START--
INFO: Run Behavior\ReadHtmlCacheBehavior [ RunTime:0.000495s ]
INFO: [ app_begin ] --END-- [ RunTime:0.000552s ]
SQL: SHOW COLUMNS FROM `mint_user` [ RunTime:0.0543s ]
SQL: SELECT * FROM `mint_user` WHERE `account` = '18610212470' LIMIT 1   [ RunTime:0.0540s ]
INFO: [ app_end ] --START--
INFO: Run Behavior\ShowPageTraceBehavior [ RunTime:0.000754s ]
INFO: [ app_end ] --END-- [ RunTime:0.000826s ]

[ 2016-09-08T18:24:04+08:00 ] ::1 /mintAdmin/index.php/Home/User/login
INFO: [ app_init ] --START--
INFO: Run Behavior\BuildLiteBehavior [ RunTime:0.000017s ]
INFO: [ app_init ] --END-- [ RunTime:0.000413s ]
INFO: [ app_begin ] --START--
INFO: Run Behavior\ReadHtmlCacheBehavior [ RunTime:0.000465s ]
INFO: [ app_begin ] --END-- [ RunTime:0.000520s ]
SQL: SHOW COLUMNS FROM `mint_user` [ RunTime:0.0539s ]
SQL: SELECT * FROM `mint_user` WHERE `account` = '18610212470' LIMIT 1   [ RunTime:0.0534s ]
INFO: [ app_end ] --START--
INFO: Run Behavior\ShowPageTraceBehavior [ RunTime:0.000626s ]
INFO: [ app_end ] --END-- [ RunTime:0.000683s ]

[ 2016-09-08T18:24:14+08:00 ] ::1 /mintAdmin/index.php/Home/Index/getVerify?t=1473330254441
INFO: [ app_init ] --START--
INFO: Run Behavior\BuildLiteBehavior [ RunTime:0.000067s ]
INFO: [ app_init ] --END-- [ RunTime:0.000966s ]
INFO: [ app_begin ] --START--
INFO: Run Behavior\ReadHtmlCacheBehavior [ RunTime:0.000869s ]
INFO: [ app_begin ] --END-- [ RunTime:0.001041s ]
INFO: [ app_end ] --START--
INFO: Run Behavior\ShowPageTraceBehavior [ RunTime:0.000596s ]
INFO: [ app_end ] --END-- [ RunTime:0.000678s ]

[ 2016-09-08T18:24:21+08:00 ] ::1 /mintAdmin/index.php/Home/User/checkUser
INFO: [ app_init ] --START--
INFO: Run Behavior\BuildLiteBehavior [ RunTime:0.000022s ]
INFO: [ app_init ] --END-- [ RunTime:0.000512s ]
INFO: [ app_begin ] --START--
INFO: Run Behavior\ReadHtmlCacheBehavior [ RunTime:0.000592s ]
INFO: [ app_begin ] --END-- [ RunTime:0.000661s ]
SQL: SHOW COLUMNS FROM `mint_user` [ RunTime:0.0500s ]
SQL: SELECT COUNT(*) AS tp_count FROM `mint_user` WHERE `account` = '18610212470' LIMIT 1   [ RunTime:0.0489s ]
INFO: [ app_end ] --START--
INFO: Run Behavior\ShowPageTraceBehavior [ RunTime:0.000911s ]
INFO: [ app_end ] --END-- [ RunTime:0.000986s ]

[ 2016-09-08T18:24:32+08:00 ] ::1 /mintAdmin/index.php/Home/Index/getVerify?t=1473330272761
INFO: [ app_init ] --START--
INFO: Run Behavior\BuildLiteBehavior [ RunTime:0.000027s ]
INFO: [ app_init ] --END-- [ RunTime:0.000674s ]
INFO: [ app_begin ] --START--
INFO: Run Behavior\ReadHtmlCacheBehavior [ RunTime:0.000656s ]
INFO: [ app_begin ] --END-- [ RunTime:0.000738s ]
INFO: [ app_end ] --START--
INFO: Run Behavior\ShowPageTraceBehavior [ RunTime:0.001088s ]
INFO: [ app_end ] --END-- [ RunTime:0.001244s ]

[ 2016-09-08T18:24:46+08:00 ] ::1 /mintAdmin/index.php/Home/Index/sendMsg
INFO: [ app_init ] --START--
INFO: Run Behavior\BuildLiteBehavior [ RunTime:0.000016s ]
INFO: [ app_init ] --END-- [ RunTime:0.000524s ]
INFO: [ app_begin ] --START--
INFO: Run Behavior\ReadHtmlCacheBehavior [ RunTime:0.000471s ]
INFO: [ app_begin ] --END-- [ RunTime:0.000526s ]
SQL: SHOW COLUMNS FROM `mint_verify` [ RunTime:0.0507s ]
SQL: SELECT * FROM `mint_verify` WHERE `phone` = '18610212470' ORDER BY id desc LIMIT 1   [ RunTime:0.0507s ]
SQL: INSERT INTO `mint_verify` (`phone`,`verify`,`create_time`) VALUES ('18610212470','722591','1473330285') [ RunTime:0.0644s ]

[ 2016-09-08T18:25:09+08:00 ] ::1 /mintAdmin/index.php/Home/User/resetPwd
INFO: [ app_init ] --START--
INFO: Run Behavior\BuildLiteBehavior [ RunTime:0.000016s ]
INFO: [ app_init ] --END-- [ RunTime:0.000362s ]
INFO: [ app_begin ] --START--
INFO: Run Behavior\ReadHtmlCacheBehavior [ RunTime:0.000462s ]
INFO: [ app_begin ] --END-- [ RunTime:0.000516s ]
SQL: SHOW COLUMNS FROM `mint_user` [ RunTime:0.0564s ]
SQL: SELECT COUNT(*) AS tp_count FROM `mint_user` WHERE `account` = '18610212470' LIMIT 1   [ RunTime:0.0549s ]
SQL: SHOW COLUMNS FROM `mint_verify` [ RunTime:0.0557s ]
SQL: SELECT * FROM `mint_verify` WHERE `phone` = '18610212470' AND `verify` = '722591' AND `is_use` = 1 LIMIT 1   [ RunTime:0.0551s ]
SQL: UPDATE `mint_verify` SET `is_use`='2' WHERE ( id=192 ) [ RunTime:0.0640s ]
SQL: UPDATE `mint_user` SET `password`='14e1b600b1fd579f47433b88e8d85291' WHERE `account` = '18610212470' [ RunTime:0.0554s ]

[ 2016-09-08T18:25:26+08:00 ] ::1 /mintAdmin/index.php/Home/User/login
INFO: [ app_init ] --START--
INFO: Run Behavior\BuildLiteBehavior [ RunTime:0.000022s ]
INFO: [ app_init ] --END-- [ RunTime:0.000433s ]
INFO: [ app_begin ] --START--
INFO: Run Behavior\ReadHtmlCacheBehavior [ RunTime:0.000501s ]
INFO: [ app_begin ] --END-- [ RunTime:0.000568s ]
SQL: SHOW COLUMNS FROM `mint_user` [ RunTime:0.0506s ]
SQL: SELECT * FROM `mint_user` WHERE `account` = '18610212470' LIMIT 1   [ RunTime:0.0507s ]
SQL: UPDATE `mint_user` SET `user_token`='7bfc96fe83bb060540bea47d0f1db63b' WHERE `id` = 178 [ RunTime:0.0659s ]
INFO: [ app_end ] --START--
INFO: Run Behavior\ShowPageTraceBehavior [ RunTime:0.000982s ]
INFO: [ app_end ] --END-- [ RunTime:0.001058s ]

[ 2016-09-08T18:25:28+08:00 ] ::1 /mintAdmin/index.php/Home/User/getInfo
INFO: [ app_init ] --START--
INFO: Run Behavior\BuildLiteBehavior [ RunTime:0.000021s ]
INFO: [ app_init ] --END-- [ RunTime:0.000608s ]
INFO: [ app_begin ] --START--
INFO: Run Behavior\ReadHtmlCacheBehavior [ RunTime:0.000801s ]
INFO: [ app_begin ] --END-- [ RunTime:0.000891s ]
SQL: SHOW COLUMNS FROM `mint_user` [ RunTime:0.0507s ]
SQL: SELECT `id`,`account`,`photo`,`name`,`birthyear`,`birthmonth`,`birthday`,`sex`,`phone`,`position`,`hospital`,`context`,`field`,`label`,`job_age`,`work_time`,`invite_code`,`openid`,`identity_id`,`label_id`,`company_code` FROM `mint_user` WHERE ( id=178 ) LIMIT 1   [ RunTime:0.0500s ]
INFO: [ app_end ] --START--
INFO: Run Behavior\ShowPageTraceBehavior [ RunTime:0.000650s ]
INFO: [ app_end ] --END-- [ RunTime:0.000745s ]

[ 2016-09-08T18:25:38+08:00 ] ::1 /mintAdmin/index.php/Home/Appointment/shiyueCount
INFO: [ app_init ] --START--
INFO: Run Behavior\BuildLiteBehavior [ RunTime:0.000022s ]
INFO: [ app_init ] --END-- [ RunTime:0.000493s ]
INFO: [ app_begin ] --START--
INFO: Run Behavior\ReadHtmlCacheBehavior [ RunTime:0.000526s ]
INFO: [ app_begin ] --END-- [ RunTime:0.000588s ]
SQL: SHOW COLUMNS FROM `mint_appointment` [ RunTime:0.0525s ]
SQL: SELECT count(*) as count,max(create_time) as create_time FROM `mint_appointment` WHERE ( patient_id=178 and status=3 ) LIMIT 1   [ RunTime:0.0510s ]
INFO: [ app_end ] --START--
INFO: Run Behavior\ShowPageTraceBehavior [ RunTime:0.000937s ]
INFO: [ app_end ] --END-- [ RunTime:0.001024s ]

[ 2016-09-08T18:25:39+08:00 ] ::1 /mintAdmin/index.php/Home/User/getInfo
INFO: [ app_init ] --START--
INFO: Run Behavior\BuildLiteBehavior [ RunTime:0.000026s ]
INFO: [ app_init ] --END-- [ RunTime:0.000624s ]
INFO: [ app_begin ] --START--
INFO: Run Behavior\ReadHtmlCacheBehavior [ RunTime:0.000729s ]
INFO: [ app_begin ] --END-- [ RunTime:0.000826s ]
SQL: SHOW COLUMNS FROM `mint_user` [ RunTime:0.0538s ]
SQL: SELECT `id`,`account`,`photo`,`name`,`birthyear`,`birthmonth`,`birthday`,`sex`,`phone`,`position`,`hospital`,`context`,`field`,`label`,`job_age`,`work_time`,`invite_code`,`openid`,`identity_id`,`label_id`,`company_code` FROM `mint_user` WHERE ( id=178 ) LIMIT 1   [ RunTime:0.0533s ]
INFO: [ app_end ] --START--
INFO: Run Behavior\ShowPageTraceBehavior [ RunTime:0.000779s ]
INFO: [ app_end ] --END-- [ RunTime:0.000857s ]

[ 2016-09-08T18:25:39+08:00 ] ::1 /mintAdmin/index.php/Home/Doctor/serviceLst
INFO: [ app_init ] --START--
INFO: Run Behavior\BuildLiteBehavior [ RunTime:0.000024s ]
INFO: [ app_init ] --END-- [ RunTime:0.000552s ]
INFO: [ app_begin ] --START--
INFO: Run Behavior\ReadHtmlCacheBehavior [ RunTime:0.000762s ]
INFO: [ app_begin ] --END-- [ RunTime:0.000876s ]
SQL: SHOW COLUMNS FROM `mint_service` [ RunTime:0.0529s ]
SQL: SELECT * FROM `mint_service`  [ RunTime:0.0526s ]
INFO: [ app_end ] --START--
INFO: Run Behavior\ShowPageTraceBehavior [ RunTime:0.000554s ]
INFO: [ app_end ] --END-- [ RunTime:0.000612s ]

[ 2016-09-08T18:25:39+08:00 ] ::1 /mintAdmin/index.php/Home/Appointment/shiyueCount
INFO: [ app_init ] --START--
INFO: Run Behavior\BuildLiteBehavior [ RunTime:0.000017s ]
INFO: [ app_init ] --END-- [ RunTime:0.000456s ]
INFO: [ app_begin ] --START--
INFO: Run Behavior\ReadHtmlCacheBehavior [ RunTime:0.000521s ]
INFO: [ app_begin ] --END-- [ RunTime:0.000578s ]
SQL: SHOW COLUMNS FROM `mint_appointment` [ RunTime:0.0522s ]
SQL: SELECT count(*) as count,max(create_time) as create_time FROM `mint_appointment` WHERE ( patient_id=178 and status=3 ) LIMIT 1   [ RunTime:0.0508s ]
INFO: [ app_end ] --START--
INFO: Run Behavior\ShowPageTraceBehavior [ RunTime:0.000581s ]
INFO: [ app_end ] --END-- [ RunTime:0.000639s ]

[ 2016-09-08T18:25:44+08:00 ] ::1 /mintAdmin/index.php/Home/User/getInfo
INFO: [ app_init ] --START--
INFO: Run Behavior\BuildLiteBehavior [ RunTime:0.000022s ]
INFO: [ app_init ] --END-- [ RunTime:0.000532s ]
INFO: [ app_begin ] --START--
INFO: Run Behavior\ReadHtmlCacheBehavior [ RunTime:0.006787s ]
INFO: [ app_begin ] --END-- [ RunTime:0.006910s ]
SQL: SHOW COLUMNS FROM `mint_user` [ RunTime:0.0525s ]
SQL: SELECT `id`,`account`,`photo`,`name`,`birthyear`,`birthmonth`,`birthday`,`sex`,`phone`,`position`,`hospital`,`context`,`field`,`label`,`job_age`,`work_time`,`invite_code`,`openid`,`identity_id`,`label_id`,`company_code` FROM `mint_user` WHERE ( id=178 ) LIMIT 1   [ RunTime:0.0520s ]
INFO: [ app_end ] --START--
INFO: Run Behavior\ShowPageTraceBehavior [ RunTime:0.000777s ]
INFO: [ app_end ] --END-- [ RunTime:0.000853s ]

[ 2016-09-08T18:25:44+08:00 ] ::1 /mintAdmin/index.php/Home/Doctor/serviceLst
INFO: [ app_init ] --START--
INFO: Run Behavior\BuildLiteBehavior [ RunTime:0.000025s ]
INFO: [ app_init ] --END-- [ RunTime:0.001291s ]
INFO: [ app_begin ] --START--
INFO: Run Behavior\ReadHtmlCacheBehavior [ RunTime:0.000732s ]
INFO: [ app_begin ] --END-- [ RunTime:0.000819s ]
SQL: SHOW COLUMNS FROM `mint_service` [ RunTime:0.0485s ]
SQL: SELECT * FROM `mint_service`  [ RunTime:0.0487s ]
INFO: [ app_end ] --START--
INFO: Run Behavior\ShowPageTraceBehavior [ RunTime:0.000928s ]
INFO: [ app_end ] --END-- [ RunTime:0.001004s ]

[ 2016-09-08T18:25:44+08:00 ] ::1 /mintAdmin/index.php/Home/Appointment/shiyueCount
INFO: [ app_init ] --START--
INFO: Run Behavior\BuildLiteBehavior [ RunTime:0.000016s ]
INFO: [ app_init ] --END-- [ RunTime:0.000369s ]
INFO: [ app_begin ] --START--
INFO: Run Behavior\ReadHtmlCacheBehavior [ RunTime:0.000467s ]
INFO: [ app_begin ] --END-- [ RunTime:0.000520s ]
SQL: SHOW COLUMNS FROM `mint_appointment` [ RunTime:0.0554s ]
SQL: SELECT count(*) as count,max(create_time) as create_time FROM `mint_appointment` WHERE ( patient_id=178 and status=3 ) LIMIT 1   [ RunTime:0.0548s ]
INFO: [ app_end ] --START--
INFO: Run Behavior\ShowPageTraceBehavior [ RunTime:0.000867s ]
INFO: [ app_end ] --END-- [ RunTime:0.000937s ]

[ 2016-09-08T18:26:05+08:00 ] ::1 /mintAdmin/index.php/Home/Appointment/getDoctorLst?visit_date=2016-09-9&service_id=3
INFO: [ app_init ] --START--
INFO: Run Behavior\BuildLiteBehavior [ RunTime:0.000015s ]
INFO: [ app_init ] --END-- [ RunTime:0.000347s ]
INFO: [ app_begin ] --START--
INFO: Run Behavior\ReadHtmlCacheBehavior [ RunTime:0.000461s ]
INFO: [ app_begin ] --END-- [ RunTime:0.000513s ]
SQL: SHOW COLUMNS FROM `mint_dttime` [ RunTime:0.0510s ]
SQL: SELECT group_concat(doctor_id) as id FROM `mint_dttime` WHERE ( visit_date='2016-09-9' ) LIMIT 1   [ RunTime:0.0504s ]
SQL: SHOW COLUMNS FROM `mint_doctor_service` [ RunTime:0.0505s ]
SQL: SELECT group_concat(doctor_id) as id FROM `mint_doctor_service` WHERE ( service_id=3 ) LIMIT 1   [ RunTime:0.0504s ]
NOTIC: [8] Undefined variable: dt_ids1 /Applications/MAMP/htdocs/mintAdmin/Application/Home/Controller/AppointmentController.class.php 第 329 行.
NOTIC: [8] Undefined variable: dt_id_arr /Applications/MAMP/htdocs/mintAdmin/Application/Home/Controller/AppointmentController.class.php 第 333 行.
NOTIC: [8] Undefined variable: data /Applications/MAMP/htdocs/mintAdmin/Application/Home/Controller/AppointmentController.class.php 第 357 行.
NOTIC: [8] Undefined variable: data /Applications/MAMP/htdocs/mintAdmin/Application/Home/Controller/AppointmentController.class.php 第 371 行.
INFO: [ app_end ] --START--
INFO: Run Behavior\ShowPageTraceBehavior [ RunTime:0.000922s ]
INFO: [ app_end ] --END-- [ RunTime:0.001026s ]

[ 2016-09-08T18:26:08+08:00 ] ::1 /mintAdmin/index.php/Home/Appointment/getDoctorLst?visit_date=2016-09-10&service_id=3
INFO: [ app_init ] --START--
INFO: Run Behavior\BuildLiteBehavior [ RunTime:0.000015s ]
INFO: [ app_init ] --END-- [ RunTime:0.000343s ]
INFO: [ app_begin ] --START--
INFO: Run Behavior\ReadHtmlCacheBehavior [ RunTime:0.000455s ]
INFO: [ app_begin ] --END-- [ RunTime:0.000508s ]
SQL: SHOW COLUMNS FROM `mint_dttime` [ RunTime:0.0558s ]
SQL: SELECT group_concat(doctor_id) as id FROM `mint_dttime` WHERE ( visit_date='2016-09-10' ) LIMIT 1   [ RunTime:0.0554s ]
SQL: SHOW COLUMNS FROM `mint_doctor_service` [ RunTime:0.0553s ]
SQL: SELECT group_concat(doctor_id) as id FROM `mint_doctor_service` WHERE ( service_id=3 ) LIMIT 1   [ RunTime:0.0551s ]
SQL: SHOW COLUMNS FROM `mint_user` [ RunTime:0.0561s ]
SQL: SELECT `id`,`name`,`photo`,`job_age`,`field` FROM `mint_user` WHERE `id` IN ('164','179','181','169')  [ RunTime:0.0555s ]
SQL: SELECT a.doctor_id,a.clinic_id,b.clinic_name FROM mint_dttime a left join mint_clinic as b on a.clinic_id=b.id  WHERE a.doctor_id IN ('164','179','181','169') AND a.visit_date = '2016-09-10'  [ RunTime:0.0558s ]
INFO: [ app_end ] --START--
INFO: Run Behavior\ShowPageTraceBehavior [ RunTime:0.000803s ]
INFO: [ app_end ] --END-- [ RunTime:0.000876s ]

[ 2016-09-08T18:26:11+08:00 ] ::1 /mintAdmin/index.php/Home/Appointment/getDoctorLst?visit_date=2016-09-11&service_id=3
INFO: [ app_init ] --START--
INFO: Run Behavior\BuildLiteBehavior [ RunTime:0.000015s ]
INFO: [ app_init ] --END-- [ RunTime:0.000343s ]
INFO: [ app_begin ] --START--
INFO: Run Behavior\ReadHtmlCacheBehavior [ RunTime:0.000457s ]
INFO: [ app_begin ] --END-- [ RunTime:0.000509s ]
SQL: SHOW COLUMNS FROM `mint_dttime` [ RunTime:0.0497s ]
SQL: SELECT group_concat(doctor_id) as id FROM `mint_dttime` WHERE ( visit_date='2016-09-11' ) LIMIT 1   [ RunTime:0.0485s ]
SQL: SHOW COLUMNS FROM `mint_doctor_service` [ RunTime:0.0490s ]
SQL: SELECT group_concat(doctor_id) as id FROM `mint_doctor_service` WHERE ( service_id=3 ) LIMIT 1   [ RunTime:0.0490s ]
SQL: SHOW COLUMNS FROM `mint_user` [ RunTime:0.0501s ]
SQL: SELECT `id`,`name`,`photo`,`job_age`,`field` FROM `mint_user` WHERE `id` IN ('164','179','181')  [ RunTime:0.0494s ]
SQL: SELECT a.doctor_id,a.clinic_id,b.clinic_name FROM mint_dttime a left join mint_clinic as b on a.clinic_id=b.id  WHERE a.doctor_id IN ('164','179','181') AND a.visit_date = '2016-09-11'  [ RunTime:0.0491s ]
INFO: [ app_end ] --START--
INFO: Run Behavior\ShowPageTraceBehavior [ RunTime:0.000712s ]
INFO: [ app_end ] --END-- [ RunTime:0.000793s ]

[ 2016-09-08T18:26:12+08:00 ] ::1 /mintAdmin/index.php/Home/Appointment/getDoctorLst?visit_date=2016-09-17&service_id=3
INFO: [ app_init ] --START--
INFO: Run Behavior\BuildLiteBehavior [ RunTime:0.000021s ]
INFO: [ app_init ] --END-- [ RunTime:0.000508s ]
INFO: [ app_begin ] --START--
INFO: Run Behavior\ReadHtmlCacheBehavior [ RunTime:0.000553s ]
INFO: [ app_begin ] --END-- [ RunTime:0.000625s ]
SQL: SHOW COLUMNS FROM `mint_dttime` [ RunTime:0.0525s ]
SQL: SELECT group_concat(doctor_id) as id FROM `mint_dttime` WHERE ( visit_date='2016-09-17' ) LIMIT 1   [ RunTime:0.0521s ]
SQL: SHOW COLUMNS FROM `mint_doctor_service` [ RunTime:0.0518s ]
SQL: SELECT group_concat(doctor_id) as id FROM `mint_doctor_service` WHERE ( service_id=3 ) LIMIT 1   [ RunTime:0.0520s ]
SQL: SHOW COLUMNS FROM `mint_user` [ RunTime:0.0529s ]
SQL: SELECT `id`,`name`,`photo`,`job_age`,`field` FROM `mint_user` WHERE `id` IN ('159','179','166')  [ RunTime:0.0520s ]
SQL: SELECT a.doctor_id,a.clinic_id,b.clinic_name FROM mint_dttime a left join mint_clinic as b on a.clinic_id=b.id  WHERE a.doctor_id IN ('159','179','166') AND a.visit_date = '2016-09-17'  [ RunTime:0.0518s ]
INFO: [ app_end ] --START--
INFO: Run Behavior\ShowPageTraceBehavior [ RunTime:0.000557s ]
INFO: [ app_end ] --END-- [ RunTime:0.000615s ]

[ 2016-09-08T18:26:12+08:00 ] ::1 /mintAdmin/index.php/Home/Appointment/getDoctorLst?visit_date=2016-09-16&service_id=3
INFO: [ app_init ] --START--
INFO: Run Behavior\BuildLiteBehavior [ RunTime:0.000016s ]
INFO: [ app_init ] --END-- [ RunTime:0.000345s ]
INFO: [ app_begin ] --START--
INFO: Run Behavior\ReadHtmlCacheBehavior [ RunTime:0.000450s ]
INFO: [ app_begin ] --END-- [ RunTime:0.000503s ]
SQL: SHOW COLUMNS FROM `mint_dttime` [ RunTime:0.0519s ]
SQL: SELECT group_concat(doctor_id) as id FROM `mint_dttime` WHERE ( visit_date='2016-09-16' ) LIMIT 1   [ RunTime:0.0514s ]
SQL: SHOW COLUMNS FROM `mint_doctor_service` [ RunTime:0.0519s ]
SQL: SELECT group_concat(doctor_id) as id FROM `mint_doctor_service` WHERE ( service_id=3 ) LIMIT 1   [ RunTime:0.0517s ]
SQL: SHOW COLUMNS FROM `mint_user` [ RunTime:0.0526s ]
SQL: SELECT `id`,`name`,`photo`,`job_age`,`field` FROM `mint_user` WHERE `id` IN ('154','150','179','183','166')  [ RunTime:0.0523s ]
SQL: SELECT a.doctor_id,a.clinic_id,b.clinic_name FROM mint_dttime a left join mint_clinic as b on a.clinic_id=b.id  WHERE a.doctor_id IN ('154','150','179','183','166') AND a.visit_date = '2016-09-16'  [ RunTime:0.0517s ]
INFO: [ app_end ] --START--
INFO: Run Behavior\ShowPageTraceBehavior [ RunTime:0.000577s ]
INFO: [ app_end ] --END-- [ RunTime:0.000639s ]

[ 2016-09-08T18:26:13+08:00 ] ::1 /mintAdmin/index.php/Home/Appointment/getDoctorLst?visit_date=2016-09-15&service_id=3
INFO: [ app_init ] --START--
INFO: Run Behavior\BuildLiteBehavior [ RunTime:0.000015s ]
INFO: [ app_init ] --END-- [ RunTime:0.000344s ]
INFO: [ app_begin ] --START--
INFO: Run Behavior\ReadHtmlCacheBehavior [ RunTime:0.000458s ]
INFO: [ app_begin ] --END-- [ RunTime:0.000510s ]
SQL: SHOW COLUMNS FROM `mint_dttime` [ RunTime:0.0495s ]
SQL: SELECT group_concat(doctor_id) as id FROM `mint_dttime` WHERE ( visit_date='2016-09-15' ) LIMIT 1   [ RunTime:0.0490s ]
SQL: SHOW COLUMNS FROM `mint_doctor_service` [ RunTime:0.0490s ]
SQL: SELECT group_concat(doctor_id) as id FROM `mint_doctor_service` WHERE ( service_id=3 ) LIMIT 1   [ RunTime:0.0493s ]
SQL: SHOW COLUMNS FROM `mint_user` [ RunTime:0.0506s ]
SQL: SELECT `id`,`name`,`photo`,`job_age`,`field` FROM `mint_user` WHERE `id` IN ('179')  [ RunTime:0.0490s ]
SQL: SELECT a.doctor_id,a.clinic_id,b.clinic_name FROM mint_dttime a left join mint_clinic as b on a.clinic_id=b.id  WHERE a.doctor_id IN ('179') AND a.visit_date = '2016-09-15'  [ RunTime:0.0491s ]
INFO: [ app_end ] --START--
INFO: Run Behavior\ShowPageTraceBehavior [ RunTime:0.000769s ]
INFO: [ app_end ] --END-- [ RunTime:0.000841s ]

[ 2016-09-08T18:26:14+08:00 ] ::1 /mintAdmin/index.php/Home/Appointment/getDoctorLst?visit_date=2016-09-15&service_id=3
INFO: [ app_init ] --START--
INFO: Run Behavior\BuildLiteBehavior [ RunTime:0.000019s ]
INFO: [ app_init ] --END-- [ RunTime:0.000471s ]
INFO: [ app_begin ] --START--
INFO: Run Behavior\ReadHtmlCacheBehavior [ RunTime:0.000626s ]
INFO: [ app_begin ] --END-- [ RunTime:0.000718s ]
SQL: SHOW COLUMNS FROM `mint_dttime` [ RunTime:0.0514s ]
SQL: SELECT group_concat(doctor_id) as id FROM `mint_dttime` WHERE ( visit_date='2016-09-15' ) LIMIT 1   [ RunTime:0.0507s ]
SQL: SHOW COLUMNS FROM `mint_doctor_service` [ RunTime:0.0509s ]
SQL: SELECT group_concat(doctor_id) as id FROM `mint_doctor_service` WHERE ( service_id=3 ) LIMIT 1   [ RunTime:0.0506s ]
SQL: SHOW COLUMNS FROM `mint_user` [ RunTime:0.0515s ]
SQL: SELECT `id`,`name`,`photo`,`job_age`,`field` FROM `mint_user` WHERE `id` IN ('179')  [ RunTime:0.0505s ]
SQL: SELECT a.doctor_id,a.clinic_id,b.clinic_name FROM mint_dttime a left join mint_clinic as b on a.clinic_id=b.id  WHERE a.doctor_id IN ('179') AND a.visit_date = '2016-09-15'  [ RunTime:0.0506s ]
INFO: [ app_end ] --START--
INFO: Run Behavior\ShowPageTraceBehavior [ RunTime:0.000763s ]
INFO: [ app_end ] --END-- [ RunTime:0.000846s ]

[ 2016-09-08T18:26:15+08:00 ] ::1 /mintAdmin/index.php/Home/Appointment/getDoctorLst?visit_date=2016-09-15&service_id=3
INFO: [ app_init ] --START--
INFO: Run Behavior\BuildLiteBehavior [ RunTime:0.000015s ]
INFO: [ app_init ] --END-- [ RunTime:0.000348s ]
INFO: [ app_begin ] --START--
INFO: Run Behavior\ReadHtmlCacheBehavior [ RunTime:0.000487s ]
INFO: [ app_begin ] --END-- [ RunTime:0.000547s ]
SQL: SHOW COLUMNS FROM `mint_dttime` [ RunTime:0.0555s ]
SQL: SELECT group_concat(doctor_id) as id FROM `mint_dttime` WHERE ( visit_date='2016-09-15' ) LIMIT 1   [ RunTime:0.0546s ]
SQL: SHOW COLUMNS FROM `mint_doctor_service` [ RunTime:0.0552s ]
SQL: SELECT group_concat(doctor_id) as id FROM `mint_doctor_service` WHERE ( service_id=3 ) LIMIT 1   [ RunTime:0.0551s ]
SQL: SHOW COLUMNS FROM `mint_user` [ RunTime:0.0556s ]
SQL: SELECT `id`,`name`,`photo`,`job_age`,`field` FROM `mint_user` WHERE `id` IN ('179')  [ RunTime:0.0558s ]
SQL: SELECT a.doctor_id,a.clinic_id,b.clinic_name FROM mint_dttime a left join mint_clinic as b on a.clinic_id=b.id  WHERE a.doctor_id IN ('179') AND a.visit_date = '2016-09-15'  [ RunTime:0.0554s ]
INFO: [ app_end ] --START--
INFO: Run Behavior\ShowPageTraceBehavior [ RunTime:0.000842s ]
INFO: [ app_end ] --END-- [ RunTime:0.000912s ]

[ 2016-09-08T18:26:17+08:00 ] ::1 /mintAdmin/index.php/Home/Appointment/getOneVisitData?doctor_id=179&visit_date=2016-09-15
INFO: [ app_init ] --START--
INFO: Run Behavior\BuildLiteBehavior [ RunTime:0.000026s ]
INFO: [ app_init ] --END-- [ RunTime:0.000651s ]
INFO: [ app_begin ] --START--
INFO: Run Behavior\ReadHtmlCacheBehavior [ RunTime:0.000858s ]
INFO: [ app_begin ] --END-- [ RunTime:0.000969s ]
SQL: SHOW COLUMNS FROM `mint_dttime` [ RunTime:0.0503s ]
SQL: SELECT a.*,b.clinic_name,b.clinic_address FROM mint_dttime a left join mint_clinic as b on a.clinic_id=b.id  WHERE a.doctor_id = '179' AND a.visit_date = '2016-09-15' LIMIT 1   [ RunTime:0.0497s ]
SQL: SHOW COLUMNS FROM `mint_appointment` [ RunTime:0.0507s ]
SQL: SELECT group_concat(visit_time) as visit_time FROM `mint_appointment` WHERE `doctor_id` = '179' AND `status` <> 4 AND `visit_time` BETWEEN 1473901200 AND 1473931800 LIMIT 1   [ RunTime:0.0493s ]
SQL: SHOW COLUMNS FROM `mint_user` [ RunTime:0.0509s ]
SQL: SELECT `id`,`name`,`photo`,`job_age`,`field` FROM `mint_user` WHERE `id` = 179 LIMIT 1   [ RunTime:0.0499s ]
INFO: [ app_end ] --START--
INFO: Run Behavior\ShowPageTraceBehavior [ RunTime:0.000626s ]
INFO: [ app_end ] --END-- [ RunTime:0.000697s ]

[ 2016-09-08T18:26:29+08:00 ] ::1 /mintAdmin/index.php/Home/Appointment/add
INFO: 病人预约微信模板消息记录："{\"errcode\":40003,\"errmsg\":\"invalid openid hint: [gHvpra0389ge19]\"}"
[ 2016-09-08T18:26:29+08:00 ] ::1 /mintAdmin/index.php/Home/Appointment/add
INFO: 病人预约短信发送成功记录：0
[ 2016-09-08T18:26:29+08:00 ] ::1 /mintAdmin/index.php/Home/Appointment/add
INFO: [ app_init ] --START--
INFO: Run Behavior\BuildLiteBehavior [ RunTime:0.000022s ]
INFO: [ app_init ] --END-- [ RunTime:0.000744s ]
INFO: [ app_begin ] --START--
INFO: Run Behavior\ReadHtmlCacheBehavior [ RunTime:0.000802s ]
INFO: [ app_begin ] --END-- [ RunTime:0.000912s ]
SQL: SHOW COLUMNS FROM `mint_appointment` [ RunTime:0.0501s ]
SQL: SELECT count(*) as count,max(create_time) as create_time FROM `mint_appointment` WHERE ( patient_id=178 and status=3 ) LIMIT 1   [ RunTime:0.0497s ]
SQL: SHOW COLUMNS FROM `mint_company` [ RunTime:0.0494s ]
SQL: SELECT * FROM `mint_company` WHERE ( company_code='726953' ) LIMIT 1   [ RunTime:0.0490s ]
SQL: SELECT * FROM `mint_appointment` WHERE ( reserve_number='76274459' )  [ RunTime:0.0498s ]
SQL: INSERT INTO `mint_appointment` (`doctor_id`,`invite_code`,`is_self`,`patient_name`,`contact_tel`,`clinic_id`,`visit_time`,`project_name`,`service_id`,`relations`,`is_return`,`patient_id`,`reserve_number`,`create_time`,`visit_date`,`patient_phone`) VALUES ('179','726953','1','张德慧','18610212470','4','1473901200','拔牙','3','','0','178','76274459','1473330387','1473868800','18610212470') [ RunTime:0.0583s ]
SQL: SELECT a.id,a.reserve_number,a.patient_id,a.doctor_id,b.openid as p_openid,c.openid as d_openid,c.name,d.clinic_name,d.clinic_address FROM mint_appointment a left join mint_user as b on a.patient_id=b.id left join mint_user as c on a.doctor_id=c.id left join mint_clinic as d on a.clinic_id=d.id  WHERE a.id = '140' LIMIT 1   [ RunTime:0.0492s ]
INFO: [ app_end ] --START--
INFO: Run Behavior\ShowPageTraceBehavior [ RunTime:0.000666s ]
INFO: [ app_end ] --END-- [ RunTime:0.000774s ]

[ 2016-09-08T18:26:29+08:00 ] ::1 /mintAdmin/index.php/Home/Appointment/shiyueCount
INFO: [ app_init ] --START--
INFO: Run Behavior\BuildLiteBehavior [ RunTime:0.000034s ]
INFO: [ app_init ] --END-- [ RunTime:0.001078s ]
INFO: [ app_begin ] --START--
INFO: Run Behavior\ReadHtmlCacheBehavior [ RunTime:0.001031s ]
INFO: [ app_begin ] --END-- [ RunTime:0.001176s ]
SQL: SHOW COLUMNS FROM `mint_appointment` [ RunTime:0.0534s ]
SQL: SELECT count(*) as count,max(create_time) as create_time FROM `mint_appointment` WHERE ( patient_id=178 and status=3 ) LIMIT 1   [ RunTime:0.0520s ]
INFO: [ app_end ] --START--
INFO: Run Behavior\ShowPageTraceBehavior [ RunTime:0.000861s ]
INFO: [ app_end ] --END-- [ RunTime:0.000931s ]

[ 2016-09-08T18:26:34+08:00 ] ::1 /mintAdmin/index.php/Home/Appointment/getOneVisitData?doctor_id=179&visit_date=2016-09-15
INFO: [ app_init ] --START--
INFO: Run Behavior\BuildLiteBehavior [ RunTime:0.000027s ]
INFO: [ app_init ] --END-- [ RunTime:0.000623s ]
INFO: [ app_begin ] --START--
INFO: Run Behavior\ReadHtmlCacheBehavior [ RunTime:0.000991s ]
INFO: [ app_begin ] --END-- [ RunTime:0.001105s ]
SQL: SHOW COLUMNS FROM `mint_dttime` [ RunTime:0.0517s ]
SQL: SELECT a.*,b.clinic_name,b.clinic_address FROM mint_dttime a left join mint_clinic as b on a.clinic_id=b.id  WHERE a.doctor_id = '179' AND a.visit_date = '2016-09-15' LIMIT 1   [ RunTime:0.0515s ]
SQL: SHOW COLUMNS FROM `mint_appointment` [ RunTime:0.0528s ]
SQL: SELECT group_concat(visit_time) as visit_time FROM `mint_appointment` WHERE `doctor_id` = '179' AND `status` <> 4 AND `visit_time` BETWEEN 1473901200 AND 1473931800 LIMIT 1   [ RunTime:0.0518s ]
SQL: SHOW COLUMNS FROM `mint_user` [ RunTime:0.0522s ]
SQL: SELECT `id`,`name`,`photo`,`job_age`,`field` FROM `mint_user` WHERE `id` = 179 LIMIT 1   [ RunTime:0.0522s ]
INFO: [ app_end ] --START--
INFO: Run Behavior\ShowPageTraceBehavior [ RunTime:0.000584s ]
INFO: [ app_end ] --END-- [ RunTime:0.000687s ]

[ 2016-09-08T18:57:48+08:00 ] ::1 /mintAdmin/index.php/Home/Appointment/getDoctorLst?visit_date=2016-09-15&service_id=3
INFO: [ app_init ] --START--
INFO: Run Behavior\BuildLiteBehavior [ RunTime:0.000025s ]
INFO: [ app_init ] --END-- [ RunTime:0.000706s ]
INFO: [ app_begin ] --START--
INFO: Run Behavior\ReadHtmlCacheBehavior [ RunTime:0.000728s ]
INFO: [ app_begin ] --END-- [ RunTime:0.000803s ]
SQL: SHOW COLUMNS FROM `mint_dttime` [ RunTime:0.0493s ]
SQL: SELECT group_concat(doctor_id) as id FROM `mint_dttime` WHERE ( visit_date='2016-09-15' ) LIMIT 1   [ RunTime:0.0501s ]
SQL: SHOW COLUMNS FROM `mint_doctor_service` [ RunTime:0.0490s ]
SQL: SELECT group_concat(doctor_id) as id FROM `mint_doctor_service` WHERE ( service_id=3 ) LIMIT 1   [ RunTime:0.0488s ]
SQL: SHOW COLUMNS FROM `mint_user` [ RunTime:0.0506s ]
SQL: SELECT `id`,`name`,`photo`,`job_age`,`field` FROM `mint_user` WHERE `id` IN ('179')  [ RunTime:0.0493s ]
SQL: SELECT a.doctor_id,a.clinic_id,b.clinic_name FROM mint_dttime a left join mint_clinic as b on a.clinic_id=b.id  WHERE a.doctor_id IN ('179') AND a.visit_date = '2016-09-15'  [ RunTime:0.0494s ]
INFO: [ app_end ] --START--
INFO: Run Behavior\ShowPageTraceBehavior [ RunTime:0.001023s ]
INFO: [ app_end ] --END-- [ RunTime:0.001099s ]

[ 2016-09-08T18:57:50+08:00 ] ::1 /mintAdmin/index.php/Home/Appointment/getDoctorLst?visit_date=2016-09-9&service_id=3
INFO: [ app_init ] --START--
INFO: Run Behavior\BuildLiteBehavior [ RunTime:0.000015s ]
INFO: [ app_init ] --END-- [ RunTime:0.000351s ]
INFO: [ app_begin ] --START--
INFO: Run Behavior\ReadHtmlCacheBehavior [ RunTime:0.000465s ]
INFO: [ app_begin ] --END-- [ RunTime:0.000521s ]
SQL: SHOW COLUMNS FROM `mint_dttime` [ RunTime:0.0489s ]
SQL: SELECT group_concat(doctor_id) as id FROM `mint_dttime` WHERE ( visit_date='2016-09-9' ) LIMIT 1   [ RunTime:0.0479s ]
SQL: SHOW COLUMNS FROM `mint_doctor_service` [ RunTime:0.0481s ]
SQL: SELECT group_concat(doctor_id) as id FROM `mint_doctor_service` WHERE ( service_id=3 ) LIMIT 1   [ RunTime:0.0482s ]
NOTIC: [8] Undefined variable: dt_ids1 /Applications/MAMP/htdocs/mintAdmin/Application/Home/Controller/AppointmentController.class.php 第 329 行.
NOTIC: [8] Undefined variable: dt_id_arr /Applications/MAMP/htdocs/mintAdmin/Application/Home/Controller/AppointmentController.class.php 第 333 行.
NOTIC: [8] Undefined variable: data /Applications/MAMP/htdocs/mintAdmin/Application/Home/Controller/AppointmentController.class.php 第 357 行.
NOTIC: [8] Undefined variable: data /Applications/MAMP/htdocs/mintAdmin/Application/Home/Controller/AppointmentController.class.php 第 371 行.
INFO: [ app_end ] --START--
INFO: Run Behavior\ShowPageTraceBehavior [ RunTime:0.000742s ]
INFO: [ app_end ] --END-- [ RunTime:0.000806s ]

[ 2016-09-08T18:58:05+08:00 ] ::1 /mintAdmin/index.php/Home/Appointment/getDoctorLst?visit_date=2016-09-15&service_id=3
INFO: [ app_init ] --START--
INFO: Run Behavior\BuildLiteBehavior [ RunTime:0.000016s ]
INFO: [ app_init ] --END-- [ RunTime:0.000368s ]
INFO: [ app_begin ] --START--
INFO: Run Behavior\ReadHtmlCacheBehavior [ RunTime:0.000489s ]
INFO: [ app_begin ] --END-- [ RunTime:0.000549s ]
SQL: SHOW COLUMNS FROM `mint_dttime` [ RunTime:0.0546s ]
SQL: SELECT group_concat(doctor_id) as id FROM `mint_dttime` WHERE ( visit_date='2016-09-15' ) LIMIT 1   [ RunTime:0.0537s ]
SQL: SHOW COLUMNS FROM `mint_doctor_service` [ RunTime:0.0543s ]
SQL: SELECT group_concat(doctor_id) as id FROM `mint_doctor_service` WHERE ( service_id=3 ) LIMIT 1   [ RunTime:0.0538s ]
SQL: SHOW COLUMNS FROM `mint_user` [ RunTime:0.0549s ]
SQL: SELECT `id`,`name`,`photo`,`job_age`,`field` FROM `mint_user` WHERE `id` IN ('179')  [ RunTime:0.0537s ]
SQL: SELECT a.doctor_id,a.clinic_id,b.clinic_name FROM mint_dttime a left join mint_clinic as b on a.clinic_id=b.id  WHERE a.doctor_id IN ('179') AND a.visit_date = '2016-09-15'  [ RunTime:0.0539s ]
INFO: [ app_end ] --START--
INFO: Run Behavior\ShowPageTraceBehavior [ RunTime:0.000930s ]
INFO: [ app_end ] --END-- [ RunTime:0.001013s ]

[ 2016-09-08T18:58:07+08:00 ] ::1 /mintAdmin/index.php/Home/Appointment/getDoctorLst?visit_date=2016-09-14&service_id=3
INFO: [ app_init ] --START--
INFO: Run Behavior\BuildLiteBehavior [ RunTime:0.000015s ]
INFO: [ app_init ] --END-- [ RunTime:0.000344s ]
INFO: [ app_begin ] --START--
INFO: Run Behavior\ReadHtmlCacheBehavior [ RunTime:0.000496s ]
INFO: [ app_begin ] --END-- [ RunTime:0.000548s ]
SQL: SHOW COLUMNS FROM `mint_dttime` [ RunTime:0.0527s ]
SQL: SELECT group_concat(doctor_id) as id FROM `mint_dttime` WHERE ( visit_date='2016-09-14' ) LIMIT 1   [ RunTime:0.0518s ]
SQL: SHOW COLUMNS FROM `mint_doctor_service` [ RunTime:0.0523s ]
SQL: SELECT group_concat(doctor_id) as id FROM `mint_doctor_service` WHERE ( service_id=3 ) LIMIT 1   [ RunTime:0.0522s ]
SQL: SHOW COLUMNS FROM `mint_user` [ RunTime:0.0532s ]
SQL: SELECT `id`,`name`,`photo`,`job_age`,`field` FROM `mint_user` WHERE `id` IN ('154','164','179')  [ RunTime:0.0521s ]
SQL: SELECT a.doctor_id,a.clinic_id,b.clinic_name FROM mint_dttime a left join mint_clinic as b on a.clinic_id=b.id  WHERE a.doctor_id IN ('154','164','179') AND a.visit_date = '2016-09-14'  [ RunTime:0.0518s ]
INFO: [ app_end ] --START--
INFO: Run Behavior\ShowPageTraceBehavior [ RunTime:0.000558s ]
INFO: [ app_end ] --END-- [ RunTime:0.000614s ]

[ 2016-09-08T18:58:08+08:00 ] ::1 /mintAdmin/index.php/Home/Appointment/getDoctorLst?visit_date=2016-09-13&service_id=3
INFO: [ app_init ] --START--
INFO: Run Behavior\BuildLiteBehavior [ RunTime:0.000016s ]
INFO: [ app_init ] --END-- [ RunTime:0.000359s ]
INFO: [ app_begin ] --START--
INFO: Run Behavior\ReadHtmlCacheBehavior [ RunTime:0.000699s ]
INFO: [ app_begin ] --END-- [ RunTime:0.000763s ]
SQL: SHOW COLUMNS FROM `mint_dttime` [ RunTime:0.0560s ]
SQL: SELECT group_concat(doctor_id) as id FROM `mint_dttime` WHERE ( visit_date='2016-09-13' ) LIMIT 1   [ RunTime:0.0558s ]
SQL: SHOW COLUMNS FROM `mint_doctor_service` [ RunTime:0.0557s ]
SQL: SELECT group_concat(doctor_id) as id FROM `mint_doctor_service` WHERE ( service_id=3 ) LIMIT 1   [ RunTime:0.0558s ]
SQL: SHOW COLUMNS FROM `mint_user` [ RunTime:0.0567s ]
SQL: SELECT `id`,`name`,`photo`,`job_age`,`field` FROM `mint_user` WHERE `id` IN ('164','179')  [ RunTime:0.0555s ]
SQL: SELECT a.doctor_id,a.clinic_id,b.clinic_name FROM mint_dttime a left join mint_clinic as b on a.clinic_id=b.id  WHERE a.doctor_id IN ('164','179') AND a.visit_date = '2016-09-13'  [ RunTime:0.0555s ]
INFO: [ app_end ] --START--
INFO: Run Behavior\ShowPageTraceBehavior [ RunTime:0.000728s ]
INFO: [ app_end ] --END-- [ RunTime:0.000796s ]

[ 2016-09-08T18:58:09+08:00 ] ::1 /mintAdmin/index.php/Home/Appointment/getDoctorLst?visit_date=2016-09-12&service_id=3
INFO: [ app_init ] --START--
INFO: Run Behavior\BuildLiteBehavior [ RunTime:0.000014s ]
INFO: [ app_init ] --END-- [ RunTime:0.000443s ]
INFO: [ app_begin ] --START--
INFO: Run Behavior\ReadHtmlCacheBehavior [ RunTime:0.000619s ]
INFO: [ app_begin ] --END-- [ RunTime:0.000686s ]
SQL: SHOW COLUMNS FROM `mint_dttime` [ RunTime:0.0509s ]
SQL: SELECT group_concat(doctor_id) as id FROM `mint_dttime` WHERE ( visit_date='2016-09-12' ) LIMIT 1   [ RunTime:0.0507s ]
SQL: SHOW COLUMNS FROM `mint_doctor_service` [ RunTime:0.0511s ]
SQL: SELECT group_concat(doctor_id) as id FROM `mint_doctor_service` WHERE ( service_id=3 ) LIMIT 1   [ RunTime:0.0506s ]
SQL: SHOW COLUMNS FROM `mint_user` [ RunTime:0.0515s ]
SQL: SELECT `id`,`name`,`photo`,`job_age`,`field` FROM `mint_user` WHERE `id` IN ('164','179')  [ RunTime:0.0505s ]
SQL: SELECT a.doctor_id,a.clinic_id,b.clinic_name FROM mint_dttime a left join mint_clinic as b on a.clinic_id=b.id  WHERE a.doctor_id IN ('164','179') AND a.visit_date = '2016-09-12'  [ RunTime:0.0501s ]
INFO: [ app_end ] --START--
INFO: Run Behavior\ShowPageTraceBehavior [ RunTime:0.000834s ]
INFO: [ app_end ] --END-- [ RunTime:0.000930s ]

[ 2016-09-08T18:58:10+08:00 ] ::1 /mintAdmin/index.php/Home/Appointment/getDoctorLst?visit_date=2016-09-07&service_id=3
INFO: [ app_init ] --START--
INFO: Run Behavior\BuildLiteBehavior [ RunTime:0.000015s ]
INFO: [ app_init ] --END-- [ RunTime:0.000353s ]
INFO: [ app_begin ] --START--
INFO: Run Behavior\ReadHtmlCacheBehavior [ RunTime:0.000462s ]
INFO: [ app_begin ] --END-- [ RunTime:0.000516s ]

[ 2016-09-08T18:58:13+08:00 ] ::1 /mintAdmin/index.php/Home/Appointment/getDoctorLst?visit_date=2016-09-9&service_id=3
INFO: [ app_init ] --START--
INFO: Run Behavior\BuildLiteBehavior [ RunTime:0.000014s ]
INFO: [ app_init ] --END-- [ RunTime:0.000345s ]
INFO: [ app_begin ] --START--
INFO: Run Behavior\ReadHtmlCacheBehavior [ RunTime:0.000482s ]
INFO: [ app_begin ] --END-- [ RunTime:0.000535s ]
SQL: SHOW COLUMNS FROM `mint_dttime` [ RunTime:0.0503s ]
SQL: SELECT group_concat(doctor_id) as id FROM `mint_dttime` WHERE ( visit_date='2016-09-9' ) LIMIT 1   [ RunTime:0.0496s ]
SQL: SHOW COLUMNS FROM `mint_doctor_service` [ RunTime:0.0505s ]
SQL: SELECT group_concat(doctor_id) as id FROM `mint_doctor_service` WHERE ( service_id=3 ) LIMIT 1   [ RunTime:0.0497s ]
NOTIC: [8] Undefined variable: dt_ids1 /Applications/MAMP/htdocs/mintAdmin/Application/Home/Controller/AppointmentController.class.php 第 329 行.
NOTIC: [8] Undefined variable: dt_id_arr /Applications/MAMP/htdocs/mintAdmin/Application/Home/Controller/AppointmentController.class.php 第 333 行.
NOTIC: [8] Undefined variable: data /Applications/MAMP/htdocs/mintAdmin/Application/Home/Controller/AppointmentController.class.php 第 357 行.
NOTIC: [8] Undefined variable: data /Applications/MAMP/htdocs/mintAdmin/Application/Home/Controller/AppointmentController.class.php 第 371 行.
INFO: [ app_end ] --START--
INFO: Run Behavior\ShowPageTraceBehavior [ RunTime:0.000952s ]
INFO: [ app_end ] --END-- [ RunTime:0.001808s ]

[ 2016-09-08T18:58:23+08:00 ] ::1 /mintAdmin/index.php/Home/Appointment/getDoctorLst?visit_date=2016-09-10&service_id=3
INFO: [ app_init ] --START--
INFO: Run Behavior\BuildLiteBehavior [ RunTime:0.000015s ]
INFO: [ app_init ] --END-- [ RunTime:0.000355s ]
INFO: [ app_begin ] --START--
INFO: Run Behavior\ReadHtmlCacheBehavior [ RunTime:0.000505s ]
INFO: [ app_begin ] --END-- [ RunTime:0.000567s ]
SQL: SHOW COLUMNS FROM `mint_dttime` [ RunTime:0.0513s ]
SQL: SELECT group_concat(doctor_id) as id FROM `mint_dttime` WHERE ( visit_date='2016-09-10' ) LIMIT 1   [ RunTime:0.0508s ]
SQL: SHOW COLUMNS FROM `mint_doctor_service` [ RunTime:0.0511s ]
SQL: SELECT group_concat(doctor_id) as id FROM `mint_doctor_service` WHERE ( service_id=3 ) LIMIT 1   [ RunTime:0.0510s ]
SQL: SHOW COLUMNS FROM `mint_user` [ RunTime:0.0519s ]
SQL: SELECT `id`,`name`,`photo`,`job_age`,`field` FROM `mint_user` WHERE `id` IN ('164','179','181','169')  [ RunTime:0.0507s ]
SQL: SELECT a.doctor_id,a.clinic_id,b.clinic_name FROM mint_dttime a left join mint_clinic as b on a.clinic_id=b.id  WHERE a.doctor_id IN ('164','179','181','169') AND a.visit_date = '2016-09-10'  [ RunTime:0.0506s ]
INFO: [ app_end ] --START--
INFO: Run Behavior\ShowPageTraceBehavior [ RunTime:0.000606s ]
INFO: [ app_end ] --END-- [ RunTime:0.000690s ]

[ 2016-09-08T18:58:24+08:00 ] ::1 /mintAdmin/index.php/Home/Appointment/getDoctorLst?visit_date=2016-09-9&service_id=3
INFO: [ app_init ] --START--
INFO: Run Behavior\BuildLiteBehavior [ RunTime:0.000021s ]
INFO: [ app_init ] --END-- [ RunTime:0.000755s ]
INFO: [ app_begin ] --START--
INFO: Run Behavior\ReadHtmlCacheBehavior [ RunTime:0.000599s ]
INFO: [ app_begin ] --END-- [ RunTime:0.000681s ]
SQL: SHOW COLUMNS FROM `mint_dttime` [ RunTime:0.0508s ]
SQL: SELECT group_concat(doctor_id) as id FROM `mint_dttime` WHERE ( visit_date='2016-09-9' ) LIMIT 1   [ RunTime:0.0500s ]
SQL: SHOW COLUMNS FROM `mint_doctor_service` [ RunTime:0.0506s ]
SQL: SELECT group_concat(doctor_id) as id FROM `mint_doctor_service` WHERE ( service_id=3 ) LIMIT 1   [ RunTime:0.0507s ]
NOTIC: [8] Undefined variable: dt_ids1 /Applications/MAMP/htdocs/mintAdmin/Application/Home/Controller/AppointmentController.class.php 第 329 行.
NOTIC: [8] Undefined variable: dt_id_arr /Applications/MAMP/htdocs/mintAdmin/Application/Home/Controller/AppointmentController.class.php 第 333 行.
NOTIC: [8] Undefined variable: data /Applications/MAMP/htdocs/mintAdmin/Application/Home/Controller/AppointmentController.class.php 第 357 行.
NOTIC: [8] Undefined variable: data /Applications/MAMP/htdocs/mintAdmin/Application/Home/Controller/AppointmentController.class.php 第 371 行.
INFO: [ app_end ] --START--
INFO: Run Behavior\ShowPageTraceBehavior [ RunTime:0.000557s ]
INFO: [ app_end ] --END-- [ RunTime:0.000614s ]

[ 2016-09-08T18:58:39+08:00 ] ::1 /mintAdmin/index.php/Home/Appointment/getDoctorLst?visit_date=2016-09-16&service_id=3
INFO: [ app_init ] --START--
INFO: Run Behavior\BuildLiteBehavior [ RunTime:0.000083s ]
INFO: [ app_init ] --END-- [ RunTime:0.000429s ]
INFO: [ app_begin ] --START--
INFO: Run Behavior\ReadHtmlCacheBehavior [ RunTime:0.000470s ]
INFO: [ app_begin ] --END-- [ RunTime:0.000524s ]
SQL: SHOW COLUMNS FROM `mint_dttime` [ RunTime:0.0513s ]
SQL: SELECT group_concat(doctor_id) as id FROM `mint_dttime` WHERE ( visit_date='2016-09-16' ) LIMIT 1   [ RunTime:0.0510s ]
SQL: SHOW COLUMNS FROM `mint_doctor_service` [ RunTime:0.0510s ]
SQL: SELECT group_concat(doctor_id) as id FROM `mint_doctor_service` WHERE ( service_id=3 ) LIMIT 1   [ RunTime:0.0506s ]
SQL: SHOW COLUMNS FROM `mint_user` [ RunTime:0.0517s ]
SQL: SELECT `id`,`name`,`photo`,`job_age`,`field` FROM `mint_user` WHERE `id` IN ('154','150','179','183','166')  [ RunTime:0.0509s ]
SQL: SELECT a.doctor_id,a.clinic_id,b.clinic_name FROM mint_dttime a left join mint_clinic as b on a.clinic_id=b.id  WHERE a.doctor_id IN ('154','150','179','183','166') AND a.visit_date = '2016-09-16'  [ RunTime:0.0511s ]
INFO: [ app_end ] --START--
INFO: Run Behavior\ShowPageTraceBehavior [ RunTime:0.000694s ]
INFO: [ app_end ] --END-- [ RunTime:0.000769s ]

[ 2016-09-08T18:58:42+08:00 ] ::1 /mintAdmin/index.php/Home/Appointment/getDoctorLst?visit_date=2016-09-9&service_id=3
INFO: [ app_init ] --START--
INFO: Run Behavior\BuildLiteBehavior [ RunTime:0.000015s ]
INFO: [ app_init ] --END-- [ RunTime:0.000341s ]
INFO: [ app_begin ] --START--
INFO: Run Behavior\ReadHtmlCacheBehavior [ RunTime:0.000798s ]
INFO: [ app_begin ] --END-- [ RunTime:0.000972s ]
SQL: SHOW COLUMNS FROM `mint_dttime` [ RunTime:0.0510s ]
SQL: SELECT group_concat(doctor_id) as id FROM `mint_dttime` WHERE ( visit_date='2016-09-9' ) LIMIT 1   [ RunTime:0.0507s ]
SQL: SHOW COLUMNS FROM `mint_doctor_service` [ RunTime:0.0505s ]
SQL: SELECT group_concat(doctor_id) as id FROM `mint_doctor_service` WHERE ( service_id=3 ) LIMIT 1   [ RunTime:0.0508s ]
NOTIC: [8] Undefined variable: dt_ids1 /Applications/MAMP/htdocs/mintAdmin/Application/Home/Controller/AppointmentController.class.php 第 329 行.
NOTIC: [8] Undefined variable: dt_id_arr /Applications/MAMP/htdocs/mintAdmin/Application/Home/Controller/AppointmentController.class.php 第 333 行.
NOTIC: [8] Undefined variable: data /Applications/MAMP/htdocs/mintAdmin/Application/Home/Controller/AppointmentController.class.php 第 357 行.
NOTIC: [8] Undefined variable: data /Applications/MAMP/htdocs/mintAdmin/Application/Home/Controller/AppointmentController.class.php 第 371 行.
INFO: [ app_end ] --START--
INFO: Run Behavior\ShowPageTraceBehavior [ RunTime:0.000631s ]
INFO: [ app_end ] --END-- [ RunTime:0.000698s ]

[ 2016-09-08T18:58:46+08:00 ] ::1 /mintAdmin/index.php/Home/Appointment/getDoctorLst?visit_date=2016-09-10&service_id=3
INFO: [ app_init ] --START--
INFO: Run Behavior\BuildLiteBehavior [ RunTime:0.000015s ]
INFO: [ app_init ] --END-- [ RunTime:0.000353s ]
INFO: [ app_begin ] --START--
INFO: Run Behavior\ReadHtmlCacheBehavior [ RunTime:0.000510s ]
INFO: [ app_begin ] --END-- [ RunTime:0.000575s ]
SQL: SHOW COLUMNS FROM `mint_dttime` [ RunTime:0.0529s ]
SQL: SELECT group_concat(doctor_id) as id FROM `mint_dttime` WHERE ( visit_date='2016-09-10' ) LIMIT 1   [ RunTime:0.0524s ]
SQL: SHOW COLUMNS FROM `mint_doctor_service` [ RunTime:0.0520s ]
SQL: SELECT group_concat(doctor_id) as id FROM `mint_doctor_service` WHERE ( service_id=3 ) LIMIT 1   [ RunTime:0.0518s ]
SQL: SHOW COLUMNS FROM `mint_user` [ RunTime:0.0535s ]
SQL: SELECT `id`,`name`,`photo`,`job_age`,`field` FROM `mint_user` WHERE `id` IN ('164','179','181','169')  [ RunTime:0.0535s ]
SQL: SELECT a.doctor_id,a.clinic_id,b.clinic_name FROM mint_dttime a left join mint_clinic as b on a.clinic_id=b.id  WHERE a.doctor_id IN ('164','179','181','169') AND a.visit_date = '2016-09-10'  [ RunTime:0.0525s ]
INFO: [ app_end ] --START--
INFO: Run Behavior\ShowPageTraceBehavior [ RunTime:0.000637s ]
INFO: [ app_end ] --END-- [ RunTime:0.000709s ]

[ 2016-09-08T18:58:47+08:00 ] ::1 /mintAdmin/index.php/Home/Appointment/getDoctorLst?visit_date=2016-09-11&service_id=3
INFO: [ app_init ] --START--
INFO: Run Behavior\BuildLiteBehavior [ RunTime:0.000016s ]
INFO: [ app_init ] --END-- [ RunTime:0.000348s ]
INFO: [ app_begin ] --START--
INFO: Run Behavior\ReadHtmlCacheBehavior [ RunTime:0.000457s ]
INFO: [ app_begin ] --END-- [ RunTime:0.000512s ]
SQL: SHOW COLUMNS FROM `mint_dttime` [ RunTime:0.0509s ]
SQL: SELECT group_concat(doctor_id) as id FROM `mint_dttime` WHERE ( visit_date='2016-09-11' ) LIMIT 1   [ RunTime:0.0498s ]
SQL: SHOW COLUMNS FROM `mint_doctor_service` [ RunTime:0.0503s ]
SQL: SELECT group_concat(doctor_id) as id FROM `mint_doctor_service` WHERE ( service_id=3 ) LIMIT 1   [ RunTime:0.0503s ]
SQL: SHOW COLUMNS FROM `mint_user` [ RunTime:0.0511s ]
SQL: SELECT `id`,`name`,`photo`,`job_age`,`field` FROM `mint_user` WHERE `id` IN ('164','179','181')  [ RunTime:0.0503s ]
SQL: SELECT a.doctor_id,a.clinic_id,b.clinic_name FROM mint_dttime a left join mint_clinic as b on a.clinic_id=b.id  WHERE a.doctor_id IN ('164','179','181') AND a.visit_date = '2016-09-11'  [ RunTime:0.0495s ]
INFO: [ app_end ] --START--
INFO: Run Behavior\ShowPageTraceBehavior [ RunTime:0.000578s ]
INFO: [ app_end ] --END-- [ RunTime:0.000637s ]

[ 2016-09-08T18:58:48+08:00 ] ::1 /mintAdmin/index.php/Home/Appointment/getDoctorLst?visit_date=2016-09-18&service_id=3
INFO: [ app_init ] --START--
INFO: Run Behavior\BuildLiteBehavior [ RunTime:0.000015s ]
INFO: [ app_init ] --END-- [ RunTime:0.000352s ]
INFO: [ app_begin ] --START--
INFO: Run Behavior\ReadHtmlCacheBehavior [ RunTime:0.000515s ]
INFO: [ app_begin ] --END-- [ RunTime:0.000576s ]
SQL: SHOW COLUMNS FROM `mint_dttime` [ RunTime:0.0509s ]
SQL: SELECT group_concat(doctor_id) as id FROM `mint_dttime` WHERE ( visit_date='2016-09-18' ) LIMIT 1   [ RunTime:0.0501s ]
SQL: SHOW COLUMNS FROM `mint_doctor_service` [ RunTime:0.0504s ]
SQL: SELECT group_concat(doctor_id) as id FROM `mint_doctor_service` WHERE ( service_id=3 ) LIMIT 1   [ RunTime:0.0508s ]
SQL: SHOW COLUMNS FROM `mint_user` [ RunTime:0.0517s ]
SQL: SELECT `id`,`name`,`photo`,`job_age`,`field` FROM `mint_user` WHERE `id` IN ('179','183','166')  [ RunTime:0.0504s ]
SQL: SELECT a.doctor_id,a.clinic_id,b.clinic_name FROM mint_dttime a left join mint_clinic as b on a.clinic_id=b.id  WHERE a.doctor_id IN ('179','183','166') AND a.visit_date = '2016-09-18'  [ RunTime:0.0503s ]
INFO: [ app_end ] --START--
INFO: Run Behavior\ShowPageTraceBehavior [ RunTime:0.000584s ]
INFO: [ app_end ] --END-- [ RunTime:0.000646s ]

[ 2016-09-08T18:58:48+08:00 ] ::1 /mintAdmin/index.php/Home/Appointment/getDoctorLst?visit_date=2016-09-17&service_id=3
INFO: [ app_init ] --START--
INFO: Run Behavior\BuildLiteBehavior [ RunTime:0.000018s ]
INFO: [ app_init ] --END-- [ RunTime:0.000636s ]
INFO: [ app_begin ] --START--
INFO: Run Behavior\ReadHtmlCacheBehavior [ RunTime:0.000480s ]
INFO: [ app_begin ] --END-- [ RunTime:0.000533s ]
SQL: SHOW COLUMNS FROM `mint_dttime` [ RunTime:0.0517s ]
SQL: SELECT group_concat(doctor_id) as id FROM `mint_dttime` WHERE ( visit_date='2016-09-17' ) LIMIT 1   [ RunTime:0.0511s ]
SQL: SHOW COLUMNS FROM `mint_doctor_service` [ RunTime:0.0515s ]
SQL: SELECT group_concat(doctor_id) as id FROM `mint_doctor_service` WHERE ( service_id=3 ) LIMIT 1   [ RunTime:0.0516s ]
SQL: SHOW COLUMNS FROM `mint_user` [ RunTime:0.0522s ]
SQL: SELECT `id`,`name`,`photo`,`job_age`,`field` FROM `mint_user` WHERE `id` IN ('159','179','166')  [ RunTime:0.0516s ]
SQL: SELECT a.doctor_id,a.clinic_id,b.clinic_name FROM mint_dttime a left join mint_clinic as b on a.clinic_id=b.id  WHERE a.doctor_id IN ('159','179','166') AND a.visit_date = '2016-09-17'  [ RunTime:0.0513s ]
INFO: [ app_end ] --START--
INFO: Run Behavior\ShowPageTraceBehavior [ RunTime:0.000828s ]
INFO: [ app_end ] --END-- [ RunTime:0.000899s ]

[ 2016-09-08T18:58:49+08:00 ] ::1 /mintAdmin/index.php/Home/Appointment/getDoctorLst?visit_date=2016-09-16&service_id=3
INFO: [ app_init ] --START--
INFO: Run Behavior\BuildLiteBehavior [ RunTime:0.000015s ]
INFO: [ app_init ] --END-- [ RunTime:0.000345s ]
INFO: [ app_begin ] --START--
INFO: Run Behavior\ReadHtmlCacheBehavior [ RunTime:0.000769s ]
INFO: [ app_begin ] --END-- [ RunTime:0.000884s ]
SQL: SHOW COLUMNS FROM `mint_dttime` [ RunTime:0.0497s ]
SQL: SELECT group_concat(doctor_id) as id FROM `mint_dttime` WHERE ( visit_date='2016-09-16' ) LIMIT 1   [ RunTime:0.0495s ]
SQL: SHOW COLUMNS FROM `mint_doctor_service` [ RunTime:0.0499s ]
SQL: SELECT group_concat(doctor_id) as id FROM `mint_doctor_service` WHERE ( service_id=3 ) LIMIT 1   [ RunTime:0.0494s ]
SQL: SHOW COLUMNS FROM `mint_user` [ RunTime:0.0502s ]
SQL: SELECT `id`,`name`,`photo`,`job_age`,`field` FROM `mint_user` WHERE `id` IN ('154','150','179','183','166')  [ RunTime:0.0492s ]
SQL: SELECT a.doctor_id,a.clinic_id,b.clinic_name FROM mint_dttime a left join mint_clinic as b on a.clinic_id=b.id  WHERE a.doctor_id IN ('154','150','179','183','166') AND a.visit_date = '2016-09-16'  [ RunTime:0.0492s ]
INFO: [ app_end ] --START--
INFO: Run Behavior\ShowPageTraceBehavior [ RunTime:0.000810s ]
INFO: [ app_end ] --END-- [ RunTime:0.001055s ]

[ 2016-09-08T18:58:49+08:00 ] ::1 /mintAdmin/index.php/Home/Appointment/getDoctorLst?visit_date=2016-09-9&service_id=3
INFO: [ app_init ] --START--
INFO: Run Behavior\BuildLiteBehavior [ RunTime:0.000016s ]
INFO: [ app_init ] --END-- [ RunTime:0.000346s ]
INFO: [ app_begin ] --START--
INFO: Run Behavior\ReadHtmlCacheBehavior [ RunTime:0.000458s ]
INFO: [ app_begin ] --END-- [ RunTime:0.000512s ]
SQL: SHOW COLUMNS FROM `mint_dttime` [ RunTime:0.0490s ]
SQL: SELECT group_concat(doctor_id) as id FROM `mint_dttime` WHERE ( visit_date='2016-09-9' ) LIMIT 1   [ RunTime:0.0490s ]
SQL: SHOW COLUMNS FROM `mint_doctor_service` [ RunTime:0.0491s ]
SQL: SELECT group_concat(doctor_id) as id FROM `mint_doctor_service` WHERE ( service_id=3 ) LIMIT 1   [ RunTime:0.0486s ]
NOTIC: [8] Undefined variable: dt_ids1 /Applications/MAMP/htdocs/mintAdmin/Application/Home/Controller/AppointmentController.class.php 第 329 行.
NOTIC: [8] Undefined variable: dt_id_arr /Applications/MAMP/htdocs/mintAdmin/Application/Home/Controller/AppointmentController.class.php 第 333 行.
NOTIC: [8] Undefined variable: data /Applications/MAMP/htdocs/mintAdmin/Application/Home/Controller/AppointmentController.class.php 第 357 行.
NOTIC: [8] Undefined variable: data /Applications/MAMP/htdocs/mintAdmin/Application/Home/Controller/AppointmentController.class.php 第 371 行.
INFO: [ app_end ] --START--
INFO: Run Behavior\ShowPageTraceBehavior [ RunTime:0.001019s ]
INFO: [ app_end ] --END-- [ RunTime:0.001167s ]

[ 2016-09-08T18:58:50+08:00 ] ::1 /mintAdmin/index.php/Home/Appointment/getDoctorLst?visit_date=2016-09-24&service_id=3
INFO: [ app_init ] --START--
INFO: Run Behavior\BuildLiteBehavior [ RunTime:0.000015s ]
INFO: [ app_init ] --END-- [ RunTime:0.000348s ]
INFO: [ app_begin ] --START--
INFO: Run Behavior\ReadHtmlCacheBehavior [ RunTime:0.000461s ]
INFO: [ app_begin ] --END-- [ RunTime:0.000514s ]
SQL: SHOW COLUMNS FROM `mint_dttime` [ RunTime:0.0512s ]
SQL: SELECT group_concat(doctor_id) as id FROM `mint_dttime` WHERE ( visit_date='2016-09-24' ) LIMIT 1   [ RunTime:0.0511s ]
SQL: SHOW COLUMNS FROM `mint_doctor_service` [ RunTime:0.0508s ]
SQL: SELECT group_concat(doctor_id) as id FROM `mint_doctor_service` WHERE ( service_id=3 ) LIMIT 1   [ RunTime:0.0506s ]
SQL: SHOW COLUMNS FROM `mint_user` [ RunTime:0.0525s ]
SQL: SELECT `id`,`name`,`photo`,`job_age`,`field` FROM `mint_user` WHERE `id` IN ('179','166')  [ RunTime:0.0509s ]
SQL: SELECT a.doctor_id,a.clinic_id,b.clinic_name FROM mint_dttime a left join mint_clinic as b on a.clinic_id=b.id  WHERE a.doctor_id IN ('179','166') AND a.visit_date = '2016-09-24'  [ RunTime:0.0507s ]
INFO: [ app_end ] --START--
INFO: Run Behavior\ShowPageTraceBehavior [ RunTime:0.000558s ]
INFO: [ app_end ] --END-- [ RunTime:0.000616s ]

[ 2016-09-08T18:58:51+08:00 ] ::1 /mintAdmin/index.php/Home/Appointment/getDoctorLst?visit_date=2016-09-23&service_id=3
INFO: [ app_init ] --START--
INFO: Run Behavior\BuildLiteBehavior [ RunTime:0.000016s ]
INFO: [ app_init ] --END-- [ RunTime:0.000345s ]
INFO: [ app_begin ] --START--
INFO: Run Behavior\ReadHtmlCacheBehavior [ RunTime:0.000459s ]
INFO: [ app_begin ] --END-- [ RunTime:0.000514s ]
SQL: SHOW COLUMNS FROM `mint_dttime` [ RunTime:0.0501s ]
SQL: SELECT group_concat(doctor_id) as id FROM `mint_dttime` WHERE ( visit_date='2016-09-23' ) LIMIT 1   [ RunTime:0.0496s ]
SQL: SHOW COLUMNS FROM `mint_doctor_service` [ RunTime:0.0496s ]
SQL: SELECT group_concat(doctor_id) as id FROM `mint_doctor_service` WHERE ( service_id=3 ) LIMIT 1   [ RunTime:0.0491s ]
SQL: SHOW COLUMNS FROM `mint_user` [ RunTime:0.0517s ]
SQL: SELECT `id`,`name`,`photo`,`job_age`,`field` FROM `mint_user` WHERE `id` IN ('154','179','166')  [ RunTime:0.0494s ]
SQL: SELECT a.doctor_id,a.clinic_id,b.clinic_name FROM mint_dttime a left join mint_clinic as b on a.clinic_id=b.id  WHERE a.doctor_id IN ('154','179','166') AND a.visit_date = '2016-09-23'  [ RunTime:0.0490s ]
INFO: [ app_end ] --START--
INFO: Run Behavior\ShowPageTraceBehavior [ RunTime:0.000810s ]
INFO: [ app_end ] --END-- [ RunTime:0.000881s ]

[ 2016-09-08T18:58:52+08:00 ] ::1 /mintAdmin/index.php/Home/Appointment/getDoctorLst?visit_date=2016-09-16&service_id=3
INFO: [ app_init ] --START--
INFO: Run Behavior\BuildLiteBehavior [ RunTime:0.000015s ]
INFO: [ app_init ] --END-- [ RunTime:0.000350s ]
INFO: [ app_begin ] --START--
INFO: Run Behavior\ReadHtmlCacheBehavior [ RunTime:0.000461s ]
INFO: [ app_begin ] --END-- [ RunTime:0.000514s ]
SQL: SHOW COLUMNS FROM `mint_dttime` [ RunTime:0.0514s ]
SQL: SELECT group_concat(doctor_id) as id FROM `mint_dttime` WHERE ( visit_date='2016-09-16' ) LIMIT 1   [ RunTime:0.0511s ]
SQL: SHOW COLUMNS FROM `mint_doctor_service` [ RunTime:0.0516s ]
SQL: SELECT group_concat(doctor_id) as id FROM `mint_doctor_service` WHERE ( service_id=3 ) LIMIT 1   [ RunTime:0.0524s ]
SQL: SHOW COLUMNS FROM `mint_user` [ RunTime:0.0527s ]
SQL: SELECT `id`,`name`,`photo`,`job_age`,`field` FROM `mint_user` WHERE `id` IN ('154','150','179','183','166')  [ RunTime:0.0514s ]
SQL: SELECT a.doctor_id,a.clinic_id,b.clinic_name FROM mint_dttime a left join mint_clinic as b on a.clinic_id=b.id  WHERE a.doctor_id IN ('154','150','179','183','166') AND a.visit_date = '2016-09-16'  [ RunTime:0.0510s ]
INFO: [ app_end ] --START--
INFO: Run Behavior\ShowPageTraceBehavior [ RunTime:0.000555s ]
INFO: [ app_end ] --END-- [ RunTime:0.000612s ]

[ 2016-09-08T18:59:08+08:00 ] ::1 /mintAdmin/index.php/Home/Appointment/getDoctorLst?visit_date=2016-09-9&service_id=3
INFO: [ app_init ] --START--
INFO: Run Behavior\BuildLiteBehavior [ RunTime:0.000025s ]
INFO: [ app_init ] --END-- [ RunTime:0.000479s ]
INFO: [ app_begin ] --START--
INFO: Run Behavior\ReadHtmlCacheBehavior [ RunTime:0.000480s ]
INFO: [ app_begin ] --END-- [ RunTime:0.000534s ]
SQL: SHOW COLUMNS FROM `mint_dttime` [ RunTime:0.0487s ]
SQL: SELECT group_concat(doctor_id) as id FROM `mint_dttime` WHERE ( visit_date='2016-09-9' ) LIMIT 1   [ RunTime:0.0482s ]
SQL: SHOW COLUMNS FROM `mint_doctor_service` [ RunTime:0.0483s ]
SQL: SELECT group_concat(doctor_id) as id FROM `mint_doctor_service` WHERE ( service_id=3 ) LIMIT 1   [ RunTime:0.0479s ]
NOTIC: [8] Undefined variable: dt_ids1 /Applications/MAMP/htdocs/mintAdmin/Application/Home/Controller/AppointmentController.class.php 第 329 行.
NOTIC: [8] Undefined variable: dt_id_arr /Applications/MAMP/htdocs/mintAdmin/Application/Home/Controller/AppointmentController.class.php 第 333 行.
NOTIC: [8] Undefined variable: data /Applications/MAMP/htdocs/mintAdmin/Application/Home/Controller/AppointmentController.class.php 第 357 行.
NOTIC: [8] Undefined variable: data /Applications/MAMP/htdocs/mintAdmin/Application/Home/Controller/AppointmentController.class.php 第 371 行.
INFO: [ app_end ] --START--
INFO: Run Behavior\ShowPageTraceBehavior [ RunTime:0.000570s ]
INFO: [ app_end ] --END-- [ RunTime:0.000625s ]

[ 2016-09-08T18:59:40+08:00 ] ::1 /mintAdmin/index.php/Home/Appointment/getDoctorLst?visit_date=2016-09-16&service_id=3
INFO: [ app_init ] --START--
INFO: Run Behavior\BuildLiteBehavior [ RunTime:0.000015s ]
INFO: [ app_init ] --END-- [ RunTime:0.000340s ]
INFO: [ app_begin ] --START--
INFO: Run Behavior\ReadHtmlCacheBehavior [ RunTime:0.000457s ]
INFO: [ app_begin ] --END-- [ RunTime:0.000511s ]
SQL: SHOW COLUMNS FROM `mint_dttime` [ RunTime:0.0526s ]
SQL: SELECT group_concat(doctor_id) as id FROM `mint_dttime` WHERE ( visit_date='2016-09-16' ) LIMIT 1   [ RunTime:0.0521s ]
SQL: SHOW COLUMNS FROM `mint_doctor_service` [ RunTime:0.0523s ]
SQL: SELECT group_concat(doctor_id) as id FROM `mint_doctor_service` WHERE ( service_id=3 ) LIMIT 1   [ RunTime:0.0517s ]
SQL: SHOW COLUMNS FROM `mint_user` [ RunTime:0.0531s ]
SQL: SELECT `id`,`name`,`photo`,`job_age`,`field` FROM `mint_user` WHERE `id` IN ('154','150','179','183','166')  [ RunTime:0.0517s ]
SQL: SELECT a.doctor_id,a.clinic_id,b.clinic_name FROM mint_dttime a left join mint_clinic as b on a.clinic_id=b.id  WHERE a.doctor_id IN ('154','150','179','183','166') AND a.visit_date = '2016-09-16'  [ RunTime:0.0522s ]
INFO: [ app_end ] --START--
INFO: Run Behavior\ShowPageTraceBehavior [ RunTime:0.000605s ]
INFO: [ app_end ] --END-- [ RunTime:0.000676s ]

[ 2016-09-08T18:59:40+08:00 ] ::1 /mintAdmin/index.php/Home/Appointment/getDoctorLst?visit_date=2016-09-9&service_id=3
INFO: [ app_init ] --START--
INFO: Run Behavior\BuildLiteBehavior [ RunTime:0.000015s ]
INFO: [ app_init ] --END-- [ RunTime:0.000346s ]
INFO: [ app_begin ] --START--
INFO: Run Behavior\ReadHtmlCacheBehavior [ RunTime:0.000459s ]
INFO: [ app_begin ] --END-- [ RunTime:0.000512s ]
SQL: SHOW COLUMNS FROM `mint_dttime` [ RunTime:0.0539s ]
SQL: SELECT group_concat(doctor_id) as id FROM `mint_dttime` WHERE ( visit_date='2016-09-9' ) LIMIT 1   [ RunTime:0.0538s ]
SQL: SHOW COLUMNS FROM `mint_doctor_service` [ RunTime:0.0531s ]
SQL: SELECT group_concat(doctor_id) as id FROM `mint_doctor_service` WHERE ( service_id=3 ) LIMIT 1   [ RunTime:0.0527s ]
NOTIC: [8] Undefined variable: dt_ids1 /Applications/MAMP/htdocs/mintAdmin/Application/Home/Controller/AppointmentController.class.php 第 329 行.
NOTIC: [8] Undefined variable: dt_id_arr /Applications/MAMP/htdocs/mintAdmin/Application/Home/Controller/AppointmentController.class.php 第 333 行.
NOTIC: [8] Undefined variable: data /Applications/MAMP/htdocs/mintAdmin/Application/Home/Controller/AppointmentController.class.php 第 357 行.
NOTIC: [8] Undefined variable: data /Applications/MAMP/htdocs/mintAdmin/Application/Home/Controller/AppointmentController.class.php 第 371 行.
INFO: [ app_end ] --START--
INFO: Run Behavior\ShowPageTraceBehavior [ RunTime:0.000789s ]
INFO: [ app_end ] --END-- [ RunTime:0.000859s ]

[ 2016-09-08T18:59:43+08:00 ] ::1 /mintAdmin/index.php/Home/Appointment/getDoctorLst?visit_date=2016-09-15&service_id=3
INFO: [ app_init ] --START--
INFO: Run Behavior\BuildLiteBehavior [ RunTime:0.000015s ]
INFO: [ app_init ] --END-- [ RunTime:0.000345s ]
INFO: [ app_begin ] --START--
INFO: Run Behavior\ReadHtmlCacheBehavior [ RunTime:0.000465s ]
INFO: [ app_begin ] --END-- [ RunTime:0.000518s ]
SQL: SHOW COLUMNS FROM `mint_dttime` [ RunTime:0.0495s ]
SQL: SELECT group_concat(doctor_id) as id FROM `mint_dttime` WHERE ( visit_date='2016-09-15' ) LIMIT 1   [ RunTime:0.0491s ]
SQL: SHOW COLUMNS FROM `mint_doctor_service` [ RunTime:0.0494s ]
SQL: SELECT group_concat(doctor_id) as id FROM `mint_doctor_service` WHERE ( service_id=3 ) LIMIT 1   [ RunTime:0.0491s ]
SQL: SHOW COLUMNS FROM `mint_user` [ RunTime:0.0503s ]
SQL: SELECT `id`,`name`,`photo`,`job_age`,`field` FROM `mint_user` WHERE `id` IN ('179')  [ RunTime:0.0496s ]
SQL: SELECT a.doctor_id,a.clinic_id,b.clinic_name FROM mint_dttime a left join mint_clinic as b on a.clinic_id=b.id  WHERE a.doctor_id IN ('179') AND a.visit_date = '2016-09-15'  [ RunTime:0.0494s ]
INFO: [ app_end ] --START--
INFO: Run Behavior\ShowPageTraceBehavior [ RunTime:0.000867s ]
INFO: [ app_end ] --END-- [ RunTime:0.000990s ]

[ 2016-09-08T18:59:43+08:00 ] ::1 /mintAdmin/index.php/Home/Appointment/getDoctorLst?visit_date=2016-09-9&service_id=3
INFO: [ app_init ] --START--
INFO: Run Behavior\BuildLiteBehavior [ RunTime:0.000015s ]
INFO: [ app_init ] --END-- [ RunTime:0.000344s ]
INFO: [ app_begin ] --START--
INFO: Run Behavior\ReadHtmlCacheBehavior [ RunTime:0.000454s ]
INFO: [ app_begin ] --END-- [ RunTime:0.000507s ]
SQL: SHOW COLUMNS FROM `mint_dttime` [ RunTime:0.0508s ]
SQL: SELECT group_concat(doctor_id) as id FROM `mint_dttime` WHERE ( visit_date='2016-09-9' ) LIMIT 1   [ RunTime:0.0501s ]
SQL: SHOW COLUMNS FROM `mint_doctor_service` [ RunTime:0.0506s ]
SQL: SELECT group_concat(doctor_id) as id FROM `mint_doctor_service` WHERE ( service_id=3 ) LIMIT 1   [ RunTime:0.0505s ]
NOTIC: [8] Undefined variable: dt_ids1 /Applications/MAMP/htdocs/mintAdmin/Application/Home/Controller/AppointmentController.class.php 第 329 行.
NOTIC: [8] Undefined variable: dt_id_arr /Applications/MAMP/htdocs/mintAdmin/Application/Home/Controller/AppointmentController.class.php 第 333 行.
NOTIC: [8] Undefined variable: data /Applications/MAMP/htdocs/mintAdmin/Application/Home/Controller/AppointmentController.class.php 第 357 行.
NOTIC: [8] Undefined variable: data /Applications/MAMP/htdocs/mintAdmin/Application/Home/Controller/AppointmentController.class.php 第 371 行.
INFO: [ app_end ] --START--
INFO: Run Behavior\ShowPageTraceBehavior [ RunTime:0.000804s ]
INFO: [ app_end ] --END-- [ RunTime:0.000869s ]

[ 2016-09-08T18:59:48+08:00 ] ::1 /mintAdmin/index.php/Home/Appointment/getDoctorLst?visit_date=2016-09-10&service_id=3
INFO: [ app_init ] --START--
INFO: Run Behavior\BuildLiteBehavior [ RunTime:0.000015s ]
INFO: [ app_init ] --END-- [ RunTime:0.000347s ]
INFO: [ app_begin ] --START--
INFO: Run Behavior\ReadHtmlCacheBehavior [ RunTime:0.000456s ]
INFO: [ app_begin ] --END-- [ RunTime:0.000510s ]
SQL: SHOW COLUMNS FROM `mint_dttime` [ RunTime:0.0500s ]
SQL: SELECT group_concat(doctor_id) as id FROM `mint_dttime` WHERE ( visit_date='2016-09-10' ) LIMIT 1   [ RunTime:0.0501s ]
SQL: SHOW COLUMNS FROM `mint_doctor_service` [ RunTime:0.0497s ]
SQL: SELECT group_concat(doctor_id) as id FROM `mint_doctor_service` WHERE ( service_id=3 ) LIMIT 1   [ RunTime:0.0496s ]
SQL: SHOW COLUMNS FROM `mint_user` [ RunTime:0.0505s ]
SQL: SELECT `id`,`name`,`photo`,`job_age`,`field` FROM `mint_user` WHERE `id` IN ('164','179','181','169')  [ RunTime:0.0498s ]
SQL: SELECT a.doctor_id,a.clinic_id,b.clinic_name FROM mint_dttime a left join mint_clinic as b on a.clinic_id=b.id  WHERE a.doctor_id IN ('164','179','181','169') AND a.visit_date = '2016-09-10'  [ RunTime:0.0498s ]
INFO: [ app_end ] --START--
INFO: Run Behavior\ShowPageTraceBehavior [ RunTime:0.000817s ]
INFO: [ app_end ] --END-- [ RunTime:0.000892s ]

[ 2016-09-08T18:59:49+08:00 ] ::1 /mintAdmin/index.php/Home/Appointment/getDoctorLst?visit_date=2016-09-9&service_id=3
INFO: [ app_init ] --START--
INFO: Run Behavior\BuildLiteBehavior [ RunTime:0.000015s ]
INFO: [ app_init ] --END-- [ RunTime:0.000344s ]
INFO: [ app_begin ] --START--
INFO: Run Behavior\ReadHtmlCacheBehavior [ RunTime:0.000455s ]
INFO: [ app_begin ] --END-- [ RunTime:0.000508s ]
SQL: SHOW COLUMNS FROM `mint_dttime` [ RunTime:0.0515s ]
SQL: SELECT group_concat(doctor_id) as id FROM `mint_dttime` WHERE ( visit_date='2016-09-9' ) LIMIT 1   [ RunTime:0.0508s ]
SQL: SHOW COLUMNS FROM `mint_doctor_service` [ RunTime:0.0508s ]
SQL: SELECT group_concat(doctor_id) as id FROM `mint_doctor_service` WHERE ( service_id=3 ) LIMIT 1   [ RunTime:0.0508s ]
NOTIC: [8] Undefined variable: dt_ids1 /Applications/MAMP/htdocs/mintAdmin/Application/Home/Controller/AppointmentController.class.php 第 329 行.
NOTIC: [8] Undefined variable: dt_id_arr /Applications/MAMP/htdocs/mintAdmin/Application/Home/Controller/AppointmentController.class.php 第 333 行.
NOTIC: [8] Undefined variable: data /Applications/MAMP/htdocs/mintAdmin/Application/Home/Controller/AppointmentController.class.php 第 357 行.
NOTIC: [8] Undefined variable: data /Applications/MAMP/htdocs/mintAdmin/Application/Home/Controller/AppointmentController.class.php 第 371 行.
INFO: [ app_end ] --START--
INFO: Run Behavior\ShowPageTraceBehavior [ RunTime:0.000824s ]
INFO: [ app_end ] --END-- [ RunTime:0.000910s ]

[ 2016-09-08T19:00:22+08:00 ] ::1 /mintAdmin/index.php/Home/Appointment/getDoctorLst?visit_date=2016-09-10&service_id=3
INFO: [ app_init ] --START--
INFO: Run Behavior\BuildLiteBehavior [ RunTime:0.000015s ]
INFO: [ app_init ] --END-- [ RunTime:0.000351s ]
INFO: [ app_begin ] --START--
INFO: Run Behavior\ReadHtmlCacheBehavior [ RunTime:0.000461s ]
INFO: [ app_begin ] --END-- [ RunTime:0.000515s ]
SQL: SHOW COLUMNS FROM `mint_dttime` [ RunTime:0.0487s ]
SQL: SELECT group_concat(doctor_id) as id FROM `mint_dttime` WHERE ( visit_date='2016-09-10' ) LIMIT 1   [ RunTime:0.0482s ]
SQL: SHOW COLUMNS FROM `mint_doctor_service` [ RunTime:0.0482s ]
SQL: SELECT group_concat(doctor_id) as id FROM `mint_doctor_service` WHERE ( service_id=3 ) LIMIT 1   [ RunTime:0.0478s ]
SQL: SHOW COLUMNS FROM `mint_user` [ RunTime:0.0492s ]
SQL: SELECT `id`,`name`,`photo`,`job_age`,`field` FROM `mint_user` WHERE `id` IN ('164','179','181','169')  [ RunTime:0.0481s ]
SQL: SELECT a.doctor_id,a.clinic_id,b.clinic_name FROM mint_dttime a left join mint_clinic as b on a.clinic_id=b.id  WHERE a.doctor_id IN ('164','179','181','169') AND a.visit_date = '2016-09-10'  [ RunTime:0.0487s ]
INFO: [ app_end ] --START--
INFO: Run Behavior\ShowPageTraceBehavior [ RunTime:0.000954s ]
INFO: [ app_end ] --END-- [ RunTime:0.001098s ]

[ 2016-09-08T19:00:24+08:00 ] ::1 /mintAdmin/index.php/Home/Appointment/getDoctorLst?visit_date=2016-09-11&service_id=3
INFO: [ app_init ] --START--
INFO: Run Behavior\BuildLiteBehavior [ RunTime:0.000015s ]
INFO: [ app_init ] --END-- [ RunTime:0.000343s ]
INFO: [ app_begin ] --START--
INFO: Run Behavior\ReadHtmlCacheBehavior [ RunTime:0.000453s ]
INFO: [ app_begin ] --END-- [ RunTime:0.000518s ]
SQL: SHOW COLUMNS FROM `mint_dttime` [ RunTime:0.0516s ]
SQL: SELECT group_concat(doctor_id) as id FROM `mint_dttime` WHERE ( visit_date='2016-09-11' ) LIMIT 1   [ RunTime:0.0512s ]
SQL: SHOW COLUMNS FROM `mint_doctor_service` [ RunTime:0.0515s ]
SQL: SELECT group_concat(doctor_id) as id FROM `mint_doctor_service` WHERE ( service_id=3 ) LIMIT 1   [ RunTime:0.0514s ]
SQL: SHOW COLUMNS FROM `mint_user` [ RunTime:0.0524s ]
SQL: SELECT `id`,`name`,`photo`,`job_age`,`field` FROM `mint_user` WHERE `id` IN ('164','179','181')  [ RunTime:0.0510s ]
SQL: SELECT a.doctor_id,a.clinic_id,b.clinic_name FROM mint_dttime a left join mint_clinic as b on a.clinic_id=b.id  WHERE a.doctor_id IN ('164','179','181') AND a.visit_date = '2016-09-11'  [ RunTime:0.0512s ]
INFO: [ app_end ] --START--
INFO: Run Behavior\ShowPageTraceBehavior [ RunTime:0.000552s ]
INFO: [ app_end ] --END-- [ RunTime:0.000609s ]

[ 2016-09-08T19:00:25+08:00 ] ::1 /mintAdmin/index.php/Home/Appointment/getDoctorLst?visit_date=2016-09-18&service_id=3
INFO: [ app_init ] --START--
INFO: Run Behavior\BuildLiteBehavior [ RunTime:0.000023s ]
INFO: [ app_init ] --END-- [ RunTime:0.000489s ]
INFO: [ app_begin ] --START--
INFO: Run Behavior\ReadHtmlCacheBehavior [ RunTime:0.000525s ]
INFO: [ app_begin ] --END-- [ RunTime:0.000587s ]
SQL: SHOW COLUMNS FROM `mint_dttime` [ RunTime:0.0552s ]
SQL: SELECT group_concat(doctor_id) as id FROM `mint_dttime` WHERE ( visit_date='2016-09-18' ) LIMIT 1   [ RunTime:0.0546s ]
SQL: SHOW COLUMNS FROM `mint_doctor_service` [ RunTime:0.0554s ]
SQL: SELECT group_concat(doctor_id) as id FROM `mint_doctor_service` WHERE ( service_id=3 ) LIMIT 1   [ RunTime:0.0549s ]
SQL: SHOW COLUMNS FROM `mint_user` [ RunTime:0.0562s ]
SQL: SELECT `id`,`name`,`photo`,`job_age`,`field` FROM `mint_user` WHERE `id` IN ('179','183','166')  [ RunTime:0.0551s ]
SQL: SELECT a.doctor_id,a.clinic_id,b.clinic_name FROM mint_dttime a left join mint_clinic as b on a.clinic_id=b.id  WHERE a.doctor_id IN ('179','183','166') AND a.visit_date = '2016-09-18'  [ RunTime:0.0550s ]
INFO: [ app_end ] --START--
INFO: Run Behavior\ShowPageTraceBehavior [ RunTime:0.000825s ]
INFO: [ app_end ] --END-- [ RunTime:0.000904s ]

[ 2016-09-08T19:00:25+08:00 ] ::1 /mintAdmin/index.php/Home/Appointment/getDoctorLst?visit_date=2016-09-17&service_id=3
INFO: [ app_init ] --START--
INFO: Run Behavior\BuildLiteBehavior [ RunTime:0.000016s ]
INFO: [ app_init ] --END-- [ RunTime:0.000341s ]
INFO: [ app_begin ] --START--
INFO: Run Behavior\ReadHtmlCacheBehavior [ RunTime:0.000477s ]
INFO: [ app_begin ] --END-- [ RunTime:0.000535s ]
SQL: SHOW COLUMNS FROM `mint_dttime` [ RunTime:0.0499s ]
SQL: SELECT group_concat(doctor_id) as id FROM `mint_dttime` WHERE ( visit_date='2016-09-17' ) LIMIT 1   [ RunTime:0.0494s ]
SQL: SHOW COLUMNS FROM `mint_doctor_service` [ RunTime:0.0498s ]
SQL: SELECT group_concat(doctor_id) as id FROM `mint_doctor_service` WHERE ( service_id=3 ) LIMIT 1   [ RunTime:0.0496s ]
SQL: SHOW COLUMNS FROM `mint_user` [ RunTime:0.0519s ]
SQL: SELECT `id`,`name`,`photo`,`job_age`,`field` FROM `mint_user` WHERE `id` IN ('159','179','166')  [ RunTime:0.0500s ]
SQL: SELECT a.doctor_id,a.clinic_id,b.clinic_name FROM mint_dttime a left join mint_clinic as b on a.clinic_id=b.id  WHERE a.doctor_id IN ('159','179','166') AND a.visit_date = '2016-09-17'  [ RunTime:0.0494s ]
INFO: [ app_end ] --START--
INFO: Run Behavior\ShowPageTraceBehavior [ RunTime:0.000552s ]
INFO: [ app_end ] --END-- [ RunTime:0.000608s ]

[ 2016-09-08T19:00:26+08:00 ] ::1 /mintAdmin/index.php/Home/Appointment/getDoctorLst?visit_date=2016-09-9&service_id=3
INFO: [ app_init ] --START--
INFO: Run Behavior\BuildLiteBehavior [ RunTime:0.000017s ]
INFO: [ app_init ] --END-- [ RunTime:0.000472s ]
INFO: [ app_begin ] --START--
INFO: Run Behavior\ReadHtmlCacheBehavior [ RunTime:0.000606s ]
INFO: [ app_begin ] --END-- [ RunTime:0.000736s ]
SQL: SHOW COLUMNS FROM `mint_dttime` [ RunTime:0.0520s ]
SQL: SELECT group_concat(doctor_id) as id FROM `mint_dttime` WHERE ( visit_date='2016-09-9' ) LIMIT 1   [ RunTime:0.0523s ]
SQL: SHOW COLUMNS FROM `mint_doctor_service` [ RunTime:0.0532s ]
SQL: SELECT group_concat(doctor_id) as id FROM `mint_doctor_service` WHERE ( service_id=3 ) LIMIT 1   [ RunTime:0.0521s ]
NOTIC: [8] Undefined variable: dt_ids1 /Applications/MAMP/htdocs/mintAdmin/Application/Home/Controller/AppointmentController.class.php 第 329 行.
NOTIC: [8] Undefined variable: dt_id_arr /Applications/MAMP/htdocs/mintAdmin/Application/Home/Controller/AppointmentController.class.php 第 333 行.
NOTIC: [8] Undefined variable: data /Applications/MAMP/htdocs/mintAdmin/Application/Home/Controller/AppointmentController.class.php 第 357 行.
NOTIC: [8] Undefined variable: data /Applications/MAMP/htdocs/mintAdmin/Application/Home/Controller/AppointmentController.class.php 第 371 行.
INFO: [ app_end ] --START--
INFO: Run Behavior\ShowPageTraceBehavior [ RunTime:0.000763s ]
INFO: [ app_end ] --END-- [ RunTime:0.000828s ]

