[ 2016-09-29T09:17:40+08:00 ] ::1 /mintAdmin/index.php/Home/User/login
INFO: [ app_init ] --START--
INFO: Run Behavior\BuildLiteBehavior [ RunTime:0.000033s ]
INFO: [ app_init ] --END-- [ RunTime:0.001227s ]
INFO: [ app_begin ] --START--
INFO: Run Behavior\ReadHtmlCacheBehavior [ RunTime:0.001261s ]
INFO: [ app_begin ] --END-- [ RunTime:0.001485s ]
SQL: SHOW COLUMNS FROM `mint_user` [ RunTime:0.0339s ]
SQL: SELECT * FROM `mint_user` WHERE `account` = '17777777777' LIMIT 1   [ RunTime:0.0329s ]
SQL: UPDATE `mint_user` SET `user_token`='1137dd6041cbad5c7f93a95c80758839' WHERE `id` = 181 [ RunTime:0.0419s ]
INFO: [ app_end ] --START--
INFO: Run Behavior\ShowPageTraceBehavior [ RunTime:0.001044s ]
INFO: [ app_end ] --END-- [ RunTime:0.001144s ]

[ 2016-09-29T09:17:42+08:00 ] ::1 /mintAdmin/index.php/Home/User/getInfo
INFO: [ app_init ] --START--
INFO: Run Behavior\BuildLiteBehavior [ RunTime:0.000034s ]
INFO: [ app_init ] --END-- [ RunTime:0.000711s ]
INFO: [ app_begin ] --START--
INFO: Run Behavior\ReadHtmlCacheBehavior [ RunTime:0.002078s ]
INFO: [ app_begin ] --END-- [ RunTime:0.002384s ]
SQL: SHOW COLUMNS FROM `mint_user` [ RunTime:0.0343s ]
SQL: SELECT `id`,`account`,`password`,`photo`,`name`,`birthyear`,`birthmonth`,`birthday`,`sex`,`phone`,`position`,`hospital`,`context`,`field`,`label`,`job_age`,`work_time`,`invite_code`,`openid`,`identity_id`,`label_id`,`company_code` FROM `mint_user` WHERE ( id=181 ) LIMIT 1   [ RunTime:0.0339s ]
SQL: SHOW COLUMNS FROM `mint_doctor_service` [ RunTime:0.0334s ]
SQL: SELECT group_concat(b.service_name) as service_name,group_concat(b.id) as service_id FROM mint_doctor_service a left join mint_service as b on a.service_id=b.id  WHERE ( a.doctor_id=181 )  [ RunTime:0.0333s ]
INFO: [ app_end ] --START--
INFO: Run Behavior\ShowPageTraceBehavior [ RunTime:0.000792s ]
INFO: [ app_end ] --END-- [ RunTime:0.000891s ]

[ 2016-09-29T09:17:47+08:00 ] ::1 /mintAdmin/index.php/Home/Doctor/clinicLst
INFO: [ app_init ] --START--
INFO: Run Behavior\BuildLiteBehavior [ RunTime:0.000026s ]
INFO: [ app_init ] --END-- [ RunTime:0.000606s ]
INFO: [ app_begin ] --START--
INFO: Run Behavior\ReadHtmlCacheBehavior [ RunTime:0.000811s ]
INFO: [ app_begin ] --END-- [ RunTime:0.000910s ]
SQL: SHOW COLUMNS FROM `mint_clinic` [ RunTime:0.0338s ]
SQL: SELECT `id`,`clinic_name`,`clinic_brand`,`clinic_address`,`chair_nums`,`staff_nums`,`set_date`,`clinic_pic`,`around_pic`,`clinic_head_name`,`clinic_head_phone`,`mint_head_phone`,`mint_head_name`,`sort`,`is_show`,`doctor_nums`,`create_time` FROM `mint_clinic`  [ RunTime:0.0338s ]
INFO: [ app_end ] --START--
INFO: Run Behavior\ShowPageTraceBehavior [ RunTime:0.000734s ]
INFO: [ app_end ] --END-- [ RunTime:0.000817s ]

[ 2016-09-29T09:17:47+08:00 ] ::1 /mintAdmin/index.php/Home/Doctor/visitDateQuery?visit_date=2016-09
INFO: [ app_init ] --START--
INFO: Run Behavior\BuildLiteBehavior [ RunTime:0.000030s ]
INFO: [ app_init ] --END-- [ RunTime:0.000696s ]
INFO: [ app_begin ] --START--
INFO: Run Behavior\ReadHtmlCacheBehavior [ RunTime:0.000865s ]
INFO: [ app_begin ] --END-- [ RunTime:0.000971s ]
SQL: SHOW COLUMNS FROM `mint_dttime` [ RunTime:0.0337s ]
SQL: SELECT a.*,b.clinic_name FROM mint_dttime a left join mint_clinic as b on a.clinic_id=b.id  WHERE a.visit_date LIKE '%2016-09%' AND a.doctor_id = '181'  [ RunTime:0.0337s ]
INFO: [ app_end ] --START--
INFO: Run Behavior\ShowPageTraceBehavior [ RunTime:0.000699s ]
INFO: [ app_end ] --END-- [ RunTime:0.000785s ]

[ 2016-09-29T09:17:48+08:00 ] ::1 /mintAdmin/index.php/Home/User/getInfo
INFO: [ app_init ] --START--
INFO: Run Behavior\BuildLiteBehavior [ RunTime:0.000029s ]
INFO: [ app_init ] --END-- [ RunTime:0.000653s ]
INFO: [ app_begin ] --START--
INFO: Run Behavior\ReadHtmlCacheBehavior [ RunTime:0.000842s ]
INFO: [ app_begin ] --END-- [ RunTime:0.000965s ]
SQL: SHOW COLUMNS FROM `mint_user` [ RunTime:0.0336s ]
SQL: SELECT `id`,`account`,`password`,`photo`,`name`,`birthyear`,`birthmonth`,`birthday`,`sex`,`phone`,`position`,`hospital`,`context`,`field`,`label`,`job_age`,`work_time`,`invite_code`,`openid`,`identity_id`,`label_id`,`company_code` FROM `mint_user` WHERE ( id=181 ) LIMIT 1   [ RunTime:0.0322s ]
SQL: SHOW COLUMNS FROM `mint_doctor_service` [ RunTime:0.0319s ]
SQL: SELECT group_concat(b.service_name) as service_name,group_concat(b.id) as service_id FROM mint_doctor_service a left join mint_service as b on a.service_id=b.id  WHERE ( a.doctor_id=181 )  [ RunTime:0.0318s ]
INFO: [ app_end ] --START--
INFO: Run Behavior\ShowPageTraceBehavior [ RunTime:0.000837s ]
INFO: [ app_end ] --END-- [ RunTime:0.000945s ]

[ 2016-09-29T09:17:49+08:00 ] ::1 /mintAdmin/index.php/Home/Appointment/doctorList
INFO: [ app_init ] --START--
INFO: Run Behavior\BuildLiteBehavior [ RunTime:0.000028s ]
INFO: [ app_init ] --END-- [ RunTime:0.000654s ]
INFO: [ app_begin ] --START--
INFO: Run Behavior\ReadHtmlCacheBehavior [ RunTime:0.000729s ]
INFO: [ app_begin ] --END-- [ RunTime:0.000816s ]
SQL: SHOW COLUMNS FROM `mint_appointment` [ RunTime:0.0329s ]
SQL: UPDATE `mint_appointment` SET `status`='3' WHERE `doctor_id` = '181' AND `status` IN ('1','5') AND `visit_time` < 1475078400 [ RunTime:0.0323s ]
SQL: SELECT COUNT(*) AS tp_count FROM `mint_appointment` WHERE `doctor_id` = '181' LIMIT 1   [ RunTime:0.0321s ]
SQL: SELECT a.id,a.patient_name,a.reserve_number,a.visit_time,a.status,a.is_return,b.service_name FROM mint_appointment a left join mint_service as b on a.service_id=b.id  WHERE `doctor_id` = '181' ORDER BY a.status asc,a.id desc LIMIT 0,15   [ RunTime:0.0325s ]
INFO: [ app_end ] --START--
INFO: Run Behavior\ShowPageTraceBehavior [ RunTime:0.000797s ]
INFO: [ app_end ] --END-- [ RunTime:0.000887s ]

[ 2016-09-29T09:17:51+08:00 ] ::1 /mintAdmin/index.php/Home/Appointment/getOne
INFO: [ app_init ] --START--
INFO: Run Behavior\BuildLiteBehavior [ RunTime:0.000034s ]
INFO: [ app_init ] --END-- [ RunTime:0.000765s ]
INFO: [ app_begin ] --START--
INFO: Run Behavior\ReadHtmlCacheBehavior [ RunTime:0.001017s ]
INFO: [ app_begin ] --END-- [ RunTime:0.001143s ]
SQL: SHOW COLUMNS FROM `mint_appointment` [ RunTime:0.0329s ]
SQL: SELECT a.*,b.name as doctor_name,c.name as appointment_name,d.clinic_name,d.clinic_address,e.id as company_id,e.company_name FROM mint_appointment a left join mint_user as b on a.doctor_id=b.id left join mint_user as c on a.patient_id=c.id left join mint_clinic as d on a.clinic_id=d.id left join mint_company as e on a.invite_code=e.company_code  WHERE ( a.id=145 ) LIMIT 1   [ RunTime:0.0326s ]
NOTIC: [8] Undefined index: doctor_phone /Applications/MAMP/htdocs/mintAdmin/Application/Home/Controller/AppointmentController.class.php 第 280 行.
INFO: [ app_end ] --START--
INFO: Run Behavior\ShowPageTraceBehavior [ RunTime:0.000643s ]
INFO: [ app_end ] --END-- [ RunTime:0.000728s ]

[ 2016-09-29T09:17:52+08:00 ] ::1 /mintAdmin/index.php/Home/Bill/getCatLst
INFO: [ app_init ] --START--
INFO: Run Behavior\BuildLiteBehavior [ RunTime:0.000034s ]
INFO: [ app_init ] --END-- [ RunTime:0.000817s ]
INFO: [ app_begin ] --START--
INFO: Run Behavior\ReadHtmlCacheBehavior [ RunTime:0.000828s ]
INFO: [ app_begin ] --END-- [ RunTime:0.000932s ]
SQL: SHOW COLUMNS FROM `mint_category` [ RunTime:0.0336s ]
SQL: SELECT * FROM `mint_category` WHERE `is_use` = 1  [ RunTime:0.0329s ]
INFO: [ app_end ] --START--
INFO: Run Behavior\ShowPageTraceBehavior [ RunTime:0.001024s ]
INFO: [ app_end ] --END-- [ RunTime:0.001175s ]

[ 2016-09-29T09:17:52+08:00 ] ::1 /mintAdmin/index.php/Home/Appointment/getOne
INFO: [ app_init ] --START--
INFO: Run Behavior\BuildLiteBehavior [ RunTime:0.000025s ]
INFO: [ app_init ] --END-- [ RunTime:0.000972s ]
INFO: [ app_begin ] --START--
INFO: Run Behavior\ReadHtmlCacheBehavior [ RunTime:0.000876s ]
INFO: [ app_begin ] --END-- [ RunTime:0.001578s ]
SQL: SHOW COLUMNS FROM `mint_appointment` [ RunTime:0.0341s ]
SQL: SELECT a.*,b.name as doctor_name,c.name as appointment_name,d.clinic_name,d.clinic_address,e.id as company_id,e.company_name FROM mint_appointment a left join mint_user as b on a.doctor_id=b.id left join mint_user as c on a.patient_id=c.id left join mint_clinic as d on a.clinic_id=d.id left join mint_company as e on a.invite_code=e.company_code  WHERE ( a.id=145 ) LIMIT 1   [ RunTime:0.0334s ]
NOTIC: [8] Undefined index: doctor_phone /Applications/MAMP/htdocs/mintAdmin/Application/Home/Controller/AppointmentController.class.php 第 280 行.
INFO: [ app_end ] --START--
INFO: Run Behavior\ShowPageTraceBehavior [ RunTime:0.000626s ]
INFO: [ app_end ] --END-- [ RunTime:0.000695s ]

[ 2016-09-29T09:17:53+08:00 ] ::1 /mintAdmin/index.php/Home/Bill/getCatPro
INFO: [ app_init ] --START--
INFO: Run Behavior\BuildLiteBehavior [ RunTime:0.000016s ]
INFO: [ app_init ] --END-- [ RunTime:0.000377s ]
INFO: [ app_begin ] --START--
INFO: Run Behavior\ReadHtmlCacheBehavior [ RunTime:0.000501s ]
INFO: [ app_begin ] --END-- [ RunTime:0.000564s ]
SQL: SHOW COLUMNS FROM `mint_project` [ RunTime:0.0334s ]
SQL: SELECT * FROM `mint_project` WHERE ( cat_id=2 )  [ RunTime:0.0334s ]
INFO: [ app_end ] --START--
INFO: Run Behavior\ShowPageTraceBehavior [ RunTime:0.000649s ]
INFO: [ app_end ] --END-- [ RunTime:0.000747s ]

[ 2016-09-29T09:17:54+08:00 ] ::1 /mintAdmin/index.php/Home/Bill/getCatPro
INFO: [ app_init ] --START--
INFO: Run Behavior\BuildLiteBehavior [ RunTime:0.000016s ]
INFO: [ app_init ] --END-- [ RunTime:0.000377s ]
INFO: [ app_begin ] --START--
INFO: Run Behavior\ReadHtmlCacheBehavior [ RunTime:0.000508s ]
INFO: [ app_begin ] --END-- [ RunTime:0.000570s ]
SQL: SHOW COLUMNS FROM `mint_project` [ RunTime:0.0327s ]
SQL: SELECT * FROM `mint_project` WHERE ( cat_id=3 )  [ RunTime:0.0324s ]
INFO: [ app_end ] --START--
INFO: Run Behavior\ShowPageTraceBehavior [ RunTime:0.000659s ]
INFO: [ app_end ] --END-- [ RunTime:0.000735s ]

[ 2016-09-29T09:17:56+08:00 ] ::1 /mintAdmin/index.php/Home/Bill/getCatPro
INFO: [ app_init ] --START--
INFO: Run Behavior\BuildLiteBehavior [ RunTime:0.000018s ]
INFO: [ app_init ] --END-- [ RunTime:0.000484s ]
INFO: [ app_begin ] --START--
INFO: Run Behavior\ReadHtmlCacheBehavior [ RunTime:0.000513s ]
INFO: [ app_begin ] --END-- [ RunTime:0.000574s ]
SQL: SHOW COLUMNS FROM `mint_project` [ RunTime:0.0321s ]
SQL: SELECT * FROM `mint_project` WHERE ( cat_id=4 )  [ RunTime:0.0320s ]
INFO: [ app_end ] --START--
INFO: Run Behavior\ShowPageTraceBehavior [ RunTime:0.001138s ]
INFO: [ app_end ] --END-- [ RunTime:0.001259s ]

[ 2016-09-29T09:17:58+08:00 ] ::1 /mintAdmin/index.php/Home/Bill/getCatPro
INFO: [ app_init ] --START--
INFO: Run Behavior\BuildLiteBehavior [ RunTime:0.000019s ]
INFO: [ app_init ] --END-- [ RunTime:0.000507s ]
INFO: [ app_begin ] --START--
INFO: Run Behavior\ReadHtmlCacheBehavior [ RunTime:0.000675s ]
INFO: [ app_begin ] --END-- [ RunTime:0.000753s ]
SQL: SHOW COLUMNS FROM `mint_project` [ RunTime:0.0332s ]
SQL: SELECT * FROM `mint_project` WHERE ( cat_id=2 )  [ RunTime:0.0333s ]
INFO: [ app_end ] --START--
INFO: Run Behavior\ShowPageTraceBehavior [ RunTime:0.000652s ]
INFO: [ app_end ] --END-- [ RunTime:0.000743s ]

[ 2016-09-29T09:19:34+08:00 ] ::1 /mintAdmin/index.php/Home/Bill/getCatPro
INFO: [ app_init ] --START--
INFO: Run Behavior\BuildLiteBehavior [ RunTime:0.000019s ]
INFO: [ app_init ] --END-- [ RunTime:0.000711s ]
INFO: [ app_begin ] --START--
INFO: Run Behavior\ReadHtmlCacheBehavior [ RunTime:0.000942s ]
INFO: [ app_begin ] --END-- [ RunTime:0.001034s ]
SQL: SHOW COLUMNS FROM `mint_project` [ RunTime:0.0335s ]
SQL: SELECT * FROM `mint_project` WHERE ( cat_id=3 )  [ RunTime:0.0331s ]
INFO: [ app_end ] --START--
INFO: Run Behavior\ShowPageTraceBehavior [ RunTime:0.001023s ]
INFO: [ app_end ] --END-- [ RunTime:0.001117s ]

[ 2016-09-29T09:19:36+08:00 ] ::1 /mintAdmin/index.php/Home/Bill/getCatPro
INFO: [ app_init ] --START--
INFO: Run Behavior\BuildLiteBehavior [ RunTime:0.000025s ]
INFO: [ app_init ] --END-- [ RunTime:0.000451s ]
INFO: [ app_begin ] --START--
INFO: Run Behavior\ReadHtmlCacheBehavior [ RunTime:0.000525s ]
INFO: [ app_begin ] --END-- [ RunTime:0.000592s ]
SQL: SHOW COLUMNS FROM `mint_project` [ RunTime:0.0338s ]
SQL: SELECT * FROM `mint_project` WHERE ( cat_id=4 )  [ RunTime:0.0340s ]
INFO: [ app_end ] --START--
INFO: Run Behavior\ShowPageTraceBehavior [ RunTime:0.000672s ]
INFO: [ app_end ] --END-- [ RunTime:0.000778s ]

[ 2016-09-29T09:19:39+08:00 ] ::1 /mintAdmin/index.php/Home/Bill/getCatPro
INFO: [ app_init ] --START--
INFO: Run Behavior\BuildLiteBehavior [ RunTime:0.000018s ]
INFO: [ app_init ] --END-- [ RunTime:0.000394s ]
INFO: [ app_begin ] --START--
INFO: Run Behavior\ReadHtmlCacheBehavior [ RunTime:0.000530s ]
INFO: [ app_begin ] --END-- [ RunTime:0.000592s ]
SQL: SHOW COLUMNS FROM `mint_project` [ RunTime:0.0328s ]
SQL: SELECT * FROM `mint_project` WHERE ( cat_id=2 )  [ RunTime:0.0323s ]
INFO: [ app_end ] --START--
INFO: Run Behavior\ShowPageTraceBehavior [ RunTime:0.000608s ]
INFO: [ app_end ] --END-- [ RunTime:0.000676s ]

[ 2016-09-29T16:55:38+08:00 ] ::1 /mintAdmin/index.php/Home/Doctor/clinicLst
INFO: [ app_init ] --START--
INFO: Run Behavior\BuildLiteBehavior [ RunTime:0.000029s ]
INFO: [ app_init ] --END-- [ RunTime:0.001098s ]
INFO: [ app_begin ] --START--
INFO: Run Behavior\ReadHtmlCacheBehavior [ RunTime:0.001708s ]
INFO: [ app_begin ] --END-- [ RunTime:0.001847s ]
SQL: SHOW COLUMNS FROM `mint_clinic` [ RunTime:0.0343s ]
SQL: SELECT `id`,`clinic_name`,`clinic_brand`,`clinic_address`,`chair_nums`,`staff_nums`,`set_date`,`clinic_pic`,`around_pic`,`clinic_head_name`,`clinic_head_phone`,`mint_head_phone`,`mint_head_name`,`sort`,`is_show`,`doctor_nums`,`create_time` FROM `mint_clinic`  [ RunTime:0.0339s ]
INFO: [ app_end ] --START--
INFO: Run Behavior\ShowPageTraceBehavior [ RunTime:0.009810s ]
INFO: [ app_end ] --END-- [ RunTime:0.009902s ]

[ 2016-09-29T16:55:39+08:00 ] ::1 /mintAdmin/index.php/Home/Doctor/visitDateQuery?visit_date=2016-09
INFO: [ app_init ] --START--
INFO: Run Behavior\BuildLiteBehavior [ RunTime:0.000028s ]
INFO: [ app_init ] --END-- [ RunTime:0.001103s ]
INFO: [ app_begin ] --START--
INFO: Run Behavior\ReadHtmlCacheBehavior [ RunTime:0.001659s ]
INFO: [ app_begin ] --END-- [ RunTime:0.001796s ]
SQL: SHOW COLUMNS FROM `mint_dttime` [ RunTime:0.0321s ]
SQL: SELECT a.*,b.clinic_name FROM mint_dttime a left join mint_clinic as b on a.clinic_id=b.id  WHERE a.visit_date LIKE '%2016-09%' AND a.doctor_id = '181'  [ RunTime:0.0324s ]
INFO: [ app_end ] --START--
INFO: Run Behavior\ShowPageTraceBehavior [ RunTime:0.000850s ]
INFO: [ app_end ] --END-- [ RunTime:0.000966s ]

[ 2016-09-29T16:57:12+08:00 ] ::1 /mintAdmin/index.php/Home/Doctor/visitDateQuery?visit_date=2016-09
INFO: [ app_init ] --START--
INFO: Run Behavior\BuildLiteBehavior [ RunTime:0.000029s ]
INFO: [ app_init ] --END-- [ RunTime:0.004607s ]
INFO: [ app_begin ] --START--
INFO: Run Behavior\ReadHtmlCacheBehavior [ RunTime:0.001772s ]
INFO: [ app_begin ] --END-- [ RunTime:0.001905s ]
SQL: SHOW COLUMNS FROM `mint_dttime` [ RunTime:0.0326s ]
SQL: SELECT a.*,b.clinic_name FROM mint_dttime a left join mint_clinic as b on a.clinic_id=b.id  WHERE a.visit_date LIKE '%2016-09%' AND a.doctor_id = '181'  [ RunTime:0.0334s ]
INFO: [ app_end ] --START--
INFO: Run Behavior\ShowPageTraceBehavior [ RunTime:0.002528s ]
INFO: [ app_end ] --END-- [ RunTime:0.002671s ]

[ 2016-09-29T16:57:12+08:00 ] ::1 /mintAdmin/index.php/Home/Doctor/clinicLst
INFO: [ app_init ] --START--
INFO: Run Behavior\BuildLiteBehavior [ RunTime:0.000037s ]
INFO: [ app_init ] --END-- [ RunTime:0.001910s ]
INFO: [ app_begin ] --START--
INFO: Run Behavior\ReadHtmlCacheBehavior [ RunTime:0.002177s ]
INFO: [ app_begin ] --END-- [ RunTime:0.002388s ]
SQL: SHOW COLUMNS FROM `mint_clinic` [ RunTime:0.0341s ]
SQL: SELECT `id`,`clinic_name`,`clinic_brand`,`clinic_address`,`chair_nums`,`staff_nums`,`set_date`,`clinic_pic`,`around_pic`,`clinic_head_name`,`clinic_head_phone`,`mint_head_phone`,`mint_head_name`,`sort`,`is_show`,`doctor_nums`,`create_time` FROM `mint_clinic`  [ RunTime:0.0339s ]
INFO: [ app_end ] --START--
INFO: Run Behavior\ShowPageTraceBehavior [ RunTime:0.000893s ]
INFO: [ app_end ] --END-- [ RunTime:0.001009s ]

[ 2016-09-29T16:57:20+08:00 ] ::1 /mintAdmin/index.php/Home/Doctor/visitDateQuery?visit_date=2016-09
INFO: [ app_init ] --START--
INFO: Run Behavior\BuildLiteBehavior [ RunTime:0.000030s ]
INFO: [ app_init ] --END-- [ RunTime:0.001321s ]
INFO: [ app_begin ] --START--
INFO: Run Behavior\ReadHtmlCacheBehavior [ RunTime:0.001034s ]
INFO: [ app_begin ] --END-- [ RunTime:0.001226s ]
SQL: SHOW COLUMNS FROM `mint_dttime` [ RunTime:0.0338s ]
SQL: SELECT a.*,b.clinic_name FROM mint_dttime a left join mint_clinic as b on a.clinic_id=b.id  WHERE a.visit_date LIKE '%2016-09%' AND a.doctor_id = '181'  [ RunTime:0.0342s ]
INFO: [ app_end ] --START--
INFO: Run Behavior\ShowPageTraceBehavior [ RunTime:0.001000s ]
INFO: [ app_end ] --END-- [ RunTime:0.001156s ]

[ 2016-09-29T16:57:20+08:00 ] ::1 /mintAdmin/index.php/Home/Doctor/clinicLst
INFO: [ app_init ] --START--
INFO: Run Behavior\BuildLiteBehavior [ RunTime:0.000028s ]
INFO: [ app_init ] --END-- [ RunTime:0.000748s ]
INFO: [ app_begin ] --START--
INFO: Run Behavior\ReadHtmlCacheBehavior [ RunTime:0.000855s ]
INFO: [ app_begin ] --END-- [ RunTime:0.001102s ]
SQL: SHOW COLUMNS FROM `mint_clinic` [ RunTime:0.0330s ]
SQL: SELECT `id`,`clinic_name`,`clinic_brand`,`clinic_address`,`chair_nums`,`staff_nums`,`set_date`,`clinic_pic`,`around_pic`,`clinic_head_name`,`clinic_head_phone`,`mint_head_phone`,`mint_head_name`,`sort`,`is_show`,`doctor_nums`,`create_time` FROM `mint_clinic`  [ RunTime:0.0328s ]
INFO: [ app_end ] --START--
INFO: Run Behavior\ShowPageTraceBehavior [ RunTime:0.000669s ]
INFO: [ app_end ] --END-- [ RunTime:0.000759s ]

[ 2016-09-29T17:09:36+08:00 ] ::1 /mintAdmin/index.php/Home/Doctor/visitDateQuery?visit_date=2016-11
INFO: [ app_init ] --START--
INFO: Run Behavior\BuildLiteBehavior [ RunTime:0.000027s ]
INFO: [ app_init ] --END-- [ RunTime:0.001042s ]
INFO: [ app_begin ] --START--
INFO: Run Behavior\ReadHtmlCacheBehavior [ RunTime:0.001285s ]
INFO: [ app_begin ] --END-- [ RunTime:0.001460s ]
SQL: SHOW COLUMNS FROM `mint_dttime` [ RunTime:0.0319s ]
SQL: SELECT a.*,b.clinic_name FROM mint_dttime a left join mint_clinic as b on a.clinic_id=b.id  WHERE a.visit_date LIKE '%2016-11%' AND a.doctor_id = '181'  [ RunTime:0.0316s ]
INFO: [ app_end ] --START--
INFO: Run Behavior\ShowPageTraceBehavior [ RunTime:0.014774s ]
INFO: [ app_end ] --END-- [ RunTime:0.014886s ]

[ 2016-09-29T17:09:40+08:00 ] ::1 /mintAdmin/index.php/Home/Doctor/visitDateQuery?visit_date=2016-10
INFO: [ app_init ] --START--
INFO: Run Behavior\BuildLiteBehavior [ RunTime:0.000018s ]
INFO: [ app_init ] --END-- [ RunTime:0.000384s ]
INFO: [ app_begin ] --START--
INFO: Run Behavior\ReadHtmlCacheBehavior [ RunTime:0.000516s ]
INFO: [ app_begin ] --END-- [ RunTime:0.000576s ]
SQL: SHOW COLUMNS FROM `mint_dttime` [ RunTime:0.0328s ]
SQL: SELECT a.*,b.clinic_name FROM mint_dttime a left join mint_clinic as b on a.clinic_id=b.id  WHERE a.visit_date LIKE '%2016-10%' AND a.doctor_id = '181'  [ RunTime:0.0331s ]
INFO: [ app_end ] --START--
INFO: Run Behavior\ShowPageTraceBehavior [ RunTime:0.000640s ]
INFO: [ app_end ] --END-- [ RunTime:0.000720s ]

[ 2016-09-29T17:09:41+08:00 ] ::1 /mintAdmin/index.php/Home/Doctor/visitDateQuery?visit_date=2016-09
INFO: [ app_init ] --START--
INFO: Run Behavior\BuildLiteBehavior [ RunTime:0.000020s ]
INFO: [ app_init ] --END-- [ RunTime:0.000520s ]
INFO: [ app_begin ] --START--
INFO: Run Behavior\ReadHtmlCacheBehavior [ RunTime:0.000671s ]
INFO: [ app_begin ] --END-- [ RunTime:0.001979s ]
SQL: SHOW COLUMNS FROM `mint_dttime` [ RunTime:0.0342s ]
SQL: SELECT a.*,b.clinic_name FROM mint_dttime a left join mint_clinic as b on a.clinic_id=b.id  WHERE a.visit_date LIKE '%2016-09%' AND a.doctor_id = '181'  [ RunTime:0.0339s ]
INFO: [ app_end ] --START--
INFO: Run Behavior\ShowPageTraceBehavior [ RunTime:0.000831s ]
INFO: [ app_end ] --END-- [ RunTime:0.000939s ]

[ 2016-09-29T17:09:42+08:00 ] ::1 /mintAdmin/index.php/Home/Doctor/visitDateQuery?visit_date=2016-10
INFO: [ app_init ] --START--
INFO: Run Behavior\BuildLiteBehavior [ RunTime:0.000018s ]
INFO: [ app_init ] --END-- [ RunTime:0.000400s ]
INFO: [ app_begin ] --START--
INFO: Run Behavior\ReadHtmlCacheBehavior [ RunTime:0.000630s ]
INFO: [ app_begin ] --END-- [ RunTime:0.000710s ]
SQL: SHOW COLUMNS FROM `mint_dttime` [ RunTime:0.0339s ]
SQL: SELECT a.*,b.clinic_name FROM mint_dttime a left join mint_clinic as b on a.clinic_id=b.id  WHERE a.visit_date LIKE '%2016-10%' AND a.doctor_id = '181'  [ RunTime:0.0338s ]
INFO: [ app_end ] --START--
INFO: Run Behavior\ShowPageTraceBehavior [ RunTime:0.000630s ]
INFO: [ app_end ] --END-- [ RunTime:0.000704s ]

[ 2016-09-29T17:09:45+08:00 ] ::1 /mintAdmin/index.php/Home/Doctor/visitDateQuery?visit_date=2016-09
INFO: [ app_init ] --START--
INFO: Run Behavior\BuildLiteBehavior [ RunTime:0.000016s ]
INFO: [ app_init ] --END-- [ RunTime:0.000379s ]
INFO: [ app_begin ] --START--
INFO: Run Behavior\ReadHtmlCacheBehavior [ RunTime:0.000500s ]
INFO: [ app_begin ] --END-- [ RunTime:0.000557s ]
SQL: SHOW COLUMNS FROM `mint_dttime` [ RunTime:0.0336s ]
SQL: SELECT a.*,b.clinic_name FROM mint_dttime a left join mint_clinic as b on a.clinic_id=b.id  WHERE a.visit_date LIKE '%2016-09%' AND a.doctor_id = '181'  [ RunTime:0.0338s ]
INFO: [ app_end ] --START--
INFO: Run Behavior\ShowPageTraceBehavior [ RunTime:0.000596s ]
INFO: [ app_end ] --END-- [ RunTime:0.000662s ]

[ 2016-09-29T17:09:45+08:00 ] ::1 /mintAdmin/index.php/Home/Doctor/visitDateQuery?visit_date=2016-08
INFO: [ app_init ] --START--
INFO: Run Behavior\BuildLiteBehavior [ RunTime:0.000016s ]
INFO: [ app_init ] --END-- [ RunTime:0.000382s ]
INFO: [ app_begin ] --START--
INFO: Run Behavior\ReadHtmlCacheBehavior [ RunTime:0.000731s ]
INFO: [ app_begin ] --END-- [ RunTime:0.000805s ]
SQL: SHOW COLUMNS FROM `mint_dttime` [ RunTime:0.0321s ]
SQL: SELECT a.*,b.clinic_name FROM mint_dttime a left join mint_clinic as b on a.clinic_id=b.id  WHERE a.visit_date LIKE '%2016-08%' AND a.doctor_id = '181'  [ RunTime:0.0321s ]
INFO: [ app_end ] --START--
INFO: Run Behavior\ShowPageTraceBehavior [ RunTime:0.000634s ]
INFO: [ app_end ] --END-- [ RunTime:0.000700s ]

[ 2016-09-29T17:10:15+08:00 ] ::1 /mintAdmin/index.php/Home/Doctor/visitDateQuery?visit_date=2016-09
INFO: [ app_init ] --START--
INFO: Run Behavior\BuildLiteBehavior [ RunTime:0.000033s ]
INFO: [ app_init ] --END-- [ RunTime:0.014827s ]
INFO: [ app_begin ] --START--
INFO: Run Behavior\ReadHtmlCacheBehavior [ RunTime:0.046209s ]
INFO: [ app_begin ] --END-- [ RunTime:0.046306s ]
SQL: SHOW COLUMNS FROM `mint_dttime` [ RunTime:0.0337s ]
SQL: SELECT a.*,b.clinic_name FROM mint_dttime a left join mint_clinic as b on a.clinic_id=b.id  WHERE a.visit_date LIKE '%2016-09%' AND a.doctor_id = '181'  [ RunTime:0.0335s ]
INFO: [ app_end ] --START--
INFO: Run Behavior\ShowPageTraceBehavior [ RunTime:0.017102s ]
INFO: [ app_end ] --END-- [ RunTime:0.017219s ]

[ 2016-09-29T17:10:15+08:00 ] ::1 /mintAdmin/index.php/Home/Doctor/clinicLst
INFO: [ app_init ] --START--
INFO: Run Behavior\BuildLiteBehavior [ RunTime:0.000024s ]
INFO: [ app_init ] --END-- [ RunTime:0.016128s ]
INFO: [ app_begin ] --START--
INFO: Run Behavior\ReadHtmlCacheBehavior [ RunTime:0.047523s ]
INFO: [ app_begin ] --END-- [ RunTime:0.047632s ]
SQL: SHOW COLUMNS FROM `mint_clinic` [ RunTime:0.0331s ]
SQL: SELECT `id`,`clinic_name`,`clinic_brand`,`clinic_address`,`chair_nums`,`staff_nums`,`set_date`,`clinic_pic`,`around_pic`,`clinic_head_name`,`clinic_head_phone`,`mint_head_phone`,`mint_head_name`,`sort`,`is_show`,`doctor_nums`,`create_time` FROM `mint_clinic`  [ RunTime:0.0326s ]
INFO: [ app_end ] --START--
INFO: Run Behavior\ShowPageTraceBehavior [ RunTime:0.001062s ]
INFO: [ app_end ] --END-- [ RunTime:0.001176s ]

[ 2016-09-29T17:10:17+08:00 ] ::1 /mintAdmin/index.php/Home/Doctor/visitDateQuery?visit_date=2016-11
INFO: [ app_init ] --START--
INFO: Run Behavior\BuildLiteBehavior [ RunTime:0.000017s ]
INFO: [ app_init ] --END-- [ RunTime:0.000376s ]
INFO: [ app_begin ] --START--
INFO: Run Behavior\ReadHtmlCacheBehavior [ RunTime:0.000543s ]
INFO: [ app_begin ] --END-- [ RunTime:0.000611s ]
SQL: SHOW COLUMNS FROM `mint_dttime` [ RunTime:0.0319s ]
SQL: SELECT a.*,b.clinic_name FROM mint_dttime a left join mint_clinic as b on a.clinic_id=b.id  WHERE a.visit_date LIKE '%2016-11%' AND a.doctor_id = '181'  [ RunTime:0.0316s ]
INFO: [ app_end ] --START--
INFO: Run Behavior\ShowPageTraceBehavior [ RunTime:0.000790s ]
INFO: [ app_end ] --END-- [ RunTime:0.000876s ]

[ 2016-09-29T17:10:21+08:00 ] ::1 /mintAdmin/index.php/Home/Doctor/visitDateQuery?visit_date=2016-10
INFO: [ app_init ] --START--
INFO: Run Behavior\BuildLiteBehavior [ RunTime:0.000016s ]
INFO: [ app_init ] --END-- [ RunTime:0.000385s ]
INFO: [ app_begin ] --START--
INFO: Run Behavior\ReadHtmlCacheBehavior [ RunTime:0.000509s ]
INFO: [ app_begin ] --END-- [ RunTime:0.000570s ]
SQL: SHOW COLUMNS FROM `mint_dttime` [ RunTime:0.0340s ]
SQL: SELECT a.*,b.clinic_name FROM mint_dttime a left join mint_clinic as b on a.clinic_id=b.id  WHERE a.visit_date LIKE '%2016-10%' AND a.doctor_id = '181'  [ RunTime:0.0333s ]
INFO: [ app_end ] --START--
INFO: Run Behavior\ShowPageTraceBehavior [ RunTime:0.000756s ]
INFO: [ app_end ] --END-- [ RunTime:0.000846s ]

[ 2016-09-29T17:10:22+08:00 ] ::1 /mintAdmin/index.php/Home/Doctor/visitDateQuery?visit_date=2016-09
INFO: [ app_init ] --START--
INFO: Run Behavior\BuildLiteBehavior [ RunTime:0.000048s ]
INFO: [ app_init ] --END-- [ RunTime:0.000759s ]
INFO: [ app_begin ] --START--
INFO: Run Behavior\ReadHtmlCacheBehavior [ RunTime:0.000577s ]
INFO: [ app_begin ] --END-- [ RunTime:0.000650s ]
SQL: SHOW COLUMNS FROM `mint_dttime` [ RunTime:0.0334s ]
SQL: SELECT a.*,b.clinic_name FROM mint_dttime a left join mint_clinic as b on a.clinic_id=b.id  WHERE a.visit_date LIKE '%2016-09%' AND a.doctor_id = '181'  [ RunTime:0.0331s ]
INFO: [ app_end ] --START--
INFO: Run Behavior\ShowPageTraceBehavior [ RunTime:0.000787s ]
INFO: [ app_end ] --END-- [ RunTime:0.000881s ]

[ 2016-09-29T17:10:22+08:00 ] ::1 /mintAdmin/index.php/Home/Doctor/visitDateQuery?visit_date=2016-08
INFO: [ app_init ] --START--
INFO: Run Behavior\BuildLiteBehavior [ RunTime:0.000027s ]
INFO: [ app_init ] --END-- [ RunTime:0.001917s ]
INFO: [ app_begin ] --START--
INFO: Run Behavior\ReadHtmlCacheBehavior [ RunTime:0.001714s ]
INFO: [ app_begin ] --END-- [ RunTime:0.001938s ]
SQL: SHOW COLUMNS FROM `mint_dttime` [ RunTime:0.0342s ]
SQL: SELECT a.*,b.clinic_name FROM mint_dttime a left join mint_clinic as b on a.clinic_id=b.id  WHERE a.visit_date LIKE '%2016-08%' AND a.doctor_id = '181'  [ RunTime:0.0333s ]
INFO: [ app_end ] --START--
INFO: Run Behavior\ShowPageTraceBehavior [ RunTime:0.000832s ]
INFO: [ app_end ] --END-- [ RunTime:0.000936s ]

[ 2016-09-29T17:10:23+08:00 ] ::1 /mintAdmin/index.php/Home/Doctor/visitDateQuery?visit_date=2016-07
INFO: [ app_init ] --START--
INFO: Run Behavior\BuildLiteBehavior [ RunTime:0.000019s ]
INFO: [ app_init ] --END-- [ RunTime:0.000459s ]
INFO: [ app_begin ] --START--
INFO: Run Behavior\ReadHtmlCacheBehavior [ RunTime:0.000967s ]
INFO: [ app_begin ] --END-- [ RunTime:0.001098s ]
SQL: SHOW COLUMNS FROM `mint_dttime` [ RunTime:0.0339s ]
SQL: SELECT a.*,b.clinic_name FROM mint_dttime a left join mint_clinic as b on a.clinic_id=b.id  WHERE a.visit_date LIKE '%2016-07%' AND a.doctor_id = '181'  [ RunTime:0.0341s ]
INFO: [ app_end ] --START--
INFO: Run Behavior\ShowPageTraceBehavior [ RunTime:0.001042s ]
INFO: [ app_end ] --END-- [ RunTime:0.001155s ]

[ 2016-09-29T17:10:24+08:00 ] ::1 /mintAdmin/index.php/Home/Doctor/visitDateQuery?visit_date=2016-08
INFO: [ app_init ] --START--
INFO: Run Behavior\BuildLiteBehavior [ RunTime:0.000017s ]
INFO: [ app_init ] --END-- [ RunTime:0.000426s ]
INFO: [ app_begin ] --START--
INFO: Run Behavior\ReadHtmlCacheBehavior [ RunTime:0.000505s ]
INFO: [ app_begin ] --END-- [ RunTime:0.000565s ]
SQL: SHOW COLUMNS FROM `mint_dttime` [ RunTime:0.0341s ]
SQL: SELECT a.*,b.clinic_name FROM mint_dttime a left join mint_clinic as b on a.clinic_id=b.id  WHERE a.visit_date LIKE '%2016-08%' AND a.doctor_id = '181'  [ RunTime:0.0344s ]
INFO: [ app_end ] --START--
INFO: Run Behavior\ShowPageTraceBehavior [ RunTime:0.001298s ]
INFO: [ app_end ] --END-- [ RunTime:0.001505s ]

[ 2016-09-29T17:10:25+08:00 ] ::1 /mintAdmin/index.php/Home/Doctor/visitDateQuery?visit_date=2016-09
INFO: [ app_init ] --START--
INFO: Run Behavior\BuildLiteBehavior [ RunTime:0.000055s ]
INFO: [ app_init ] --END-- [ RunTime:0.001687s ]
INFO: [ app_begin ] --START--
INFO: Run Behavior\ReadHtmlCacheBehavior [ RunTime:0.001322s ]
INFO: [ app_begin ] --END-- [ RunTime:0.001545s ]
SQL: SHOW COLUMNS FROM `mint_dttime` [ RunTime:0.0336s ]
SQL: SELECT a.*,b.clinic_name FROM mint_dttime a left join mint_clinic as b on a.clinic_id=b.id  WHERE a.visit_date LIKE '%2016-09%' AND a.doctor_id = '181'  [ RunTime:0.0331s ]
INFO: [ app_end ] --START--
INFO: Run Behavior\ShowPageTraceBehavior [ RunTime:0.000782s ]
INFO: [ app_end ] --END-- [ RunTime:0.000869s ]

[ 2016-09-29T17:10:25+08:00 ] ::1 /mintAdmin/index.php/Home/Doctor/visitDateQuery?visit_date=2016-10
INFO: [ app_init ] --START--
INFO: Run Behavior\BuildLiteBehavior [ RunTime:0.000019s ]
INFO: [ app_init ] --END-- [ RunTime:0.000498s ]
INFO: [ app_begin ] --START--
INFO: Run Behavior\ReadHtmlCacheBehavior [ RunTime:0.000509s ]
INFO: [ app_begin ] --END-- [ RunTime:0.000582s ]
SQL: SHOW COLUMNS FROM `mint_dttime` [ RunTime:0.0336s ]
SQL: SELECT a.*,b.clinic_name FROM mint_dttime a left join mint_clinic as b on a.clinic_id=b.id  WHERE a.visit_date LIKE '%2016-10%' AND a.doctor_id = '181'  [ RunTime:0.0332s ]
INFO: [ app_end ] --START--
INFO: Run Behavior\ShowPageTraceBehavior [ RunTime:0.000607s ]
INFO: [ app_end ] --END-- [ RunTime:0.000674s ]

[ 2016-09-29T17:10:28+08:00 ] ::1 /mintAdmin/index.php/Home/Doctor/visitDateQuery?visit_date=2016-09
INFO: [ app_init ] --START--
INFO: Run Behavior\BuildLiteBehavior [ RunTime:0.000025s ]
INFO: [ app_init ] --END-- [ RunTime:0.000638s ]
INFO: [ app_begin ] --START--
INFO: Run Behavior\ReadHtmlCacheBehavior [ RunTime:0.001337s ]
INFO: [ app_begin ] --END-- [ RunTime:0.001456s ]
SQL: SHOW COLUMNS FROM `mint_dttime` [ RunTime:0.0344s ]
SQL: SELECT a.*,b.clinic_name FROM mint_dttime a left join mint_clinic as b on a.clinic_id=b.id  WHERE a.visit_date LIKE '%2016-09%' AND a.doctor_id = '181'  [ RunTime:0.0341s ]
INFO: [ app_end ] --START--
INFO: Run Behavior\ShowPageTraceBehavior [ RunTime:0.000616s ]
INFO: [ app_end ] --END-- [ RunTime:0.000689s ]

[ 2016-09-29T17:10:29+08:00 ] ::1 /mintAdmin/index.php/Home/Doctor/visitDateQuery?visit_date=2016-11
INFO: [ app_init ] --START--
INFO: Run Behavior\BuildLiteBehavior [ RunTime:0.000032s ]
INFO: [ app_init ] --END-- [ RunTime:0.001054s ]
INFO: [ app_begin ] --START--
INFO: Run Behavior\ReadHtmlCacheBehavior [ RunTime:0.000833s ]
INFO: [ app_begin ] --END-- [ RunTime:0.000951s ]
SQL: SHOW COLUMNS FROM `mint_dttime` [ RunTime:0.0343s ]
SQL: SELECT a.*,b.clinic_name FROM mint_dttime a left join mint_clinic as b on a.clinic_id=b.id  WHERE a.visit_date LIKE '%2016-11%' AND a.doctor_id = '181'  [ RunTime:0.0338s ]
INFO: [ app_end ] --START--
INFO: Run Behavior\ShowPageTraceBehavior [ RunTime:0.000989s ]
INFO: [ app_end ] --END-- [ RunTime:0.001098s ]

[ 2016-09-29T17:10:33+08:00 ] ::1 /mintAdmin/index.php/Home/Doctor/visitDateQuery?visit_date=2016-10
INFO: [ app_init ] --START--
INFO: Run Behavior\BuildLiteBehavior [ RunTime:0.000032s ]
INFO: [ app_init ] --END-- [ RunTime:0.000956s ]
INFO: [ app_begin ] --START--
INFO: Run Behavior\ReadHtmlCacheBehavior [ RunTime:0.000984s ]
INFO: [ app_begin ] --END-- [ RunTime:0.001141s ]
SQL: SHOW COLUMNS FROM `mint_dttime` [ RunTime:0.0342s ]
SQL: SELECT a.*,b.clinic_name FROM mint_dttime a left join mint_clinic as b on a.clinic_id=b.id  WHERE a.visit_date LIKE '%2016-10%' AND a.doctor_id = '181'  [ RunTime:0.0340s ]
INFO: [ app_end ] --START--
INFO: Run Behavior\ShowPageTraceBehavior [ RunTime:0.000601s ]
INFO: [ app_end ] --END-- [ RunTime:0.000666s ]

[ 2016-09-29T17:10:34+08:00 ] ::1 /mintAdmin/index.php/Home/Doctor/visitDateQuery?visit_date=2016-09
INFO: [ app_init ] --START--
INFO: Run Behavior\BuildLiteBehavior [ RunTime:0.000038s ]
INFO: [ app_init ] --END-- [ RunTime:0.000749s ]
INFO: [ app_begin ] --START--
INFO: Run Behavior\ReadHtmlCacheBehavior [ RunTime:0.000925s ]
INFO: [ app_begin ] --END-- [ RunTime:0.001035s ]
SQL: SHOW COLUMNS FROM `mint_dttime` [ RunTime:0.0330s ]
SQL: SELECT a.*,b.clinic_name FROM mint_dttime a left join mint_clinic as b on a.clinic_id=b.id  WHERE a.visit_date LIKE '%2016-09%' AND a.doctor_id = '181'  [ RunTime:0.0329s ]
INFO: [ app_end ] --START--
INFO: Run Behavior\ShowPageTraceBehavior [ RunTime:0.000755s ]
INFO: [ app_end ] --END-- [ RunTime:0.000849s ]

[ 2016-09-29T17:12:36+08:00 ] ::1 /mintAdmin/index.php/Home/Doctor/visitDateQuery?visit_date=2016-11
INFO: [ app_init ] --START--
INFO: Run Behavior\BuildLiteBehavior [ RunTime:0.000019s ]
INFO: [ app_init ] --END-- [ RunTime:0.000715s ]
INFO: [ app_begin ] --START--
INFO: Run Behavior\ReadHtmlCacheBehavior [ RunTime:0.000873s ]
INFO: [ app_begin ] --END-- [ RunTime:0.000971s ]
SQL: SHOW COLUMNS FROM `mint_dttime` [ RunTime:0.0334s ]
SQL: SELECT a.*,b.clinic_name FROM mint_dttime a left join mint_clinic as b on a.clinic_id=b.id  WHERE a.visit_date LIKE '%2016-11%' AND a.doctor_id = '181'  [ RunTime:0.0331s ]
INFO: [ app_end ] --START--
INFO: Run Behavior\ShowPageTraceBehavior [ RunTime:0.001017s ]
INFO: [ app_end ] --END-- [ RunTime:0.001120s ]

[ 2016-09-29T17:12:38+08:00 ] ::1 /mintAdmin/index.php/Home/Doctor/visitDateQuery?visit_date=2016-09
INFO: [ app_init ] --START--
INFO: Run Behavior\BuildLiteBehavior [ RunTime:0.000020s ]
INFO: [ app_init ] --END-- [ RunTime:0.000478s ]
INFO: [ app_begin ] --START--
INFO: Run Behavior\ReadHtmlCacheBehavior [ RunTime:0.000671s ]
INFO: [ app_begin ] --END-- [ RunTime:0.000749s ]
SQL: SHOW COLUMNS FROM `mint_dttime` [ RunTime:0.0334s ]
SQL: SELECT a.*,b.clinic_name FROM mint_dttime a left join mint_clinic as b on a.clinic_id=b.id  WHERE a.visit_date LIKE '%2016-09%' AND a.doctor_id = '181'  [ RunTime:0.0335s ]
INFO: [ app_end ] --START--
INFO: Run Behavior\ShowPageTraceBehavior [ RunTime:0.001255s ]
INFO: [ app_end ] --END-- [ RunTime:0.001420s ]

[ 2016-09-29T17:12:38+08:00 ] ::1 /mintAdmin/index.php/Home/Doctor/visitDateQuery?visit_date=2016-10
INFO: [ app_init ] --START--
INFO: Run Behavior\BuildLiteBehavior [ RunTime:0.000027s ]
INFO: [ app_init ] --END-- [ RunTime:0.000613s ]
INFO: [ app_begin ] --START--
INFO: Run Behavior\ReadHtmlCacheBehavior [ RunTime:0.000839s ]
INFO: [ app_begin ] --END-- [ RunTime:0.000940s ]
SQL: SHOW COLUMNS FROM `mint_dttime` [ RunTime:0.0330s ]
SQL: SELECT a.*,b.clinic_name FROM mint_dttime a left join mint_clinic as b on a.clinic_id=b.id  WHERE a.visit_date LIKE '%2016-10%' AND a.doctor_id = '181'  [ RunTime:0.0322s ]
INFO: [ app_end ] --START--
INFO: Run Behavior\ShowPageTraceBehavior [ RunTime:0.001055s ]
INFO: [ app_end ] --END-- [ RunTime:0.001183s ]

[ 2016-09-29T17:13:14+08:00 ] ::1 /mintAdmin/index.php/Home/Doctor/visitDateQuery?visit_date=2016-09
INFO: [ app_init ] --START--
INFO: Run Behavior\BuildLiteBehavior [ RunTime:0.000035s ]
INFO: [ app_init ] --END-- [ RunTime:0.000860s ]
INFO: [ app_begin ] --START--
INFO: Run Behavior\ReadHtmlCacheBehavior [ RunTime:0.001188s ]
INFO: [ app_begin ] --END-- [ RunTime:0.001314s ]
SQL: SHOW COLUMNS FROM `mint_dttime` [ RunTime:0.0329s ]
SQL: SELECT a.*,b.clinic_name FROM mint_dttime a left join mint_clinic as b on a.clinic_id=b.id  WHERE a.visit_date LIKE '%2016-09%' AND a.doctor_id = '181'  [ RunTime:0.0332s ]
INFO: [ app_end ] --START--
INFO: Run Behavior\ShowPageTraceBehavior [ RunTime:0.002349s ]
INFO: [ app_end ] --END-- [ RunTime:0.002493s ]

[ 2016-09-29T17:13:15+08:00 ] ::1 /mintAdmin/index.php/Home/Doctor/clinicLst
INFO: [ app_init ] --START--
INFO: Run Behavior\BuildLiteBehavior [ RunTime:0.000026s ]
INFO: [ app_init ] --END-- [ RunTime:0.000982s ]
INFO: [ app_begin ] --START--
INFO: Run Behavior\ReadHtmlCacheBehavior [ RunTime:0.001312s ]
INFO: [ app_begin ] --END-- [ RunTime:0.001436s ]
SQL: SHOW COLUMNS FROM `mint_clinic` [ RunTime:0.0346s ]
SQL: SELECT `id`,`clinic_name`,`clinic_brand`,`clinic_address`,`chair_nums`,`staff_nums`,`set_date`,`clinic_pic`,`around_pic`,`clinic_head_name`,`clinic_head_phone`,`mint_head_phone`,`mint_head_name`,`sort`,`is_show`,`doctor_nums`,`create_time` FROM `mint_clinic`  [ RunTime:0.0340s ]
INFO: [ app_end ] --START--
INFO: Run Behavior\ShowPageTraceBehavior [ RunTime:0.000999s ]
INFO: [ app_end ] --END-- [ RunTime:0.001123s ]

[ 2016-09-29T17:13:16+08:00 ] ::1 /mintAdmin/index.php/Home/Doctor/visitDateQuery?visit_date=2016-11
INFO: [ app_init ] --START--
INFO: Run Behavior\BuildLiteBehavior [ RunTime:0.000026s ]
INFO: [ app_init ] --END-- [ RunTime:0.000475s ]
INFO: [ app_begin ] --START--
INFO: Run Behavior\ReadHtmlCacheBehavior [ RunTime:0.000750s ]
INFO: [ app_begin ] --END-- [ RunTime:0.000833s ]
SQL: SHOW COLUMNS FROM `mint_dttime` [ RunTime:0.0332s ]
SQL: SELECT a.*,b.clinic_name FROM mint_dttime a left join mint_clinic as b on a.clinic_id=b.id  WHERE a.visit_date LIKE '%2016-11%' AND a.doctor_id = '181'  [ RunTime:0.0323s ]
INFO: [ app_end ] --START--
INFO: Run Behavior\ShowPageTraceBehavior [ RunTime:0.001542s ]
INFO: [ app_end ] --END-- [ RunTime:0.001655s ]

[ 2016-09-29T17:13:18+08:00 ] ::1 /mintAdmin/index.php/Home/Doctor/visitDateQuery?visit_date=2016-09
INFO: [ app_init ] --START--
INFO: Run Behavior\BuildLiteBehavior [ RunTime:0.000016s ]
INFO: [ app_init ] --END-- [ RunTime:0.000372s ]
INFO: [ app_begin ] --START--
INFO: Run Behavior\ReadHtmlCacheBehavior [ RunTime:0.000506s ]
INFO: [ app_begin ] --END-- [ RunTime:0.000566s ]
SQL: SHOW COLUMNS FROM `mint_dttime` [ RunTime:0.0324s ]
SQL: SELECT a.*,b.clinic_name FROM mint_dttime a left join mint_clinic as b on a.clinic_id=b.id  WHERE a.visit_date LIKE '%2016-09%' AND a.doctor_id = '181'  [ RunTime:0.0328s ]
INFO: [ app_end ] --START--
INFO: Run Behavior\ShowPageTraceBehavior [ RunTime:0.000854s ]
INFO: [ app_end ] --END-- [ RunTime:0.000974s ]

[ 2016-09-29T17:13:19+08:00 ] ::1 /mintAdmin/index.php/Home/Doctor/visitDateQuery?visit_date=2016-10
INFO: [ app_init ] --START--
INFO: Run Behavior\BuildLiteBehavior [ RunTime:0.000018s ]
INFO: [ app_init ] --END-- [ RunTime:0.000442s ]
INFO: [ app_begin ] --START--
INFO: Run Behavior\ReadHtmlCacheBehavior [ RunTime:0.000509s ]
INFO: [ app_begin ] --END-- [ RunTime:0.000567s ]
SQL: SHOW COLUMNS FROM `mint_dttime` [ RunTime:0.0327s ]
SQL: SELECT a.*,b.clinic_name FROM mint_dttime a left join mint_clinic as b on a.clinic_id=b.id  WHERE a.visit_date LIKE '%2016-10%' AND a.doctor_id = '181'  [ RunTime:0.0325s ]
INFO: [ app_end ] --START--
INFO: Run Behavior\ShowPageTraceBehavior [ RunTime:0.000925s ]
INFO: [ app_end ] --END-- [ RunTime:0.001035s ]

[ 2016-09-29T17:13:25+08:00 ] ::1 /mintAdmin/index.php/Home/Doctor/visitDateQuery?visit_date=2016-09
INFO: [ app_init ] --START--
INFO: Run Behavior\BuildLiteBehavior [ RunTime:0.000017s ]
INFO: [ app_init ] --END-- [ RunTime:0.000575s ]
INFO: [ app_begin ] --START--
INFO: Run Behavior\ReadHtmlCacheBehavior [ RunTime:0.000676s ]
INFO: [ app_begin ] --END-- [ RunTime:0.000767s ]
SQL: SHOW COLUMNS FROM `mint_dttime` [ RunTime:0.0325s ]
SQL: SELECT a.*,b.clinic_name FROM mint_dttime a left join mint_clinic as b on a.clinic_id=b.id  WHERE a.visit_date LIKE '%2016-09%' AND a.doctor_id = '181'  [ RunTime:0.0323s ]
INFO: [ app_end ] --START--
INFO: Run Behavior\ShowPageTraceBehavior [ RunTime:0.000881s ]
INFO: [ app_end ] --END-- [ RunTime:0.000974s ]

[ 2016-09-29T17:13:27+08:00 ] ::1 /mintAdmin/index.php/Home/Doctor/visitDateQuery?visit_date=2016-11
INFO: [ app_init ] --START--
INFO: Run Behavior\BuildLiteBehavior [ RunTime:0.000018s ]
INFO: [ app_init ] --END-- [ RunTime:0.000403s ]
INFO: [ app_begin ] --START--
INFO: Run Behavior\ReadHtmlCacheBehavior [ RunTime:0.001313s ]
INFO: [ app_begin ] --END-- [ RunTime:0.001515s ]
SQL: SHOW COLUMNS FROM `mint_dttime` [ RunTime:0.0325s ]
SQL: SELECT a.*,b.clinic_name FROM mint_dttime a left join mint_clinic as b on a.clinic_id=b.id  WHERE a.visit_date LIKE '%2016-11%' AND a.doctor_id = '181'  [ RunTime:0.0322s ]
INFO: [ app_end ] --START--
INFO: Run Behavior\ShowPageTraceBehavior [ RunTime:0.000651s ]
INFO: [ app_end ] --END-- [ RunTime:0.000744s ]

[ 2016-09-29T17:13:30+08:00 ] ::1 /mintAdmin/index.php/Home/Doctor/visitDateQuery?visit_date=2016-06
INFO: [ app_init ] --START--
INFO: Run Behavior\BuildLiteBehavior [ RunTime:0.000020s ]
INFO: [ app_init ] --END-- [ RunTime:0.000497s ]
INFO: [ app_begin ] --START--
INFO: Run Behavior\ReadHtmlCacheBehavior [ RunTime:0.000725s ]
INFO: [ app_begin ] --END-- [ RunTime:0.000827s ]
SQL: SHOW COLUMNS FROM `mint_dttime` [ RunTime:0.0325s ]
SQL: SELECT a.*,b.clinic_name FROM mint_dttime a left join mint_clinic as b on a.clinic_id=b.id  WHERE a.visit_date LIKE '%2016-06%' AND a.doctor_id = '181'  [ RunTime:0.0322s ]
INFO: [ app_end ] --START--
INFO: Run Behavior\ShowPageTraceBehavior [ RunTime:0.000610s ]
INFO: [ app_end ] --END-- [ RunTime:0.000674s ]

[ 2016-09-29T17:13:31+08:00 ] ::1 /mintAdmin/index.php/Home/Doctor/visitDateQuery?visit_date=2016-08
INFO: [ app_init ] --START--
INFO: Run Behavior\BuildLiteBehavior [ RunTime:0.000017s ]
INFO: [ app_init ] --END-- [ RunTime:0.000389s ]
INFO: [ app_begin ] --START--
INFO: Run Behavior\ReadHtmlCacheBehavior [ RunTime:0.000606s ]
INFO: [ app_begin ] --END-- [ RunTime:0.000678s ]
SQL: SHOW COLUMNS FROM `mint_dttime` [ RunTime:0.0344s ]
SQL: SELECT a.*,b.clinic_name FROM mint_dttime a left join mint_clinic as b on a.clinic_id=b.id  WHERE a.visit_date LIKE '%2016-08%' AND a.doctor_id = '181'  [ RunTime:0.0340s ]
INFO: [ app_end ] --START--
INFO: Run Behavior\ShowPageTraceBehavior [ RunTime:0.000630s ]
INFO: [ app_end ] --END-- [ RunTime:0.000702s ]

[ 2016-09-29T17:13:32+08:00 ] ::1 /mintAdmin/index.php/Home/Doctor/visitDateQuery?visit_date=2016-10
INFO: [ app_init ] --START--
INFO: Run Behavior\BuildLiteBehavior [ RunTime:0.000017s ]
INFO: [ app_init ] --END-- [ RunTime:0.000386s ]
INFO: [ app_begin ] --START--
INFO: Run Behavior\ReadHtmlCacheBehavior [ RunTime:0.000531s ]
INFO: [ app_begin ] --END-- [ RunTime:0.000595s ]
SQL: SHOW COLUMNS FROM `mint_dttime` [ RunTime:0.0334s ]
SQL: SELECT a.*,b.clinic_name FROM mint_dttime a left join mint_clinic as b on a.clinic_id=b.id  WHERE a.visit_date LIKE '%2016-10%' AND a.doctor_id = '181'  [ RunTime:0.0330s ]
INFO: [ app_end ] --START--
INFO: Run Behavior\ShowPageTraceBehavior [ RunTime:0.000936s ]
INFO: [ app_end ] --END-- [ RunTime:0.001047s ]

[ 2016-09-29T17:13:38+08:00 ] ::1 /mintAdmin/index.php/Home/Doctor/visitDateQuery?visit_date=2016-09
INFO: [ app_init ] --START--
INFO: Run Behavior\BuildLiteBehavior [ RunTime:0.000075s ]
INFO: [ app_init ] --END-- [ RunTime:0.000549s ]
INFO: [ app_begin ] --START--
INFO: Run Behavior\ReadHtmlCacheBehavior [ RunTime:0.001422s ]
INFO: [ app_begin ] --END-- [ RunTime:0.001561s ]
SQL: SHOW COLUMNS FROM `mint_dttime` [ RunTime:0.0344s ]
SQL: SELECT a.*,b.clinic_name FROM mint_dttime a left join mint_clinic as b on a.clinic_id=b.id  WHERE a.visit_date LIKE '%2016-09%' AND a.doctor_id = '181'  [ RunTime:0.0341s ]
INFO: [ app_end ] --START--
INFO: Run Behavior\ShowPageTraceBehavior [ RunTime:0.000907s ]
INFO: [ app_end ] --END-- [ RunTime:0.001099s ]

[ 2016-09-29T17:13:39+08:00 ] ::1 /mintAdmin/index.php/Home/Doctor/visitDateQuery?visit_date=2016-11
INFO: [ app_init ] --START--
INFO: Run Behavior\BuildLiteBehavior [ RunTime:0.000204s ]
INFO: [ app_init ] --END-- [ RunTime:0.001106s ]
INFO: [ app_begin ] --START--
INFO: Run Behavior\ReadHtmlCacheBehavior [ RunTime:0.000961s ]
INFO: [ app_begin ] --END-- [ RunTime:0.001145s ]
SQL: SHOW COLUMNS FROM `mint_dttime` [ RunTime:0.0327s ]
SQL: SELECT a.*,b.clinic_name FROM mint_dttime a left join mint_clinic as b on a.clinic_id=b.id  WHERE a.visit_date LIKE '%2016-11%' AND a.doctor_id = '181'  [ RunTime:0.0326s ]
INFO: [ app_end ] --START--
INFO: Run Behavior\ShowPageTraceBehavior [ RunTime:0.000626s ]
INFO: [ app_end ] --END-- [ RunTime:0.000721s ]

[ 2016-09-29T17:13:41+08:00 ] ::1 /mintAdmin/index.php/Home/Doctor/visitDateQuery?visit_date=2016-10
INFO: [ app_init ] --START--
INFO: Run Behavior\BuildLiteBehavior [ RunTime:0.000018s ]
INFO: [ app_init ] --END-- [ RunTime:0.000389s ]
INFO: [ app_begin ] --START--
INFO: Run Behavior\ReadHtmlCacheBehavior [ RunTime:0.000512s ]
INFO: [ app_begin ] --END-- [ RunTime:0.000570s ]
SQL: SHOW COLUMNS FROM `mint_dttime` [ RunTime:0.0329s ]
SQL: SELECT a.*,b.clinic_name FROM mint_dttime a left join mint_clinic as b on a.clinic_id=b.id  WHERE a.visit_date LIKE '%2016-10%' AND a.doctor_id = '181'  [ RunTime:0.0325s ]
INFO: [ app_end ] --START--
INFO: Run Behavior\ShowPageTraceBehavior [ RunTime:0.000641s ]
INFO: [ app_end ] --END-- [ RunTime:0.000714s ]

[ 2016-09-29T17:13:42+08:00 ] ::1 /mintAdmin/index.php/Home/Doctor/visitDateQuery?visit_date=2016-09
INFO: [ app_init ] --START--
INFO: Run Behavior\BuildLiteBehavior [ RunTime:0.000021s ]
INFO: [ app_init ] --END-- [ RunTime:0.000498s ]
INFO: [ app_begin ] --START--
INFO: Run Behavior\ReadHtmlCacheBehavior [ RunTime:0.000674s ]
INFO: [ app_begin ] --END-- [ RunTime:0.000761s ]
SQL: SHOW COLUMNS FROM `mint_dttime` [ RunTime:0.0342s ]
SQL: SELECT a.*,b.clinic_name FROM mint_dttime a left join mint_clinic as b on a.clinic_id=b.id  WHERE a.visit_date LIKE '%2016-09%' AND a.doctor_id = '181'  [ RunTime:0.0342s ]
INFO: [ app_end ] --START--
INFO: Run Behavior\ShowPageTraceBehavior [ RunTime:0.001606s ]
INFO: [ app_end ] --END-- [ RunTime:0.001711s ]

[ 2016-09-29T17:24:28+08:00 ] ::1 /mintAdmin/index.php/Home/Doctor/clinicLst
INFO: [ app_init ] --START--
INFO: Run Behavior\BuildLiteBehavior [ RunTime:0.000024s ]
INFO: [ app_init ] --END-- [ RunTime:0.000986s ]
INFO: [ app_begin ] --START--
INFO: Run Behavior\ReadHtmlCacheBehavior [ RunTime:0.012490s ]
INFO: [ app_begin ] --END-- [ RunTime:0.012639s ]
SQL: SHOW COLUMNS FROM `mint_clinic` [ RunTime:0.0328s ]
SQL: SELECT `id`,`clinic_name`,`clinic_brand`,`clinic_address`,`chair_nums`,`staff_nums`,`set_date`,`clinic_pic`,`around_pic`,`clinic_head_name`,`clinic_head_phone`,`mint_head_phone`,`mint_head_name`,`sort`,`is_show`,`doctor_nums`,`create_time` FROM `mint_clinic`  [ RunTime:0.0323s ]
INFO: [ app_end ] --START--
INFO: Run Behavior\ShowPageTraceBehavior [ RunTime:0.052616s ]
INFO: [ app_end ] --END-- [ RunTime:0.052785s ]

[ 2016-09-29T17:24:29+08:00 ] ::1 /mintAdmin/index.php/Home/Doctor/visitDateQuery?visit_date=2016-09
INFO: [ app_init ] --START--
INFO: Run Behavior\BuildLiteBehavior [ RunTime:0.000031s ]
INFO: [ app_init ] --END-- [ RunTime:0.000834s ]
INFO: [ app_begin ] --START--
INFO: Run Behavior\ReadHtmlCacheBehavior [ RunTime:0.000977s ]
INFO: [ app_begin ] --END-- [ RunTime:0.001108s ]
SQL: SHOW COLUMNS FROM `mint_dttime` [ RunTime:0.0325s ]
SQL: SELECT a.*,b.clinic_name FROM mint_dttime a left join mint_clinic as b on a.clinic_id=b.id  WHERE a.visit_date LIKE '%2016-09%' AND a.doctor_id = '181'  [ RunTime:0.0323s ]
INFO: [ app_end ] --START--
INFO: Run Behavior\ShowPageTraceBehavior [ RunTime:0.000735s ]
INFO: [ app_end ] --END-- [ RunTime:0.000840s ]

[ 2016-09-29T17:28:53+08:00 ] ::1 /mintAdmin/index.php/Home/Doctor/visitDateQuery?visit_date=2016-11
INFO: [ app_init ] --START--
INFO: Run Behavior\BuildLiteBehavior [ RunTime:0.000019s ]
INFO: [ app_init ] --END-- [ RunTime:0.000750s ]
INFO: [ app_begin ] --START--
INFO: Run Behavior\ReadHtmlCacheBehavior [ RunTime:0.000934s ]
INFO: [ app_begin ] --END-- [ RunTime:0.001038s ]
SQL: SHOW COLUMNS FROM `mint_dttime` [ RunTime:0.0341s ]
SQL: SELECT a.*,b.clinic_name FROM mint_dttime a left join mint_clinic as b on a.clinic_id=b.id  WHERE a.visit_date LIKE '%2016-11%' AND a.doctor_id = '181'  [ RunTime:0.0335s ]
INFO: [ app_end ] --START--
INFO: Run Behavior\ShowPageTraceBehavior [ RunTime:0.028962s ]
INFO: [ app_end ] --END-- [ RunTime:0.029093s ]

[ 2016-09-29T17:28:54+08:00 ] ::1 /mintAdmin/index.php/Home/Doctor/visitDateQuery?visit_date=2016-09
INFO: [ app_init ] --START--
INFO: Run Behavior\BuildLiteBehavior [ RunTime:0.000024s ]
INFO: [ app_init ] --END-- [ RunTime:0.000536s ]
INFO: [ app_begin ] --START--
INFO: Run Behavior\ReadHtmlCacheBehavior [ RunTime:0.000648s ]
INFO: [ app_begin ] --END-- [ RunTime:0.000718s ]
SQL: SHOW COLUMNS FROM `mint_dttime` [ RunTime:0.0340s ]
SQL: SELECT a.*,b.clinic_name FROM mint_dttime a left join mint_clinic as b on a.clinic_id=b.id  WHERE a.visit_date LIKE '%2016-09%' AND a.doctor_id = '181'  [ RunTime:0.0341s ]
INFO: [ app_end ] --START--
INFO: Run Behavior\ShowPageTraceBehavior [ RunTime:0.000750s ]
INFO: [ app_end ] --END-- [ RunTime:0.000871s ]

[ 2016-09-29T17:28:55+08:00 ] ::1 /mintAdmin/index.php/Home/Doctor/visitDateQuery?visit_date=2016-11
INFO: [ app_init ] --START--
INFO: Run Behavior\BuildLiteBehavior [ RunTime:0.000017s ]
INFO: [ app_init ] --END-- [ RunTime:0.000389s ]
INFO: [ app_begin ] --START--
INFO: Run Behavior\ReadHtmlCacheBehavior [ RunTime:0.000515s ]
INFO: [ app_begin ] --END-- [ RunTime:0.000576s ]
SQL: SHOW COLUMNS FROM `mint_dttime` [ RunTime:0.0327s ]
SQL: SELECT a.*,b.clinic_name FROM mint_dttime a left join mint_clinic as b on a.clinic_id=b.id  WHERE a.visit_date LIKE '%2016-11%' AND a.doctor_id = '181'  [ RunTime:0.0322s ]
INFO: [ app_end ] --START--
INFO: Run Behavior\ShowPageTraceBehavior [ RunTime:0.000999s ]
INFO: [ app_end ] --END-- [ RunTime:0.001097s ]

[ 2016-09-29T17:28:57+08:00 ] ::1 /mintAdmin/index.php/Home/Doctor/visitDateQuery?visit_date=2016-09
INFO: [ app_init ] --START--
INFO: Run Behavior\BuildLiteBehavior [ RunTime:0.000017s ]
INFO: [ app_init ] --END-- [ RunTime:0.000451s ]
INFO: [ app_begin ] --START--
INFO: Run Behavior\ReadHtmlCacheBehavior [ RunTime:0.000679s ]
INFO: [ app_begin ] --END-- [ RunTime:0.000765s ]
SQL: SHOW COLUMNS FROM `mint_dttime` [ RunTime:0.0319s ]
SQL: SELECT a.*,b.clinic_name FROM mint_dttime a left join mint_clinic as b on a.clinic_id=b.id  WHERE a.visit_date LIKE '%2016-09%' AND a.doctor_id = '181'  [ RunTime:0.0319s ]
INFO: [ app_end ] --START--
INFO: Run Behavior\ShowPageTraceBehavior [ RunTime:0.001005s ]
INFO: [ app_end ] --END-- [ RunTime:0.001130s ]

[ 2016-09-29T17:28:58+08:00 ] ::1 /mintAdmin/index.php/Home/Doctor/visitDateQuery?visit_date=2016-10
INFO: [ app_init ] --START--
INFO: Run Behavior\BuildLiteBehavior [ RunTime:0.000016s ]
INFO: [ app_init ] --END-- [ RunTime:0.000383s ]
INFO: [ app_begin ] --START--
INFO: Run Behavior\ReadHtmlCacheBehavior [ RunTime:0.000512s ]
INFO: [ app_begin ] --END-- [ RunTime:0.000572s ]
SQL: SHOW COLUMNS FROM `mint_dttime` [ RunTime:0.0340s ]
SQL: SELECT a.*,b.clinic_name FROM mint_dttime a left join mint_clinic as b on a.clinic_id=b.id  WHERE a.visit_date LIKE '%2016-10%' AND a.doctor_id = '181'  [ RunTime:0.0336s ]
INFO: [ app_end ] --START--
INFO: Run Behavior\ShowPageTraceBehavior [ RunTime:0.000627s ]
INFO: [ app_end ] --END-- [ RunTime:0.000719s ]

[ 2016-09-29T17:31:41+08:00 ] ::1 /mintAdmin/index.php/Home/Doctor/visitDateQuery?visit_date=2016-09
INFO: [ app_init ] --START--
INFO: Run Behavior\BuildLiteBehavior [ RunTime:0.000021s ]
INFO: [ app_init ] --END-- [ RunTime:0.000769s ]
INFO: [ app_begin ] --START--
INFO: Run Behavior\ReadHtmlCacheBehavior [ RunTime:0.001177s ]
INFO: [ app_begin ] --END-- [ RunTime:0.001314s ]
SQL: SHOW COLUMNS FROM `mint_dttime` [ RunTime:0.0336s ]
SQL: SELECT a.*,b.clinic_name FROM mint_dttime a left join mint_clinic as b on a.clinic_id=b.id  WHERE a.visit_date LIKE '%2016-09%' AND a.doctor_id = '181'  [ RunTime:0.0334s ]
INFO: [ app_end ] --START--
INFO: Run Behavior\ShowPageTraceBehavior [ RunTime:0.001032s ]
INFO: [ app_end ] --END-- [ RunTime:0.001138s ]

[ 2016-09-29T17:31:42+08:00 ] ::1 /mintAdmin/index.php/Home/Doctor/visitDateQuery?visit_date=2016-11
INFO: [ app_init ] --START--
INFO: Run Behavior\BuildLiteBehavior [ RunTime:0.000017s ]
INFO: [ app_init ] --END-- [ RunTime:0.000378s ]
INFO: [ app_begin ] --START--
INFO: Run Behavior\ReadHtmlCacheBehavior [ RunTime:0.000515s ]
INFO: [ app_begin ] --END-- [ RunTime:0.000576s ]
SQL: SHOW COLUMNS FROM `mint_dttime` [ RunTime:0.0326s ]
SQL: SELECT a.*,b.clinic_name FROM mint_dttime a left join mint_clinic as b on a.clinic_id=b.id  WHERE a.visit_date LIKE '%2016-11%' AND a.doctor_id = '181'  [ RunTime:0.0322s ]
INFO: [ app_end ] --START--
INFO: Run Behavior\ShowPageTraceBehavior [ RunTime:0.001248s ]
INFO: [ app_end ] --END-- [ RunTime:0.001437s ]

[ 2016-09-29T17:31:43+08:00 ] ::1 /mintAdmin/index.php/Home/Doctor/visitDateQuery?visit_date=2016-10
INFO: [ app_init ] --START--
INFO: Run Behavior\BuildLiteBehavior [ RunTime:0.000018s ]
INFO: [ app_init ] --END-- [ RunTime:0.000402s ]
INFO: [ app_begin ] --START--
INFO: Run Behavior\ReadHtmlCacheBehavior [ RunTime:0.000516s ]
INFO: [ app_begin ] --END-- [ RunTime:0.000577s ]
SQL: SHOW COLUMNS FROM `mint_dttime` [ RunTime:0.0328s ]
SQL: SELECT a.*,b.clinic_name FROM mint_dttime a left join mint_clinic as b on a.clinic_id=b.id  WHERE a.visit_date LIKE '%2016-10%' AND a.doctor_id = '181'  [ RunTime:0.0327s ]
INFO: [ app_end ] --START--
INFO: Run Behavior\ShowPageTraceBehavior [ RunTime:0.000826s ]
INFO: [ app_end ] --END-- [ RunTime:0.000928s ]

[ 2016-09-29T17:31:44+08:00 ] ::1 /mintAdmin/index.php/Home/Doctor/visitDateQuery?visit_date=2016-09
INFO: [ app_init ] --START--
INFO: Run Behavior\BuildLiteBehavior [ RunTime:0.000017s ]
INFO: [ app_init ] --END-- [ RunTime:0.000385s ]
INFO: [ app_begin ] --START--
INFO: Run Behavior\ReadHtmlCacheBehavior [ RunTime:0.000520s ]
INFO: [ app_begin ] --END-- [ RunTime:0.000580s ]
SQL: SHOW COLUMNS FROM `mint_dttime` [ RunTime:0.0336s ]
SQL: SELECT a.*,b.clinic_name FROM mint_dttime a left join mint_clinic as b on a.clinic_id=b.id  WHERE a.visit_date LIKE '%2016-09%' AND a.doctor_id = '181'  [ RunTime:0.0339s ]
INFO: [ app_end ] --START--
INFO: Run Behavior\ShowPageTraceBehavior [ RunTime:0.085651s ]
INFO: [ app_end ] --END-- [ RunTime:0.085736s ]

[ 2016-09-29T17:31:47+08:00 ] ::1 /mintAdmin/index.php/Home/Doctor/visitDateQuery?visit_date=2016-10
INFO: [ app_init ] --START--
INFO: Run Behavior\BuildLiteBehavior [ RunTime:0.000020s ]
INFO: [ app_init ] --END-- [ RunTime:0.000438s ]
INFO: [ app_begin ] --START--
INFO: Run Behavior\ReadHtmlCacheBehavior [ RunTime:0.000821s ]
INFO: [ app_begin ] --END-- [ RunTime:0.000928s ]
SQL: SHOW COLUMNS FROM `mint_dttime` [ RunTime:0.0321s ]
SQL: SELECT a.*,b.clinic_name FROM mint_dttime a left join mint_clinic as b on a.clinic_id=b.id  WHERE a.visit_date LIKE '%2016-10%' AND a.doctor_id = '181'  [ RunTime:0.0321s ]
INFO: [ app_end ] --START--
INFO: Run Behavior\ShowPageTraceBehavior [ RunTime:0.000629s ]
INFO: [ app_end ] --END-- [ RunTime:0.000714s ]

[ 2016-09-29T17:31:49+08:00 ] ::1 /mintAdmin/index.php/Home/Doctor/visitDateQuery?visit_date=2016-09
INFO: [ app_init ] --START--
INFO: Run Behavior\BuildLiteBehavior [ RunTime:0.000026s ]
INFO: [ app_init ] --END-- [ RunTime:0.000513s ]
INFO: [ app_begin ] --START--
INFO: Run Behavior\ReadHtmlCacheBehavior [ RunTime:0.000735s ]
INFO: [ app_begin ] --END-- [ RunTime:0.000822s ]
SQL: SHOW COLUMNS FROM `mint_dttime` [ RunTime:0.0337s ]
SQL: SELECT a.*,b.clinic_name FROM mint_dttime a left join mint_clinic as b on a.clinic_id=b.id  WHERE a.visit_date LIKE '%2016-09%' AND a.doctor_id = '181'  [ RunTime:0.0337s ]
INFO: [ app_end ] --START--
INFO: Run Behavior\ShowPageTraceBehavior [ RunTime:0.000688s ]
INFO: [ app_end ] --END-- [ RunTime:0.000771s ]

[ 2016-09-29T17:31:53+08:00 ] ::1 /mintAdmin/index.php/Home/Doctor/visitDateQuery?visit_date=2016-10
INFO: [ app_init ] --START--
INFO: Run Behavior\BuildLiteBehavior [ RunTime:0.000021s ]
INFO: [ app_init ] --END-- [ RunTime:0.000489s ]
INFO: [ app_begin ] --START--
INFO: Run Behavior\ReadHtmlCacheBehavior [ RunTime:0.000514s ]
INFO: [ app_begin ] --END-- [ RunTime:0.000577s ]
SQL: SHOW COLUMNS FROM `mint_dttime` [ RunTime:0.0335s ]
SQL: SELECT a.*,b.clinic_name FROM mint_dttime a left join mint_clinic as b on a.clinic_id=b.id  WHERE a.visit_date LIKE '%2016-10%' AND a.doctor_id = '181'  [ RunTime:0.0332s ]
INFO: [ app_end ] --START--
INFO: Run Behavior\ShowPageTraceBehavior [ RunTime:0.000608s ]
INFO: [ app_end ] --END-- [ RunTime:0.000672s ]

[ 2016-09-29T17:31:54+08:00 ] ::1 /mintAdmin/index.php/Home/Doctor/visitDateQuery?visit_date=2016-09
INFO: [ app_init ] --START--
INFO: Run Behavior\BuildLiteBehavior [ RunTime:0.000019s ]
INFO: [ app_init ] --END-- [ RunTime:0.000502s ]
INFO: [ app_begin ] --START--
INFO: Run Behavior\ReadHtmlCacheBehavior [ RunTime:0.000520s ]
INFO: [ app_begin ] --END-- [ RunTime:0.000579s ]
SQL: SHOW COLUMNS FROM `mint_dttime` [ RunTime:0.0327s ]
SQL: SELECT a.*,b.clinic_name FROM mint_dttime a left join mint_clinic as b on a.clinic_id=b.id  WHERE a.visit_date LIKE '%2016-09%' AND a.doctor_id = '181'  [ RunTime:0.0325s ]
INFO: [ app_end ] --START--
INFO: Run Behavior\ShowPageTraceBehavior [ RunTime:0.001034s ]
INFO: [ app_end ] --END-- [ RunTime:0.001216s ]

[ 2016-09-29T17:31:56+08:00 ] ::1 /mintAdmin/index.php/Home/Doctor/visitDateQuery?visit_date=2016-10
INFO: [ app_init ] --START--
INFO: Run Behavior\BuildLiteBehavior [ RunTime:0.000017s ]
INFO: [ app_init ] --END-- [ RunTime:0.000399s ]
INFO: [ app_begin ] --START--
INFO: Run Behavior\ReadHtmlCacheBehavior [ RunTime:0.000528s ]
INFO: [ app_begin ] --END-- [ RunTime:0.000592s ]
SQL: SHOW COLUMNS FROM `mint_dttime` [ RunTime:0.0327s ]
SQL: SELECT a.*,b.clinic_name FROM mint_dttime a left join mint_clinic as b on a.clinic_id=b.id  WHERE a.visit_date LIKE '%2016-10%' AND a.doctor_id = '181'  [ RunTime:0.0323s ]
INFO: [ app_end ] --START--
INFO: Run Behavior\ShowPageTraceBehavior [ RunTime:0.000951s ]
INFO: [ app_end ] --END-- [ RunTime:0.001073s ]

[ 2016-09-29T17:31:56+08:00 ] ::1 /mintAdmin/index.php/Home/Doctor/visitDateQuery?visit_date=2016-09
INFO: [ app_init ] --START--
INFO: Run Behavior\BuildLiteBehavior [ RunTime:0.000027s ]
INFO: [ app_init ] --END-- [ RunTime:0.000600s ]
INFO: [ app_begin ] --START--
INFO: Run Behavior\ReadHtmlCacheBehavior [ RunTime:0.000531s ]
INFO: [ app_begin ] --END-- [ RunTime:0.000599s ]
SQL: SHOW COLUMNS FROM `mint_dttime` [ RunTime:0.0333s ]
SQL: SELECT a.*,b.clinic_name FROM mint_dttime a left join mint_clinic as b on a.clinic_id=b.id  WHERE a.visit_date LIKE '%2016-09%' AND a.doctor_id = '181'  [ RunTime:0.0331s ]
INFO: [ app_end ] --START--
INFO: Run Behavior\ShowPageTraceBehavior [ RunTime:0.000663s ]
INFO: [ app_end ] --END-- [ RunTime:0.000766s ]

[ 2016-09-29T17:31:58+08:00 ] ::1 /mintAdmin/index.php/Home/Doctor/visitDateQuery?visit_date=2016-11
INFO: [ app_init ] --START--
INFO: Run Behavior\BuildLiteBehavior [ RunTime:0.000016s ]
INFO: [ app_init ] --END-- [ RunTime:0.000385s ]
INFO: [ app_begin ] --START--
INFO: Run Behavior\ReadHtmlCacheBehavior [ RunTime:0.000512s ]
INFO: [ app_begin ] --END-- [ RunTime:0.000573s ]
SQL: SHOW COLUMNS FROM `mint_dttime` [ RunTime:0.0327s ]
SQL: SELECT a.*,b.clinic_name FROM mint_dttime a left join mint_clinic as b on a.clinic_id=b.id  WHERE a.visit_date LIKE '%2016-11%' AND a.doctor_id = '181'  [ RunTime:0.0325s ]
INFO: [ app_end ] --START--
INFO: Run Behavior\ShowPageTraceBehavior [ RunTime:0.000972s ]
INFO: [ app_end ] --END-- [ RunTime:0.001100s ]

[ 2016-09-29T17:32:00+08:00 ] ::1 /mintAdmin/index.php/Home/Doctor/visitDateQuery?visit_date=2016-10
INFO: [ app_init ] --START--
INFO: Run Behavior\BuildLiteBehavior [ RunTime:0.000025s ]
INFO: [ app_init ] --END-- [ RunTime:0.000503s ]
INFO: [ app_begin ] --START--
INFO: Run Behavior\ReadHtmlCacheBehavior [ RunTime:0.000747s ]
INFO: [ app_begin ] --END-- [ RunTime:0.000846s ]
SQL: SHOW COLUMNS FROM `mint_dttime` [ RunTime:0.0319s ]
SQL: SELECT a.*,b.clinic_name FROM mint_dttime a left join mint_clinic as b on a.clinic_id=b.id  WHERE a.visit_date LIKE '%2016-10%' AND a.doctor_id = '181'  [ RunTime:0.0316s ]
INFO: [ app_end ] --START--
INFO: Run Behavior\ShowPageTraceBehavior [ RunTime:0.001306s ]
INFO: [ app_end ] --END-- [ RunTime:0.001453s ]

[ 2016-09-29T17:32:01+08:00 ] ::1 /mintAdmin/index.php/Home/Doctor/visitDateQuery?visit_date=2016-09
INFO: [ app_init ] --START--
INFO: Run Behavior\BuildLiteBehavior [ RunTime:0.000019s ]
INFO: [ app_init ] --END-- [ RunTime:0.000496s ]
INFO: [ app_begin ] --START--
INFO: Run Behavior\ReadHtmlCacheBehavior [ RunTime:0.000543s ]
INFO: [ app_begin ] --END-- [ RunTime:0.000607s ]
SQL: SHOW COLUMNS FROM `mint_dttime` [ RunTime:0.0324s ]
SQL: SELECT a.*,b.clinic_name FROM mint_dttime a left join mint_clinic as b on a.clinic_id=b.id  WHERE a.visit_date LIKE '%2016-09%' AND a.doctor_id = '181'  [ RunTime:0.0326s ]
INFO: [ app_end ] --START--
INFO: Run Behavior\ShowPageTraceBehavior [ RunTime:0.000730s ]
INFO: [ app_end ] --END-- [ RunTime:0.000827s ]

[ 2016-09-29T17:32:02+08:00 ] ::1 /mintAdmin/index.php/Home/Doctor/visitDateQuery?visit_date=2016-10
INFO: [ app_init ] --START--
INFO: Run Behavior\BuildLiteBehavior [ RunTime:0.000021s ]
INFO: [ app_init ] --END-- [ RunTime:0.000508s ]
INFO: [ app_begin ] --START--
INFO: Run Behavior\ReadHtmlCacheBehavior [ RunTime:0.000675s ]
INFO: [ app_begin ] --END-- [ RunTime:0.000757s ]
SQL: SHOW COLUMNS FROM `mint_dttime` [ RunTime:0.0337s ]
SQL: SELECT a.*,b.clinic_name FROM mint_dttime a left join mint_clinic as b on a.clinic_id=b.id  WHERE a.visit_date LIKE '%2016-10%' AND a.doctor_id = '181'  [ RunTime:0.0338s ]
INFO: [ app_end ] --START--
INFO: Run Behavior\ShowPageTraceBehavior [ RunTime:0.000674s ]
INFO: [ app_end ] --END-- [ RunTime:0.000747s ]

[ 2016-09-29T17:32:07+08:00 ] ::1 /mintAdmin/index.php/Home/Doctor/visitDateQuery?visit_date=2016-08
INFO: [ app_init ] --START--
INFO: Run Behavior\BuildLiteBehavior [ RunTime:0.000026s ]
INFO: [ app_init ] --END-- [ RunTime:0.000850s ]
INFO: [ app_begin ] --START--
INFO: Run Behavior\ReadHtmlCacheBehavior [ RunTime:0.001140s ]
INFO: [ app_begin ] --END-- [ RunTime:0.001435s ]
SQL: SHOW COLUMNS FROM `mint_dttime` [ RunTime:0.0327s ]
SQL: SELECT a.*,b.clinic_name FROM mint_dttime a left join mint_clinic as b on a.clinic_id=b.id  WHERE a.visit_date LIKE '%2016-08%' AND a.doctor_id = '181'  [ RunTime:0.0326s ]
INFO: [ app_end ] --START--
INFO: Run Behavior\ShowPageTraceBehavior [ RunTime:0.000912s ]
INFO: [ app_end ] --END-- [ RunTime:0.000997s ]

[ 2016-09-29T17:32:08+08:00 ] ::1 /mintAdmin/index.php/Home/Doctor/visitDateQuery?visit_date=2016-10
INFO: [ app_init ] --START--
INFO: Run Behavior\BuildLiteBehavior [ RunTime:0.000017s ]
INFO: [ app_init ] --END-- [ RunTime:0.000405s ]
INFO: [ app_begin ] --START--
INFO: Run Behavior\ReadHtmlCacheBehavior [ RunTime:0.000635s ]
INFO: [ app_begin ] --END-- [ RunTime:0.000718s ]
SQL: SHOW COLUMNS FROM `mint_dttime` [ RunTime:0.0334s ]
SQL: SELECT a.*,b.clinic_name FROM mint_dttime a left join mint_clinic as b on a.clinic_id=b.id  WHERE a.visit_date LIKE '%2016-10%' AND a.doctor_id = '181'  [ RunTime:0.0333s ]
INFO: [ app_end ] --START--
INFO: Run Behavior\ShowPageTraceBehavior [ RunTime:0.000603s ]
INFO: [ app_end ] --END-- [ RunTime:0.000669s ]

[ 2016-09-29T17:32:10+08:00 ] ::1 /mintAdmin/index.php/Home/Doctor/visitDateQuery?visit_date=2016-09
INFO: [ app_init ] --START--
INFO: Run Behavior\BuildLiteBehavior [ RunTime:0.000021s ]
INFO: [ app_init ] --END-- [ RunTime:0.000537s ]
INFO: [ app_begin ] --START--
INFO: Run Behavior\ReadHtmlCacheBehavior [ RunTime:0.000641s ]
INFO: [ app_begin ] --END-- [ RunTime:0.000722s ]
SQL: SHOW COLUMNS FROM `mint_dttime` [ RunTime:0.0329s ]
SQL: SELECT a.*,b.clinic_name FROM mint_dttime a left join mint_clinic as b on a.clinic_id=b.id  WHERE a.visit_date LIKE '%2016-09%' AND a.doctor_id = '181'  [ RunTime:0.0337s ]
INFO: [ app_end ] --START--
INFO: Run Behavior\ShowPageTraceBehavior [ RunTime:0.001034s ]
INFO: [ app_end ] --END-- [ RunTime:0.001169s ]

[ 2016-09-29T17:32:11+08:00 ] ::1 /mintAdmin/index.php/Home/Doctor/visitDateQuery?visit_date=2016-11
INFO: [ app_init ] --START--
INFO: Run Behavior\BuildLiteBehavior [ RunTime:0.000016s ]
INFO: [ app_init ] --END-- [ RunTime:0.000384s ]
INFO: [ app_begin ] --START--
INFO: Run Behavior\ReadHtmlCacheBehavior [ RunTime:0.000510s ]
INFO: [ app_begin ] --END-- [ RunTime:0.000568s ]
SQL: SHOW COLUMNS FROM `mint_dttime` [ RunTime:0.0326s ]
SQL: SELECT a.*,b.clinic_name FROM mint_dttime a left join mint_clinic as b on a.clinic_id=b.id  WHERE a.visit_date LIKE '%2016-11%' AND a.doctor_id = '181'  [ RunTime:0.0319s ]
INFO: [ app_end ] --START--
INFO: Run Behavior\ShowPageTraceBehavior [ RunTime:0.000624s ]
INFO: [ app_end ] --END-- [ RunTime:0.000700s ]

[ 2016-09-29T17:32:14+08:00 ] ::1 /mintAdmin/index.php/Home/Doctor/visitDateQuery?visit_date=2016-10
INFO: [ app_init ] --START--
INFO: Run Behavior\BuildLiteBehavior [ RunTime:0.000019s ]
INFO: [ app_init ] --END-- [ RunTime:0.000505s ]
INFO: [ app_begin ] --START--
INFO: Run Behavior\ReadHtmlCacheBehavior [ RunTime:0.000776s ]
INFO: [ app_begin ] --END-- [ RunTime:0.000849s ]
SQL: SHOW COLUMNS FROM `mint_dttime` [ RunTime:0.0327s ]
SQL: SELECT a.*,b.clinic_name FROM mint_dttime a left join mint_clinic as b on a.clinic_id=b.id  WHERE a.visit_date LIKE '%2016-10%' AND a.doctor_id = '181'  [ RunTime:0.0324s ]
INFO: [ app_end ] --START--
INFO: Run Behavior\ShowPageTraceBehavior [ RunTime:0.000943s ]
INFO: [ app_end ] --END-- [ RunTime:0.001044s ]

[ 2016-09-29T17:32:18+08:00 ] ::1 /mintAdmin/index.php/Home/Doctor/visitDateQuery?visit_date=2016-09
INFO: [ app_init ] --START--
INFO: Run Behavior\BuildLiteBehavior [ RunTime:0.000017s ]
INFO: [ app_init ] --END-- [ RunTime:0.000384s ]
INFO: [ app_begin ] --START--
INFO: Run Behavior\ReadHtmlCacheBehavior [ RunTime:0.000543s ]
INFO: [ app_begin ] --END-- [ RunTime:0.000604s ]
SQL: SHOW COLUMNS FROM `mint_dttime` [ RunTime:0.0324s ]
SQL: SELECT a.*,b.clinic_name FROM mint_dttime a left join mint_clinic as b on a.clinic_id=b.id  WHERE a.visit_date LIKE '%2016-09%' AND a.doctor_id = '181'  [ RunTime:0.0322s ]
INFO: [ app_end ] --START--
INFO: Run Behavior\ShowPageTraceBehavior [ RunTime:0.000815s ]
INFO: [ app_end ] --END-- [ RunTime:0.000913s ]

[ 2016-09-29T17:32:20+08:00 ] ::1 /mintAdmin/index.php/Home/Doctor/visitDateQuery?visit_date=2016-11
INFO: [ app_init ] --START--
INFO: Run Behavior\BuildLiteBehavior [ RunTime:0.000020s ]
INFO: [ app_init ] --END-- [ RunTime:0.000515s ]
INFO: [ app_begin ] --START--
INFO: Run Behavior\ReadHtmlCacheBehavior [ RunTime:0.000952s ]
INFO: [ app_begin ] --END-- [ RunTime:0.001153s ]
SQL: SHOW COLUMNS FROM `mint_dttime` [ RunTime:0.0325s ]
SQL: SELECT a.*,b.clinic_name FROM mint_dttime a left join mint_clinic as b on a.clinic_id=b.id  WHERE a.visit_date LIKE '%2016-11%' AND a.doctor_id = '181'  [ RunTime:0.0327s ]
INFO: [ app_end ] --START--
INFO: Run Behavior\ShowPageTraceBehavior [ RunTime:0.000969s ]
INFO: [ app_end ] --END-- [ RunTime:0.001171s ]

[ 2016-09-29T17:32:21+08:00 ] ::1 /mintAdmin/index.php/Home/Doctor/visitDateQuery?visit_date=2016-10
INFO: [ app_init ] --START--
INFO: Run Behavior\BuildLiteBehavior [ RunTime:0.000017s ]
INFO: [ app_init ] --END-- [ RunTime:0.000388s ]
INFO: [ app_begin ] --START--
INFO: Run Behavior\ReadHtmlCacheBehavior [ RunTime:0.000510s ]
INFO: [ app_begin ] --END-- [ RunTime:0.000601s ]
SQL: SHOW COLUMNS FROM `mint_dttime` [ RunTime:0.0322s ]
SQL: SELECT a.*,b.clinic_name FROM mint_dttime a left join mint_clinic as b on a.clinic_id=b.id  WHERE a.visit_date LIKE '%2016-10%' AND a.doctor_id = '181'  [ RunTime:0.0319s ]
INFO: [ app_end ] --START--
INFO: Run Behavior\ShowPageTraceBehavior [ RunTime:0.000918s ]
INFO: [ app_end ] --END-- [ RunTime:0.001025s ]

[ 2016-09-29T17:36:39+08:00 ] ::1 /mintAdmin/index.php/Home/Doctor/visitDateQuery?visit_date=2016-09
INFO: [ app_init ] --START--
INFO: Run Behavior\BuildLiteBehavior [ RunTime:0.000026s ]
INFO: [ app_init ] --END-- [ RunTime:0.000798s ]
INFO: [ app_begin ] --START--
INFO: Run Behavior\ReadHtmlCacheBehavior [ RunTime:0.000833s ]
INFO: [ app_begin ] --END-- [ RunTime:0.000918s ]
SQL: SHOW COLUMNS FROM `mint_dttime` [ RunTime:0.0326s ]
SQL: SELECT a.*,b.clinic_name FROM mint_dttime a left join mint_clinic as b on a.clinic_id=b.id  WHERE a.visit_date LIKE '%2016-09%' AND a.doctor_id = '181'  [ RunTime:0.0324s ]
INFO: [ app_end ] --START--
INFO: Run Behavior\ShowPageTraceBehavior [ RunTime:0.001262s ]
INFO: [ app_end ] --END-- [ RunTime:0.001390s ]

[ 2016-09-29T17:36:40+08:00 ] ::1 /mintAdmin/index.php/Home/Doctor/visitDateQuery?visit_date=2016-11
INFO: [ app_init ] --START--
INFO: Run Behavior\BuildLiteBehavior [ RunTime:0.000098s ]
INFO: [ app_init ] --END-- [ RunTime:0.000764s ]
INFO: [ app_begin ] --START--
INFO: Run Behavior\ReadHtmlCacheBehavior [ RunTime:0.001464s ]
INFO: [ app_begin ] --END-- [ RunTime:0.001591s ]
SQL: SHOW COLUMNS FROM `mint_dttime` [ RunTime:0.0326s ]
SQL: SELECT a.*,b.clinic_name FROM mint_dttime a left join mint_clinic as b on a.clinic_id=b.id  WHERE a.visit_date LIKE '%2016-11%' AND a.doctor_id = '181'  [ RunTime:0.0326s ]
INFO: [ app_end ] --START--
INFO: Run Behavior\ShowPageTraceBehavior [ RunTime:0.001042s ]
INFO: [ app_end ] --END-- [ RunTime:0.001191s ]

[ 2016-09-29T17:36:43+08:00 ] ::1 /mintAdmin/index.php/Home/Doctor/visitDateQuery?visit_date=2016-09
INFO: [ app_init ] --START--
INFO: Run Behavior\BuildLiteBehavior [ RunTime:0.000031s ]
INFO: [ app_init ] --END-- [ RunTime:0.000809s ]
INFO: [ app_begin ] --START--
INFO: Run Behavior\ReadHtmlCacheBehavior [ RunTime:0.000623s ]
INFO: [ app_begin ] --END-- [ RunTime:0.000714s ]
SQL: SHOW COLUMNS FROM `mint_dttime` [ RunTime:0.0333s ]
SQL: SELECT a.*,b.clinic_name FROM mint_dttime a left join mint_clinic as b on a.clinic_id=b.id  WHERE a.visit_date LIKE '%2016-09%' AND a.doctor_id = '181'  [ RunTime:0.0333s ]
INFO: [ app_end ] --START--
INFO: Run Behavior\ShowPageTraceBehavior [ RunTime:0.001023s ]
INFO: [ app_end ] --END-- [ RunTime:0.001184s ]

