[ 2016-09-08T18:21:58+08:00 ] ::1 /mintAdmin/index.php/Admin/Login/login
INFO: [ app_init ] --START--
INFO: Run Behavior\BuildLiteBehavior [ RunTime:0.000022s ]
INFO: [ app_init ] --END-- [ RunTime:0.000566s ]
INFO: [ app_begin ] --START--
INFO: Run Behavior\ReadHtmlCacheBehavior [ RunTime:0.000646s ]
INFO: [ app_begin ] --END-- [ RunTime:0.000736s ]
SQL: SHOW COLUMNS FROM `mint_user` [ RunTime:0.0506s ]
SQL: SELECT * FROM `mint_user` WHERE `account` = 'admin' LIMIT 1   [ RunTime:0.0494s ]
INFO: [ app_end ] --START--
INFO: Run Behavior\ShowPageTraceBehavior [ RunTime:0.000703s ]
INFO: [ app_end ] --END-- [ RunTime:0.000777s ]

[ 2016-09-08T18:21:58+08:00 ] ::1 /mintAdmin/index.php/Admin/Index/getUserInfo
INFO: [ app_init ] --START--
INFO: Run Behavior\BuildLiteBehavior [ RunTime:0.000018s ]
INFO: [ app_init ] --END-- [ RunTime:0.000387s ]
INFO: [ app_begin ] --START--
INFO: Run Behavior\ReadHtmlCacheBehavior [ RunTime:0.000495s ]
INFO: [ app_begin ] --END-- [ RunTime:0.000556s ]
SQL: SHOW COLUMNS FROM `mint_user` [ RunTime:0.0527s ]
SQL: SELECT * FROM `mint_user` WHERE `id` = 1 LIMIT 1   [ RunTime:0.0525s ]
SQL: SHOW COLUMNS FROM `mint_app` [ RunTime:0.0520s ]
SQL: SELECT `id`,`app_name`,`app_uri`,`app_url`,`parent_id` FROM `mint_app` ORDER BY sort  [ RunTime:0.0524s ]

[ 2016-09-08T18:21:59+08:00 ] ::1 /mintAdmin/index.php/Admin/Index/getUserInfo
INFO: [ app_init ] --START--
INFO: Run Behavior\BuildLiteBehavior [ RunTime:0.000035s ]
INFO: [ app_init ] --END-- [ RunTime:0.000800s ]
INFO: [ app_begin ] --START--
INFO: Run Behavior\ReadHtmlCacheBehavior [ RunTime:0.000581s ]
INFO: [ app_begin ] --END-- [ RunTime:0.000653s ]
SQL: SHOW COLUMNS FROM `mint_user` [ RunTime:0.0519s ]
SQL: SELECT * FROM `mint_user` WHERE `id` = 1 LIMIT 1   [ RunTime:0.0496s ]
SQL: SHOW COLUMNS FROM `mint_app` [ RunTime:0.0502s ]
SQL: SELECT `id`,`app_name`,`app_uri`,`app_url`,`parent_id` FROM `mint_app` ORDER BY sort  [ RunTime:0.0503s ]

[ 2016-09-08T18:22:00+08:00 ] ::1 /mintAdmin/index.php/Admin/User/index
INFO: [ app_init ] --START--
INFO: Run Behavior\BuildLiteBehavior [ RunTime:0.000020s ]
INFO: [ app_init ] --END-- [ RunTime:0.000471s ]
INFO: [ app_begin ] --START--
INFO: Run Behavior\ReadHtmlCacheBehavior [ RunTime:0.000691s ]
INFO: [ app_begin ] --END-- [ RunTime:0.000768s ]
SQL: SHOW COLUMNS FROM `mint_user` [ RunTime:0.0530s ]
SQL: SELECT c.app_uri as uri FROM mint_user a INNER JOIN mint_role_app b on a.role_id=b.role_id INNER JOIN mint_app c on b.app_id=c.id  WHERE a.id = '1'  [ RunTime:0.0513s ]
SQL: SHOW COLUMNS FROM `mint_user` [ RunTime:0.0527s ]
SQL: SELECT COUNT(*) AS tp_count FROM `mint_user` WHERE `identity_id` = '1' LIMIT 1   [ RunTime:0.0518s ]
SQL: SELECT `id`,`account`,`photo`,`name`,`real_name`,`card_id`,`birthyear`,`birthmonth`,`birthday`,`sex`,`phone`,`email`,`province`,`city`,`county`,`company_name`,`position`,`hospital`,`context`,`field`,`label_id`,`label`,`job_age`,`clinic_id`,`work_time`,`invite_code`,`company_code`,`role_id`,`identity_id`,`is_use`,`is_show`,`remark`,`create_time` FROM `mint_user` WHERE `identity_id` = '1' ORDER BY id desc LIMIT 0,10   [ RunTime:0.0521s ]
SQL: SELECT COUNT(*) AS tp_count FROM `mint_user` LIMIT 1   [ RunTime:0.0518s ]
INFO: [ app_end ] --START--
INFO: Run Behavior\ShowPageTraceBehavior [ RunTime:0.000677s ]
INFO: [ app_end ] --END-- [ RunTime:0.000745s ]

[ 2016-09-08T18:22:07+08:00 ] ::1 /mintAdmin/index.php/Admin/Index/getUserInfo
INFO: [ app_init ] --START--
INFO: Run Behavior\BuildLiteBehavior [ RunTime:0.000038s ]
INFO: [ app_init ] --END-- [ RunTime:0.000778s ]
INFO: [ app_begin ] --START--
INFO: Run Behavior\ReadHtmlCacheBehavior [ RunTime:0.001252s ]
INFO: [ app_begin ] --END-- [ RunTime:0.001389s ]
SQL: SHOW COLUMNS FROM `mint_user` [ RunTime:0.0521s ]
SQL: SELECT * FROM `mint_user` WHERE `id` = 1 LIMIT 1   [ RunTime:0.0519s ]
SQL: SHOW COLUMNS FROM `mint_app` [ RunTime:0.0509s ]
SQL: SELECT `id`,`app_name`,`app_uri`,`app_url`,`parent_id` FROM `mint_app` ORDER BY sort  [ RunTime:0.0511s ]

[ 2016-09-08T18:22:08+08:00 ] ::1 /mintAdmin/index.php/Admin/Company/index
INFO: [ app_init ] --START--
INFO: Run Behavior\BuildLiteBehavior [ RunTime:0.000026s ]
INFO: [ app_init ] --END-- [ RunTime:0.000578s ]
INFO: [ app_begin ] --START--
INFO: Run Behavior\ReadHtmlCacheBehavior [ RunTime:0.000767s ]
INFO: [ app_begin ] --END-- [ RunTime:0.000876s ]
SQL: SHOW COLUMNS FROM `mint_user` [ RunTime:0.0527s ]
SQL: SELECT c.app_uri as uri FROM mint_user a INNER JOIN mint_role_app b on a.role_id=b.role_id INNER JOIN mint_app c on b.app_id=c.id  WHERE a.id = '1'  [ RunTime:0.0517s ]
SQL: SHOW COLUMNS FROM `mint_company` [ RunTime:0.0520s ]
NOTIC: [8] Undefined variable: where /Applications/MAMP/htdocs/mintAdmin/Application/Admin/Controller/CompanyController.class.php 第 22 行.
SQL: SELECT COUNT(*) AS tp_count FROM `mint_company` LIMIT 1   [ RunTime:0.0513s ]
NOTIC: [8] Undefined variable: where /Applications/MAMP/htdocs/mintAdmin/Application/Admin/Controller/CompanyController.class.php 第 23 行.
SQL: SELECT * FROM `mint_company` ORDER BY id desc LIMIT 0,10   [ RunTime:0.0517s ]
INFO: [ app_end ] --START--
INFO: Run Behavior\ShowPageTraceBehavior [ RunTime:0.000831s ]
INFO: [ app_end ] --END-- [ RunTime:0.000900s ]

