[ 2016-11-08T18:35:29+08:00 ] ::1 /mintAdmin/index.php/Admin/User/sltDateRecords
INFO: [ app_init ] --START--
INFO: Run Behavior\BuildLiteBehavior [ RunTime:0.000027s ]
INFO: [ app_init ] --END-- [ RunTime:0.000637s ]
INFO: [ app_begin ] --START--
INFO: Run Behavior\ReadHtmlCacheBehavior [ RunTime:0.000854s ]
INFO: [ app_begin ] --END-- [ RunTime:0.000975s ]
SQL: SHOW COLUMNS FROM `mint_user` [ RunTime:0.0331s ]
SQL: SELECT c.app_uri as uri FROM mint_user a INNER JOIN mint_role_app b on a.role_id=b.role_id INNER JOIN mint_app c on b.app_id=c.id  WHERE a.id = '1'  [ RunTime:0.0316s ]
SQL: SHOW COLUMNS FROM `mint_archives` [ RunTime:0.0321s ]
SQL: SELECT `create_time` FROM `mint_archives` WHERE `user_id` = '622' AND `type` = '5' GROUP BY create_time ORDER BY create_time desc,id desc  [ RunTime:0.0319s ]
INFO: [ app_end ] --START--
INFO: Run Behavior\ShowPageTraceBehavior [ RunTime:0.000624s ]
INFO: [ app_end ] --END-- [ RunTime:0.000727s ]

[ 2016-11-08T18:35:32+08:00 ] ::1 /mintAdmin/index.php/Admin/Index/getUserInfo
INFO: [ app_init ] --START--
INFO: Run Behavior\BuildLiteBehavior [ RunTime:0.000021s ]
INFO: [ app_init ] --END-- [ RunTime:0.000597s ]
INFO: [ app_begin ] --START--
INFO: Run Behavior\ReadHtmlCacheBehavior [ RunTime:0.000597s ]
INFO: [ app_begin ] --END-- [ RunTime:0.000686s ]
SQL: SHOW COLUMNS FROM `mint_user` [ RunTime:0.0346s ]
SQL: SELECT * FROM `mint_user` WHERE `id` = 1 LIMIT 1   [ RunTime:0.0341s ]
SQL: SHOW COLUMNS FROM `mint_app` [ RunTime:0.0332s ]
SQL: SELECT `id`,`app_name`,`app_uri`,`app_url`,`parent_id` FROM `mint_app` ORDER BY sort  [ RunTime:0.0333s ]

[ 2016-11-08T18:35:32+08:00 ] ::1 /mintAdmin/index.php/Admin/User/sltDateRecords
INFO: [ app_init ] --START--
INFO: Run Behavior\BuildLiteBehavior [ RunTime:0.000026s ]
INFO: [ app_init ] --END-- [ RunTime:0.000670s ]
INFO: [ app_begin ] --START--
INFO: Run Behavior\ReadHtmlCacheBehavior [ RunTime:0.000813s ]
INFO: [ app_begin ] --END-- [ RunTime:0.000941s ]
SQL: SHOW COLUMNS FROM `mint_user` [ RunTime:0.0340s ]
SQL: SELECT c.app_uri as uri FROM mint_user a INNER JOIN mint_role_app b on a.role_id=b.role_id INNER JOIN mint_app c on b.app_id=c.id  WHERE a.id = '1'  [ RunTime:0.0331s ]
SQL: SHOW COLUMNS FROM `mint_archives` [ RunTime:0.0332s ]
SQL: SELECT `create_time` FROM `mint_archives` WHERE `user_id` = '622' AND `type` = '3' GROUP BY create_time ORDER BY create_time desc,id desc  [ RunTime:0.0331s ]
INFO: [ app_end ] --START--
INFO: Run Behavior\ShowPageTraceBehavior [ RunTime:0.000557s ]
INFO: [ app_end ] --END-- [ RunTime:0.000613s ]

[ 2016-11-08T18:35:32+08:00 ] ::1 /mintAdmin/index.php/Admin/User/sltArchives
INFO: [ app_init ] --START--
INFO: Run Behavior\BuildLiteBehavior [ RunTime:0.000017s ]
INFO: [ app_init ] --END-- [ RunTime:0.000425s ]
INFO: [ app_begin ] --START--
INFO: Run Behavior\ReadHtmlCacheBehavior [ RunTime:0.000689s ]
INFO: [ app_begin ] --END-- [ RunTime:0.000783s ]
SQL: SHOW COLUMNS FROM `mint_user` [ RunTime:0.0325s ]
SQL: SELECT c.app_uri as uri FROM mint_user a INNER JOIN mint_role_app b on a.role_id=b.role_id INNER JOIN mint_app c on b.app_id=c.id  WHERE a.id = '1'  [ RunTime:0.0310s ]
SQL: SHOW COLUMNS FROM `mint_archives` [ RunTime:0.0314s ]
SQL: SELECT * FROM `mint_archives` WHERE `user_id` = '622' AND `create_time` = 1478534400 AND `type` = '3' LIMIT 1   [ RunTime:0.0331s ]
INFO: [ app_end ] --START--
INFO: Run Behavior\ShowPageTraceBehavior [ RunTime:0.000579s ]
INFO: [ app_end ] --END-- [ RunTime:0.000667s ]

[ 2016-11-08T18:35:39+08:00 ] ::1 /mintAdmin/index.php/Admin/User/editArchives2
INFO: [ app_init ] --START--
INFO: Run Behavior\BuildLiteBehavior [ RunTime:0.000028s ]
INFO: [ app_init ] --END-- [ RunTime:0.000713s ]
INFO: [ app_begin ] --START--
INFO: Run Behavior\ReadHtmlCacheBehavior [ RunTime:0.000850s ]
INFO: [ app_begin ] --END-- [ RunTime:0.000974s ]
SQL: SHOW COLUMNS FROM `mint_user` [ RunTime:0.0329s ]
SQL: SELECT c.app_uri as uri FROM mint_user a INNER JOIN mint_role_app b on a.role_id=b.role_id INNER JOIN mint_app c on b.app_id=c.id  WHERE a.id = '1'  [ RunTime:0.0316s ]

[ 2016-11-08T18:35:40+08:00 ] ::1 /mintAdmin/index.php/Admin/Index/getUserInfo
INFO: [ app_init ] --START--
INFO: Run Behavior\BuildLiteBehavior [ RunTime:0.000018s ]
INFO: [ app_init ] --END-- [ RunTime:0.000416s ]
INFO: [ app_begin ] --START--
INFO: Run Behavior\ReadHtmlCacheBehavior [ RunTime:0.000563s ]
INFO: [ app_begin ] --END-- [ RunTime:0.000633s ]
SQL: SHOW COLUMNS FROM `mint_user` [ RunTime:0.0329s ]
SQL: SELECT * FROM `mint_user` WHERE `id` = 1 LIMIT 1   [ RunTime:0.0320s ]
SQL: SHOW COLUMNS FROM `mint_app` [ RunTime:0.0316s ]
SQL: SELECT `id`,`app_name`,`app_uri`,`app_url`,`parent_id` FROM `mint_app` ORDER BY sort  [ RunTime:0.0320s ]

[ 2016-11-08T18:35:40+08:00 ] ::1 /mintAdmin/index.php/Admin/User/sltDateRecords
INFO: [ app_init ] --START--
INFO: Run Behavior\BuildLiteBehavior [ RunTime:0.000024s ]
INFO: [ app_init ] --END-- [ RunTime:0.000537s ]
INFO: [ app_begin ] --START--
INFO: Run Behavior\ReadHtmlCacheBehavior [ RunTime:0.000582s ]
INFO: [ app_begin ] --END-- [ RunTime:0.000651s ]
SQL: SHOW COLUMNS FROM `mint_user` [ RunTime:0.0336s ]
SQL: SELECT c.app_uri as uri FROM mint_user a INNER JOIN mint_role_app b on a.role_id=b.role_id INNER JOIN mint_app c on b.app_id=c.id  WHERE a.id = '1'  [ RunTime:0.0322s ]
SQL: SHOW COLUMNS FROM `mint_archives` [ RunTime:0.0323s ]
SQL: SELECT `create_time` FROM `mint_archives` WHERE `user_id` = '622' AND `type` = '5' GROUP BY create_time ORDER BY create_time desc,id desc  [ RunTime:0.0324s ]
INFO: [ app_end ] --START--
INFO: Run Behavior\ShowPageTraceBehavior [ RunTime:0.000653s ]
INFO: [ app_end ] --END-- [ RunTime:0.000711s ]

[ 2016-11-08T18:35:42+08:00 ] ::1 /mintAdmin/index.php/Admin/Index/getUserInfo
INFO: [ app_init ] --START--
INFO: Run Behavior\BuildLiteBehavior [ RunTime:0.000027s ]
INFO: [ app_init ] --END-- [ RunTime:0.000509s ]
INFO: [ app_begin ] --START--
INFO: Run Behavior\ReadHtmlCacheBehavior [ RunTime:0.000703s ]
INFO: [ app_begin ] --END-- [ RunTime:0.000802s ]
SQL: SHOW COLUMNS FROM `mint_user` [ RunTime:0.0335s ]
SQL: SELECT * FROM `mint_user` WHERE `id` = 1 LIMIT 1   [ RunTime:0.0330s ]
SQL: SHOW COLUMNS FROM `mint_app` [ RunTime:0.0322s ]
SQL: SELECT `id`,`app_name`,`app_uri`,`app_url`,`parent_id` FROM `mint_app` ORDER BY sort  [ RunTime:0.0331s ]

[ 2016-11-08T18:35:42+08:00 ] ::1 /mintAdmin/index.php/Admin/User/sltDateRecords
INFO: [ app_init ] --START--
INFO: Run Behavior\BuildLiteBehavior [ RunTime:0.000044s ]
INFO: [ app_init ] --END-- [ RunTime:0.000897s ]
INFO: [ app_begin ] --START--
INFO: Run Behavior\ReadHtmlCacheBehavior [ RunTime:0.000839s ]
INFO: [ app_begin ] --END-- [ RunTime:0.001169s ]
SQL: SHOW COLUMNS FROM `mint_user` [ RunTime:0.0345s ]
SQL: SELECT c.app_uri as uri FROM mint_user a INNER JOIN mint_role_app b on a.role_id=b.role_id INNER JOIN mint_app c on b.app_id=c.id  WHERE a.id = '1'  [ RunTime:0.0329s ]
SQL: SHOW COLUMNS FROM `mint_archives` [ RunTime:0.0330s ]
SQL: SELECT `create_time` FROM `mint_archives` WHERE `user_id` = '622' AND `type` = '3' GROUP BY create_time ORDER BY create_time desc,id desc  [ RunTime:0.0330s ]
INFO: [ app_end ] --START--
INFO: Run Behavior\ShowPageTraceBehavior [ RunTime:0.000564s ]
INFO: [ app_end ] --END-- [ RunTime:0.000620s ]

[ 2016-11-08T18:35:43+08:00 ] ::1 /mintAdmin/index.php/Admin/User/sltArchives
INFO: [ app_init ] --START--
INFO: Run Behavior\BuildLiteBehavior [ RunTime:0.000019s ]
INFO: [ app_init ] --END-- [ RunTime:0.000517s ]
INFO: [ app_begin ] --START--
INFO: Run Behavior\ReadHtmlCacheBehavior [ RunTime:0.000867s ]
INFO: [ app_begin ] --END-- [ RunTime:0.001020s ]
SQL: SHOW COLUMNS FROM `mint_user` [ RunTime:0.0327s ]
SQL: SELECT c.app_uri as uri FROM mint_user a INNER JOIN mint_role_app b on a.role_id=b.role_id INNER JOIN mint_app c on b.app_id=c.id  WHERE a.id = '1'  [ RunTime:0.0320s ]
SQL: SHOW COLUMNS FROM `mint_archives` [ RunTime:0.0319s ]
SQL: SELECT * FROM `mint_archives` WHERE `user_id` = '622' AND `create_time` = 1478534400 AND `type` = '3' LIMIT 1   [ RunTime:0.0335s ]
INFO: [ app_end ] --START--
INFO: Run Behavior\ShowPageTraceBehavior [ RunTime:0.000858s ]
INFO: [ app_end ] --END-- [ RunTime:0.000972s ]

[ 2016-11-08T18:47:50+08:00 ] ::1 /mintAdmin/index.php/Admin/User/sltDateRecords
INFO: [ app_init ] --START--
INFO: Run Behavior\BuildLiteBehavior [ RunTime:0.000031s ]
INFO: [ app_init ] --END-- [ RunTime:0.001207s ]
INFO: [ app_begin ] --START--
INFO: Run Behavior\ReadHtmlCacheBehavior [ RunTime:0.006276s ]
INFO: [ app_begin ] --END-- [ RunTime:0.006569s ]
SQL: SHOW COLUMNS FROM `mint_user` [ RunTime:0.0325s ]
SQL: SELECT c.app_uri as uri FROM mint_user a INNER JOIN mint_role_app b on a.role_id=b.role_id INNER JOIN mint_app c on b.app_id=c.id  WHERE a.id = '1'  [ RunTime:0.0311s ]
SQL: SHOW COLUMNS FROM `mint_archives` [ RunTime:0.0315s ]
SQL: SELECT `create_time` FROM `mint_archives` WHERE `user_id` = '622' AND `type` = '5' GROUP BY create_time ORDER BY create_time desc,id desc  [ RunTime:0.0316s ]
INFO: [ app_end ] --START--
INFO: Run Behavior\ShowPageTraceBehavior [ RunTime:0.001196s ]
INFO: [ app_end ] --END-- [ RunTime:0.001269s ]

[ 2016-11-08T18:47:50+08:00 ] ::1 /mintAdmin/index.php/Admin/Index/getUserInfo
INFO: [ app_init ] --START--
INFO: Run Behavior\BuildLiteBehavior [ RunTime:0.000035s ]
INFO: [ app_init ] --END-- [ RunTime:0.001915s ]
INFO: [ app_begin ] --START--
INFO: Run Behavior\ReadHtmlCacheBehavior [ RunTime:0.006073s ]
INFO: [ app_begin ] --END-- [ RunTime:0.006307s ]
SQL: SHOW COLUMNS FROM `mint_user` [ RunTime:0.0334s ]
SQL: SELECT * FROM `mint_user` WHERE `id` = 1 LIMIT 1   [ RunTime:0.0324s ]
SQL: SHOW COLUMNS FROM `mint_app` [ RunTime:0.0330s ]
SQL: SELECT `id`,`app_name`,`app_uri`,`app_url`,`parent_id` FROM `mint_app` ORDER BY sort  [ RunTime:0.0325s ]

[ 2016-11-08T18:47:54+08:00 ] ::1 /mintAdmin/index.php/Admin/Index/getUserInfo
INFO: [ app_init ] --START--
INFO: Run Behavior\BuildLiteBehavior [ RunTime:0.000027s ]
INFO: [ app_init ] --END-- [ RunTime:0.000625s ]
INFO: [ app_begin ] --START--
INFO: Run Behavior\ReadHtmlCacheBehavior [ RunTime:0.000826s ]
INFO: [ app_begin ] --END-- [ RunTime:0.000937s ]
SQL: SHOW COLUMNS FROM `mint_user` [ RunTime:0.0327s ]
SQL: SELECT * FROM `mint_user` WHERE `id` = 1 LIMIT 1   [ RunTime:0.0315s ]
SQL: SHOW COLUMNS FROM `mint_app` [ RunTime:0.0313s ]
SQL: SELECT `id`,`app_name`,`app_uri`,`app_url`,`parent_id` FROM `mint_app` ORDER BY sort  [ RunTime:0.0315s ]

[ 2016-11-08T18:47:55+08:00 ] ::1 /mintAdmin/index.php/Admin/User/getOne
INFO: [ app_init ] --START--
INFO: Run Behavior\BuildLiteBehavior [ RunTime:0.000027s ]
INFO: [ app_init ] --END-- [ RunTime:0.000651s ]
INFO: [ app_begin ] --START--
INFO: Run Behavior\ReadHtmlCacheBehavior [ RunTime:0.001470s ]
INFO: [ app_begin ] --END-- [ RunTime:0.001591s ]
SQL: SHOW COLUMNS FROM `mint_user` [ RunTime:0.0339s ]
SQL: SELECT c.app_uri as uri FROM mint_user a INNER JOIN mint_role_app b on a.role_id=b.role_id INNER JOIN mint_app c on b.app_id=c.id  WHERE a.id = '1'  [ RunTime:0.0326s ]
SQL: SHOW COLUMNS FROM `mint_user` [ RunTime:0.0335s ]
SQL: SELECT `id`,`account`,`photo`,`name`,`nickname`,`real_name`,`card_type`,`card_id`,`birthyear`,`birthmonth`,`birthday`,`age`,`sex`,`phone`,`email`,`country`,`province`,`city`,`county`,`race`,`job`,`company_name`,`married`,`have_child`,`post_address`,`society_number`,`position`,`hospital`,`context`,`field`,`label_id`,`label`,`job_age`,`clinic_id`,`work_time`,`invite_code`,`company_code`,`role_id`,`identity_id`,`is_use`,`is_show`,`remark`,`create_time` FROM `mint_user` WHERE ( id=622 ) LIMIT 1   [ RunTime:0.0331s ]
INFO: [ app_end ] --START--
INFO: Run Behavior\ShowPageTraceBehavior [ RunTime:0.000766s ]
INFO: [ app_end ] --END-- [ RunTime:0.000836s ]

[ 2016-11-08T18:47:57+08:00 ] ::1 /mintAdmin/index.php/Admin/Index/getUserInfo
INFO: [ app_init ] --START--
INFO: Run Behavior\BuildLiteBehavior [ RunTime:0.000032s ]
INFO: [ app_init ] --END-- [ RunTime:0.000662s ]
INFO: [ app_begin ] --START--
INFO: Run Behavior\ReadHtmlCacheBehavior [ RunTime:0.000871s ]
INFO: [ app_begin ] --END-- [ RunTime:0.001001s ]
SQL: SHOW COLUMNS FROM `mint_user` [ RunTime:0.0341s ]
SQL: SELECT * FROM `mint_user` WHERE `id` = 1 LIMIT 1   [ RunTime:0.0336s ]
SQL: SHOW COLUMNS FROM `mint_app` [ RunTime:0.0328s ]
SQL: SELECT `id`,`app_name`,`app_uri`,`app_url`,`parent_id` FROM `mint_app` ORDER BY sort  [ RunTime:0.0329s ]

[ 2016-11-08T18:47:57+08:00 ] ::1 /mintAdmin/index.php/Admin/User/sltDateRecords
INFO: [ app_init ] --START--
INFO: Run Behavior\BuildLiteBehavior [ RunTime:0.000029s ]
INFO: [ app_init ] --END-- [ RunTime:0.000693s ]
INFO: [ app_begin ] --START--
INFO: Run Behavior\ReadHtmlCacheBehavior [ RunTime:0.000954s ]
INFO: [ app_begin ] --END-- [ RunTime:0.001072s ]
SQL: SHOW COLUMNS FROM `mint_user` [ RunTime:0.0338s ]
SQL: SELECT c.app_uri as uri FROM mint_user a INNER JOIN mint_role_app b on a.role_id=b.role_id INNER JOIN mint_app c on b.app_id=c.id  WHERE a.id = '1'  [ RunTime:0.0321s ]
SQL: SHOW COLUMNS FROM `mint_archives` [ RunTime:0.0326s ]
SQL: SELECT `create_time` FROM `mint_archives` WHERE `user_id` = '622' AND `type` = '1' GROUP BY create_time ORDER BY create_time desc,id desc  [ RunTime:0.0323s ]
INFO: [ app_end ] --START--
INFO: Run Behavior\ShowPageTraceBehavior [ RunTime:0.000697s ]
INFO: [ app_end ] --END-- [ RunTime:0.000767s ]

[ 2016-11-08T18:48:07+08:00 ] ::1 /mintAdmin/index.php/Admin/Index/getUserInfo
INFO: [ app_init ] --START--
INFO: Run Behavior\BuildLiteBehavior [ RunTime:0.000030s ]
INFO: [ app_init ] --END-- [ RunTime:0.001232s ]
INFO: [ app_begin ] --START--
INFO: Run Behavior\ReadHtmlCacheBehavior [ RunTime:0.000839s ]
INFO: [ app_begin ] --END-- [ RunTime:0.000947s ]
SQL: SHOW COLUMNS FROM `mint_user` [ RunTime:0.0337s ]
SQL: SELECT * FROM `mint_user` WHERE `id` = 1 LIMIT 1   [ RunTime:0.0334s ]
SQL: SHOW COLUMNS FROM `mint_app` [ RunTime:0.0326s ]
SQL: SELECT `id`,`app_name`,`app_uri`,`app_url`,`parent_id` FROM `mint_app` ORDER BY sort  [ RunTime:0.0329s ]

[ 2016-11-08T18:48:07+08:00 ] ::1 /mintAdmin/index.php/Admin/User/sltDateRecords
INFO: [ app_init ] --START--
INFO: Run Behavior\BuildLiteBehavior [ RunTime:0.000027s ]
INFO: [ app_init ] --END-- [ RunTime:0.000605s ]
INFO: [ app_begin ] --START--
INFO: Run Behavior\ReadHtmlCacheBehavior [ RunTime:0.000825s ]
INFO: [ app_begin ] --END-- [ RunTime:0.000945s ]
SQL: SHOW COLUMNS FROM `mint_user` [ RunTime:0.0328s ]
SQL: SELECT c.app_uri as uri FROM mint_user a INNER JOIN mint_role_app b on a.role_id=b.role_id INNER JOIN mint_app c on b.app_id=c.id  WHERE a.id = '1'  [ RunTime:0.0319s ]
SQL: SHOW COLUMNS FROM `mint_archives` [ RunTime:0.0321s ]
SQL: SELECT `create_time` FROM `mint_archives` WHERE `user_id` = '622' AND `type` = '3' GROUP BY create_time ORDER BY create_time desc,id desc  [ RunTime:0.0319s ]
INFO: [ app_end ] --START--
INFO: Run Behavior\ShowPageTraceBehavior [ RunTime:0.000939s ]
INFO: [ app_end ] --END-- [ RunTime:0.001012s ]

[ 2016-11-08T18:48:08+08:00 ] ::1 /mintAdmin/index.php/Admin/User/sltArchives
INFO: [ app_init ] --START--
INFO: Run Behavior\BuildLiteBehavior [ RunTime:0.000103s ]
INFO: [ app_init ] --END-- [ RunTime:0.000810s ]
INFO: [ app_begin ] --START--
INFO: Run Behavior\ReadHtmlCacheBehavior [ RunTime:0.000721s ]
INFO: [ app_begin ] --END-- [ RunTime:0.000806s ]
SQL: SHOW COLUMNS FROM `mint_user` [ RunTime:0.0337s ]
SQL: SELECT c.app_uri as uri FROM mint_user a INNER JOIN mint_role_app b on a.role_id=b.role_id INNER JOIN mint_app c on b.app_id=c.id  WHERE a.id = '1'  [ RunTime:0.0324s ]
SQL: SHOW COLUMNS FROM `mint_archives` [ RunTime:0.0324s ]
SQL: SELECT * FROM `mint_archives` WHERE `user_id` = '622' AND `create_time` = 1478534400 AND `type` = '3' LIMIT 1   [ RunTime:0.0345s ]
INFO: [ app_end ] --START--
INFO: Run Behavior\ShowPageTraceBehavior [ RunTime:0.000579s ]
INFO: [ app_end ] --END-- [ RunTime:0.000635s ]

[ 2016-11-08T18:50:17+08:00 ] ::1 /mintAdmin/index.php/Admin/User/editArchives
INFO: [ app_init ] --START--
INFO: Run Behavior\BuildLiteBehavior [ RunTime:0.000021s ]
INFO: [ app_init ] --END-- [ RunTime:0.000725s ]
INFO: [ app_begin ] --START--
INFO: Run Behavior\ReadHtmlCacheBehavior [ RunTime:0.005114s ]
INFO: [ app_begin ] --END-- [ RunTime:0.005249s ]
SQL: SHOW COLUMNS FROM `mint_user` [ RunTime:0.0339s ]
SQL: SELECT c.app_uri as uri FROM mint_user a INNER JOIN mint_role_app b on a.role_id=b.role_id INNER JOIN mint_app c on b.app_id=c.id  WHERE a.id = '1'  [ RunTime:0.0317s ]
SQL: SHOW COLUMNS FROM `mint_archives` [ RunTime:0.0318s ]
SQL: SELECT * FROM `mint_archives` WHERE `user_id` = '622' AND `create_time` = 1478534400 AND `type` = '3' LIMIT 1   [ RunTime:0.0337s ]
SQL: UPDATE `mint_archives` SET `user_id`='622',`content`='{&quot;teeth_arr&quot;:[{&quot;name&quot;:11,&quot;id&quot;:&quot;H_teeth_position_pic_11&quot;,&quot;type&quot;:0,&quot;content&quot;:[]},{&quot;name&quot;:12,&quot;id&quot;:&quot;H_teeth_position_pic_12&quot;,&quot;type&quot;:0,&quot;content&quot;:[]},{&quot;id&quot;:&quot;H_teeth_position_pic_13&quot;,&quot;name&quot;:13,&quot;type&quot;:0,&quot;content&quot;:[]},{&quot;id&quot;:&quot;H_teeth_position_pic_14&quot;,&quot;name&quot;:14,&quot;type&quot;:0,&quot;content&quot;:[]},{&quot;id&quot;:&quot;H_teeth_position_pic_15&quot;,&quot;name&quot;:15,&quot;type&quot;:0,&quot;content&quot;:[]},{&quot;id&quot;:&quot;H_teeth_position_pic_16&quot;,&quot;name&quot;:16,&quot;type&quot;:0,&quot;content&quot;:[]},{&quot;id&quot;:&quot;H_teeth_position_pic_17&quot;,&quot;name&quot;:17,&quot;type&quot;:0,&quot;content&quot;:[]},{&quot;id&quot;:&quot;H_teeth_position_pic_18&quot;,&quot;name&quot;:18,&quot;type&quot;:0,&quot;content&quot;:[]},{&quot;id&quot;:&quot;H_teeth_position_pic_21&quot;,&quot;name&quot;:21,&quot;type&quot;:0,&quot;content&quot;:[]},{&quot;id&quot;:&quot;H_teeth_position_pic_22&quot;,&quot;name&quot;:22,&quot;type&quot;:0,&quot;content&quot;:[]},{&quot;id&quot;:&quot;H_teeth_position_pic_23&quot;,&quot;name&quot;:23,&quot;type&quot;:0,&quot;content&quot;:[]},{&quot;id&quot;:&quot;H_teeth_position_pic_24&quot;,&quot;name&quot;:24,&quot;type&quot;:0,&quot;content&quot;:[]},{&quot;id&quot;:&quot;H_teeth_position_pic_25&quot;,&quot;name&quot;:25,&quot;type&quot;:2,&quot;content&quot;:[{&quot;name&quot;:&quot;C:龋坏&quot;,&quot;id&quot;:&quot;H_content_list_item_1&quot;}]},{&quot;id&quot;:&quot;H_teeth_position_pic_26&quot;,&quot;name&quot;:26,&quot;type&quot;:2,&quot;content&quot;:[{&quot;name&quot;:&quot;C:龋坏&quot;,&quot;id&quot;:&quot;H_content_list_item_1&quot;}]},{&quot;id&quot;:&quot;H_teeth_position_pic_27&quot;,&quot;name&quot;:27,&quot;type&quot;:0,&quot;content&quot;:[]},{&quot;id&quot;:&quot;H_teeth_position_pic_28&quot;,&quot;name&quot;:28,&quot;type&quot;:1,&quot;content&quot;:[{&quot;name&quot;:&quot;C:龋坏&quot;,&quot;id&quot;:&quot;H_content_list_item_1&quot;},{&quot;name&quot;:&quot;F:填充物&quot;,&quot;id&quot;:&quot;H_content_list_item_3&quot;},{&quot;name&quot;:&quot;U:未见萌出&quot;,&quot;id&quot;:&quot;H_content_list_item_5&quot;}]},{&quot;name&quot;:41,&quot;id&quot;:&quot;H_teeth_position_pic_41&quot;,&quot;type&quot;:0,&quot;content&quot;:[]},{&quot;name&quot;:42,&quot;id&quot;:&quot;H_teeth_position_pic_42&quot;,&quot;type&quot;:0,&quot;content&quot;:[]},{&quot;id&quot;:&quot;H_teeth_position_pic_43&quot;,&quot;name&quot;:43,&quot;type&quot;:0,&quot;content&quot;:[]},{&quot;id&quot;:&quot;H_teeth_position_pic_44&quot;,&quot;name&quot;:44,&quot;type&quot;:0,&quot;content&quot;:[]},{&quot;id&quot;:&quot;H_teeth_position_pic_45&quot;,&quot;name&quot;:45,&quot;type&quot;:0,&quot;content&quot;:[]},{&quot;id&quot;:&quot;H_teeth_position_pic_46&quot;,&quot;name&quot;:46,&quot;type&quot;:0,&quot;content&quot;:[]},{&quot;id&quot;:&quot;H_teeth_position_pic_47&quot;,&quot;name&quot;:47,&quot;type&quot;:0,&quot;content&quot;:[]},{&quot;id&quot;:&quot;H_teeth_position_pic_48&quot;,&quot;name&quot;:48,&quot;type&quot;:0,&quot;content&quot;:[]},{&quot;id&quot;:&quot;H_teeth_position_pic_31&quot;,&quot;name&quot;:31,&quot;type&quot;:0,&quot;content&quot;:[]},{&quot;id&quot;:&quot;H_teeth_position_pic_32&quot;,&quot;name&quot;:32,&quot;type&quot;:0,&quot;content&quot;:[]},{&quot;id&quot;:&quot;H_teeth_position_pic_33&quot;,&quot;name&quot;:33,&quot;type&quot;:0,&quot;content&quot;:[]},{&quot;id&quot;:&quot;H_teeth_position_pic_34&quot;,&quot;name&quot;:34,&quot;type&quot;:0,&quot;content&quot;:[]},{&quot;id&quot;:&quot;H_teeth_position_pic_35&quot;,&quot;name&quot;:35,&quot;type&quot;:0,&quot;content&quot;:[]},{&quot;id&quot;:&quot;H_teeth_position_pic_36&quot;,&quot;name&quot;:36,&quot;type&quot;:0,&quot;content&quot;:[]},{&quot;id&quot;:&quot;H_teeth_position_pic_37&quot;,&quot;name&quot;:37,&quot;type&quot;:0,&quot;content&quot;:[]},{&quot;id&quot;:&quot;H_teeth_position_pic_38&quot;,&quot;name&quot;:38,&quot;type&quot;:0,&quot;content&quot;:[]}],&quot;ache_list&quot;:[{&quot;id&quot;:&quot;H_content_list_item_1&quot;,&quot;name&quot;:&quot;C:龋坏&quot;,&quot;bool&quot;:true},{&quot;id&quot;:&quot;H_content_list_item_2&quot;,&quot;name&quot;:&quot;M:缺失&quot;,&quot;bool&quot;:false},{&quot;id&quot;:&quot;H_content_list_item_3&quot;,&quot;name&quot;:&quot;F:填充物&quot;,&quot;bool&quot;:true},{&quot;id&quot;:&quot;H_content_list_item_4&quot;,&quot;name&quot;:&quot;R:扭转牙&quot;,&quot;bool&quot;:false},{&quot;id&quot;:&quot;H_content_list_item_5&quot;,&quot;name&quot;:&quot;U:未见萌出&quot;,&quot;bool&quot;:true},{&quot;id&quot;:&quot;H_content_list_item_6&quot;,&quot;name&quot;:&quot;IT:种植牙&quot;,&quot;bool&quot;:false},{&quot;id&quot;:&quot;H_content_list_item_7&quot;,&quot;name&quot;:&quot;IM:阻生牙&quot;,&quot;bool&quot;:false},{&quot;id&quot;:&quot;H_content_list_item_8&quot;,&quot;name&quot;:&quot;CP:部分冠&quot;,&quot;bool&quot;:false},{&quot;id&quot;:&quot;H_content_list_item_9&quot;,&quot;name&quot;:&quot;CF:全冠&quot;,&quot;bool&quot;:false},{&quot;id&quot;:&quot;H_content_list_item_10&quot;,&quot;name&quot;:&quot;GO:金合金高嵌体&quot;,&quot;bool&quot;:false},{&quot;id&quot;:&quot;H_content_list_item_11&quot;,&quot;name&quot;:&quot;CV:瓷贴面&quot;,&quot;bool&quot;:false},{&quot;id&quot;:&quot;H_content_list_item_12&quot;,&quot;name&quot;:&quot;RV:树脂贴面&quot;,&quot;bool&quot;:false},{&quot;id&quot;:&quot;H_content_list_item_13&quot;,&quot;name&quot;:&quot;FP:固定桥&quot;,&quot;bool&quot;:false},{&quot;id&quot;:&quot;H_content_list_item_14&quot;,&quot;name&quot;:&quot;RP:可摘局部义齿&quot;,&quot;bool&quot;:false},{&quot;id&quot;:&quot;H_content_list_item_15&quot;,&quot;name&quot;:&quot;RP:可摘局部义齿&quot;,&quot;bool&quot;:false},{&quot;id&quot;:&quot;H_content_list_item_16&quot;,&quot;name&quot;:&quot;DCP:畸形中央尖&quot;,&quot;bool&quot;:false},{&quot;id&quot;:&quot;H_content_list_item_17&quot;,&quot;name&quot;:&quot;TC:牙隐裂&quot;,&quot;bool&quot;:false}],&quot;ache_list_child&quot;:[{&quot;id&quot;:&quot;H_content_list_item_child_18&quot;,&quot;name&quot;:&quot;C:龋坏&quot;,&quot;bool&quot;:false},{&quot;id&quot;:&quot;H_content_list_item_child_19&quot;,&quot;name&quot;:&quot;M:缺失&quot;,&quot;bool&quot;:false},{&quot;id&quot;:&quot;H_content_list_item_child_20&quot;,&quot;name&quot;:&quot;PFS:窝沟封闭&quot;,&quot;bool&quot;:false},{&quot;id&quot;:&quot;H_content_list_item_child_21&quot;,&quot;name&quot;:&quot;CF:全冠&quot;,&quot;bool&quot;:false},{&quot;id&quot;:&quot;H_content_list_item_child_22&quot;,&quot;name&quot;:&quot;U:未见萌出&quot;,&quot;bool&quot;:false},{&quot;id&quot;:&quot;H_content_list_item_child_23&quot;,&quot;name&quot;:&quot;F:填充物&quot;,&quot;bool&quot;:false},{&quot;id&quot;:&quot;H_content_list_item_child_24&quot;,&quot;name&quot;:&quot;RT:根管治疗后&quot;,&quot;bool&quot;:false},{&quot;id&quot;:&quot;H_content_list_item_child_25&quot;,&quot;name&quot;:&quot;SR:间隙保持器&quot;,&quot;bool&quot;:false}],&quot;teeth_child_arr&quot;:[{&quot;name&quot;:51,&quot;id&quot;:&quot;H_teeth_position_pic_51&quot;,&quot;type&quot;:0,&quot;content&quot;:[]},{&quot;name&quot;:52,&quot;id&quot;:&quot;H_teeth_position_pic_52&quot;,&quot;type&quot;:0,&quot;content&quot;:[]},{&quot;id&quot;:&quot;H_teeth_position_pic_53&quot;,&quot;name&quot;:53,&quot;type&quot;:0,&quot;content&quot;:[]},{&quot;id&quot;:&quot;H_teeth_position_pic_54&quot;,&quot;name&quot;:54,&quot;type&quot;:0,&quot;content&quot;:[]},{&quot;id&quot;:&quot;H_teeth_position_pic_55&quot;,&quot;name&quot;:55,&quot;type&quot;:0,&quot;content&quot;:[]},{&quot;name&quot;:61,&quot;id&quot;:&quot;H_teeth_position_pic_61&quot;,&quot;type&quot;:0,&quot;content&quot;:[]},{&quot;name&quot;:62,&quot;id&quot;:&quot;H_teeth_position_pic_62&quot;,&quot;type&quot;:0,&quot;content&quot;:[]},{&quot;id&quot;:&quot;H_teeth_position_pic_63&quot;,&quot;name&quot;:63,&quot;type&quot;:0,&quot;content&quot;:[]},{&quot;id&quot;:&quot;H_teeth_position_pic_64&quot;,&quot;name&quot;:64,&quot;type&quot;:0,&quot;content&quot;:[]},{&quot;id&quot;:&quot;H_teeth_position_pic_65&quot;,&quot;name&quot;:65,&quot;type&quot;:0,&quot;content&quot;:[]},{&quot;name&quot;:81,&quot;id&quot;:&quot;H_teeth_position_pic_81&quot;,&quot;type&quot;:0,&quot;content&quot;:[]},{&quot;name&quot;:82,&quot;id&quot;:&quot;H_teeth_position_pic_82&quot;,&quot;type&quot;:0,&quot;content&quot;:[]},{&quot;id&quot;:&quot;H_teeth_position_pic_83&quot;,&quot;name&quot;:83,&quot;type&quot;:0,&quot;content&quot;:[]},{&quot;id&quot;:&quot;H_teeth_position_pic_84&quot;,&quot;name&quot;:84,&quot;type&quot;:0,&quot;content&quot;:[]},{&quot;id&quot;:&quot;H_teeth_position_pic_85&quot;,&quot;name&quot;:85,&quot;type&quot;:0,&quot;content&quot;:[]},{&quot;name&quot;:71,&quot;id&quot;:&quot;H_teeth_position_pic_71&quot;,&quot;type&quot;:0,&quot;content&quot;:[]},{&quot;name&quot;:72,&quot;id&quot;:&quot;H_teeth_position_pic_72&quot;,&quot;type&quot;:0,&quot;content&quot;:[]},{&quot;id&quot;:&quot;H_teeth_position_pic_73&quot;,&quot;name&quot;:73,&quot;type&quot;:0,&quot;content&quot;:[]},{&quot;id&quot;:&quot;H_teeth_position_pic_74&quot;,&quot;name&quot;:74,&quot;type&quot;:0,&quot;content&quot;:[]},{&quot;id&quot;:&quot;H_teeth_position_pic_75&quot;,&quot;name&quot;:75,&quot;type&quot;:0,&quot;content&quot;:[]}]}',`type`='3',`create_time`='1478534400' WHERE `id` = 510 [ RunTime:0.0737s ]
INFO: [ app_end ] --START--
INFO: Run Behavior\ShowPageTraceBehavior [ RunTime:0.000894s ]
INFO: [ app_end ] --END-- [ RunTime:0.000982s ]

[ 2016-11-08T18:50:19+08:00 ] ::1 /mintAdmin/index.php/Admin/Index/getUserInfo
INFO: [ app_init ] --START--
INFO: Run Behavior\BuildLiteBehavior [ RunTime:0.000028s ]
INFO: [ app_init ] --END-- [ RunTime:0.000661s ]
INFO: [ app_begin ] --START--
INFO: Run Behavior\ReadHtmlCacheBehavior [ RunTime:0.000959s ]
INFO: [ app_begin ] --END-- [ RunTime:0.001086s ]
SQL: SHOW COLUMNS FROM `mint_user` [ RunTime:0.0334s ]
SQL: SELECT * FROM `mint_user` WHERE `id` = 1 LIMIT 1   [ RunTime:0.0336s ]
SQL: SHOW COLUMNS FROM `mint_app` [ RunTime:0.0324s ]
SQL: SELECT `id`,`app_name`,`app_uri`,`app_url`,`parent_id` FROM `mint_app` ORDER BY sort  [ RunTime:0.0322s ]

[ 2016-11-08T18:50:19+08:00 ] ::1 /mintAdmin/index.php/Admin/User/sltDateRecords
INFO: [ app_init ] --START--
INFO: Run Behavior\BuildLiteBehavior [ RunTime:0.000032s ]
INFO: [ app_init ] --END-- [ RunTime:0.001082s ]
INFO: [ app_begin ] --START--
INFO: Run Behavior\ReadHtmlCacheBehavior [ RunTime:0.001560s ]
INFO: [ app_begin ] --END-- [ RunTime:0.001917s ]
SQL: SHOW COLUMNS FROM `mint_user` [ RunTime:0.0345s ]
SQL: SELECT c.app_uri as uri FROM mint_user a INNER JOIN mint_role_app b on a.role_id=b.role_id INNER JOIN mint_app c on b.app_id=c.id  WHERE a.id = '1'  [ RunTime:0.0331s ]
SQL: SHOW COLUMNS FROM `mint_archives` [ RunTime:0.0333s ]
SQL: SELECT `create_time` FROM `mint_archives` WHERE `user_id` = '622' AND `type` = '3' GROUP BY create_time ORDER BY create_time desc,id desc  [ RunTime:0.0333s ]
INFO: [ app_end ] --START--
INFO: Run Behavior\ShowPageTraceBehavior [ RunTime:0.000572s ]
INFO: [ app_end ] --END-- [ RunTime:0.000627s ]

[ 2016-11-08T18:50:20+08:00 ] ::1 /mintAdmin/index.php/Admin/User/sltArchives
INFO: [ app_init ] --START--
INFO: Run Behavior\BuildLiteBehavior [ RunTime:0.000020s ]
INFO: [ app_init ] --END-- [ RunTime:0.000540s ]
INFO: [ app_begin ] --START--
INFO: Run Behavior\ReadHtmlCacheBehavior [ RunTime:0.000915s ]
INFO: [ app_begin ] --END-- [ RunTime:0.001013s ]
SQL: SHOW COLUMNS FROM `mint_user` [ RunTime:0.0335s ]
SQL: SELECT c.app_uri as uri FROM mint_user a INNER JOIN mint_role_app b on a.role_id=b.role_id INNER JOIN mint_app c on b.app_id=c.id  WHERE a.id = '1'  [ RunTime:0.0323s ]
SQL: SHOW COLUMNS FROM `mint_archives` [ RunTime:0.0326s ]
SQL: SELECT * FROM `mint_archives` WHERE `user_id` = '622' AND `create_time` = 1478534400 AND `type` = '3' LIMIT 1   [ RunTime:0.0344s ]
INFO: [ app_end ] --START--
INFO: Run Behavior\ShowPageTraceBehavior [ RunTime:0.000561s ]
INFO: [ app_end ] --END-- [ RunTime:0.000620s ]

[ 2016-11-08T18:51:07+08:00 ] ::1 /mintAdmin/index.php/Admin/User/sltDateRecords
INFO: [ app_init ] --START--
INFO: Run Behavior\BuildLiteBehavior [ RunTime:0.000022s ]
INFO: [ app_init ] --END-- [ RunTime:0.001229s ]
INFO: [ app_begin ] --START--
INFO: Run Behavior\ReadHtmlCacheBehavior [ RunTime:0.004733s ]
INFO: [ app_begin ] --END-- [ RunTime:0.004852s ]
SQL: SHOW COLUMNS FROM `mint_user` [ RunTime:0.0340s ]
SQL: SELECT c.app_uri as uri FROM mint_user a INNER JOIN mint_role_app b on a.role_id=b.role_id INNER JOIN mint_app c on b.app_id=c.id  WHERE a.id = '1'  [ RunTime:0.0328s ]
SQL: SHOW COLUMNS FROM `mint_archives` [ RunTime:0.0329s ]
SQL: SELECT `create_time` FROM `mint_archives` WHERE `user_id` = '622' AND `type` = '3' GROUP BY create_time ORDER BY create_time desc,id desc  [ RunTime:0.0328s ]
INFO: [ app_end ] --START--
INFO: Run Behavior\ShowPageTraceBehavior [ RunTime:0.017617s ]
INFO: [ app_end ] --END-- [ RunTime:0.017805s ]

[ 2016-11-08T18:51:07+08:00 ] ::1 /mintAdmin/index.php/Admin/Index/getUserInfo
INFO: [ app_init ] --START--
INFO: Run Behavior\BuildLiteBehavior [ RunTime:0.000022s ]
INFO: [ app_init ] --END-- [ RunTime:0.001228s ]
INFO: [ app_begin ] --START--
INFO: Run Behavior\ReadHtmlCacheBehavior [ RunTime:0.004572s ]
INFO: [ app_begin ] --END-- [ RunTime:0.004701s ]
SQL: SHOW COLUMNS FROM `mint_user` [ RunTime:0.0339s ]
SQL: SELECT * FROM `mint_user` WHERE `id` = 1 LIMIT 1   [ RunTime:0.0331s ]
SQL: SHOW COLUMNS FROM `mint_app` [ RunTime:0.0330s ]
SQL: SELECT `id`,`app_name`,`app_uri`,`app_url`,`parent_id` FROM `mint_app` ORDER BY sort  [ RunTime:0.0326s ]

[ 2016-11-08T18:51:08+08:00 ] ::1 /mintAdmin/index.php/Admin/User/sltArchives
INFO: [ app_init ] --START--
INFO: Run Behavior\BuildLiteBehavior [ RunTime:0.000051s ]
INFO: [ app_init ] --END-- [ RunTime:0.000600s ]
INFO: [ app_begin ] --START--
INFO: Run Behavior\ReadHtmlCacheBehavior [ RunTime:0.000564s ]
INFO: [ app_begin ] --END-- [ RunTime:0.000678s ]
SQL: SHOW COLUMNS FROM `mint_user` [ RunTime:0.0342s ]
SQL: SELECT c.app_uri as uri FROM mint_user a INNER JOIN mint_role_app b on a.role_id=b.role_id INNER JOIN mint_app c on b.app_id=c.id  WHERE a.id = '1'  [ RunTime:0.0328s ]
SQL: SHOW COLUMNS FROM `mint_archives` [ RunTime:0.0329s ]
SQL: SELECT * FROM `mint_archives` WHERE `user_id` = '622' AND `create_time` = 1478534400 AND `type` = '3' LIMIT 1   [ RunTime:0.0346s ]
INFO: [ app_end ] --START--
INFO: Run Behavior\ShowPageTraceBehavior [ RunTime:0.000604s ]
INFO: [ app_end ] --END-- [ RunTime:0.000680s ]

[ 2016-11-08T18:51:15+08:00 ] ::1 /mintAdmin/index.php/Admin/User/editArchives
INFO: [ app_init ] --START--
INFO: Run Behavior\BuildLiteBehavior [ RunTime:0.000026s ]
INFO: [ app_init ] --END-- [ RunTime:0.000562s ]
INFO: [ app_begin ] --START--
INFO: Run Behavior\ReadHtmlCacheBehavior [ RunTime:0.000774s ]
INFO: [ app_begin ] --END-- [ RunTime:0.000866s ]
SQL: SHOW COLUMNS FROM `mint_user` [ RunTime:0.0340s ]
SQL: SELECT c.app_uri as uri FROM mint_user a INNER JOIN mint_role_app b on a.role_id=b.role_id INNER JOIN mint_app c on b.app_id=c.id  WHERE a.id = '1'  [ RunTime:0.0325s ]
SQL: SHOW COLUMNS FROM `mint_archives` [ RunTime:0.0326s ]
SQL: SELECT * FROM `mint_archives` WHERE `user_id` = '622' AND `create_time` = 1478534400 AND `type` = '3' LIMIT 1   [ RunTime:0.0348s ]
SQL: UPDATE `mint_archives` SET `user_id`='622',`content`='{&quot;teeth_arr&quot;:[{&quot;name&quot;:11,&quot;id&quot;:&quot;H_teeth_position_pic_11&quot;,&quot;type&quot;:0,&quot;content&quot;:[]},{&quot;name&quot;:12,&quot;id&quot;:&quot;H_teeth_position_pic_12&quot;,&quot;type&quot;:0,&quot;content&quot;:[]},{&quot;id&quot;:&quot;H_teeth_position_pic_13&quot;,&quot;name&quot;:13,&quot;type&quot;:0,&quot;content&quot;:[]},{&quot;id&quot;:&quot;H_teeth_position_pic_14&quot;,&quot;name&quot;:14,&quot;type&quot;:0,&quot;content&quot;:[]},{&quot;id&quot;:&quot;H_teeth_position_pic_15&quot;,&quot;name&quot;:15,&quot;type&quot;:0,&quot;content&quot;:[]},{&quot;id&quot;:&quot;H_teeth_position_pic_16&quot;,&quot;name&quot;:16,&quot;type&quot;:0,&quot;content&quot;:[]},{&quot;id&quot;:&quot;H_teeth_position_pic_17&quot;,&quot;name&quot;:17,&quot;type&quot;:0,&quot;content&quot;:[]},{&quot;id&quot;:&quot;H_teeth_position_pic_18&quot;,&quot;name&quot;:18,&quot;type&quot;:0,&quot;content&quot;:[]},{&quot;id&quot;:&quot;H_teeth_position_pic_21&quot;,&quot;name&quot;:21,&quot;type&quot;:0,&quot;content&quot;:[]},{&quot;id&quot;:&quot;H_teeth_position_pic_22&quot;,&quot;name&quot;:22,&quot;type&quot;:0,&quot;content&quot;:[]},{&quot;id&quot;:&quot;H_teeth_position_pic_23&quot;,&quot;name&quot;:23,&quot;type&quot;:0,&quot;content&quot;:[]},{&quot;id&quot;:&quot;H_teeth_position_pic_24&quot;,&quot;name&quot;:24,&quot;type&quot;:0,&quot;content&quot;:[]},{&quot;id&quot;:&quot;H_teeth_position_pic_25&quot;,&quot;name&quot;:25,&quot;type&quot;:2,&quot;content&quot;:[{&quot;name&quot;:&quot;C:龋坏&quot;,&quot;id&quot;:&quot;H_content_list_item_1&quot;}]},{&quot;id&quot;:&quot;H_teeth_position_pic_26&quot;,&quot;name&quot;:26,&quot;type&quot;:2,&quot;content&quot;:[{&quot;name&quot;:&quot;C:龋坏&quot;,&quot;id&quot;:&quot;H_content_list_item_1&quot;}]},{&quot;id&quot;:&quot;H_teeth_position_pic_27&quot;,&quot;name&quot;:27,&quot;type&quot;:1,&quot;content&quot;:[{&quot;name&quot;:&quot;CF:全冠&quot;,&quot;id&quot;:&quot;H_content_list_item_9&quot;},{&quot;name&quot;:&quot;FP:固定桥&quot;,&quot;id&quot;:&quot;H_content_list_item_13&quot;},{&quot;name&quot;:&quot;IM:阻生牙&quot;,&quot;id&quot;:&quot;H_content_list_item_7&quot;},{&quot;name&quot;:&quot;GO:金合金高嵌体&quot;,&quot;id&quot;:&quot;H_content_list_item_10&quot;}]},{&quot;id&quot;:&quot;H_teeth_position_pic_28&quot;,&quot;name&quot;:28,&quot;type&quot;:2,&quot;content&quot;:[{&quot;name&quot;:&quot;C:龋坏&quot;,&quot;id&quot;:&quot;H_content_list_item_1&quot;},{&quot;name&quot;:&quot;F:填充物&quot;,&quot;id&quot;:&quot;H_content_list_item_3&quot;},{&quot;name&quot;:&quot;U:未见萌出&quot;,&quot;id&quot;:&quot;H_content_list_item_5&quot;}]},{&quot;name&quot;:41,&quot;id&quot;:&quot;H_teeth_position_pic_41&quot;,&quot;type&quot;:0,&quot;content&quot;:[]},{&quot;name&quot;:42,&quot;id&quot;:&quot;H_teeth_position_pic_42&quot;,&quot;type&quot;:0,&quot;content&quot;:[]},{&quot;id&quot;:&quot;H_teeth_position_pic_43&quot;,&quot;name&quot;:43,&quot;type&quot;:0,&quot;content&quot;:[]},{&quot;id&quot;:&quot;H_teeth_position_pic_44&quot;,&quot;name&quot;:44,&quot;type&quot;:0,&quot;content&quot;:[]},{&quot;id&quot;:&quot;H_teeth_position_pic_45&quot;,&quot;name&quot;:45,&quot;type&quot;:0,&quot;content&quot;:[]},{&quot;id&quot;:&quot;H_teeth_position_pic_46&quot;,&quot;name&quot;:46,&quot;type&quot;:0,&quot;content&quot;:[]},{&quot;id&quot;:&quot;H_teeth_position_pic_47&quot;,&quot;name&quot;:47,&quot;type&quot;:0,&quot;content&quot;:[]},{&quot;id&quot;:&quot;H_teeth_position_pic_48&quot;,&quot;name&quot;:48,&quot;type&quot;:0,&quot;content&quot;:[]},{&quot;id&quot;:&quot;H_teeth_position_pic_31&quot;,&quot;name&quot;:31,&quot;type&quot;:0,&quot;content&quot;:[]},{&quot;id&quot;:&quot;H_teeth_position_pic_32&quot;,&quot;name&quot;:32,&quot;type&quot;:0,&quot;content&quot;:[]},{&quot;id&quot;:&quot;H_teeth_position_pic_33&quot;,&quot;name&quot;:33,&quot;type&quot;:0,&quot;content&quot;:[]},{&quot;id&quot;:&quot;H_teeth_position_pic_34&quot;,&quot;name&quot;:34,&quot;type&quot;:0,&quot;content&quot;:[]},{&quot;id&quot;:&quot;H_teeth_position_pic_35&quot;,&quot;name&quot;:35,&quot;type&quot;:0,&quot;content&quot;:[]},{&quot;id&quot;:&quot;H_teeth_position_pic_36&quot;,&quot;name&quot;:36,&quot;type&quot;:0,&quot;content&quot;:[]},{&quot;id&quot;:&quot;H_teeth_position_pic_37&quot;,&quot;name&quot;:37,&quot;type&quot;:0,&quot;content&quot;:[]},{&quot;id&quot;:&quot;H_teeth_position_pic_38&quot;,&quot;name&quot;:38,&quot;type&quot;:0,&quot;content&quot;:[]}],&quot;ache_list&quot;:[{&quot;id&quot;:&quot;H_content_list_item_1&quot;,&quot;name&quot;:&quot;C:龋坏&quot;,&quot;bool&quot;:false},{&quot;id&quot;:&quot;H_content_list_item_2&quot;,&quot;name&quot;:&quot;M:缺失&quot;,&quot;bool&quot;:false},{&quot;id&quot;:&quot;H_content_list_item_3&quot;,&quot;name&quot;:&quot;F:填充物&quot;,&quot;bool&quot;:false},{&quot;id&quot;:&quot;H_content_list_item_4&quot;,&quot;name&quot;:&quot;R:扭转牙&quot;,&quot;bool&quot;:false},{&quot;id&quot;:&quot;H_content_list_item_5&quot;,&quot;name&quot;:&quot;U:未见萌出&quot;,&quot;bool&quot;:false},{&quot;id&quot;:&quot;H_content_list_item_6&quot;,&quot;name&quot;:&quot;IT:种植牙&quot;,&quot;bool&quot;:false},{&quot;id&quot;:&quot;H_content_list_item_7&quot;,&quot;name&quot;:&quot;IM:阻生牙&quot;,&quot;bool&quot;:true},{&quot;id&quot;:&quot;H_content_list_item_8&quot;,&quot;name&quot;:&quot;CP:部分冠&quot;,&quot;bool&quot;:false},{&quot;id&quot;:&quot;H_content_list_item_9&quot;,&quot;name&quot;:&quot;CF:全冠&quot;,&quot;bool&quot;:true},{&quot;id&quot;:&quot;H_content_list_item_10&quot;,&quot;name&quot;:&quot;GO:金合金高嵌体&quot;,&quot;bool&quot;:true},{&quot;id&quot;:&quot;H_content_list_item_11&quot;,&quot;name&quot;:&quot;CV:瓷贴面&quot;,&quot;bool&quot;:false},{&quot;id&quot;:&quot;H_content_list_item_12&quot;,&quot;name&quot;:&quot;RV:树脂贴面&quot;,&quot;bool&quot;:false},{&quot;id&quot;:&quot;H_content_list_item_13&quot;,&quot;name&quot;:&quot;FP:固定桥&quot;,&quot;bool&quot;:true},{&quot;id&quot;:&quot;H_content_list_item_14&quot;,&quot;name&quot;:&quot;RP:可摘局部义齿&quot;,&quot;bool&quot;:false},{&quot;id&quot;:&quot;H_content_list_item_15&quot;,&quot;name&quot;:&quot;RP:可摘局部义齿&quot;,&quot;bool&quot;:false},{&quot;id&quot;:&quot;H_content_list_item_16&quot;,&quot;name&quot;:&quot;DCP:畸形中央尖&quot;,&quot;bool&quot;:false},{&quot;id&quot;:&quot;H_content_list_item_17&quot;,&quot;name&quot;:&quot;TC:牙隐裂&quot;,&quot;bool&quot;:false}],&quot;ache_list_child&quot;:[{&quot;id&quot;:&quot;H_content_list_item_child_18&quot;,&quot;name&quot;:&quot;C:龋坏&quot;,&quot;bool&quot;:false},{&quot;id&quot;:&quot;H_content_list_item_child_19&quot;,&quot;name&quot;:&quot;M:缺失&quot;,&quot;bool&quot;:false},{&quot;id&quot;:&quot;H_content_list_item_child_20&quot;,&quot;name&quot;:&quot;PFS:窝沟封闭&quot;,&quot;bool&quot;:false},{&quot;id&quot;:&quot;H_content_list_item_child_21&quot;,&quot;name&quot;:&quot;CF:全冠&quot;,&quot;bool&quot;:false},{&quot;id&quot;:&quot;H_content_list_item_child_22&quot;,&quot;name&quot;:&quot;U:未见萌出&quot;,&quot;bool&quot;:false},{&quot;id&quot;:&quot;H_content_list_item_child_23&quot;,&quot;name&quot;:&quot;F:填充物&quot;,&quot;bool&quot;:false},{&quot;id&quot;:&quot;H_content_list_item_child_24&quot;,&quot;name&quot;:&quot;RT:根管治疗后&quot;,&quot;bool&quot;:false},{&quot;id&quot;:&quot;H_content_list_item_child_25&quot;,&quot;name&quot;:&quot;SR:间隙保持器&quot;,&quot;bool&quot;:false}],&quot;teeth_child_arr&quot;:[{&quot;name&quot;:51,&quot;id&quot;:&quot;H_teeth_position_pic_51&quot;,&quot;type&quot;:0,&quot;content&quot;:[]},{&quot;name&quot;:52,&quot;id&quot;:&quot;H_teeth_position_pic_52&quot;,&quot;type&quot;:0,&quot;content&quot;:[]},{&quot;id&quot;:&quot;H_teeth_position_pic_53&quot;,&quot;name&quot;:53,&quot;type&quot;:0,&quot;content&quot;:[]},{&quot;id&quot;:&quot;H_teeth_position_pic_54&quot;,&quot;name&quot;:54,&quot;type&quot;:0,&quot;content&quot;:[]},{&quot;id&quot;:&quot;H_teeth_position_pic_55&quot;,&quot;name&quot;:55,&quot;type&quot;:0,&quot;content&quot;:[]},{&quot;name&quot;:61,&quot;id&quot;:&quot;H_teeth_position_pic_61&quot;,&quot;type&quot;:0,&quot;content&quot;:[]},{&quot;name&quot;:62,&quot;id&quot;:&quot;H_teeth_position_pic_62&quot;,&quot;type&quot;:0,&quot;content&quot;:[]},{&quot;id&quot;:&quot;H_teeth_position_pic_63&quot;,&quot;name&quot;:63,&quot;type&quot;:0,&quot;content&quot;:[]},{&quot;id&quot;:&quot;H_teeth_position_pic_64&quot;,&quot;name&quot;:64,&quot;type&quot;:0,&quot;content&quot;:[]},{&quot;id&quot;:&quot;H_teeth_position_pic_65&quot;,&quot;name&quot;:65,&quot;type&quot;:0,&quot;content&quot;:[]},{&quot;name&quot;:81,&quot;id&quot;:&quot;H_teeth_position_pic_81&quot;,&quot;type&quot;:0,&quot;content&quot;:[]},{&quot;name&quot;:82,&quot;id&quot;:&quot;H_teeth_position_pic_82&quot;,&quot;type&quot;:0,&quot;content&quot;:[]},{&quot;id&quot;:&quot;H_teeth_position_pic_83&quot;,&quot;name&quot;:83,&quot;type&quot;:0,&quot;content&quot;:[]},{&quot;id&quot;:&quot;H_teeth_position_pic_84&quot;,&quot;name&quot;:84,&quot;type&quot;:0,&quot;content&quot;:[]},{&quot;id&quot;:&quot;H_teeth_position_pic_85&quot;,&quot;name&quot;:85,&quot;type&quot;:0,&quot;content&quot;:[]},{&quot;name&quot;:71,&quot;id&quot;:&quot;H_teeth_position_pic_71&quot;,&quot;type&quot;:0,&quot;content&quot;:[]},{&quot;name&quot;:72,&quot;id&quot;:&quot;H_teeth_position_pic_72&quot;,&quot;type&quot;:0,&quot;content&quot;:[]},{&quot;id&quot;:&quot;H_teeth_position_pic_73&quot;,&quot;name&quot;:73,&quot;type&quot;:0,&quot;content&quot;:[]},{&quot;id&quot;:&quot;H_teeth_position_pic_74&quot;,&quot;name&quot;:74,&quot;type&quot;:0,&quot;content&quot;:[]},{&quot;id&quot;:&quot;H_teeth_position_pic_75&quot;,&quot;name&quot;:75,&quot;type&quot;:0,&quot;content&quot;:[]}]}',`type`='3',`create_time`='1478534400' WHERE `id` = 510 [ RunTime:0.0753s ]
INFO: [ app_end ] --START--
INFO: Run Behavior\ShowPageTraceBehavior [ RunTime:0.000614s ]
INFO: [ app_end ] --END-- [ RunTime:0.000682s ]

[ 2016-11-08T18:51:17+08:00 ] ::1 /mintAdmin/index.php/Admin/Index/getUserInfo
INFO: [ app_init ] --START--
INFO: Run Behavior\BuildLiteBehavior [ RunTime:0.000029s ]
INFO: [ app_init ] --END-- [ RunTime:0.000762s ]
INFO: [ app_begin ] --START--
INFO: Run Behavior\ReadHtmlCacheBehavior [ RunTime:0.000901s ]
INFO: [ app_begin ] --END-- [ RunTime:0.001029s ]
SQL: SHOW COLUMNS FROM `mint_user` [ RunTime:0.0335s ]
SQL: SELECT * FROM `mint_user` WHERE `id` = 1 LIMIT 1   [ RunTime:0.0326s ]
SQL: SHOW COLUMNS FROM `mint_app` [ RunTime:0.0320s ]
SQL: SELECT `id`,`app_name`,`app_uri`,`app_url`,`parent_id` FROM `mint_app` ORDER BY sort  [ RunTime:0.0322s ]

[ 2016-11-08T18:51:17+08:00 ] ::1 /mintAdmin/index.php/Admin/User/sltDateRecords
INFO: [ app_init ] --START--
INFO: Run Behavior\BuildLiteBehavior [ RunTime:0.000017s ]
INFO: [ app_init ] --END-- [ RunTime:0.000391s ]
INFO: [ app_begin ] --START--
INFO: Run Behavior\ReadHtmlCacheBehavior [ RunTime:0.000600s ]
INFO: [ app_begin ] --END-- [ RunTime:0.000674s ]
SQL: SHOW COLUMNS FROM `mint_user` [ RunTime:0.0338s ]
SQL: SELECT c.app_uri as uri FROM mint_user a INNER JOIN mint_role_app b on a.role_id=b.role_id INNER JOIN mint_app c on b.app_id=c.id  WHERE a.id = '1'  [ RunTime:0.0323s ]
SQL: SHOW COLUMNS FROM `mint_archives` [ RunTime:0.0326s ]
SQL: SELECT `create_time` FROM `mint_archives` WHERE `user_id` = '622' AND `type` = '3' GROUP BY create_time ORDER BY create_time desc,id desc  [ RunTime:0.0323s ]
INFO: [ app_end ] --START--
INFO: Run Behavior\ShowPageTraceBehavior [ RunTime:0.000589s ]
INFO: [ app_end ] --END-- [ RunTime:0.000654s ]

[ 2016-11-08T18:51:18+08:00 ] ::1 /mintAdmin/index.php/Admin/User/sltArchives
INFO: [ app_init ] --START--
INFO: Run Behavior\BuildLiteBehavior [ RunTime:0.000027s ]
INFO: [ app_init ] --END-- [ RunTime:0.000595s ]
INFO: [ app_begin ] --START--
INFO: Run Behavior\ReadHtmlCacheBehavior [ RunTime:0.003344s ]
INFO: [ app_begin ] --END-- [ RunTime:0.003637s ]
SQL: SHOW COLUMNS FROM `mint_user` [ RunTime:0.0344s ]
SQL: SELECT c.app_uri as uri FROM mint_user a INNER JOIN mint_role_app b on a.role_id=b.role_id INNER JOIN mint_app c on b.app_id=c.id  WHERE a.id = '1'  [ RunTime:0.0320s ]
SQL: SHOW COLUMNS FROM `mint_archives` [ RunTime:0.0330s ]
SQL: SELECT * FROM `mint_archives` WHERE `user_id` = '622' AND `create_time` = 1478534400 AND `type` = '3' LIMIT 1   [ RunTime:0.0344s ]
INFO: [ app_end ] --START--
INFO: Run Behavior\ShowPageTraceBehavior [ RunTime:0.000966s ]
INFO: [ app_end ] --END-- [ RunTime:0.001044s ]

