[ 2016-12-07T13:31:55+08:00 ] ::1 /mintAdmin/index.php/Admin/Doctor/index
INFO: [ app_init ] --START--
INFO: Run Behavior\BuildLiteBehavior [ RunTime:0.000028s ]
INFO: [ app_init ] --END-- [ RunTime:0.029665s ]
INFO: [ app_begin ] --START--
INFO: Run Behavior\ReadHtmlCacheBehavior [ RunTime:0.001580s ]
INFO: [ app_begin ] --END-- [ RunTime:0.001746s ]
SQL: SHOW COLUMNS FROM `mint_user` [ RunTime:0.0343s ]
SQL: SELECT c.app_uri as uri FROM mint_user a INNER JOIN mint_role_app b on a.role_id=b.role_id INNER JOIN mint_app c on b.app_id=c.id  WHERE a.id = '1'  [ RunTime:0.0327s ]
SQL: SHOW COLUMNS FROM `mint_user` [ RunTime:0.0336s ]
SQL: SELECT COUNT(*) AS tp_count FROM `mint_user` WHERE `identity_id` = '2' LIMIT 1   [ RunTime:0.0329s ]
SQL: SELECT `id`,`account`,`photo`,`name`,`nickname`,`real_name`,`card_type`,`card_id`,`birthyear`,`birthmonth`,`birthday`,`age`,`sex`,`phone`,`email`,`country`,`province`,`city`,`county`,`race`,`job`,`company_name`,`married`,`have_child`,`post_address`,`society_number`,`position`,`hospital`,`context`,`field`,`label_id`,`label`,`job_age`,`clinic_id`,`work_time`,`invite_code`,`company_code`,`role_id`,`identity_id`,`is_use`,`is_show`,`remark`,`create_time`,`mint_name`,`is_own`,`up_time` FROM `mint_user` WHERE `identity_id` = '2' ORDER BY id desc LIMIT 0,10   [ RunTime:0.0344s ]
SQL: SELECT COUNT(*) AS tp_count FROM `mint_user` LIMIT 1   [ RunTime:0.0324s ]
INFO: [ app_end ] --START--
INFO: Run Behavior\ShowPageTraceBehavior [ RunTime:0.013017s ]
INFO: [ app_end ] --END-- [ RunTime:0.013124s ]

[ 2016-12-07T13:31:56+08:00 ] ::1 /mintAdmin/index.php/Admin/Index/getUserInfo
INFO: [ app_init ] --START--
INFO: Run Behavior\BuildLiteBehavior [ RunTime:0.000028s ]
INFO: [ app_init ] --END-- [ RunTime:0.029654s ]
INFO: [ app_begin ] --START--
INFO: Run Behavior\ReadHtmlCacheBehavior [ RunTime:0.001636s ]
INFO: [ app_begin ] --END-- [ RunTime:0.001874s ]
SQL: SHOW COLUMNS FROM `mint_user` [ RunTime:0.0552s ]
SQL: SELECT * FROM `mint_user` WHERE `id` = 1 LIMIT 1   [ RunTime:0.0534s ]
SQL: SHOW COLUMNS FROM `mint_app` [ RunTime:0.0530s ]
SQL: SELECT `id`,`app_name`,`app_uri`,`app_url`,`parent_id` FROM `mint_app` ORDER BY sort  [ RunTime:0.0530s ]

[ 2016-12-07T13:31:57+08:00 ] ::1 /mintAdmin/index.php/Admin/Index/getUserInfo
INFO: [ app_init ] --START--
INFO: Run Behavior\BuildLiteBehavior [ RunTime:0.000024s ]
INFO: [ app_init ] --END-- [ RunTime:0.000574s ]
INFO: [ app_begin ] --START--
INFO: Run Behavior\ReadHtmlCacheBehavior [ RunTime:0.000823s ]
INFO: [ app_begin ] --END-- [ RunTime:0.000931s ]
SQL: SHOW COLUMNS FROM `mint_user` [ RunTime:0.0359s ]
SQL: SELECT * FROM `mint_user` WHERE `id` = 1 LIMIT 1   [ RunTime:0.0328s ]
SQL: SHOW COLUMNS FROM `mint_app` [ RunTime:0.0327s ]
SQL: SELECT `id`,`app_name`,`app_uri`,`app_url`,`parent_id` FROM `mint_app` ORDER BY sort  [ RunTime:0.0337s ]

[ 2016-12-07T13:31:58+08:00 ] ::1 /mintAdmin/index.php/Admin/Doctor/getDayVisit?visit_date=2016-12-07&doctor_id=631
INFO: [ app_init ] --START--
INFO: Run Behavior\BuildLiteBehavior [ RunTime:0.000026s ]
INFO: [ app_init ] --END-- [ RunTime:0.000599s ]
INFO: [ app_begin ] --START--
INFO: Run Behavior\ReadHtmlCacheBehavior [ RunTime:0.000980s ]
INFO: [ app_begin ] --END-- [ RunTime:0.001093s ]
SQL: SHOW COLUMNS FROM `mint_user` [ RunTime:0.0736s ]
SQL: SELECT c.app_uri as uri FROM mint_user a INNER JOIN mint_role_app b on a.role_id=b.role_id INNER JOIN mint_app c on b.app_id=c.id  WHERE a.id = '1'  [ RunTime:0.0723s ]
SQL: SHOW COLUMNS FROM `mint_appointment` [ RunTime:0.0735s ]
SQL: SELECT a.patient_name,a.contact_tel,a.project_name,a.visit_time,b.sex,b.birthyear FROM mint_appointment a left join mint_user as b on a.patient_id=b.id  WHERE a.visit_date = 1481040000 AND a.doctor_id = '631'  [ RunTime:0.0728s ]
INFO: [ app_end ] --START--
INFO: Run Behavior\ShowPageTraceBehavior [ RunTime:0.000744s ]
INFO: [ app_end ] --END-- [ RunTime:0.000824s ]

[ 2016-12-07T13:31:58+08:00 ] ::1 /mintAdmin/index.php/Admin/Doctor/getOne
INFO: [ app_init ] --START--
INFO: Run Behavior\BuildLiteBehavior [ RunTime:0.000022s ]
INFO: [ app_init ] --END-- [ RunTime:0.000535s ]
INFO: [ app_begin ] --START--
INFO: Run Behavior\ReadHtmlCacheBehavior [ RunTime:0.001169s ]
INFO: [ app_begin ] --END-- [ RunTime:0.001310s ]
SQL: SHOW COLUMNS FROM `mint_user` [ RunTime:0.0541s ]
SQL: SELECT c.app_uri as uri FROM mint_user a INNER JOIN mint_role_app b on a.role_id=b.role_id INNER JOIN mint_app c on b.app_id=c.id  WHERE a.id = '1'  [ RunTime:0.0537s ]
SQL: SHOW COLUMNS FROM `mint_user` [ RunTime:0.0540s ]
SQL: SELECT `account`,`invite_code`,`id`,`photo`,`name`,`phone`,`sex`,`position`,`hospital`,`context`,`field`,`label`,`label_id`,`job_age`,`birthyear`,`birthmonth`,`birthday`,`is_show` FROM `mint_user` WHERE ( id=631 ) LIMIT 1   [ RunTime:0.0531s ]
SQL: SHOW COLUMNS FROM `mint_doctor_service` [ RunTime:0.0527s ]
SQL: SELECT group_concat(b.service_name) as service_name,group_concat(b.id) as service_id FROM mint_doctor_service a left join mint_service as b on a.service_id=b.id  WHERE ( a.doctor_id=631 )  [ RunTime:0.0525s ]
INFO: [ app_end ] --START--
INFO: Run Behavior\ShowPageTraceBehavior [ RunTime:0.000727s ]
INFO: [ app_end ] --END-- [ RunTime:0.000803s ]

[ 2016-12-07T13:31:59+08:00 ] ::1 /mintAdmin/index.php/Admin/Doctor/clinicLst
INFO: [ app_init ] --START--
INFO: Run Behavior\BuildLiteBehavior [ RunTime:0.000026s ]
INFO: [ app_init ] --END-- [ RunTime:0.000622s ]
INFO: [ app_begin ] --START--
INFO: Run Behavior\ReadHtmlCacheBehavior [ RunTime:0.000752s ]
INFO: [ app_begin ] --END-- [ RunTime:0.000844s ]
SQL: SHOW COLUMNS FROM `mint_user` [ RunTime:0.0539s ]
SQL: SELECT c.app_uri as uri FROM mint_user a INNER JOIN mint_role_app b on a.role_id=b.role_id INNER JOIN mint_app c on b.app_id=c.id  WHERE a.id = '1'  [ RunTime:0.0534s ]
SQL: SHOW COLUMNS FROM `mint_clinic` [ RunTime:0.0530s ]
SQL: SELECT `id`,`clinic_name` FROM `mint_clinic`  [ RunTime:0.0522s ]
INFO: [ app_end ] --START--
INFO: Run Behavior\ShowPageTraceBehavior [ RunTime:0.000576s ]
INFO: [ app_end ] --END-- [ RunTime:0.000667s ]

[ 2016-12-07T13:31:59+08:00 ] ::1 /mintAdmin/index.php/Admin/Appointment/visitDateQuery?visit_date=2016-12&doctor_id=631
INFO: [ app_init ] --START--
INFO: Run Behavior\BuildLiteBehavior [ RunTime:0.000016s ]
INFO: [ app_init ] --END-- [ RunTime:0.000352s ]
INFO: [ app_begin ] --START--
INFO: Run Behavior\ReadHtmlCacheBehavior [ RunTime:0.000458s ]
INFO: [ app_begin ] --END-- [ RunTime:0.000511s ]
SQL: SHOW COLUMNS FROM `mint_user` [ RunTime:0.0748s ]
SQL: SELECT c.app_uri as uri FROM mint_user a INNER JOIN mint_role_app b on a.role_id=b.role_id INNER JOIN mint_app c on b.app_id=c.id  WHERE a.id = '1'  [ RunTime:0.0727s ]
SQL: SHOW COLUMNS FROM `mint_dttime` [ RunTime:0.0728s ]
SQL: SELECT a.*,b.clinic_name FROM mint_dttime a left join mint_clinic as b on a.clinic_id=b.id  WHERE a.visit_date LIKE '%2016-12%' AND a.doctor_id = '631'  [ RunTime:0.0738s ]
INFO: [ app_end ] --START--
INFO: Run Behavior\ShowPageTraceBehavior [ RunTime:0.000596s ]
INFO: [ app_end ] --END-- [ RunTime:0.000666s ]

[ 2016-12-07T13:32:02+08:00 ] ::1 /mintAdmin/index.php/Admin/Index/getUserInfo
INFO: [ app_init ] --START--
INFO: Run Behavior\BuildLiteBehavior [ RunTime:0.000029s ]
INFO: [ app_init ] --END-- [ RunTime:0.000753s ]
INFO: [ app_begin ] --START--
INFO: Run Behavior\ReadHtmlCacheBehavior [ RunTime:0.000713s ]
INFO: [ app_begin ] --END-- [ RunTime:0.000820s ]
SQL: SHOW COLUMNS FROM `mint_user` [ RunTime:0.0736s ]
SQL: SELECT * FROM `mint_user` WHERE `id` = 1 LIMIT 1   [ RunTime:0.0748s ]
SQL: SHOW COLUMNS FROM `mint_app` [ RunTime:0.0738s ]
SQL: SELECT `id`,`app_name`,`app_uri`,`app_url`,`parent_id` FROM `mint_app` ORDER BY sort  [ RunTime:0.0740s ]

[ 2016-12-07T13:32:02+08:00 ] ::1 /mintAdmin/index.php/Admin/doctor/visitDateQuery?visit_date=2016-12
INFO: [ app_init ] --START--
INFO: Run Behavior\BuildLiteBehavior [ RunTime:0.000029s ]
INFO: [ app_init ] --END-- [ RunTime:0.000954s ]
INFO: [ app_begin ] --START--
INFO: Run Behavior\ReadHtmlCacheBehavior [ RunTime:0.000948s ]
INFO: [ app_begin ] --END-- [ RunTime:0.001073s ]
SQL: SHOW COLUMNS FROM `mint_user` [ RunTime:0.0556s ]
SQL: SELECT c.app_uri as uri FROM mint_user a INNER JOIN mint_role_app b on a.role_id=b.role_id INNER JOIN mint_app c on b.app_id=c.id  WHERE a.id = '1'  [ RunTime:0.0527s ]
SQL: SHOW COLUMNS FROM `mint_dttime` [ RunTime:0.0546s ]
SQL: SELECT a.*,b.clinic_name FROM mint_dttime a left join mint_clinic as b on a.clinic_id=b.id  WHERE a.visit_date LIKE '%2016-12%' AND a.doctor_id = '1'  [ RunTime:0.0530s ]
INFO: [ app_end ] --START--
INFO: Run Behavior\ShowPageTraceBehavior [ RunTime:0.000860s ]
INFO: [ app_end ] --END-- [ RunTime:0.000968s ]

[ 2016-12-07T13:32:03+08:00 ] ::1 /mintAdmin/index.php/Admin/Doctor/serviceLst
INFO: [ app_init ] --START--
INFO: Run Behavior\BuildLiteBehavior [ RunTime:0.000025s ]
INFO: [ app_init ] --END-- [ RunTime:0.000577s ]
INFO: [ app_begin ] --START--
INFO: Run Behavior\ReadHtmlCacheBehavior [ RunTime:0.001188s ]
INFO: [ app_begin ] --END-- [ RunTime:0.001406s ]
SQL: SHOW COLUMNS FROM `mint_user` [ RunTime:0.0541s ]
SQL: SELECT c.app_uri as uri FROM mint_user a INNER JOIN mint_role_app b on a.role_id=b.role_id INNER JOIN mint_app c on b.app_id=c.id  WHERE a.id = '1'  [ RunTime:0.0530s ]
SQL: SHOW COLUMNS FROM `mint_service` [ RunTime:0.0529s ]
SQL: SELECT * FROM `mint_service`  [ RunTime:0.0558s ]
INFO: [ app_end ] --START--
INFO: Run Behavior\ShowPageTraceBehavior [ RunTime:0.000613s ]
INFO: [ app_end ] --END-- [ RunTime:0.000691s ]

[ 2016-12-07T13:32:03+08:00 ] ::1 /mintAdmin/index.php/Admin/User/tagLst
INFO: [ app_init ] --START--
INFO: Run Behavior\BuildLiteBehavior [ RunTime:0.000024s ]
INFO: [ app_init ] --END-- [ RunTime:0.000537s ]
INFO: [ app_begin ] --START--
INFO: Run Behavior\ReadHtmlCacheBehavior [ RunTime:0.000821s ]
INFO: [ app_begin ] --END-- [ RunTime:0.000940s ]
SQL: SHOW COLUMNS FROM `mint_user` [ RunTime:0.0352s ]
SQL: SELECT c.app_uri as uri FROM mint_user a INNER JOIN mint_role_app b on a.role_id=b.role_id INNER JOIN mint_app c on b.app_id=c.id  WHERE a.id = '1'  [ RunTime:0.0334s ]
SQL: SHOW COLUMNS FROM `mint_tag` [ RunTime:0.0374s ]
SQL: SELECT * FROM `mint_tag` WHERE ( type=1 )  [ RunTime:0.0347s ]
INFO: [ app_end ] --START--
INFO: Run Behavior\ShowPageTraceBehavior [ RunTime:0.000706s ]
INFO: [ app_end ] --END-- [ RunTime:0.000791s ]

[ 2016-12-07T13:32:04+08:00 ] ::1 /mintAdmin/index.php/Admin/Doctor/clinicLst
INFO: [ app_init ] --START--
INFO: Run Behavior\BuildLiteBehavior [ RunTime:0.000037s ]
INFO: [ app_init ] --END-- [ RunTime:0.000909s ]
INFO: [ app_begin ] --START--
INFO: Run Behavior\ReadHtmlCacheBehavior [ RunTime:0.001208s ]
INFO: [ app_begin ] --END-- [ RunTime:0.001381s ]
SQL: SHOW COLUMNS FROM `mint_user` [ RunTime:0.0571s ]
SQL: SELECT c.app_uri as uri FROM mint_user a INNER JOIN mint_role_app b on a.role_id=b.role_id INNER JOIN mint_app c on b.app_id=c.id  WHERE a.id = '1'  [ RunTime:0.0662s ]
SQL: SHOW COLUMNS FROM `mint_clinic` [ RunTime:0.0555s ]
SQL: SELECT `id`,`clinic_name` FROM `mint_clinic`  [ RunTime:0.0546s ]
INFO: [ app_end ] --START--
INFO: Run Behavior\ShowPageTraceBehavior [ RunTime:0.001379s ]
INFO: [ app_end ] --END-- [ RunTime:0.001504s ]

[ 2016-12-07T13:32:04+08:00 ] ::1 /mintAdmin/index.php/Admin/doctor/visitDateQuery?visit_date=2016-12&doctor_id=631
INFO: [ app_init ] --START--
INFO: Run Behavior\BuildLiteBehavior [ RunTime:0.000018s ]
INFO: [ app_init ] --END-- [ RunTime:0.000476s ]
INFO: [ app_begin ] --START--
INFO: Run Behavior\ReadHtmlCacheBehavior [ RunTime:0.000513s ]
INFO: [ app_begin ] --END-- [ RunTime:0.000569s ]
SQL: SHOW COLUMNS FROM `mint_user` [ RunTime:0.0544s ]
SQL: SELECT c.app_uri as uri FROM mint_user a INNER JOIN mint_role_app b on a.role_id=b.role_id INNER JOIN mint_app c on b.app_id=c.id  WHERE a.id = '1'  [ RunTime:0.0517s ]
SQL: SHOW COLUMNS FROM `mint_dttime` [ RunTime:0.0529s ]
SQL: SELECT a.*,b.clinic_name FROM mint_dttime a left join mint_clinic as b on a.clinic_id=b.id  WHERE a.visit_date LIKE '%2016-12%' AND a.doctor_id = '631'  [ RunTime:0.0549s ]
INFO: [ app_end ] --START--
INFO: Run Behavior\ShowPageTraceBehavior [ RunTime:0.000679s ]
INFO: [ app_end ] --END-- [ RunTime:0.000779s ]

[ 2016-12-07T13:32:04+08:00 ] ::1 /mintAdmin/index.php/Admin/doctor/visitDateQuery?visit_date=2017-01&doctor_id=631
INFO: [ app_init ] --START--
INFO: Run Behavior\BuildLiteBehavior [ RunTime:0.000016s ]
INFO: [ app_init ] --END-- [ RunTime:0.000366s ]
INFO: [ app_begin ] --START--
INFO: Run Behavior\ReadHtmlCacheBehavior [ RunTime:0.000493s ]
INFO: [ app_begin ] --END-- [ RunTime:0.000549s ]
SQL: SHOW COLUMNS FROM `mint_user` [ RunTime:0.0532s ]
SQL: SELECT c.app_uri as uri FROM mint_user a INNER JOIN mint_role_app b on a.role_id=b.role_id INNER JOIN mint_app c on b.app_id=c.id  WHERE a.id = '1'  [ RunTime:0.0519s ]
SQL: SHOW COLUMNS FROM `mint_dttime` [ RunTime:0.0526s ]
SQL: SELECT a.*,b.clinic_name FROM mint_dttime a left join mint_clinic as b on a.clinic_id=b.id  WHERE a.visit_date LIKE '%2017-01%' AND a.doctor_id = '631'  [ RunTime:0.0526s ]
INFO: [ app_end ] --START--
INFO: Run Behavior\ShowPageTraceBehavior [ RunTime:0.000665s ]
INFO: [ app_end ] --END-- [ RunTime:0.000748s ]

[ 2016-12-07T13:32:05+08:00 ] ::1 /mintAdmin/index.php/Admin/Doctor/getOne
INFO: [ app_init ] --START--
INFO: Run Behavior\BuildLiteBehavior [ RunTime:0.000015s ]
INFO: [ app_init ] --END-- [ RunTime:0.000344s ]
INFO: [ app_begin ] --START--
INFO: Run Behavior\ReadHtmlCacheBehavior [ RunTime:0.000458s ]
INFO: [ app_begin ] --END-- [ RunTime:0.000512s ]
SQL: SHOW COLUMNS FROM `mint_user` [ RunTime:0.0562s ]
SQL: SELECT c.app_uri as uri FROM mint_user a INNER JOIN mint_role_app b on a.role_id=b.role_id INNER JOIN mint_app c on b.app_id=c.id  WHERE a.id = '1'  [ RunTime:0.0532s ]
SQL: SHOW COLUMNS FROM `mint_user` [ RunTime:0.0552s ]
SQL: SELECT `account`,`invite_code`,`id`,`photo`,`name`,`phone`,`sex`,`position`,`hospital`,`context`,`field`,`label`,`label_id`,`job_age`,`birthyear`,`birthmonth`,`birthday`,`is_show` FROM `mint_user` WHERE ( id=631 ) LIMIT 1   [ RunTime:0.0532s ]
SQL: SHOW COLUMNS FROM `mint_doctor_service` [ RunTime:0.0525s ]
SQL: SELECT group_concat(b.service_name) as service_name,group_concat(b.id) as service_id FROM mint_doctor_service a left join mint_service as b on a.service_id=b.id  WHERE ( a.doctor_id=631 )  [ RunTime:0.0527s ]
INFO: [ app_end ] --START--
INFO: Run Behavior\ShowPageTraceBehavior [ RunTime:0.000676s ]
INFO: [ app_end ] --END-- [ RunTime:0.000754s ]

[ 2016-12-07T13:32:06+08:00 ] ::1 /mintAdmin/index.php/Admin/Doctor/getOne
INFO: [ app_init ] --START--
INFO: Run Behavior\BuildLiteBehavior [ RunTime:0.000019s ]
INFO: [ app_init ] --END-- [ RunTime:0.000420s ]
INFO: [ app_begin ] --START--
INFO: Run Behavior\ReadHtmlCacheBehavior [ RunTime:0.000511s ]
INFO: [ app_begin ] --END-- [ RunTime:0.000570s ]
SQL: SHOW COLUMNS FROM `mint_user` [ RunTime:0.0733s ]
SQL: SELECT c.app_uri as uri FROM mint_user a INNER JOIN mint_role_app b on a.role_id=b.role_id INNER JOIN mint_app c on b.app_id=c.id  WHERE a.id = '1'  [ RunTime:0.0715s ]
SQL: SHOW COLUMNS FROM `mint_user` [ RunTime:0.0745s ]
SQL: SELECT `account`,`invite_code`,`id`,`photo`,`name`,`phone`,`sex`,`position`,`hospital`,`context`,`field`,`label`,`label_id`,`job_age`,`birthyear`,`birthmonth`,`birthday`,`is_show` FROM `mint_user` WHERE ( id=631 ) LIMIT 1   [ RunTime:0.0723s ]
SQL: SHOW COLUMNS FROM `mint_doctor_service` [ RunTime:0.0719s ]
SQL: SELECT group_concat(b.service_name) as service_name,group_concat(b.id) as service_id FROM mint_doctor_service a left join mint_service as b on a.service_id=b.id  WHERE ( a.doctor_id=631 )  [ RunTime:0.0720s ]
INFO: [ app_end ] --START--
INFO: Run Behavior\ShowPageTraceBehavior [ RunTime:0.000587s ]
INFO: [ app_end ] --END-- [ RunTime:0.000649s ]

[ 2016-12-07T13:32:06+08:00 ] ::1 /mintAdmin/index.php/Admin/doctor/visitDateQuery?visit_date=2016-12&doctor_id=631
INFO: [ app_init ] --START--
INFO: Run Behavior\BuildLiteBehavior [ RunTime:0.000017s ]
INFO: [ app_init ] --END-- [ RunTime:0.000371s ]
INFO: [ app_begin ] --START--
INFO: Run Behavior\ReadHtmlCacheBehavior [ RunTime:0.000474s ]
INFO: [ app_begin ] --END-- [ RunTime:0.000526s ]
SQL: SHOW COLUMNS FROM `mint_user` [ RunTime:0.0540s ]
SQL: SELECT c.app_uri as uri FROM mint_user a INNER JOIN mint_role_app b on a.role_id=b.role_id INNER JOIN mint_app c on b.app_id=c.id  WHERE a.id = '1'  [ RunTime:0.0532s ]
SQL: SHOW COLUMNS FROM `mint_dttime` [ RunTime:0.0530s ]
SQL: SELECT a.*,b.clinic_name FROM mint_dttime a left join mint_clinic as b on a.clinic_id=b.id  WHERE a.visit_date LIKE '%2016-12%' AND a.doctor_id = '631'  [ RunTime:0.0538s ]
INFO: [ app_end ] --START--
INFO: Run Behavior\ShowPageTraceBehavior [ RunTime:0.000564s ]
INFO: [ app_end ] --END-- [ RunTime:0.000623s ]

[ 2016-12-07T13:32:10+08:00 ] ::1 /mintAdmin/index.php/Admin/User/addTag
INFO: [ app_init ] --START--
INFO: Run Behavior\BuildLiteBehavior [ RunTime:0.000015s ]
INFO: [ app_init ] --END-- [ RunTime:0.000346s ]
INFO: [ app_begin ] --START--
INFO: Run Behavior\ReadHtmlCacheBehavior [ RunTime:0.000480s ]
INFO: [ app_begin ] --END-- [ RunTime:0.000536s ]
SQL: SHOW COLUMNS FROM `mint_user` [ RunTime:0.0578s ]
SQL: SELECT c.app_uri as uri FROM mint_user a INNER JOIN mint_role_app b on a.role_id=b.role_id INNER JOIN mint_app c on b.app_id=c.id  WHERE a.id = '1'  [ RunTime:0.0594s ]
SQL: SHOW COLUMNS FROM `mint_tag` [ RunTime:0.0598s ]
SQL: INSERT INTO `mint_tag` (`tag_name`,`type`) VALUES ('111','1') [ RunTime:0.1612s ]
INFO: [ app_end ] --START--
INFO: Run Behavior\ShowPageTraceBehavior [ RunTime:0.000559s ]
INFO: [ app_end ] --END-- [ RunTime:0.000635s ]

[ 2016-12-07T13:32:11+08:00 ] ::1 /mintAdmin/index.php/Admin/User/tagLst
INFO: [ app_init ] --START--
INFO: Run Behavior\BuildLiteBehavior [ RunTime:0.000015s ]
INFO: [ app_init ] --END-- [ RunTime:0.000366s ]
INFO: [ app_begin ] --START--
INFO: Run Behavior\ReadHtmlCacheBehavior [ RunTime:0.000464s ]
INFO: [ app_begin ] --END-- [ RunTime:0.000517s ]
SQL: SHOW COLUMNS FROM `mint_user` [ RunTime:0.0583s ]
SQL: SELECT c.app_uri as uri FROM mint_user a INNER JOIN mint_role_app b on a.role_id=b.role_id INNER JOIN mint_app c on b.app_id=c.id  WHERE a.id = '1'  [ RunTime:0.0568s ]
SQL: SHOW COLUMNS FROM `mint_tag` [ RunTime:0.0534s ]
SQL: SELECT * FROM `mint_tag` WHERE ( type=1 )  [ RunTime:0.0536s ]
INFO: [ app_end ] --START--
INFO: Run Behavior\ShowPageTraceBehavior [ RunTime:0.000704s ]
INFO: [ app_end ] --END-- [ RunTime:0.000780s ]

[ 2016-12-07T13:37:27+08:00 ] ::1 /mintAdmin/index.php/Admin/Doctor/index
INFO: [ app_init ] --START--
INFO: Run Behavior\BuildLiteBehavior [ RunTime:0.000033s ]
INFO: [ app_init ] --END-- [ RunTime:0.001035s ]
INFO: [ app_begin ] --START--
INFO: Run Behavior\ReadHtmlCacheBehavior [ RunTime:0.000920s ]
INFO: [ app_begin ] --END-- [ RunTime:0.001035s ]
SQL: SHOW COLUMNS FROM `mint_user` [ RunTime:0.0549s ]
SQL: SELECT c.app_uri as uri FROM mint_user a INNER JOIN mint_role_app b on a.role_id=b.role_id INNER JOIN mint_app c on b.app_id=c.id  WHERE a.id = '1'  [ RunTime:0.0528s ]
SQL: SHOW COLUMNS FROM `mint_user` [ RunTime:0.0548s ]
SQL: SELECT COUNT(*) AS tp_count FROM `mint_user` WHERE `identity_id` = '2' LIMIT 1   [ RunTime:0.0544s ]
SQL: SELECT `id`,`account`,`photo`,`name`,`nickname`,`real_name`,`card_type`,`card_id`,`birthyear`,`birthmonth`,`birthday`,`age`,`sex`,`phone`,`email`,`country`,`province`,`city`,`county`,`race`,`job`,`company_name`,`married`,`have_child`,`post_address`,`society_number`,`position`,`hospital`,`context`,`field`,`label_id`,`label`,`job_age`,`clinic_id`,`work_time`,`invite_code`,`company_code`,`role_id`,`identity_id`,`is_use`,`is_show`,`remark`,`create_time`,`mint_name`,`is_own`,`up_time` FROM `mint_user` WHERE `identity_id` = '2' ORDER BY id desc LIMIT 0,10   [ RunTime:0.0558s ]
SQL: SELECT COUNT(*) AS tp_count FROM `mint_user` LIMIT 1   [ RunTime:0.0531s ]
INFO: [ app_end ] --START--
INFO: Run Behavior\ShowPageTraceBehavior [ RunTime:0.008593s ]
INFO: [ app_end ] --END-- [ RunTime:0.008737s ]

[ 2016-12-07T13:37:28+08:00 ] ::1 /mintAdmin/index.php/Admin/Index/getUserInfo
INFO: [ app_init ] --START--
INFO: Run Behavior\BuildLiteBehavior [ RunTime:0.000035s ]
INFO: [ app_init ] --END-- [ RunTime:0.001113s ]
INFO: [ app_begin ] --START--
INFO: Run Behavior\ReadHtmlCacheBehavior [ RunTime:0.001917s ]
INFO: [ app_begin ] --END-- [ RunTime:0.002252s ]
SQL: SHOW COLUMNS FROM `mint_user` [ RunTime:0.0724s ]
SQL: SELECT * FROM `mint_user` WHERE `id` = 1 LIMIT 1   [ RunTime:0.0711s ]
SQL: SHOW COLUMNS FROM `mint_app` [ RunTime:0.0708s ]
SQL: SELECT `id`,`app_name`,`app_uri`,`app_url`,`parent_id` FROM `mint_app` ORDER BY sort  [ RunTime:0.0711s ]

[ 2016-12-07T13:37:29+08:00 ] ::1 /mintAdmin/index.php/Admin/Index/getUserInfo
INFO: [ app_init ] --START--
INFO: Run Behavior\BuildLiteBehavior [ RunTime:0.000024s ]
INFO: [ app_init ] --END-- [ RunTime:0.000537s ]
INFO: [ app_begin ] --START--
INFO: Run Behavior\ReadHtmlCacheBehavior [ RunTime:0.000722s ]
INFO: [ app_begin ] --END-- [ RunTime:0.000817s ]
SQL: SHOW COLUMNS FROM `mint_user` [ RunTime:0.0540s ]
SQL: SELECT * FROM `mint_user` WHERE `id` = 1 LIMIT 1   [ RunTime:0.0530s ]
SQL: SHOW COLUMNS FROM `mint_app` [ RunTime:0.0520s ]
SQL: SELECT `id`,`app_name`,`app_uri`,`app_url`,`parent_id` FROM `mint_app` ORDER BY sort  [ RunTime:0.0517s ]

[ 2016-12-07T13:37:30+08:00 ] ::1 /mintAdmin/index.php/Admin/Doctor/getOne
INFO: [ app_init ] --START--
INFO: Run Behavior\BuildLiteBehavior [ RunTime:0.000025s ]
INFO: [ app_init ] --END-- [ RunTime:0.000534s ]
INFO: [ app_begin ] --START--
INFO: Run Behavior\ReadHtmlCacheBehavior [ RunTime:0.000730s ]
INFO: [ app_begin ] --END-- [ RunTime:0.000834s ]
SQL: SHOW COLUMNS FROM `mint_user` [ RunTime:0.0340s ]
SQL: SELECT c.app_uri as uri FROM mint_user a INNER JOIN mint_role_app b on a.role_id=b.role_id INNER JOIN mint_app c on b.app_id=c.id  WHERE a.id = '1'  [ RunTime:0.0322s ]
SQL: SHOW COLUMNS FROM `mint_user` [ RunTime:0.0340s ]
SQL: SELECT `account`,`invite_code`,`id`,`photo`,`name`,`phone`,`sex`,`position`,`hospital`,`context`,`field`,`label`,`label_id`,`job_age`,`birthyear`,`birthmonth`,`birthday`,`is_show` FROM `mint_user` WHERE ( id=631 ) LIMIT 1   [ RunTime:0.0328s ]
SQL: SHOW COLUMNS FROM `mint_doctor_service` [ RunTime:0.0324s ]
SQL: SELECT group_concat(b.service_name) as service_name,group_concat(b.id) as service_id FROM mint_doctor_service a left join mint_service as b on a.service_id=b.id  WHERE ( a.doctor_id=631 )  [ RunTime:0.0323s ]
INFO: [ app_end ] --START--
INFO: Run Behavior\ShowPageTraceBehavior [ RunTime:0.000629s ]
INFO: [ app_end ] --END-- [ RunTime:0.000705s ]

[ 2016-12-07T13:37:30+08:00 ] ::1 /mintAdmin/index.php/Admin/Doctor/clinicLst
INFO: [ app_init ] --START--
INFO: Run Behavior\BuildLiteBehavior [ RunTime:0.000038s ]
INFO: [ app_init ] --END-- [ RunTime:0.000667s ]
INFO: [ app_begin ] --START--
INFO: Run Behavior\ReadHtmlCacheBehavior [ RunTime:0.000813s ]
INFO: [ app_begin ] --END-- [ RunTime:0.000943s ]
SQL: SHOW COLUMNS FROM `mint_user` [ RunTime:0.0542s ]
SQL: SELECT c.app_uri as uri FROM mint_user a INNER JOIN mint_role_app b on a.role_id=b.role_id INNER JOIN mint_app c on b.app_id=c.id  WHERE a.id = '1'  [ RunTime:0.0517s ]
SQL: SHOW COLUMNS FROM `mint_clinic` [ RunTime:0.0532s ]
SQL: SELECT `id`,`clinic_name` FROM `mint_clinic`  [ RunTime:0.0517s ]
INFO: [ app_end ] --START--
INFO: Run Behavior\ShowPageTraceBehavior [ RunTime:0.000962s ]
INFO: [ app_end ] --END-- [ RunTime:0.001038s ]

[ 2016-12-07T13:37:30+08:00 ] ::1 /mintAdmin/index.php/Admin/Doctor/getDayVisit?visit_date=2016-12-07&doctor_id=631
INFO: [ app_init ] --START--
INFO: Run Behavior\BuildLiteBehavior [ RunTime:0.000027s ]
INFO: [ app_init ] --END-- [ RunTime:0.000592s ]
INFO: [ app_begin ] --START--
INFO: Run Behavior\ReadHtmlCacheBehavior [ RunTime:0.001644s ]
INFO: [ app_begin ] --END-- [ RunTime:0.001773s ]
SQL: SHOW COLUMNS FROM `mint_user` [ RunTime:0.0544s ]
SQL: SELECT c.app_uri as uri FROM mint_user a INNER JOIN mint_role_app b on a.role_id=b.role_id INNER JOIN mint_app c on b.app_id=c.id  WHERE a.id = '1'  [ RunTime:0.0525s ]
SQL: SHOW COLUMNS FROM `mint_appointment` [ RunTime:0.0533s ]
SQL: SELECT a.patient_name,a.contact_tel,a.project_name,a.visit_time,b.sex,b.birthyear FROM mint_appointment a left join mint_user as b on a.patient_id=b.id  WHERE a.visit_date = 1481040000 AND a.doctor_id = '631'  [ RunTime:0.0525s ]
INFO: [ app_end ] --START--
INFO: Run Behavior\ShowPageTraceBehavior [ RunTime:0.000691s ]
INFO: [ app_end ] --END-- [ RunTime:0.000766s ]

[ 2016-12-07T13:37:31+08:00 ] ::1 /mintAdmin/index.php/Admin/Appointment/visitDateQuery?visit_date=2016-12&doctor_id=631
INFO: [ app_init ] --START--
INFO: Run Behavior\BuildLiteBehavior [ RunTime:0.000027s ]
INFO: [ app_init ] --END-- [ RunTime:0.000613s ]
INFO: [ app_begin ] --START--
INFO: Run Behavior\ReadHtmlCacheBehavior [ RunTime:0.000808s ]
INFO: [ app_begin ] --END-- [ RunTime:0.000909s ]
SQL: SHOW COLUMNS FROM `mint_user` [ RunTime:0.0532s ]
SQL: SELECT c.app_uri as uri FROM mint_user a INNER JOIN mint_role_app b on a.role_id=b.role_id INNER JOIN mint_app c on b.app_id=c.id  WHERE a.id = '1'  [ RunTime:0.0517s ]
SQL: SHOW COLUMNS FROM `mint_dttime` [ RunTime:0.0516s ]
SQL: SELECT a.*,b.clinic_name FROM mint_dttime a left join mint_clinic as b on a.clinic_id=b.id  WHERE a.visit_date LIKE '%2016-12%' AND a.doctor_id = '631'  [ RunTime:0.0530s ]
INFO: [ app_end ] --START--
INFO: Run Behavior\ShowPageTraceBehavior [ RunTime:0.000892s ]
INFO: [ app_end ] --END-- [ RunTime:0.001026s ]

[ 2016-12-07T13:37:31+08:00 ] ::1 /mintAdmin/index.php/Admin/Index/getUserInfo
INFO: [ app_init ] --START--
INFO: Run Behavior\BuildLiteBehavior [ RunTime:0.000027s ]
INFO: [ app_init ] --END-- [ RunTime:0.000539s ]
INFO: [ app_begin ] --START--
INFO: Run Behavior\ReadHtmlCacheBehavior [ RunTime:0.000725s ]
INFO: [ app_begin ] --END-- [ RunTime:0.000852s ]
SQL: SHOW COLUMNS FROM `mint_user` [ RunTime:0.0546s ]
SQL: SELECT * FROM `mint_user` WHERE `id` = 1 LIMIT 1   [ RunTime:0.0532s ]
SQL: SHOW COLUMNS FROM `mint_app` [ RunTime:0.0526s ]
SQL: SELECT `id`,`app_name`,`app_uri`,`app_url`,`parent_id` FROM `mint_app` ORDER BY sort  [ RunTime:0.0521s ]

[ 2016-12-07T13:37:32+08:00 ] ::1 /mintAdmin/index.php/Admin/User/tagLst
INFO: [ app_init ] --START--
INFO: Run Behavior\BuildLiteBehavior [ RunTime:0.000032s ]
INFO: [ app_init ] --END-- [ RunTime:0.000650s ]
INFO: [ app_begin ] --START--
INFO: Run Behavior\ReadHtmlCacheBehavior [ RunTime:0.000928s ]
INFO: [ app_begin ] --END-- [ RunTime:0.001053s ]
SQL: SHOW COLUMNS FROM `mint_user` [ RunTime:0.0544s ]
SQL: SELECT c.app_uri as uri FROM mint_user a INNER JOIN mint_role_app b on a.role_id=b.role_id INNER JOIN mint_app c on b.app_id=c.id  WHERE a.id = '1'  [ RunTime:0.0522s ]
SQL: SHOW COLUMNS FROM `mint_tag` [ RunTime:0.0524s ]
SQL: SELECT * FROM `mint_tag` WHERE ( type=1 )  [ RunTime:0.0520s ]
INFO: [ app_end ] --START--
INFO: Run Behavior\ShowPageTraceBehavior [ RunTime:0.001032s ]
INFO: [ app_end ] --END-- [ RunTime:0.001156s ]

[ 2016-12-07T13:37:32+08:00 ] ::1 /mintAdmin/index.php/Admin/doctor/visitDateQuery?visit_date=2016-12
INFO: [ app_init ] --START--
INFO: Run Behavior\BuildLiteBehavior [ RunTime:0.000026s ]
INFO: [ app_init ] --END-- [ RunTime:0.000819s ]
INFO: [ app_begin ] --START--
INFO: Run Behavior\ReadHtmlCacheBehavior [ RunTime:0.000909s ]
INFO: [ app_begin ] --END-- [ RunTime:0.001017s ]
SQL: SHOW COLUMNS FROM `mint_user` [ RunTime:0.0730s ]
SQL: SELECT c.app_uri as uri FROM mint_user a INNER JOIN mint_role_app b on a.role_id=b.role_id INNER JOIN mint_app c on b.app_id=c.id  WHERE a.id = '1'  [ RunTime:0.0715s ]
SQL: SHOW COLUMNS FROM `mint_dttime` [ RunTime:0.0717s ]
SQL: SELECT a.*,b.clinic_name FROM mint_dttime a left join mint_clinic as b on a.clinic_id=b.id  WHERE a.visit_date LIKE '%2016-12%' AND a.doctor_id = '1'  [ RunTime:0.0713s ]
INFO: [ app_end ] --START--
INFO: Run Behavior\ShowPageTraceBehavior [ RunTime:0.000723s ]
INFO: [ app_end ] --END-- [ RunTime:0.000815s ]

[ 2016-12-07T13:37:33+08:00 ] ::1 /mintAdmin/index.php/Admin/Doctor/serviceLst
INFO: [ app_init ] --START--
INFO: Run Behavior\BuildLiteBehavior [ RunTime:0.000024s ]
INFO: [ app_init ] --END-- [ RunTime:0.000675s ]
INFO: [ app_begin ] --START--
INFO: Run Behavior\ReadHtmlCacheBehavior [ RunTime:0.000790s ]
INFO: [ app_begin ] --END-- [ RunTime:0.000900s ]
SQL: SHOW COLUMNS FROM `mint_user` [ RunTime:0.0741s ]
SQL: SELECT c.app_uri as uri FROM mint_user a INNER JOIN mint_role_app b on a.role_id=b.role_id INNER JOIN mint_app c on b.app_id=c.id  WHERE a.id = '1'  [ RunTime:0.0730s ]
SQL: SHOW COLUMNS FROM `mint_service` [ RunTime:0.0732s ]
SQL: SELECT * FROM `mint_service`  [ RunTime:0.0731s ]
INFO: [ app_end ] --START--
INFO: Run Behavior\ShowPageTraceBehavior [ RunTime:0.000611s ]
INFO: [ app_end ] --END-- [ RunTime:0.000688s ]

[ 2016-12-07T13:37:34+08:00 ] ::1 /mintAdmin/index.php/Admin/Doctor/clinicLst
INFO: [ app_init ] --START--
INFO: Run Behavior\BuildLiteBehavior [ RunTime:0.000025s ]
INFO: [ app_init ] --END-- [ RunTime:0.000635s ]
INFO: [ app_begin ] --START--
INFO: Run Behavior\ReadHtmlCacheBehavior [ RunTime:0.001892s ]
INFO: [ app_begin ] --END-- [ RunTime:0.002031s ]
SQL: SHOW COLUMNS FROM `mint_user` [ RunTime:0.0541s ]
SQL: SELECT c.app_uri as uri FROM mint_user a INNER JOIN mint_role_app b on a.role_id=b.role_id INNER JOIN mint_app c on b.app_id=c.id  WHERE a.id = '1'  [ RunTime:0.0522s ]
SQL: SHOW COLUMNS FROM `mint_clinic` [ RunTime:0.0538s ]
SQL: SELECT `id`,`clinic_name` FROM `mint_clinic`  [ RunTime:0.0523s ]
INFO: [ app_end ] --START--
INFO: Run Behavior\ShowPageTraceBehavior [ RunTime:0.000918s ]
INFO: [ app_end ] --END-- [ RunTime:0.001002s ]

[ 2016-12-07T13:37:35+08:00 ] ::1 /mintAdmin/index.php/Admin/Doctor/getOne
INFO: [ app_init ] --START--
INFO: Run Behavior\BuildLiteBehavior [ RunTime:0.000019s ]
INFO: [ app_init ] --END-- [ RunTime:0.000454s ]
INFO: [ app_begin ] --START--
INFO: Run Behavior\ReadHtmlCacheBehavior [ RunTime:0.000618s ]
INFO: [ app_begin ] --END-- [ RunTime:0.000684s ]
SQL: SHOW COLUMNS FROM `mint_user` [ RunTime:0.0756s ]
SQL: SELECT c.app_uri as uri FROM mint_user a INNER JOIN mint_role_app b on a.role_id=b.role_id INNER JOIN mint_app c on b.app_id=c.id  WHERE a.id = '1'  [ RunTime:0.3447s ]
SQL: SHOW COLUMNS FROM `mint_user` [ RunTime:0.0751s ]
SQL: SELECT `account`,`invite_code`,`id`,`photo`,`name`,`phone`,`sex`,`position`,`hospital`,`context`,`field`,`label`,`label_id`,`job_age`,`birthyear`,`birthmonth`,`birthday`,`is_show` FROM `mint_user` WHERE ( id=631 ) LIMIT 1   [ RunTime:0.0725s ]
SQL: SHOW COLUMNS FROM `mint_doctor_service` [ RunTime:0.0730s ]
SQL: SELECT group_concat(b.service_name) as service_name,group_concat(b.id) as service_id FROM mint_doctor_service a left join mint_service as b on a.service_id=b.id  WHERE ( a.doctor_id=631 )  [ RunTime:0.0722s ]
INFO: [ app_end ] --START--
INFO: Run Behavior\ShowPageTraceBehavior [ RunTime:0.000733s ]
INFO: [ app_end ] --END-- [ RunTime:0.000810s ]

[ 2016-12-07T13:37:35+08:00 ] ::1 /mintAdmin/index.php/Admin/doctor/visitDateQuery?visit_date=2016-12&doctor_id=631
INFO: [ app_init ] --START--
INFO: Run Behavior\BuildLiteBehavior [ RunTime:0.000023s ]
INFO: [ app_init ] --END-- [ RunTime:0.000538s ]
INFO: [ app_begin ] --START--
INFO: Run Behavior\ReadHtmlCacheBehavior [ RunTime:0.000748s ]
INFO: [ app_begin ] --END-- [ RunTime:0.000833s ]
SQL: SHOW COLUMNS FROM `mint_user` [ RunTime:0.0346s ]
SQL: SELECT c.app_uri as uri FROM mint_user a INNER JOIN mint_role_app b on a.role_id=b.role_id INNER JOIN mint_app c on b.app_id=c.id  WHERE a.id = '1'  [ RunTime:0.0327s ]
SQL: SHOW COLUMNS FROM `mint_dttime` [ RunTime:0.0332s ]
SQL: SELECT a.*,b.clinic_name FROM mint_dttime a left join mint_clinic as b on a.clinic_id=b.id  WHERE a.visit_date LIKE '%2016-12%' AND a.doctor_id = '631'  [ RunTime:0.0333s ]
INFO: [ app_end ] --START--
INFO: Run Behavior\ShowPageTraceBehavior [ RunTime:0.000969s ]
INFO: [ app_end ] --END-- [ RunTime:0.001074s ]

[ 2016-12-07T13:37:35+08:00 ] ::1 /mintAdmin/index.php/Admin/doctor/visitDateQuery?visit_date=2017-01&doctor_id=631
INFO: [ app_init ] --START--
INFO: Run Behavior\BuildLiteBehavior [ RunTime:0.000017s ]
INFO: [ app_init ] --END-- [ RunTime:0.000379s ]
INFO: [ app_begin ] --START--
INFO: Run Behavior\ReadHtmlCacheBehavior [ RunTime:0.000519s ]
INFO: [ app_begin ] --END-- [ RunTime:0.000579s ]
SQL: SHOW COLUMNS FROM `mint_user` [ RunTime:0.0727s ]
SQL: SELECT c.app_uri as uri FROM mint_user a INNER JOIN mint_role_app b on a.role_id=b.role_id INNER JOIN mint_app c on b.app_id=c.id  WHERE a.id = '1'  [ RunTime:0.0713s ]
SQL: SHOW COLUMNS FROM `mint_dttime` [ RunTime:0.0719s ]
SQL: SELECT a.*,b.clinic_name FROM mint_dttime a left join mint_clinic as b on a.clinic_id=b.id  WHERE a.visit_date LIKE '%2017-01%' AND a.doctor_id = '631'  [ RunTime:0.0715s ]
INFO: [ app_end ] --START--
INFO: Run Behavior\ShowPageTraceBehavior [ RunTime:0.000802s ]
INFO: [ app_end ] --END-- [ RunTime:0.000874s ]

[ 2016-12-07T13:37:36+08:00 ] ::1 /mintAdmin/index.php/Admin/Doctor/getOne
INFO: [ app_init ] --START--
INFO: Run Behavior\BuildLiteBehavior [ RunTime:0.000029s ]
INFO: [ app_init ] --END-- [ RunTime:0.000682s ]
INFO: [ app_begin ] --START--
INFO: Run Behavior\ReadHtmlCacheBehavior [ RunTime:0.000829s ]
INFO: [ app_begin ] --END-- [ RunTime:0.000946s ]
SQL: SHOW COLUMNS FROM `mint_user` [ RunTime:0.0545s ]
SQL: SELECT c.app_uri as uri FROM mint_user a INNER JOIN mint_role_app b on a.role_id=b.role_id INNER JOIN mint_app c on b.app_id=c.id  WHERE a.id = '1'  [ RunTime:0.0529s ]
SQL: SHOW COLUMNS FROM `mint_user` [ RunTime:0.0546s ]
SQL: SELECT `account`,`invite_code`,`id`,`photo`,`name`,`phone`,`sex`,`position`,`hospital`,`context`,`field`,`label`,`label_id`,`job_age`,`birthyear`,`birthmonth`,`birthday`,`is_show` FROM `mint_user` WHERE ( id=631 ) LIMIT 1   [ RunTime:0.0534s ]
SQL: SHOW COLUMNS FROM `mint_doctor_service` [ RunTime:0.0534s ]
SQL: SELECT group_concat(b.service_name) as service_name,group_concat(b.id) as service_id FROM mint_doctor_service a left join mint_service as b on a.service_id=b.id  WHERE ( a.doctor_id=631 )  [ RunTime:0.0527s ]
INFO: [ app_end ] --START--
INFO: Run Behavior\ShowPageTraceBehavior [ RunTime:0.000582s ]
INFO: [ app_end ] --END-- [ RunTime:0.000653s ]

[ 2016-12-07T13:37:37+08:00 ] ::1 /mintAdmin/index.php/Admin/doctor/visitDateQuery?visit_date=2016-12&doctor_id=631
INFO: [ app_init ] --START--
INFO: Run Behavior\BuildLiteBehavior [ RunTime:0.000018s ]
INFO: [ app_init ] --END-- [ RunTime:0.000393s ]
INFO: [ app_begin ] --START--
INFO: Run Behavior\ReadHtmlCacheBehavior [ RunTime:0.000542s ]
INFO: [ app_begin ] --END-- [ RunTime:0.000611s ]
SQL: SHOW COLUMNS FROM `mint_user` [ RunTime:0.0734s ]
SQL: SELECT c.app_uri as uri FROM mint_user a INNER JOIN mint_role_app b on a.role_id=b.role_id INNER JOIN mint_app c on b.app_id=c.id  WHERE a.id = '1'  [ RunTime:0.0716s ]
SQL: SHOW COLUMNS FROM `mint_dttime` [ RunTime:0.0714s ]
SQL: SELECT a.*,b.clinic_name FROM mint_dttime a left join mint_clinic as b on a.clinic_id=b.id  WHERE a.visit_date LIKE '%2016-12%' AND a.doctor_id = '631'  [ RunTime:0.0721s ]
INFO: [ app_end ] --START--
INFO: Run Behavior\ShowPageTraceBehavior [ RunTime:0.000564s ]
INFO: [ app_end ] --END-- [ RunTime:0.000622s ]

[ 2016-12-07T13:38:02+08:00 ] ::1 /mintAdmin/index.php/Admin/User/addTag
INFO: [ app_init ] --START--
INFO: Run Behavior\BuildLiteBehavior [ RunTime:0.000019s ]
INFO: [ app_init ] --END-- [ RunTime:0.000408s ]
INFO: [ app_begin ] --START--
INFO: Run Behavior\ReadHtmlCacheBehavior [ RunTime:0.000595s ]
INFO: [ app_begin ] --END-- [ RunTime:0.000675s ]
SQL: SHOW COLUMNS FROM `mint_user` [ RunTime:0.0549s ]
SQL: SELECT c.app_uri as uri FROM mint_user a INNER JOIN mint_role_app b on a.role_id=b.role_id INNER JOIN mint_app c on b.app_id=c.id  WHERE a.id = '1'  [ RunTime:0.0538s ]
SQL: SHOW COLUMNS FROM `mint_tag` [ RunTime:0.0542s ]
SQL: INSERT INTO `mint_tag` (`tag_name`,`type`) VALUES ('22222','1') [ RunTime:0.0860s ]
INFO: [ app_end ] --START--
INFO: Run Behavior\ShowPageTraceBehavior [ RunTime:0.000612s ]
INFO: [ app_end ] --END-- [ RunTime:0.000671s ]

[ 2016-12-07T13:38:02+08:00 ] ::1 /mintAdmin/index.php/Admin/User/tagLst
INFO: [ app_init ] --START--
INFO: Run Behavior\BuildLiteBehavior [ RunTime:0.000018s ]
INFO: [ app_init ] --END-- [ RunTime:0.000405s ]
INFO: [ app_begin ] --START--
INFO: Run Behavior\ReadHtmlCacheBehavior [ RunTime:0.000530s ]
INFO: [ app_begin ] --END-- [ RunTime:0.000609s ]
SQL: SHOW COLUMNS FROM `mint_user` [ RunTime:0.0545s ]
SQL: SELECT c.app_uri as uri FROM mint_user a INNER JOIN mint_role_app b on a.role_id=b.role_id INNER JOIN mint_app c on b.app_id=c.id  WHERE a.id = '1'  [ RunTime:0.0549s ]
SQL: SHOW COLUMNS FROM `mint_tag` [ RunTime:0.0531s ]
SQL: SELECT * FROM `mint_tag` WHERE ( type=1 )  [ RunTime:0.0530s ]
INFO: [ app_end ] --START--
INFO: Run Behavior\ShowPageTraceBehavior [ RunTime:0.000572s ]
INFO: [ app_end ] --END-- [ RunTime:0.000631s ]

[ 2016-12-07T13:38:16+08:00 ] ::1 /mintAdmin/index.php/Admin/User/addTag
INFO: [ app_init ] --START--
INFO: Run Behavior\BuildLiteBehavior [ RunTime:0.000018s ]
INFO: [ app_init ] --END-- [ RunTime:0.000391s ]
INFO: [ app_begin ] --START--
INFO: Run Behavior\ReadHtmlCacheBehavior [ RunTime:0.000519s ]
INFO: [ app_begin ] --END-- [ RunTime:0.000582s ]
SQL: SHOW COLUMNS FROM `mint_user` [ RunTime:0.0542s ]
SQL: SELECT c.app_uri as uri FROM mint_user a INNER JOIN mint_role_app b on a.role_id=b.role_id INNER JOIN mint_app c on b.app_id=c.id  WHERE a.id = '1'  [ RunTime:0.0528s ]
SQL: SHOW COLUMNS FROM `mint_tag` [ RunTime:0.0520s ]
SQL: INSERT INTO `mint_tag` (`tag_name`,`type`) VALUES ('33333','1') [ RunTime:0.0608s ]
INFO: [ app_end ] --START--
INFO: Run Behavior\ShowPageTraceBehavior [ RunTime:0.000621s ]
INFO: [ app_end ] --END-- [ RunTime:0.000685s ]

[ 2016-12-07T13:38:16+08:00 ] ::1 /mintAdmin/index.php/Admin/User/tagLst
INFO: [ app_init ] --START--
INFO: Run Behavior\BuildLiteBehavior [ RunTime:0.000017s ]
INFO: [ app_init ] --END-- [ RunTime:0.000398s ]
INFO: [ app_begin ] --START--
INFO: Run Behavior\ReadHtmlCacheBehavior [ RunTime:0.000526s ]
INFO: [ app_begin ] --END-- [ RunTime:0.000592s ]
SQL: SHOW COLUMNS FROM `mint_user` [ RunTime:0.0539s ]
SQL: SELECT c.app_uri as uri FROM mint_user a INNER JOIN mint_role_app b on a.role_id=b.role_id INNER JOIN mint_app c on b.app_id=c.id  WHERE a.id = '1'  [ RunTime:0.0527s ]
SQL: SHOW COLUMNS FROM `mint_tag` [ RunTime:0.0533s ]
SQL: SELECT * FROM `mint_tag` WHERE ( type=1 )  [ RunTime:0.0526s ]
INFO: [ app_end ] --START--
INFO: Run Behavior\ShowPageTraceBehavior [ RunTime:0.001039s ]
INFO: [ app_end ] --END-- [ RunTime:0.001122s ]

[ 2016-12-07T13:38:30+08:00 ] ::1 /mintAdmin/index.php/Admin/Doctor/save
INFO: [ app_init ] --START--
INFO: Run Behavior\BuildLiteBehavior [ RunTime:0.000017s ]
INFO: [ app_init ] --END-- [ RunTime:0.000399s ]
INFO: [ app_begin ] --START--
INFO: Run Behavior\ReadHtmlCacheBehavior [ RunTime:0.000528s ]
INFO: [ app_begin ] --END-- [ RunTime:0.000594s ]
SQL: SHOW COLUMNS FROM `mint_user` [ RunTime:0.0734s ]
SQL: SELECT c.app_uri as uri FROM mint_user a INNER JOIN mint_role_app b on a.role_id=b.role_id INNER JOIN mint_app c on b.app_id=c.id  WHERE a.id = '1'  [ RunTime:0.0735s ]
NOTIC: [8] Undefined index: work_time /Applications/MAMP/htdocs/mintAdmin/Application/Admin/Controller/DoctorController.class.php 第 207 行.
SQL: SHOW COLUMNS FROM `mint_user` [ RunTime:0.0737s ]
SQL: UPDATE `mint_user` SET `name`='selina测试',`photo`='',`sex`='2',`position`='web',`hospital`='北京',`field`='啥都不擅长',`job_age`='0',`context`='没背景',`account`='18999999999',`phone`='15101538595',`label`=',口腔修复,牙槽外科,22222,33333,',`label_id`='1,2,18,19',`identity_id`='2',`is_show`='1',`clinic_id`='4' WHERE `id` = 631 [ RunTime:0.0880s ]
SQL: SHOW COLUMNS FROM `mint_doctor_service` [ RunTime:0.0720s ]
SQL: DELETE FROM `mint_doctor_service` WHERE ( doctor_id=631 ) [ RunTime:0.0720s ]
SQL: INSERT INTO `mint_doctor_service` (`doctor_id`,`service_id`,`create_time`) VALUES ('631','1','1481089107') [ RunTime:0.0717s ]
SQL: INSERT INTO `mint_doctor_service` (`doctor_id`,`service_id`,`create_time`) VALUES ('631','2','1481089107') [ RunTime:0.0715s ]
SQL: INSERT INTO `mint_doctor_service` (`doctor_id`,`service_id`,`create_time`) VALUES ('631','3','1481089107') [ RunTime:0.0723s ]
SQL: INSERT INTO `mint_doctor_service` (`doctor_id`,`service_id`,`create_time`) VALUES ('631','5','1481089107') [ RunTime:0.0717s ]
SQL: INSERT INTO `mint_doctor_service` (`doctor_id`,`service_id`,`create_time`) VALUES ('631','6','1481089107') [ RunTime:0.0721s ]
SQL: INSERT INTO `mint_doctor_service` (`doctor_id`,`service_id`,`create_time`) VALUES ('631','7','1481089107') [ RunTime:0.0719s ]
SQL: INSERT INTO `mint_doctor_service` (`doctor_id`,`service_id`,`create_time`) VALUES ('631','9','1481089107') [ RunTime:0.0718s ]
SQL: INSERT INTO `mint_doctor_service` (`doctor_id`,`service_id`,`create_time`) VALUES ('631','10','1481089107') [ RunTime:0.0719s ]
SQL: SHOW COLUMNS FROM `mint_dttime` [ RunTime:0.0718s ]
SQL: DELETE FROM `mint_dttime` WHERE `doctor_id` = '631' AND `visit_date` LIKE '%2016-12%' [ RunTime:0.0718s ]
SQL: DELETE FROM `mint_dttime` WHERE `doctor_id` = '631' AND `visit_date` LIKE '%2017-01%' [ RunTime:0.0714s ]
SQL: INSERT INTO `mint_dttime` (`visit_date`,`clinic_id`,`doctor_id`,`create_time`,`start_time`,`end_time`) VALUES ('2016-12-22','4','631','1481089108','09:00','17:30') [ RunTime:0.0753s ]
SQL: INSERT INTO `mint_dttime` (`visit_date`,`clinic_id`,`doctor_id`,`create_time`,`start_time`,`end_time`) VALUES ('2016-12-21','4','631','1481089108','11:00','17:30') [ RunTime:0.0716s ]
SQL: INSERT INTO `mint_dttime` (`visit_date`,`clinic_id`,`doctor_id`,`create_time`,`start_time`,`end_time`) VALUES ('2016-12-28','4','631','1481089108','09:00','20:30') [ RunTime:0.0718s ]
SQL: INSERT INTO `mint_dttime` (`visit_date`,`clinic_id`,`doctor_id`,`create_time`,`start_time`,`end_time`) VALUES ('2016-12-29','4','631','1481089108','10:00','17:30') [ RunTime:0.0716s ]
SQL: INSERT INTO `mint_dttime` (`visit_date`,`clinic_id`,`doctor_id`,`create_time`,`start_time`,`end_time`) VALUES ('2016-12-23','4','631','1481089108','13:00','17:30') [ RunTime:0.0715s ]
SQL: INSERT INTO `mint_dttime` (`visit_date`,`clinic_id`,`doctor_id`,`create_time`,`start_time`,`end_time`) VALUES ('2016-12-30','4','631','1481089108','09:00','21:00') [ RunTime:0.0721s ]
SQL: INSERT INTO `mint_dttime` (`visit_date`,`clinic_id`,`doctor_id`,`create_time`,`start_time`,`end_time`) VALUES ('2016-12-22','4','631','1481089108','09:00','17:30') [ RunTime:0.0717s ]
SQL: INSERT INTO `mint_dttime` (`visit_date`,`clinic_id`,`doctor_id`,`create_time`,`start_time`,`end_time`) VALUES ('2016-12-21','4','631','1481089108','11:00','17:30') [ RunTime:0.0720s ]
SQL: INSERT INTO `mint_dttime` (`visit_date`,`clinic_id`,`doctor_id`,`create_time`,`start_time`,`end_time`) VALUES ('2016-12-28','4','631','1481089108','09:00','20:30') [ RunTime:0.0719s ]
SQL: INSERT INTO `mint_dttime` (`visit_date`,`clinic_id`,`doctor_id`,`create_time`,`start_time`,`end_time`) VALUES ('2016-12-29','4','631','1481089108','10:00','17:30') [ RunTime:0.0717s ]
SQL: INSERT INTO `mint_dttime` (`visit_date`,`clinic_id`,`doctor_id`,`create_time`,`start_time`,`end_time`) VALUES ('2016-12-23','4','631','1481089108','13:00','17:30') [ RunTime:0.0731s ]
SQL: INSERT INTO `mint_dttime` (`visit_date`,`clinic_id`,`doctor_id`,`create_time`,`start_time`,`end_time`) VALUES ('2016-12-30','4','631','1481089109','09:00','21:00') [ RunTime:0.0713s ]
SQL: INSERT INTO `mint_dttime` (`visit_date`,`clinic_id`,`doctor_id`,`create_time`,`start_time`,`end_time`) VALUES ('2016-12-22','4','631','1481089109','09:00','17:30') [ RunTime:0.0712s ]
SQL: INSERT INTO `mint_dttime` (`visit_date`,`clinic_id`,`doctor_id`,`create_time`,`start_time`,`end_time`) VALUES ('2016-12-21','4','631','1481089109','11:00','17:30') [ RunTime:0.0713s ]
SQL: INSERT INTO `mint_dttime` (`visit_date`,`clinic_id`,`doctor_id`,`create_time`,`start_time`,`end_time`) VALUES ('2016-12-28','4','631','1481089109','09:00','20:30') [ RunTime:0.0715s ]
SQL: INSERT INTO `mint_dttime` (`visit_date`,`clinic_id`,`doctor_id`,`create_time`,`start_time`,`end_time`) VALUES ('2016-12-29','4','631','1481089109','10:00','17:30') [ RunTime:0.0717s ]
SQL: INSERT INTO `mint_dttime` (`visit_date`,`clinic_id`,`doctor_id`,`create_time`,`start_time`,`end_time`) VALUES ('2016-12-23','4','631','1481089109','13:00','17:30') [ RunTime:0.0715s ]
SQL: INSERT INTO `mint_dttime` (`visit_date`,`clinic_id`,`doctor_id`,`create_time`,`start_time`,`end_time`) VALUES ('2016-12-30','4','631','1481089109','09:00','21:00') [ RunTime:0.0713s ]
SQL: INSERT INTO `mint_dttime` (`visit_date`,`clinic_id`,`doctor_id`,`create_time`,`start_time`,`end_time`) VALUES ('2016-12-22','4','631','1481089109','09:00','17:30') [ RunTime:0.0719s ]
SQL: INSERT INTO `mint_dttime` (`visit_date`,`clinic_id`,`doctor_id`,`create_time`,`start_time`,`end_time`) VALUES ('2016-12-21','4','631','1481089109','11:00','17:30') [ RunTime:0.0714s ]
SQL: INSERT INTO `mint_dttime` (`visit_date`,`clinic_id`,`doctor_id`,`create_time`,`start_time`,`end_time`) VALUES ('2016-12-28','4','631','1481089109','09:00','20:30') [ RunTime:0.0716s ]
SQL: INSERT INTO `mint_dttime` (`visit_date`,`clinic_id`,`doctor_id`,`create_time`,`start_time`,`end_time`) VALUES ('2016-12-29','4','631','1481089109','10:00','17:30') [ RunTime:0.0717s ]
SQL: INSERT INTO `mint_dttime` (`visit_date`,`clinic_id`,`doctor_id`,`create_time`,`start_time`,`end_time`) VALUES ('2016-12-23','4','631','1481089109','13:00','17:30') [ RunTime:0.0714s ]
SQL: INSERT INTO `mint_dttime` (`visit_date`,`clinic_id`,`doctor_id`,`create_time`,`start_time`,`end_time`) VALUES ('2016-12-30','4','631','1481089109','09:00','21:00') [ RunTime:0.0719s ]
INFO: [ app_end ] --START--
INFO: Run Behavior\ShowPageTraceBehavior [ RunTime:0.000600s ]
INFO: [ app_end ] --END-- [ RunTime:0.000678s ]

[ 2016-12-07T13:38:31+08:00 ] ::1 /mintAdmin/index.php/Admin/Doctor/save
INFO: [ app_init ] --START--
INFO: Run Behavior\BuildLiteBehavior [ RunTime:0.000029s ]
INFO: [ app_init ] --END-- [ RunTime:0.000665s ]
INFO: [ app_begin ] --START--
INFO: Run Behavior\ReadHtmlCacheBehavior [ RunTime:0.000675s ]
INFO: [ app_begin ] --END-- [ RunTime:0.000764s ]
SQL: SHOW COLUMNS FROM `mint_user` [ RunTime:0.0349s ]
SQL: SELECT c.app_uri as uri FROM mint_user a INNER JOIN mint_role_app b on a.role_id=b.role_id INNER JOIN mint_app c on b.app_id=c.id  WHERE a.id = '1'  [ RunTime:0.0326s ]
NOTIC: [8] Undefined index: work_time /Applications/MAMP/htdocs/mintAdmin/Application/Admin/Controller/DoctorController.class.php 第 207 行.
SQL: SHOW COLUMNS FROM `mint_user` [ RunTime:0.0346s ]
SQL: UPDATE `mint_user` SET `name`='selina测试',`photo`='',`sex`='2',`position`='web',`hospital`='北京',`field`='啥都不擅长',`job_age`='0',`context`='没背景',`account`='18999999999',`phone`='15101538595',`label`=',口腔修复,牙槽外科,22222,33333,',`label_id`='1,2,18,19',`identity_id`='2',`is_show`='1',`clinic_id`='4' WHERE `id` = 631 [ RunTime:0.0334s ]
SQL: SHOW COLUMNS FROM `mint_doctor_service` [ RunTime:0.0340s ]
SQL: DELETE FROM `mint_doctor_service` WHERE ( doctor_id=631 ) [ RunTime:0.0333s ]
SQL: INSERT INTO `mint_doctor_service` (`doctor_id`,`service_id`,`create_time`) VALUES ('631','1','1481089110') [ RunTime:0.0329s ]
SQL: INSERT INTO `mint_doctor_service` (`doctor_id`,`service_id`,`create_time`) VALUES ('631','2','1481089110') [ RunTime:0.0326s ]
SQL: INSERT INTO `mint_doctor_service` (`doctor_id`,`service_id`,`create_time`) VALUES ('631','3','1481089110') [ RunTime:0.0340s ]
SQL: INSERT INTO `mint_doctor_service` (`doctor_id`,`service_id`,`create_time`) VALUES ('631','5','1481089110') [ RunTime:0.0338s ]
SQL: INSERT INTO `mint_doctor_service` (`doctor_id`,`service_id`,`create_time`) VALUES ('631','6','1481089110') [ RunTime:0.0339s ]
SQL: INSERT INTO `mint_doctor_service` (`doctor_id`,`service_id`,`create_time`) VALUES ('631','7','1481089110') [ RunTime:0.0332s ]
SQL: INSERT INTO `mint_doctor_service` (`doctor_id`,`service_id`,`create_time`) VALUES ('631','9','1481089110') [ RunTime:0.0335s ]
SQL: INSERT INTO `mint_doctor_service` (`doctor_id`,`service_id`,`create_time`) VALUES ('631','10','1481089110') [ RunTime:0.0329s ]
SQL: SHOW COLUMNS FROM `mint_dttime` [ RunTime:0.0330s ]
SQL: DELETE FROM `mint_dttime` WHERE `doctor_id` = '631' AND `visit_date` LIKE '%2016-12%' [ RunTime:0.0332s ]
SQL: DELETE FROM `mint_dttime` WHERE `doctor_id` = '631' AND `visit_date` LIKE '%2017-01%' [ RunTime:0.0323s ]
SQL: INSERT INTO `mint_dttime` (`visit_date`,`clinic_id`,`doctor_id`,`create_time`,`start_time`,`end_time`) VALUES ('2016-12-22','4','631','1481089110','09:00','17:30') [ RunTime:0.0335s ]
SQL: INSERT INTO `mint_dttime` (`visit_date`,`clinic_id`,`doctor_id`,`create_time`,`start_time`,`end_time`) VALUES ('2016-12-21','4','631','1481089110','11:00','17:30') [ RunTime:0.0325s ]
SQL: INSERT INTO `mint_dttime` (`visit_date`,`clinic_id`,`doctor_id`,`create_time`,`start_time`,`end_time`) VALUES ('2016-12-28','4','631','1481089110','09:00','20:30') [ RunTime:0.0325s ]
SQL: INSERT INTO `mint_dttime` (`visit_date`,`clinic_id`,`doctor_id`,`create_time`,`start_time`,`end_time`) VALUES ('2016-12-29','4','631','1481089110','10:00','17:30') [ RunTime:0.0324s ]
SQL: INSERT INTO `mint_dttime` (`visit_date`,`clinic_id`,`doctor_id`,`create_time`,`start_time`,`end_time`) VALUES ('2016-12-23','4','631','1481089110','13:00','17:30') [ RunTime:0.0327s ]
SQL: INSERT INTO `mint_dttime` (`visit_date`,`clinic_id`,`doctor_id`,`create_time`,`start_time`,`end_time`) VALUES ('2016-12-30','4','631','1481089111','09:00','21:00') [ RunTime:0.0329s ]
SQL: INSERT INTO `mint_dttime` (`visit_date`,`clinic_id`,`doctor_id`,`create_time`,`start_time`,`end_time`) VALUES ('2016-12-22','4','631','1481089111','09:00','17:30') [ RunTime:0.0327s ]
SQL: INSERT INTO `mint_dttime` (`visit_date`,`clinic_id`,`doctor_id`,`create_time`,`start_time`,`end_time`) VALUES ('2016-12-21','4','631','1481089111','11:00','17:30') [ RunTime:0.0326s ]
SQL: INSERT INTO `mint_dttime` (`visit_date`,`clinic_id`,`doctor_id`,`create_time`,`start_time`,`end_time`) VALUES ('2016-12-28','4','631','1481089111','09:00','20:30') [ RunTime:0.0326s ]
SQL: INSERT INTO `mint_dttime` (`visit_date`,`clinic_id`,`doctor_id`,`create_time`,`start_time`,`end_time`) VALUES ('2016-12-29','4','631','1481089111','10:00','17:30') [ RunTime:0.0325s ]
SQL: INSERT INTO `mint_dttime` (`visit_date`,`clinic_id`,`doctor_id`,`create_time`,`start_time`,`end_time`) VALUES ('2016-12-23','4','631','1481089111','13:00','17:30') [ RunTime:0.0327s ]
SQL: INSERT INTO `mint_dttime` (`visit_date`,`clinic_id`,`doctor_id`,`create_time`,`start_time`,`end_time`) VALUES ('2016-12-30','4','631','1481089111','09:00','21:00') [ RunTime:0.0328s ]
SQL: INSERT INTO `mint_dttime` (`visit_date`,`clinic_id`,`doctor_id`,`create_time`,`start_time`,`end_time`) VALUES ('2016-12-22','4','631','1481089111','09:00','17:30') [ RunTime:0.0326s ]
SQL: INSERT INTO `mint_dttime` (`visit_date`,`clinic_id`,`doctor_id`,`create_time`,`start_time`,`end_time`) VALUES ('2016-12-21','4','631','1481089111','11:00','17:30') [ RunTime:0.0322s ]
SQL: INSERT INTO `mint_dttime` (`visit_date`,`clinic_id`,`doctor_id`,`create_time`,`start_time`,`end_time`) VALUES ('2016-12-28','4','631','1481089111','09:00','20:30') [ RunTime:0.0324s ]
SQL: INSERT INTO `mint_dttime` (`visit_date`,`clinic_id`,`doctor_id`,`create_time`,`start_time`,`end_time`) VALUES ('2016-12-29','4','631','1481089111','10:00','17:30') [ RunTime:0.0338s ]
SQL: INSERT INTO `mint_dttime` (`visit_date`,`clinic_id`,`doctor_id`,`create_time`,`start_time`,`end_time`) VALUES ('2016-12-23','4','631','1481089111','13:00','17:30') [ RunTime:0.0324s ]
SQL: INSERT INTO `mint_dttime` (`visit_date`,`clinic_id`,`doctor_id`,`create_time`,`start_time`,`end_time`) VALUES ('2016-12-30','4','631','1481089111','09:00','21:00') [ RunTime:0.0322s ]
SQL: INSERT INTO `mint_dttime` (`visit_date`,`clinic_id`,`doctor_id`,`create_time`,`start_time`,`end_time`) VALUES ('2016-12-22','4','631','1481089111','09:00','17:30') [ RunTime:0.0325s ]
SQL: INSERT INTO `mint_dttime` (`visit_date`,`clinic_id`,`doctor_id`,`create_time`,`start_time`,`end_time`) VALUES ('2016-12-21','4','631','1481089111','11:00','17:30') [ RunTime:0.0323s ]
SQL: INSERT INTO `mint_dttime` (`visit_date`,`clinic_id`,`doctor_id`,`create_time`,`start_time`,`end_time`) VALUES ('2016-12-28','4','631','1481089111','09:00','20:30') [ RunTime:0.0330s ]
SQL: INSERT INTO `mint_dttime` (`visit_date`,`clinic_id`,`doctor_id`,`create_time`,`start_time`,`end_time`) VALUES ('2016-12-29','4','631','1481089111','10:00','17:30') [ RunTime:0.0333s ]
SQL: INSERT INTO `mint_dttime` (`visit_date`,`clinic_id`,`doctor_id`,`create_time`,`start_time`,`end_time`) VALUES ('2016-12-23','4','631','1481089111','13:00','17:30') [ RunTime:0.0326s ]
SQL: INSERT INTO `mint_dttime` (`visit_date`,`clinic_id`,`doctor_id`,`create_time`,`start_time`,`end_time`) VALUES ('2016-12-30','4','631','1481089111','09:00','21:00') [ RunTime:0.0333s ]
INFO: [ app_end ] --START--
INFO: Run Behavior\ShowPageTraceBehavior [ RunTime:0.001073s ]
INFO: [ app_end ] --END-- [ RunTime:0.001250s ]

[ 2016-12-07T13:38:32+08:00 ] ::1 /mintAdmin/index.php/Admin/Index/getUserInfo
INFO: [ app_init ] --START--
INFO: Run Behavior\BuildLiteBehavior [ RunTime:0.000024s ]
INFO: [ app_init ] --END-- [ RunTime:0.000539s ]
INFO: [ app_begin ] --START--
INFO: Run Behavior\ReadHtmlCacheBehavior [ RunTime:0.007101s ]
INFO: [ app_begin ] --END-- [ RunTime:0.007215s ]
SQL: SHOW COLUMNS FROM `mint_user` [ RunTime:0.0556s ]
SQL: SELECT * FROM `mint_user` WHERE `id` = 1 LIMIT 1   [ RunTime:0.0544s ]
SQL: SHOW COLUMNS FROM `mint_app` [ RunTime:0.0545s ]
SQL: SELECT `id`,`app_name`,`app_uri`,`app_url`,`parent_id` FROM `mint_app` ORDER BY sort  [ RunTime:0.0546s ]

[ 2016-12-07T13:38:32+08:00 ] ::1 /mintAdmin/index.php/Admin/Doctor/clinicLst
INFO: [ app_init ] --START--
INFO: Run Behavior\BuildLiteBehavior [ RunTime:0.000027s ]
INFO: [ app_init ] --END-- [ RunTime:0.000990s ]
INFO: [ app_begin ] --START--
INFO: Run Behavior\ReadHtmlCacheBehavior [ RunTime:0.000885s ]
INFO: [ app_begin ] --END-- [ RunTime:0.001006s ]
SQL: SHOW COLUMNS FROM `mint_user` [ RunTime:0.0556s ]
SQL: SELECT c.app_uri as uri FROM mint_user a INNER JOIN mint_role_app b on a.role_id=b.role_id INNER JOIN mint_app c on b.app_id=c.id  WHERE a.id = '1'  [ RunTime:0.0528s ]
SQL: SHOW COLUMNS FROM `mint_clinic` [ RunTime:0.0563s ]
SQL: SELECT `id`,`clinic_name` FROM `mint_clinic`  [ RunTime:0.0518s ]
INFO: [ app_end ] --START--
INFO: Run Behavior\ShowPageTraceBehavior [ RunTime:0.000961s ]
INFO: [ app_end ] --END-- [ RunTime:0.001072s ]

[ 2016-12-07T13:38:33+08:00 ] ::1 /mintAdmin/index.php/Admin/Doctor/getDayVisit?visit_date=2016-12-07&doctor_id=631
INFO: [ app_init ] --START--
INFO: Run Behavior\BuildLiteBehavior [ RunTime:0.000031s ]
INFO: [ app_init ] --END-- [ RunTime:0.001772s ]
INFO: [ app_begin ] --START--
INFO: Run Behavior\ReadHtmlCacheBehavior [ RunTime:0.000973s ]
INFO: [ app_begin ] --END-- [ RunTime:0.001075s ]
SQL: SHOW COLUMNS FROM `mint_user` [ RunTime:0.0730s ]
SQL: SELECT c.app_uri as uri FROM mint_user a INNER JOIN mint_role_app b on a.role_id=b.role_id INNER JOIN mint_app c on b.app_id=c.id  WHERE a.id = '1'  [ RunTime:0.0716s ]
SQL: SHOW COLUMNS FROM `mint_appointment` [ RunTime:0.0725s ]
SQL: SELECT a.patient_name,a.contact_tel,a.project_name,a.visit_time,b.sex,b.birthyear FROM mint_appointment a left join mint_user as b on a.patient_id=b.id  WHERE a.visit_date = 1481040000 AND a.doctor_id = '631'  [ RunTime:0.0715s ]
INFO: [ app_end ] --START--
INFO: Run Behavior\ShowPageTraceBehavior [ RunTime:0.000755s ]
INFO: [ app_end ] --END-- [ RunTime:0.000860s ]

[ 2016-12-07T13:38:34+08:00 ] ::1 /mintAdmin/index.php/Admin/Doctor/getOne
INFO: [ app_init ] --START--
INFO: Run Behavior\BuildLiteBehavior [ RunTime:0.000021s ]
INFO: [ app_init ] --END-- [ RunTime:0.000711s ]
INFO: [ app_begin ] --START--
INFO: Run Behavior\ReadHtmlCacheBehavior [ RunTime:0.000538s ]
INFO: [ app_begin ] --END-- [ RunTime:0.000603s ]
SQL: SHOW COLUMNS FROM `mint_user` [ RunTime:0.0730s ]
SQL: SELECT c.app_uri as uri FROM mint_user a INNER JOIN mint_role_app b on a.role_id=b.role_id INNER JOIN mint_app c on b.app_id=c.id  WHERE a.id = '1'  [ RunTime:0.0714s ]
SQL: SHOW COLUMNS FROM `mint_user` [ RunTime:0.0729s ]
SQL: SELECT `account`,`invite_code`,`id`,`photo`,`name`,`phone`,`sex`,`position`,`hospital`,`context`,`field`,`label`,`label_id`,`job_age`,`birthyear`,`birthmonth`,`birthday`,`is_show` FROM `mint_user` WHERE ( id=631 ) LIMIT 1   [ RunTime:0.0720s ]
SQL: SHOW COLUMNS FROM `mint_doctor_service` [ RunTime:0.0720s ]
SQL: SELECT group_concat(b.service_name) as service_name,group_concat(b.id) as service_id FROM mint_doctor_service a left join mint_service as b on a.service_id=b.id  WHERE ( a.doctor_id=631 )  [ RunTime:0.0713s ]
INFO: [ app_end ] --START--
INFO: Run Behavior\ShowPageTraceBehavior [ RunTime:0.000753s ]
INFO: [ app_end ] --END-- [ RunTime:0.000834s ]

[ 2016-12-07T13:38:34+08:00 ] ::1 /mintAdmin/index.php/Admin/Index/getUserInfo
INFO: [ app_init ] --START--
INFO: Run Behavior\BuildLiteBehavior [ RunTime:0.000028s ]
INFO: [ app_init ] --END-- [ RunTime:0.000637s ]
INFO: [ app_begin ] --START--
INFO: Run Behavior\ReadHtmlCacheBehavior [ RunTime:0.000835s ]
INFO: [ app_begin ] --END-- [ RunTime:0.000959s ]
SQL: SHOW COLUMNS FROM `mint_user` [ RunTime:0.0344s ]
SQL: SELECT * FROM `mint_user` WHERE `id` = 1 LIMIT 1   [ RunTime:0.0332s ]
SQL: SHOW COLUMNS FROM `mint_app` [ RunTime:0.0333s ]
SQL: SELECT `id`,`app_name`,`app_uri`,`app_url`,`parent_id` FROM `mint_app` ORDER BY sort  [ RunTime:0.0332s ]

[ 2016-12-07T13:38:35+08:00 ] ::1 /mintAdmin/index.php/Admin/Doctor/index
INFO: [ app_init ] --START--
INFO: Run Behavior\BuildLiteBehavior [ RunTime:0.000026s ]
INFO: [ app_init ] --END-- [ RunTime:0.000599s ]
INFO: [ app_begin ] --START--
INFO: Run Behavior\ReadHtmlCacheBehavior [ RunTime:0.001013s ]
INFO: [ app_begin ] --END-- [ RunTime:0.001325s ]
SQL: SHOW COLUMNS FROM `mint_user` [ RunTime:0.0741s ]
SQL: SELECT c.app_uri as uri FROM mint_user a INNER JOIN mint_role_app b on a.role_id=b.role_id INNER JOIN mint_app c on b.app_id=c.id  WHERE a.id = '1'  [ RunTime:0.0724s ]
SQL: SHOW COLUMNS FROM `mint_user` [ RunTime:0.0744s ]
SQL: SELECT COUNT(*) AS tp_count FROM `mint_user` WHERE `identity_id` = '2' LIMIT 1   [ RunTime:0.0727s ]
SQL: SELECT `id`,`account`,`photo`,`name`,`nickname`,`real_name`,`card_type`,`card_id`,`birthyear`,`birthmonth`,`birthday`,`age`,`sex`,`phone`,`email`,`country`,`province`,`city`,`county`,`race`,`job`,`company_name`,`married`,`have_child`,`post_address`,`society_number`,`position`,`hospital`,`context`,`field`,`label_id`,`label`,`job_age`,`clinic_id`,`work_time`,`invite_code`,`company_code`,`role_id`,`identity_id`,`is_use`,`is_show`,`remark`,`create_time`,`mint_name`,`is_own`,`up_time` FROM `mint_user` WHERE `identity_id` = '2' ORDER BY id desc LIMIT 0,10   [ RunTime:0.0761s ]
SQL: SELECT COUNT(*) AS tp_count FROM `mint_user` LIMIT 1   [ RunTime:0.0723s ]
INFO: [ app_end ] --START--
INFO: Run Behavior\ShowPageTraceBehavior [ RunTime:0.000737s ]
INFO: [ app_end ] --END-- [ RunTime:0.000841s ]

[ 2016-12-07T13:38:37+08:00 ] ::1 /mintAdmin/index.php/Admin/Index/getUserInfo
INFO: [ app_init ] --START--
INFO: Run Behavior\BuildLiteBehavior [ RunTime:0.000024s ]
INFO: [ app_init ] --END-- [ RunTime:0.000587s ]
INFO: [ app_begin ] --START--
INFO: Run Behavior\ReadHtmlCacheBehavior [ RunTime:0.000719s ]
INFO: [ app_begin ] --END-- [ RunTime:0.000815s ]
SQL: SHOW COLUMNS FROM `mint_user` [ RunTime:0.0734s ]
SQL: SELECT * FROM `mint_user` WHERE `id` = 1 LIMIT 1   [ RunTime:0.0724s ]
SQL: SHOW COLUMNS FROM `mint_app` [ RunTime:0.0903s ]
SQL: SELECT `id`,`app_name`,`app_uri`,`app_url`,`parent_id` FROM `mint_app` ORDER BY sort  [ RunTime:0.0784s ]

[ 2016-12-07T13:38:37+08:00 ] ::1 /mintAdmin/index.php/Admin/Doctor/getDayVisit?visit_date=2016-12-07&doctor_id=367
INFO: [ app_init ] --START--
INFO: Run Behavior\BuildLiteBehavior [ RunTime:0.000026s ]
INFO: [ app_init ] --END-- [ RunTime:0.000595s ]
INFO: [ app_begin ] --START--
INFO: Run Behavior\ReadHtmlCacheBehavior [ RunTime:0.000797s ]
INFO: [ app_begin ] --END-- [ RunTime:0.000907s ]
SQL: SHOW COLUMNS FROM `mint_user` [ RunTime:0.0739s ]
SQL: SELECT c.app_uri as uri FROM mint_user a INNER JOIN mint_role_app b on a.role_id=b.role_id INNER JOIN mint_app c on b.app_id=c.id  WHERE a.id = '1'  [ RunTime:0.0730s ]
SQL: SHOW COLUMNS FROM `mint_appointment` [ RunTime:0.0738s ]
SQL: SELECT a.patient_name,a.contact_tel,a.project_name,a.visit_time,b.sex,b.birthyear FROM mint_appointment a left join mint_user as b on a.patient_id=b.id  WHERE a.visit_date = 1481040000 AND a.doctor_id = '367'  [ RunTime:0.0725s ]
INFO: [ app_end ] --START--
INFO: Run Behavior\ShowPageTraceBehavior [ RunTime:0.000596s ]
INFO: [ app_end ] --END-- [ RunTime:0.000653s ]

[ 2016-12-07T13:38:38+08:00 ] ::1 /mintAdmin/index.php/Admin/Doctor/getOne
INFO: [ app_init ] --START--
INFO: Run Behavior\BuildLiteBehavior [ RunTime:0.000027s ]
INFO: [ app_init ] --END-- [ RunTime:0.000664s ]
INFO: [ app_begin ] --START--
INFO: Run Behavior\ReadHtmlCacheBehavior [ RunTime:0.001241s ]
INFO: [ app_begin ] --END-- [ RunTime:0.002042s ]
SQL: SHOW COLUMNS FROM `mint_user` [ RunTime:0.0348s ]
SQL: SELECT c.app_uri as uri FROM mint_user a INNER JOIN mint_role_app b on a.role_id=b.role_id INNER JOIN mint_app c on b.app_id=c.id  WHERE a.id = '1'  [ RunTime:0.0337s ]
SQL: SHOW COLUMNS FROM `mint_user` [ RunTime:0.0344s ]
SQL: SELECT `account`,`invite_code`,`id`,`photo`,`name`,`phone`,`sex`,`position`,`hospital`,`context`,`field`,`label`,`label_id`,`job_age`,`birthyear`,`birthmonth`,`birthday`,`is_show` FROM `mint_user` WHERE ( id=367 ) LIMIT 1   [ RunTime:0.0329s ]
SQL: SHOW COLUMNS FROM `mint_doctor_service` [ RunTime:0.0323s ]
SQL: SELECT group_concat(b.service_name) as service_name,group_concat(b.id) as service_id FROM mint_doctor_service a left join mint_service as b on a.service_id=b.id  WHERE ( a.doctor_id=367 )  [ RunTime:0.0326s ]
INFO: [ app_end ] --START--
INFO: Run Behavior\ShowPageTraceBehavior [ RunTime:0.000794s ]
INFO: [ app_end ] --END-- [ RunTime:0.000869s ]

[ 2016-12-07T13:38:38+08:00 ] ::1 /mintAdmin/index.php/Admin/Doctor/clinicLst
INFO: [ app_init ] --START--
INFO: Run Behavior\BuildLiteBehavior [ RunTime:0.000033s ]
INFO: [ app_init ] --END-- [ RunTime:0.001017s ]
INFO: [ app_begin ] --START--
INFO: Run Behavior\ReadHtmlCacheBehavior [ RunTime:0.001133s ]
INFO: [ app_begin ] --END-- [ RunTime:0.001281s ]
SQL: SHOW COLUMNS FROM `mint_user` [ RunTime:0.0747s ]
SQL: SELECT c.app_uri as uri FROM mint_user a INNER JOIN mint_role_app b on a.role_id=b.role_id INNER JOIN mint_app c on b.app_id=c.id  WHERE a.id = '1'  [ RunTime:0.0727s ]
SQL: SHOW COLUMNS FROM `mint_clinic` [ RunTime:0.0741s ]
SQL: SELECT `id`,`clinic_name` FROM `mint_clinic`  [ RunTime:0.0724s ]
INFO: [ app_end ] --START--
INFO: Run Behavior\ShowPageTraceBehavior [ RunTime:0.000756s ]
INFO: [ app_end ] --END-- [ RunTime:0.000877s ]

[ 2016-12-07T13:38:39+08:00 ] ::1 /mintAdmin/index.php/Admin/Index/getUserInfo
INFO: [ app_init ] --START--
INFO: Run Behavior\BuildLiteBehavior [ RunTime:0.000059s ]
INFO: [ app_init ] --END-- [ RunTime:0.001611s ]
INFO: [ app_begin ] --START--
INFO: Run Behavior\ReadHtmlCacheBehavior [ RunTime:0.000797s ]
INFO: [ app_begin ] --END-- [ RunTime:0.000898s ]
SQL: SHOW COLUMNS FROM `mint_user` [ RunTime:0.0730s ]
SQL: SELECT * FROM `mint_user` WHERE `id` = 1 LIMIT 1   [ RunTime:0.0719s ]
SQL: SHOW COLUMNS FROM `mint_app` [ RunTime:0.0716s ]
SQL: SELECT `id`,`app_name`,`app_uri`,`app_url`,`parent_id` FROM `mint_app` ORDER BY sort  [ RunTime:0.0722s ]

[ 2016-12-07T13:38:39+08:00 ] ::1 /mintAdmin/index.php/Admin/doctor/visitDateQuery?visit_date=2016-12
INFO: [ app_init ] --START--
INFO: Run Behavior\BuildLiteBehavior [ RunTime:0.000029s ]
INFO: [ app_init ] --END-- [ RunTime:0.000693s ]
INFO: [ app_begin ] --START--
INFO: Run Behavior\ReadHtmlCacheBehavior [ RunTime:0.000849s ]
INFO: [ app_begin ] --END-- [ RunTime:0.000965s ]
SQL: SHOW COLUMNS FROM `mint_user` [ RunTime:0.0563s ]
SQL: SELECT c.app_uri as uri FROM mint_user a INNER JOIN mint_role_app b on a.role_id=b.role_id INNER JOIN mint_app c on b.app_id=c.id  WHERE a.id = '1'  [ RunTime:0.0552s ]
SQL: SHOW COLUMNS FROM `mint_dttime` [ RunTime:0.0560s ]
SQL: SELECT a.*,b.clinic_name FROM mint_dttime a left join mint_clinic as b on a.clinic_id=b.id  WHERE a.visit_date LIKE '%2016-12%' AND a.doctor_id = '1'  [ RunTime:0.0524s ]
INFO: [ app_end ] --START--
INFO: Run Behavior\ShowPageTraceBehavior [ RunTime:0.000698s ]
INFO: [ app_end ] --END-- [ RunTime:0.000769s ]

[ 2016-12-07T13:38:40+08:00 ] ::1 /mintAdmin/index.php/Admin/Doctor/serviceLst
INFO: [ app_init ] --START--
INFO: Run Behavior\BuildLiteBehavior [ RunTime:0.000027s ]
INFO: [ app_init ] --END-- [ RunTime:0.000600s ]
INFO: [ app_begin ] --START--
INFO: Run Behavior\ReadHtmlCacheBehavior [ RunTime:0.000794s ]
INFO: [ app_begin ] --END-- [ RunTime:0.000893s ]
SQL: SHOW COLUMNS FROM `mint_user` [ RunTime:0.0535s ]
SQL: SELECT c.app_uri as uri FROM mint_user a INNER JOIN mint_role_app b on a.role_id=b.role_id INNER JOIN mint_app c on b.app_id=c.id  WHERE a.id = '1'  [ RunTime:0.0517s ]
SQL: SHOW COLUMNS FROM `mint_service` [ RunTime:0.0524s ]
SQL: SELECT * FROM `mint_service`  [ RunTime:0.0522s ]
INFO: [ app_end ] --START--
INFO: Run Behavior\ShowPageTraceBehavior [ RunTime:0.000744s ]
INFO: [ app_end ] --END-- [ RunTime:0.000816s ]

[ 2016-12-07T13:38:40+08:00 ] ::1 /mintAdmin/index.php/Admin/User/tagLst
INFO: [ app_init ] --START--
INFO: Run Behavior\BuildLiteBehavior [ RunTime:0.000024s ]
INFO: [ app_init ] --END-- [ RunTime:0.000618s ]
INFO: [ app_begin ] --START--
INFO: Run Behavior\ReadHtmlCacheBehavior [ RunTime:0.000891s ]
INFO: [ app_begin ] --END-- [ RunTime:0.001285s ]
SQL: SHOW COLUMNS FROM `mint_user` [ RunTime:0.0738s ]
SQL: SELECT c.app_uri as uri FROM mint_user a INNER JOIN mint_role_app b on a.role_id=b.role_id INNER JOIN mint_app c on b.app_id=c.id  WHERE a.id = '1'  [ RunTime:0.0717s ]
SQL: SHOW COLUMNS FROM `mint_tag` [ RunTime:0.0723s ]
SQL: SELECT * FROM `mint_tag` WHERE ( type=1 )  [ RunTime:0.0722s ]
INFO: [ app_end ] --START--
INFO: Run Behavior\ShowPageTraceBehavior [ RunTime:0.000799s ]
INFO: [ app_end ] --END-- [ RunTime:0.000870s ]

[ 2016-12-07T13:38:41+08:00 ] ::1 /mintAdmin/index.php/Admin/Doctor/clinicLst
INFO: [ app_init ] --START--
INFO: Run Behavior\BuildLiteBehavior [ RunTime:0.000023s ]
INFO: [ app_init ] --END-- [ RunTime:0.000553s ]
INFO: [ app_begin ] --START--
INFO: Run Behavior\ReadHtmlCacheBehavior [ RunTime:0.000884s ]
INFO: [ app_begin ] --END-- [ RunTime:0.000996s ]
SQL: SHOW COLUMNS FROM `mint_user` [ RunTime:0.0341s ]
SQL: SELECT c.app_uri as uri FROM mint_user a INNER JOIN mint_role_app b on a.role_id=b.role_id INNER JOIN mint_app c on b.app_id=c.id  WHERE a.id = '1'  [ RunTime:0.0326s ]
SQL: SHOW COLUMNS FROM `mint_clinic` [ RunTime:0.0338s ]
SQL: SELECT `id`,`clinic_name` FROM `mint_clinic`  [ RunTime:0.0331s ]
INFO: [ app_end ] --START--
INFO: Run Behavior\ShowPageTraceBehavior [ RunTime:0.000600s ]
INFO: [ app_end ] --END-- [ RunTime:0.000668s ]

[ 2016-12-07T13:38:41+08:00 ] ::1 /mintAdmin/index.php/Admin/doctor/visitDateQuery?visit_date=2016-12&doctor_id=367
INFO: [ app_init ] --START--
INFO: Run Behavior\BuildLiteBehavior [ RunTime:0.000017s ]
INFO: [ app_init ] --END-- [ RunTime:0.000382s ]
INFO: [ app_begin ] --START--
INFO: Run Behavior\ReadHtmlCacheBehavior [ RunTime:0.000588s ]
INFO: [ app_begin ] --END-- [ RunTime:0.000651s ]
SQL: SHOW COLUMNS FROM `mint_user` [ RunTime:0.0544s ]
SQL: SELECT c.app_uri as uri FROM mint_user a INNER JOIN mint_role_app b on a.role_id=b.role_id INNER JOIN mint_app c on b.app_id=c.id  WHERE a.id = '1'  [ RunTime:0.0529s ]
SQL: SHOW COLUMNS FROM `mint_dttime` [ RunTime:0.0527s ]
SQL: SELECT a.*,b.clinic_name FROM mint_dttime a left join mint_clinic as b on a.clinic_id=b.id  WHERE a.visit_date LIKE '%2016-12%' AND a.doctor_id = '367'  [ RunTime:0.0526s ]
INFO: [ app_end ] --START--
INFO: Run Behavior\ShowPageTraceBehavior [ RunTime:0.000591s ]
INFO: [ app_end ] --END-- [ RunTime:0.000646s ]

[ 2016-12-07T13:38:42+08:00 ] ::1 /mintAdmin/index.php/Admin/doctor/visitDateQuery?visit_date=2017-01&doctor_id=367
INFO: [ app_init ] --START--
INFO: Run Behavior\BuildLiteBehavior [ RunTime:0.000015s ]
INFO: [ app_init ] --END-- [ RunTime:0.000345s ]
INFO: [ app_begin ] --START--
INFO: Run Behavior\ReadHtmlCacheBehavior [ RunTime:0.000463s ]
INFO: [ app_begin ] --END-- [ RunTime:0.000517s ]
SQL: SHOW COLUMNS FROM `mint_user` [ RunTime:0.0729s ]
SQL: SELECT c.app_uri as uri FROM mint_user a INNER JOIN mint_role_app b on a.role_id=b.role_id INNER JOIN mint_app c on b.app_id=c.id  WHERE a.id = '1'  [ RunTime:0.0713s ]
SQL: SHOW COLUMNS FROM `mint_dttime` [ RunTime:0.0713s ]
SQL: SELECT a.*,b.clinic_name FROM mint_dttime a left join mint_clinic as b on a.clinic_id=b.id  WHERE a.visit_date LIKE '%2017-01%' AND a.doctor_id = '367'  [ RunTime:0.0715s ]
INFO: [ app_end ] --START--
INFO: Run Behavior\ShowPageTraceBehavior [ RunTime:0.001001s ]
INFO: [ app_end ] --END-- [ RunTime:0.001098s ]

[ 2016-12-07T13:38:42+08:00 ] ::1 /mintAdmin/index.php/Admin/Doctor/getOne
INFO: [ app_init ] --START--
INFO: Run Behavior\BuildLiteBehavior [ RunTime:0.000043s ]
INFO: [ app_init ] --END-- [ RunTime:0.000864s ]
INFO: [ app_begin ] --START--
INFO: Run Behavior\ReadHtmlCacheBehavior [ RunTime:0.000767s ]
INFO: [ app_begin ] --END-- [ RunTime:0.000889s ]
SQL: SHOW COLUMNS FROM `mint_user` [ RunTime:0.0557s ]
SQL: SELECT c.app_uri as uri FROM mint_user a INNER JOIN mint_role_app b on a.role_id=b.role_id INNER JOIN mint_app c on b.app_id=c.id  WHERE a.id = '1'  [ RunTime:0.0572s ]
SQL: SHOW COLUMNS FROM `mint_user` [ RunTime:0.0539s ]
SQL: SELECT `account`,`invite_code`,`id`,`photo`,`name`,`phone`,`sex`,`position`,`hospital`,`context`,`field`,`label`,`label_id`,`job_age`,`birthyear`,`birthmonth`,`birthday`,`is_show` FROM `mint_user` WHERE ( id=367 ) LIMIT 1   [ RunTime:0.0526s ]
SQL: SHOW COLUMNS FROM `mint_doctor_service` [ RunTime:0.0541s ]
SQL: SELECT group_concat(b.service_name) as service_name,group_concat(b.id) as service_id FROM mint_doctor_service a left join mint_service as b on a.service_id=b.id  WHERE ( a.doctor_id=367 )  [ RunTime:0.0526s ]
INFO: [ app_end ] --START--
INFO: Run Behavior\ShowPageTraceBehavior [ RunTime:0.000806s ]
INFO: [ app_end ] --END-- [ RunTime:0.000913s ]

[ 2016-12-07T13:38:43+08:00 ] ::1 /mintAdmin/index.php/Admin/Doctor/getOne
INFO: [ app_init ] --START--
INFO: Run Behavior\BuildLiteBehavior [ RunTime:0.000027s ]
INFO: [ app_init ] --END-- [ RunTime:0.000532s ]
INFO: [ app_begin ] --START--
INFO: Run Behavior\ReadHtmlCacheBehavior [ RunTime:0.001091s ]
INFO: [ app_begin ] --END-- [ RunTime:0.001189s ]
SQL: SHOW COLUMNS FROM `mint_user` [ RunTime:0.0739s ]
SQL: SELECT c.app_uri as uri FROM mint_user a INNER JOIN mint_role_app b on a.role_id=b.role_id INNER JOIN mint_app c on b.app_id=c.id  WHERE a.id = '1'  [ RunTime:0.0722s ]
SQL: SHOW COLUMNS FROM `mint_user` [ RunTime:0.0737s ]
SQL: SELECT `account`,`invite_code`,`id`,`photo`,`name`,`phone`,`sex`,`position`,`hospital`,`context`,`field`,`label`,`label_id`,`job_age`,`birthyear`,`birthmonth`,`birthday`,`is_show` FROM `mint_user` WHERE ( id=367 ) LIMIT 1   [ RunTime:0.0726s ]
SQL: SHOW COLUMNS FROM `mint_doctor_service` [ RunTime:0.0723s ]
SQL: SELECT group_concat(b.service_name) as service_name,group_concat(b.id) as service_id FROM mint_doctor_service a left join mint_service as b on a.service_id=b.id  WHERE ( a.doctor_id=367 )  [ RunTime:0.0723s ]
INFO: [ app_end ] --START--
INFO: Run Behavior\ShowPageTraceBehavior [ RunTime:0.000568s ]
INFO: [ app_end ] --END-- [ RunTime:0.000632s ]

[ 2016-12-07T13:38:44+08:00 ] ::1 /mintAdmin/index.php/Admin/doctor/visitDateQuery?visit_date=2016-12&doctor_id=367
INFO: [ app_init ] --START--
INFO: Run Behavior\BuildLiteBehavior [ RunTime:0.000018s ]
INFO: [ app_init ] --END-- [ RunTime:0.000414s ]
INFO: [ app_begin ] --START--
INFO: Run Behavior\ReadHtmlCacheBehavior [ RunTime:0.000600s ]
INFO: [ app_begin ] --END-- [ RunTime:0.000675s ]
SQL: SHOW COLUMNS FROM `mint_user` [ RunTime:0.0740s ]
SQL: SELECT c.app_uri as uri FROM mint_user a INNER JOIN mint_role_app b on a.role_id=b.role_id INNER JOIN mint_app c on b.app_id=c.id  WHERE a.id = '1'  [ RunTime:0.0719s ]
SQL: SHOW COLUMNS FROM `mint_dttime` [ RunTime:0.0732s ]
SQL: SELECT a.*,b.clinic_name FROM mint_dttime a left join mint_clinic as b on a.clinic_id=b.id  WHERE a.visit_date LIKE '%2016-12%' AND a.doctor_id = '367'  [ RunTime:0.0723s ]
INFO: [ app_end ] --START--
INFO: Run Behavior\ShowPageTraceBehavior [ RunTime:0.000834s ]
INFO: [ app_end ] --END-- [ RunTime:0.000909s ]

[ 2016-12-07T13:48:55+08:00 ] ::1 /mintAdmin/index.php/Admin/Doctor/save
INFO: [ app_init ] --START--
INFO: Run Behavior\BuildLiteBehavior [ RunTime:0.000028s ]
INFO: [ app_init ] --END-- [ RunTime:0.000581s ]
INFO: [ app_begin ] --START--
INFO: Run Behavior\ReadHtmlCacheBehavior [ RunTime:0.000828s ]
INFO: [ app_begin ] --END-- [ RunTime:0.000934s ]
SQL: SHOW COLUMNS FROM `mint_user` [ RunTime:0.0543s ]
SQL: SELECT c.app_uri as uri FROM mint_user a INNER JOIN mint_role_app b on a.role_id=b.role_id INNER JOIN mint_app c on b.app_id=c.id  WHERE a.id = '1'  [ RunTime:0.0535s ]
NOTIC: [8] Undefined index: work_time /Applications/MAMP/htdocs/mintAdmin/Application/Admin/Controller/DoctorController.class.php 第 207 行.
SQL: SHOW COLUMNS FROM `mint_user` [ RunTime:0.0539s ]
SQL: UPDATE `mint_user` SET `name`='张熙',`photo`='/mintAdmin/up/images/20161104/photo_581ca5d5cdaa7.jpeg',`sex`='2',`position`='医师',`hospital`='北京口腔',`field`='口腔检查',`job_age`='0',`context`='北京口腔医师',`account`='13811317751',`phone`='13811317751',`label`=',牙槽外科,口腔全科,种植外科,',`label_id`='2,3,4',`identity_id`='2',`is_show`='2',`clinic_id`='0',`birthyear`='1992',`birthmonth`='3',`birthday`='27' WHERE `id` = 367 [ RunTime:0.0613s ]
SQL: SHOW COLUMNS FROM `mint_doctor_service` [ RunTime:0.0533s ]
SQL: DELETE FROM `mint_doctor_service` WHERE ( doctor_id=367 ) [ RunTime:0.0536s ]
SQL: INSERT INTO `mint_doctor_service` (`doctor_id`,`service_id`,`create_time`) VALUES ('367','1','1481089735') [ RunTime:0.0535s ]
SQL: INSERT INTO `mint_doctor_service` (`doctor_id`,`service_id`,`create_time`) VALUES ('367','6','1481089735') [ RunTime:0.0529s ]
INFO: [ app_end ] --START--
INFO: Run Behavior\ShowPageTraceBehavior [ RunTime:0.000914s ]
INFO: [ app_end ] --END-- [ RunTime:0.000993s ]

[ 2016-12-07T13:48:56+08:00 ] ::1 /mintAdmin/index.php/Admin/Index/getUserInfo
INFO: [ app_init ] --START--
INFO: Run Behavior\BuildLiteBehavior [ RunTime:0.000023s ]
INFO: [ app_init ] --END-- [ RunTime:0.000543s ]
INFO: [ app_begin ] --START--
INFO: Run Behavior\ReadHtmlCacheBehavior [ RunTime:0.000897s ]
INFO: [ app_begin ] --END-- [ RunTime:0.001013s ]
SQL: SHOW COLUMNS FROM `mint_user` [ RunTime:0.0349s ]
SQL: SELECT * FROM `mint_user` WHERE `id` = 1 LIMIT 1   [ RunTime:0.0341s ]
SQL: SHOW COLUMNS FROM `mint_app` [ RunTime:0.0340s ]
SQL: SELECT `id`,`app_name`,`app_uri`,`app_url`,`parent_id` FROM `mint_app` ORDER BY sort  [ RunTime:0.0338s ]

[ 2016-12-07T13:48:57+08:00 ] ::1 /mintAdmin/index.php/Admin/Doctor/getDayVisit?visit_date=2016-12-07&doctor_id=367
INFO: [ app_init ] --START--
INFO: Run Behavior\BuildLiteBehavior [ RunTime:0.000028s ]
INFO: [ app_init ] --END-- [ RunTime:0.000613s ]
INFO: [ app_begin ] --START--
INFO: Run Behavior\ReadHtmlCacheBehavior [ RunTime:0.001110s ]
INFO: [ app_begin ] --END-- [ RunTime:0.001244s ]
SQL: SHOW COLUMNS FROM `mint_user` [ RunTime:0.0545s ]
SQL: SELECT c.app_uri as uri FROM mint_user a INNER JOIN mint_role_app b on a.role_id=b.role_id INNER JOIN mint_app c on b.app_id=c.id  WHERE a.id = '1'  [ RunTime:0.0531s ]
SQL: SHOW COLUMNS FROM `mint_appointment` [ RunTime:0.0537s ]
SQL: SELECT a.patient_name,a.contact_tel,a.project_name,a.visit_time,b.sex,b.birthyear FROM mint_appointment a left join mint_user as b on a.patient_id=b.id  WHERE a.visit_date = 1481040000 AND a.doctor_id = '367'  [ RunTime:0.0533s ]
INFO: [ app_end ] --START--
INFO: Run Behavior\ShowPageTraceBehavior [ RunTime:0.000592s ]
INFO: [ app_end ] --END-- [ RunTime:0.000660s ]

[ 2016-12-07T13:48:57+08:00 ] ::1 /mintAdmin/index.php/Admin/Doctor/getOne
INFO: [ app_init ] --START--
INFO: Run Behavior\BuildLiteBehavior [ RunTime:0.000022s ]
INFO: [ app_init ] --END-- [ RunTime:0.000571s ]
INFO: [ app_begin ] --START--
INFO: Run Behavior\ReadHtmlCacheBehavior [ RunTime:0.000783s ]
INFO: [ app_begin ] --END-- [ RunTime:0.000878s ]
SQL: SHOW COLUMNS FROM `mint_user` [ RunTime:0.0551s ]
SQL: SELECT c.app_uri as uri FROM mint_user a INNER JOIN mint_role_app b on a.role_id=b.role_id INNER JOIN mint_app c on b.app_id=c.id  WHERE a.id = '1'  [ RunTime:0.0529s ]
SQL: SHOW COLUMNS FROM `mint_user` [ RunTime:0.0544s ]
SQL: SELECT `account`,`invite_code`,`id`,`photo`,`name`,`phone`,`sex`,`position`,`hospital`,`context`,`field`,`label`,`label_id`,`job_age`,`birthyear`,`birthmonth`,`birthday`,`is_show` FROM `mint_user` WHERE ( id=367 ) LIMIT 1   [ RunTime:0.0538s ]
SQL: SHOW COLUMNS FROM `mint_doctor_service` [ RunTime:0.0528s ]
SQL: SELECT group_concat(b.service_name) as service_name,group_concat(b.id) as service_id FROM mint_doctor_service a left join mint_service as b on a.service_id=b.id  WHERE ( a.doctor_id=367 )  [ RunTime:0.0528s ]
INFO: [ app_end ] --START--
INFO: Run Behavior\ShowPageTraceBehavior [ RunTime:0.000643s ]
INFO: [ app_end ] --END-- [ RunTime:0.000706s ]

[ 2016-12-07T13:48:58+08:00 ] ::1 /mintAdmin/index.php/Admin/Doctor/clinicLst
INFO: [ app_init ] --START--
INFO: Run Behavior\BuildLiteBehavior [ RunTime:0.000042s ]
INFO: [ app_init ] --END-- [ RunTime:0.000935s ]
INFO: [ app_begin ] --START--
INFO: Run Behavior\ReadHtmlCacheBehavior [ RunTime:0.001525s ]
INFO: [ app_begin ] --END-- [ RunTime:0.001892s ]
SQL: SHOW COLUMNS FROM `mint_user` [ RunTime:0.0548s ]
SQL: SELECT c.app_uri as uri FROM mint_user a INNER JOIN mint_role_app b on a.role_id=b.role_id INNER JOIN mint_app c on b.app_id=c.id  WHERE a.id = '1'  [ RunTime:0.0524s ]
SQL: SHOW COLUMNS FROM `mint_clinic` [ RunTime:0.0529s ]
SQL: SELECT `id`,`clinic_name` FROM `mint_clinic`  [ RunTime:0.0523s ]
INFO: [ app_end ] --START--
INFO: Run Behavior\ShowPageTraceBehavior [ RunTime:0.000653s ]
INFO: [ app_end ] --END-- [ RunTime:0.000748s ]

[ 2016-12-07T13:48:58+08:00 ] ::1 /mintAdmin/index.php/Admin/Appointment/visitDateQuery?visit_date=2016-12&doctor_id=367
INFO: [ app_init ] --START--
INFO: Run Behavior\BuildLiteBehavior [ RunTime:0.000016s ]
INFO: [ app_init ] --END-- [ RunTime:0.000395s ]
INFO: [ app_begin ] --START--
INFO: Run Behavior\ReadHtmlCacheBehavior [ RunTime:0.000512s ]
INFO: [ app_begin ] --END-- [ RunTime:0.000571s ]
SQL: SHOW COLUMNS FROM `mint_user` [ RunTime:0.0544s ]
SQL: SELECT c.app_uri as uri FROM mint_user a INNER JOIN mint_role_app b on a.role_id=b.role_id INNER JOIN mint_app c on b.app_id=c.id  WHERE a.id = '1'  [ RunTime:0.0523s ]
SQL: SHOW COLUMNS FROM `mint_dttime` [ RunTime:0.0531s ]
SQL: SELECT a.*,b.clinic_name FROM mint_dttime a left join mint_clinic as b on a.clinic_id=b.id  WHERE a.visit_date LIKE '%2016-12%' AND a.doctor_id = '367'  [ RunTime:0.0526s ]
INFO: [ app_end ] --START--
INFO: Run Behavior\ShowPageTraceBehavior [ RunTime:0.000670s ]
INFO: [ app_end ] --END-- [ RunTime:0.000727s ]

[ 2016-12-07T13:49:07+08:00 ] ::1 /mintAdmin/index.php/Admin/Index/getUserInfo
INFO: [ app_init ] --START--
INFO: Run Behavior\BuildLiteBehavior [ RunTime:0.000027s ]
INFO: [ app_init ] --END-- [ RunTime:0.000532s ]
INFO: [ app_begin ] --START--
INFO: Run Behavior\ReadHtmlCacheBehavior [ RunTime:0.000584s ]
INFO: [ app_begin ] --END-- [ RunTime:0.000664s ]
SQL: SHOW COLUMNS FROM `mint_user` [ RunTime:0.0541s ]
SQL: SELECT * FROM `mint_user` WHERE `id` = 1 LIMIT 1   [ RunTime:0.0540s ]
SQL: SHOW COLUMNS FROM `mint_app` [ RunTime:0.0540s ]
SQL: SELECT `id`,`app_name`,`app_uri`,`app_url`,`parent_id` FROM `mint_app` ORDER BY sort  [ RunTime:0.0527s ]

[ 2016-12-07T13:49:07+08:00 ] ::1 /mintAdmin/index.php/Admin/doctor/visitDateQuery?visit_date=2016-12
INFO: [ app_init ] --START--
INFO: Run Behavior\BuildLiteBehavior [ RunTime:0.000026s ]
INFO: [ app_init ] --END-- [ RunTime:0.000675s ]
INFO: [ app_begin ] --START--
INFO: Run Behavior\ReadHtmlCacheBehavior [ RunTime:0.000802s ]
INFO: [ app_begin ] --END-- [ RunTime:0.000916s ]
SQL: SHOW COLUMNS FROM `mint_user` [ RunTime:0.0736s ]
SQL: SELECT c.app_uri as uri FROM mint_user a INNER JOIN mint_role_app b on a.role_id=b.role_id INNER JOIN mint_app c on b.app_id=c.id  WHERE a.id = '1'  [ RunTime:0.0733s ]
SQL: SHOW COLUMNS FROM `mint_dttime` [ RunTime:0.0722s ]
SQL: SELECT a.*,b.clinic_name FROM mint_dttime a left join mint_clinic as b on a.clinic_id=b.id  WHERE a.visit_date LIKE '%2016-12%' AND a.doctor_id = '1'  [ RunTime:0.0723s ]
INFO: [ app_end ] --START--
INFO: Run Behavior\ShowPageTraceBehavior [ RunTime:0.000589s ]
INFO: [ app_end ] --END-- [ RunTime:0.000655s ]

[ 2016-12-07T13:49:08+08:00 ] ::1 /mintAdmin/index.php/Admin/Doctor/serviceLst
INFO: [ app_init ] --START--
INFO: Run Behavior\BuildLiteBehavior [ RunTime:0.000027s ]
INFO: [ app_init ] --END-- [ RunTime:0.000603s ]
INFO: [ app_begin ] --START--
INFO: Run Behavior\ReadHtmlCacheBehavior [ RunTime:0.000855s ]
INFO: [ app_begin ] --END-- [ RunTime:0.000973s ]
SQL: SHOW COLUMNS FROM `mint_user` [ RunTime:0.0737s ]
SQL: SELECT c.app_uri as uri FROM mint_user a INNER JOIN mint_role_app b on a.role_id=b.role_id INNER JOIN mint_app c on b.app_id=c.id  WHERE a.id = '1'  [ RunTime:0.0726s ]
SQL: SHOW COLUMNS FROM `mint_service` [ RunTime:0.0729s ]
SQL: SELECT * FROM `mint_service`  [ RunTime:0.0725s ]
INFO: [ app_end ] --START--
INFO: Run Behavior\ShowPageTraceBehavior [ RunTime:0.000738s ]
INFO: [ app_end ] --END-- [ RunTime:0.000808s ]

[ 2016-12-07T13:49:09+08:00 ] ::1 /mintAdmin/index.php/Admin/User/tagLst
INFO: [ app_init ] --START--
INFO: Run Behavior\BuildLiteBehavior [ RunTime:0.000029s ]
INFO: [ app_init ] --END-- [ RunTime:0.000646s ]
INFO: [ app_begin ] --START--
INFO: Run Behavior\ReadHtmlCacheBehavior [ RunTime:0.000855s ]
INFO: [ app_begin ] --END-- [ RunTime:0.000966s ]
SQL: SHOW COLUMNS FROM `mint_user` [ RunTime:0.0735s ]
SQL: SELECT c.app_uri as uri FROM mint_user a INNER JOIN mint_role_app b on a.role_id=b.role_id INNER JOIN mint_app c on b.app_id=c.id  WHERE a.id = '1'  [ RunTime:0.0717s ]
SQL: SHOW COLUMNS FROM `mint_tag` [ RunTime:0.0723s ]
SQL: SELECT * FROM `mint_tag` WHERE ( type=1 )  [ RunTime:0.0718s ]
INFO: [ app_end ] --START--
INFO: Run Behavior\ShowPageTraceBehavior [ RunTime:0.000582s ]
INFO: [ app_end ] --END-- [ RunTime:0.000641s ]

[ 2016-12-07T13:49:09+08:00 ] ::1 /mintAdmin/index.php/Admin/Doctor/clinicLst
INFO: [ app_init ] --START--
INFO: Run Behavior\BuildLiteBehavior [ RunTime:0.000024s ]
INFO: [ app_init ] --END-- [ RunTime:0.000607s ]
INFO: [ app_begin ] --START--
INFO: Run Behavior\ReadHtmlCacheBehavior [ RunTime:0.000963s ]
INFO: [ app_begin ] --END-- [ RunTime:0.001114s ]
SQL: SHOW COLUMNS FROM `mint_user` [ RunTime:0.0544s ]
SQL: SELECT c.app_uri as uri FROM mint_user a INNER JOIN mint_role_app b on a.role_id=b.role_id INNER JOIN mint_app c on b.app_id=c.id  WHERE a.id = '1'  [ RunTime:0.0528s ]
SQL: SHOW COLUMNS FROM `mint_clinic` [ RunTime:0.0826s ]
SQL: SELECT `id`,`clinic_name` FROM `mint_clinic`  [ RunTime:0.0535s ]
INFO: [ app_end ] --START--
INFO: Run Behavior\ShowPageTraceBehavior [ RunTime:0.000581s ]
INFO: [ app_end ] --END-- [ RunTime:0.000648s ]

[ 2016-12-07T13:49:09+08:00 ] ::1 /mintAdmin/index.php/Admin/doctor/visitDateQuery?visit_date=2016-12&doctor_id=367
INFO: [ app_init ] --START--
INFO: Run Behavior\BuildLiteBehavior [ RunTime:0.000021s ]
INFO: [ app_init ] --END-- [ RunTime:0.000525s ]
INFO: [ app_begin ] --START--
INFO: Run Behavior\ReadHtmlCacheBehavior [ RunTime:0.000705s ]
INFO: [ app_begin ] --END-- [ RunTime:0.000787s ]
SQL: SHOW COLUMNS FROM `mint_user` [ RunTime:0.0345s ]
SQL: SELECT c.app_uri as uri FROM mint_user a INNER JOIN mint_role_app b on a.role_id=b.role_id INNER JOIN mint_app c on b.app_id=c.id  WHERE a.id = '1'  [ RunTime:0.0327s ]
SQL: SHOW COLUMNS FROM `mint_dttime` [ RunTime:0.0331s ]
SQL: SELECT a.*,b.clinic_name FROM mint_dttime a left join mint_clinic as b on a.clinic_id=b.id  WHERE a.visit_date LIKE '%2016-12%' AND a.doctor_id = '367'  [ RunTime:0.0351s ]
INFO: [ app_end ] --START--
INFO: Run Behavior\ShowPageTraceBehavior [ RunTime:0.000586s ]
INFO: [ app_end ] --END-- [ RunTime:0.000641s ]

[ 2016-12-07T13:49:10+08:00 ] ::1 /mintAdmin/index.php/Admin/doctor/visitDateQuery?visit_date=2017-01&doctor_id=367
INFO: [ app_init ] --START--
INFO: Run Behavior\BuildLiteBehavior [ RunTime:0.000022s ]
INFO: [ app_init ] --END-- [ RunTime:0.000560s ]
INFO: [ app_begin ] --START--
INFO: Run Behavior\ReadHtmlCacheBehavior [ RunTime:0.000571s ]
INFO: [ app_begin ] --END-- [ RunTime:0.000640s ]
SQL: SHOW COLUMNS FROM `mint_user` [ RunTime:0.0341s ]
SQL: SELECT c.app_uri as uri FROM mint_user a INNER JOIN mint_role_app b on a.role_id=b.role_id INNER JOIN mint_app c on b.app_id=c.id  WHERE a.id = '1'  [ RunTime:0.0329s ]
SQL: SHOW COLUMNS FROM `mint_dttime` [ RunTime:0.0329s ]
SQL: SELECT a.*,b.clinic_name FROM mint_dttime a left join mint_clinic as b on a.clinic_id=b.id  WHERE a.visit_date LIKE '%2017-01%' AND a.doctor_id = '367'  [ RunTime:0.0332s ]
INFO: [ app_end ] --START--
INFO: Run Behavior\ShowPageTraceBehavior [ RunTime:0.000597s ]
INFO: [ app_end ] --END-- [ RunTime:0.000652s ]

[ 2016-12-07T13:49:10+08:00 ] ::1 /mintAdmin/index.php/Admin/Doctor/getOne
INFO: [ app_init ] --START--
INFO: Run Behavior\BuildLiteBehavior [ RunTime:0.000017s ]
INFO: [ app_init ] --END-- [ RunTime:0.000386s ]
INFO: [ app_begin ] --START--
INFO: Run Behavior\ReadHtmlCacheBehavior [ RunTime:0.000530s ]
INFO: [ app_begin ] --END-- [ RunTime:0.000596s ]
SQL: SHOW COLUMNS FROM `mint_user` [ RunTime:0.0743s ]
SQL: SELECT c.app_uri as uri FROM mint_user a INNER JOIN mint_role_app b on a.role_id=b.role_id INNER JOIN mint_app c on b.app_id=c.id  WHERE a.id = '1'  [ RunTime:0.0713s ]
SQL: SHOW COLUMNS FROM `mint_user` [ RunTime:0.0726s ]
SQL: SELECT `account`,`invite_code`,`id`,`photo`,`name`,`phone`,`sex`,`position`,`hospital`,`context`,`field`,`label`,`label_id`,`job_age`,`birthyear`,`birthmonth`,`birthday`,`is_show` FROM `mint_user` WHERE ( id=367 ) LIMIT 1   [ RunTime:0.0717s ]
SQL: SHOW COLUMNS FROM `mint_doctor_service` [ RunTime:0.0724s ]
SQL: SELECT group_concat(b.service_name) as service_name,group_concat(b.id) as service_id FROM mint_doctor_service a left join mint_service as b on a.service_id=b.id  WHERE ( a.doctor_id=367 )  [ RunTime:0.0716s ]
INFO: [ app_end ] --START--
INFO: Run Behavior\ShowPageTraceBehavior [ RunTime:0.000906s ]
INFO: [ app_end ] --END-- [ RunTime:0.000987s ]

[ 2016-12-07T13:49:11+08:00 ] ::1 /mintAdmin/index.php/Admin/Doctor/getOne
INFO: [ app_init ] --START--
INFO: Run Behavior\BuildLiteBehavior [ RunTime:0.000028s ]
INFO: [ app_init ] --END-- [ RunTime:0.000745s ]
INFO: [ app_begin ] --START--
INFO: Run Behavior\ReadHtmlCacheBehavior [ RunTime:0.000973s ]
INFO: [ app_begin ] --END-- [ RunTime:0.001096s ]
SQL: SHOW COLUMNS FROM `mint_user` [ RunTime:0.0552s ]
SQL: SELECT c.app_uri as uri FROM mint_user a INNER JOIN mint_role_app b on a.role_id=b.role_id INNER JOIN mint_app c on b.app_id=c.id  WHERE a.id = '1'  [ RunTime:0.0543s ]
SQL: SHOW COLUMNS FROM `mint_user` [ RunTime:0.0541s ]
SQL: SELECT `account`,`invite_code`,`id`,`photo`,`name`,`phone`,`sex`,`position`,`hospital`,`context`,`field`,`label`,`label_id`,`job_age`,`birthyear`,`birthmonth`,`birthday`,`is_show` FROM `mint_user` WHERE ( id=367 ) LIMIT 1   [ RunTime:0.0535s ]
SQL: SHOW COLUMNS FROM `mint_doctor_service` [ RunTime:0.0532s ]
SQL: SELECT group_concat(b.service_name) as service_name,group_concat(b.id) as service_id FROM mint_doctor_service a left join mint_service as b on a.service_id=b.id  WHERE ( a.doctor_id=367 )  [ RunTime:0.0531s ]
INFO: [ app_end ] --START--
INFO: Run Behavior\ShowPageTraceBehavior [ RunTime:0.000618s ]
INFO: [ app_end ] --END-- [ RunTime:0.000690s ]

[ 2016-12-07T13:49:11+08:00 ] ::1 /mintAdmin/index.php/Admin/doctor/visitDateQuery?visit_date=2016-12&doctor_id=367
INFO: [ app_init ] --START--
INFO: Run Behavior\BuildLiteBehavior [ RunTime:0.000079s ]
INFO: [ app_init ] --END-- [ RunTime:0.001120s ]
INFO: [ app_begin ] --START--
INFO: Run Behavior\ReadHtmlCacheBehavior [ RunTime:0.000612s ]
INFO: [ app_begin ] --END-- [ RunTime:0.000692s ]
SQL: SHOW COLUMNS FROM `mint_user` [ RunTime:0.0756s ]
SQL: SELECT c.app_uri as uri FROM mint_user a INNER JOIN mint_role_app b on a.role_id=b.role_id INNER JOIN mint_app c on b.app_id=c.id  WHERE a.id = '1'  [ RunTime:0.0730s ]
SQL: SHOW COLUMNS FROM `mint_dttime` [ RunTime:0.0731s ]
SQL: SELECT a.*,b.clinic_name FROM mint_dttime a left join mint_clinic as b on a.clinic_id=b.id  WHERE a.visit_date LIKE '%2016-12%' AND a.doctor_id = '367'  [ RunTime:0.0731s ]
INFO: [ app_end ] --START--
INFO: Run Behavior\ShowPageTraceBehavior [ RunTime:0.000817s ]
INFO: [ app_end ] --END-- [ RunTime:0.000887s ]

