[ 2016-11-21T10:34:40+08:00 ] ::1 /mintAdmin/index.php/Admin/Index/getUserInfo
INFO: [ app_init ] --START--
INFO: Run Behavior\BuildLiteBehavior [ RunTime:0.000025s ]
INFO: [ app_init ] --END-- [ RunTime:0.010432s ]
INFO: [ app_begin ] --START--
INFO: Run Behavior\ReadHtmlCacheBehavior [ RunTime:0.001028s ]
INFO: [ app_begin ] --END-- [ RunTime:0.001156s ]
SQL: SHOW COLUMNS FROM `mint_user` [ RunTime:0.0356s ]
SQL: SELECT * FROM `mint_user` WHERE `id` = 1 LIMIT 1   [ RunTime:0.0348s ]
SQL: SHOW COLUMNS FROM `mint_app` [ RunTime:0.0353s ]
SQL: SELECT `id`,`app_name`,`app_uri`,`app_url`,`parent_id` FROM `mint_app` ORDER BY sort  [ RunTime:0.0333s ]

[ 2016-11-21T10:34:40+08:00 ] ::1 /mintAdmin/index.php/Admin/User/sltDateRecords
INFO: [ app_init ] --START--
INFO: Run Behavior\BuildLiteBehavior [ RunTime:0.000026s ]
INFO: [ app_init ] --END-- [ RunTime:0.010846s ]
INFO: [ app_begin ] --START--
INFO: Run Behavior\ReadHtmlCacheBehavior [ RunTime:0.001213s ]
INFO: [ app_begin ] --END-- [ RunTime:0.001383s ]
SQL: SHOW COLUMNS FROM `mint_user` [ RunTime:0.0340s ]
SQL: SELECT c.app_uri as uri FROM mint_user a INNER JOIN mint_role_app b on a.role_id=b.role_id INNER JOIN mint_app c on b.app_id=c.id  WHERE a.id = '1'  [ RunTime:0.0323s ]
SQL: SHOW COLUMNS FROM `mint_archives` [ RunTime:0.0330s ]
SQL: SELECT `create_time` FROM `mint_archives` WHERE `user_id` = '722' AND `type` = '1' GROUP BY create_time ORDER BY create_time desc,id desc  [ RunTime:0.0328s ]
INFO: [ app_end ] --START--
INFO: Run Behavior\ShowPageTraceBehavior [ RunTime:0.000814s ]
INFO: [ app_end ] --END-- [ RunTime:0.000886s ]

[ 2016-11-21T10:34:41+08:00 ] ::1 /mintAdmin/index.php/Admin/User/sltArchives
INFO: [ app_init ] --START--
INFO: Run Behavior\BuildLiteBehavior [ RunTime:0.000026s ]
INFO: [ app_init ] --END-- [ RunTime:0.010847s ]
INFO: [ app_begin ] --START--
INFO: Run Behavior\ReadHtmlCacheBehavior [ RunTime:0.001594s ]
INFO: [ app_begin ] --END-- [ RunTime:0.001809s ]
SQL: SHOW COLUMNS FROM `mint_user` [ RunTime:0.0372s ]
SQL: SELECT c.app_uri as uri FROM mint_user a INNER JOIN mint_role_app b on a.role_id=b.role_id INNER JOIN mint_app c on b.app_id=c.id  WHERE a.id = '1'  [ RunTime:0.0336s ]
SQL: SHOW COLUMNS FROM `mint_archives` [ RunTime:0.0330s ]
SQL: SELECT * FROM `mint_archives` WHERE `user_id` = '722' AND `create_time` = 1479398400 AND `type` = '1' LIMIT 1   [ RunTime:0.0337s ]
INFO: [ app_end ] --START--
INFO: Run Behavior\ShowPageTraceBehavior [ RunTime:0.000611s ]
INFO: [ app_end ] --END-- [ RunTime:0.000683s ]

[ 2016-11-21T14:04:16+08:00 ] ::1 /mintAdmin/index.php/Admin/User/editArchives2
INFO: [ app_init ] --START--
INFO: Run Behavior\BuildLiteBehavior [ RunTime:0.000031s ]
INFO: [ app_init ] --END-- [ RunTime:0.001116s ]
INFO: [ app_begin ] --START--
INFO: Run Behavior\ReadHtmlCacheBehavior [ RunTime:0.001124s ]
INFO: [ app_begin ] --END-- [ RunTime:0.001276s ]
SQL: SHOW COLUMNS FROM `mint_user` [ RunTime:0.0353s ]
SQL: SELECT c.app_uri as uri FROM mint_user a INNER JOIN mint_role_app b on a.role_id=b.role_id INNER JOIN mint_app c on b.app_id=c.id  WHERE a.id = '1'  [ RunTime:0.0353s ]
SQL: SHOW COLUMNS FROM `mint_archives` [ RunTime:0.0339s ]
SQL: UPDATE `mint_archives` SET `content`='{&quot;body_condition&quot;:[{&quot;state&quot;:&quot;1&quot;,&quot;name&quot;:&quot;心脏病史&quot;,&quot;date&quot;:&quot;&quot;},{&quot;state&quot;:&quot;1&quot;,&quot;name&quot;:&quot;高血压病史&quot;,&quot;date&quot;:&quot;&quot;},{&quot;state&quot;:&quot;1&quot;,&quot;name&quot;:&quot;糖尿病史&quot;,&quot;date&quot;:&quot;&quot;},{&quot;state&quot;:&quot;0&quot;,&quot;name&quot;:&quot;风湿病&quot;,&quot;date&quot;:&quot;&quot;},{&quot;state&quot;:&quot;0&quot;,&quot;name&quot;:&quot;癫痫病&quot;,&quot;date&quot;:&quot;&quot;},{&quot;state&quot;:&quot;1&quot;,&quot;name&quot;:&quot;在妊娠期&quot;,&quot;date&quot;:&quot;&quot;},{&quot;state&quot;:&quot;1&quot;,&quot;name&quot;:&quot;在哺乳期&quot;,&quot;date&quot;:&quot;&quot;},{&quot;state&quot;:&quot;1&quot;,&quot;name&quot;:&quot;定期体检&quot;,&quot;date&quot;:&quot;2016-11-09&quot;},{&quot;state&quot;:&quot;0&quot;,&quot;name&quot;:&quot;定期洗牙&quot;,&quot;date&quot;:&quot;2016-11-09&quot;}],&quot;family_history&quot;:[{&quot;state&quot;:&quot;1&quot;,&quot;name&quot;:&quot;牙周病&quot;,&quot;date&quot;:&quot;&quot;},{&quot;state&quot;:&quot;1&quot;,&quot;name&quot;:&quot;牙列不齐&quot;,&quot;date&quot;:&quot;&quot;},{&quot;state&quot;:&quot;1&quot;,&quot;name&quot;:&quot;颌骨发育异常&quot;,&quot;date&quot;:&quot;&quot;}],&quot;medicine&quot;:[{&quot;state&quot;:&quot;1&quot;,&quot;name&quot;:&quot;在服用抗凝药（阿司匹林/华法林等）&quot;,&quot;date&quot;:&quot;&quot;},{&quot;state&quot;:&quot;1&quot;,&quot;name&quot;:&quot;在服用免疫抑制剂（如环磷酰胺，他克莫司等）&quot;,&quot;date&quot;:&quot;&quot;},{&quot;state&quot;:&quot;1&quot;,&quot;name&quot;:&quot;在服用骨质疏松类治疗药物（如福善美）&quot;,&quot;date&quot;:&quot;&quot;},{&quot;state&quot;:&quot;1&quot;,&quot;name&quot;:&quot;近期在服用消炎止痛药&quot;,&quot;date&quot;:&quot;&quot;}],&quot;surgery&quot;:[{&quot;state&quot;:&quot;1&quot;,&quot;name&quot;:&quot;近期做过手术&quot;,&quot;date&quot;:&quot;&quot;}],&quot;allergy&quot;:[{&quot;state&quot;:&quot;1&quot;,&quot;name&quot;:&quot;青霉素类&quot;,&quot;date&quot;:&quot;&quot;},{&quot;state&quot;:&quot;1&quot;,&quot;name&quot;:&quot;磺胺类&quot;,&quot;date&quot;:&quot;&quot;},{&quot;state&quot;:&quot;1&quot;,&quot;name&quot;:&quot;局麻药&quot;,&quot;date&quot;:&quot;&quot;},{&quot;state&quot;:&quot;1&quot;,&quot;name&quot;:&quot;酒精&quot;,&quot;date&quot;:&quot;&quot;},{&quot;state&quot;:&quot;1&quot;,&quot;name&quot;:&quot;其他过敏情况&quot;,&quot;date&quot;:&quot;&quot;}],&quot;infection&quot;:[{&quot;state&quot;:&quot;1&quot;,&quot;name&quot;:&quot;肝炎&quot;,&quot;date&quot;:&quot;&quot;},{&quot;state&quot;:&quot;1&quot;,&quot;name&quot;:&quot;结核&quot;,&quot;date&quot;:&quot;&quot;},{&quot;state&quot;:&quot;1&quot;,&quot;name&quot;:&quot;艾滋病&quot;,&quot;date&quot;:&quot;&quot;},{&quot;state&quot;:&quot;1&quot;,&quot;name&quot;:&quot;其他传染病&quot;,&quot;date&quot;:&quot;222&quot;}]}' WHERE `user_id` = '722' AND `create_time` = 1479398400 AND `type` = '1' [ RunTime:0.0513s ]
INFO: [ app_end ] --START--
INFO: Run Behavior\ShowPageTraceBehavior [ RunTime:0.046810s ]
INFO: [ app_end ] --END-- [ RunTime:0.046917s ]

[ 2016-11-21T14:04:18+08:00 ] ::1 /mintAdmin/index.php/Admin/User/sltDateRecords
INFO: [ app_init ] --START--
INFO: Run Behavior\BuildLiteBehavior [ RunTime:0.000015s ]
INFO: [ app_init ] --END-- [ RunTime:0.000343s ]
INFO: [ app_begin ] --START--
INFO: Run Behavior\ReadHtmlCacheBehavior [ RunTime:0.000454s ]
INFO: [ app_begin ] --END-- [ RunTime:0.000508s ]
SQL: SHOW COLUMNS FROM `mint_user` [ RunTime:0.0337s ]
SQL: SELECT c.app_uri as uri FROM mint_user a INNER JOIN mint_role_app b on a.role_id=b.role_id INNER JOIN mint_app c on b.app_id=c.id  WHERE a.id = '1'  [ RunTime:0.0323s ]
SQL: SHOW COLUMNS FROM `mint_archives` [ RunTime:0.0335s ]
SQL: SELECT `create_time` FROM `mint_archives` WHERE `user_id` = '722' AND `type` = '1' GROUP BY create_time ORDER BY create_time desc,id desc  [ RunTime:0.0321s ]
INFO: [ app_end ] --START--
INFO: Run Behavior\ShowPageTraceBehavior [ RunTime:0.000579s ]
INFO: [ app_end ] --END-- [ RunTime:0.000645s ]

[ 2016-11-21T14:04:25+08:00 ] ::1 /mintAdmin/index.php/Admin/Index/getUserInfo
INFO: [ app_init ] --START--
INFO: Run Behavior\BuildLiteBehavior [ RunTime:0.000026s ]
INFO: [ app_init ] --END-- [ RunTime:0.000799s ]
INFO: [ app_begin ] --START--
INFO: Run Behavior\ReadHtmlCacheBehavior [ RunTime:0.000864s ]
INFO: [ app_begin ] --END-- [ RunTime:0.000988s ]
SQL: SHOW COLUMNS FROM `mint_user` [ RunTime:0.0361s ]
SQL: SELECT * FROM `mint_user` WHERE `id` = 1 LIMIT 1   [ RunTime:0.0357s ]
SQL: SHOW COLUMNS FROM `mint_app` [ RunTime:0.0341s ]
SQL: SELECT `id`,`app_name`,`app_uri`,`app_url`,`parent_id` FROM `mint_app` ORDER BY sort  [ RunTime:0.0341s ]

[ 2016-11-21T14:04:26+08:00 ] ::1 /mintAdmin/index.php/Admin/User/index
INFO: [ app_init ] --START--
INFO: Run Behavior\BuildLiteBehavior [ RunTime:0.000028s ]
INFO: [ app_init ] --END-- [ RunTime:0.000673s ]
INFO: [ app_begin ] --START--
INFO: Run Behavior\ReadHtmlCacheBehavior [ RunTime:0.000954s ]
INFO: [ app_begin ] --END-- [ RunTime:0.001083s ]
SQL: SHOW COLUMNS FROM `mint_user` [ RunTime:0.0367s ]
SQL: SELECT c.app_uri as uri FROM mint_user a INNER JOIN mint_role_app b on a.role_id=b.role_id INNER JOIN mint_app c on b.app_id=c.id  WHERE a.id = '1'  [ RunTime:0.0337s ]
SQL: SHOW COLUMNS FROM `mint_user` [ RunTime:0.0346s ]
SQL: SELECT COUNT(*) AS tp_count FROM `mint_user` WHERE `identity_id` = '1' LIMIT 1   [ RunTime:0.0340s ]
SQL: SELECT `id`,`account`,`photo`,`name`,`nickname`,`real_name`,`card_type`,`card_id`,`birthyear`,`birthmonth`,`birthday`,`age`,`sex`,`phone`,`email`,`country`,`province`,`city`,`county`,`race`,`job`,`company_name`,`married`,`have_child`,`post_address`,`society_number`,`position`,`hospital`,`context`,`field`,`label_id`,`label`,`job_age`,`clinic_id`,`work_time`,`invite_code`,`company_code`,`role_id`,`identity_id`,`is_use`,`is_show`,`remark`,`create_time` FROM `mint_user` WHERE `identity_id` = '1' ORDER BY id desc LIMIT 0,10   [ RunTime:0.0349s ]
SQL: SELECT COUNT(*) AS tp_count FROM `mint_user` LIMIT 1   [ RunTime:0.0341s ]
INFO: [ app_end ] --START--
INFO: Run Behavior\ShowPageTraceBehavior [ RunTime:0.000599s ]
INFO: [ app_end ] --END-- [ RunTime:0.000667s ]

[ 2016-11-21T14:04:27+08:00 ] ::1 /mintAdmin/index.php/Admin/Index/getUserInfo
INFO: [ app_init ] --START--
INFO: Run Behavior\BuildLiteBehavior [ RunTime:0.000018s ]
INFO: [ app_init ] --END-- [ RunTime:0.000407s ]
INFO: [ app_begin ] --START--
INFO: Run Behavior\ReadHtmlCacheBehavior [ RunTime:0.000825s ]
INFO: [ app_begin ] --END-- [ RunTime:0.000943s ]
SQL: SHOW COLUMNS FROM `mint_user` [ RunTime:0.0352s ]
SQL: SELECT * FROM `mint_user` WHERE `id` = 1 LIMIT 1   [ RunTime:0.0343s ]
SQL: SHOW COLUMNS FROM `mint_app` [ RunTime:0.0347s ]
SQL: SELECT `id`,`app_name`,`app_uri`,`app_url`,`parent_id` FROM `mint_app` ORDER BY sort  [ RunTime:0.0335s ]

[ 2016-11-21T14:04:27+08:00 ] ::1 /mintAdmin/index.php/Admin/User/getOne
INFO: [ app_init ] --START--
INFO: Run Behavior\BuildLiteBehavior [ RunTime:0.000024s ]
INFO: [ app_init ] --END-- [ RunTime:0.000627s ]
INFO: [ app_begin ] --START--
INFO: Run Behavior\ReadHtmlCacheBehavior [ RunTime:0.000911s ]
INFO: [ app_begin ] --END-- [ RunTime:0.001089s ]
SQL: SHOW COLUMNS FROM `mint_user` [ RunTime:0.0356s ]
SQL: SELECT c.app_uri as uri FROM mint_user a INNER JOIN mint_role_app b on a.role_id=b.role_id INNER JOIN mint_app c on b.app_id=c.id  WHERE a.id = '1'  [ RunTime:0.0343s ]
SQL: SHOW COLUMNS FROM `mint_user` [ RunTime:0.0349s ]
SQL: SELECT `id`,`account`,`photo`,`name`,`nickname`,`real_name`,`card_type`,`card_id`,`birthyear`,`birthmonth`,`birthday`,`age`,`sex`,`phone`,`email`,`country`,`province`,`city`,`county`,`race`,`job`,`company_name`,`married`,`have_child`,`post_address`,`society_number`,`position`,`hospital`,`context`,`field`,`label_id`,`label`,`job_age`,`clinic_id`,`work_time`,`invite_code`,`company_code`,`role_id`,`identity_id`,`is_use`,`is_show`,`remark`,`create_time` FROM `mint_user` WHERE ( id=722 ) LIMIT 1   [ RunTime:0.0351s ]
INFO: [ app_end ] --START--
INFO: Run Behavior\ShowPageTraceBehavior [ RunTime:0.000573s ]
INFO: [ app_end ] --END-- [ RunTime:0.000632s ]

[ 2016-11-21T14:04:29+08:00 ] ::1 /mintAdmin/index.php/Admin/Index/getUserInfo
INFO: [ app_init ] --START--
INFO: Run Behavior\BuildLiteBehavior [ RunTime:0.000021s ]
INFO: [ app_init ] --END-- [ RunTime:0.000554s ]
INFO: [ app_begin ] --START--
INFO: Run Behavior\ReadHtmlCacheBehavior [ RunTime:0.000575s ]
INFO: [ app_begin ] --END-- [ RunTime:0.000674s ]
SQL: SHOW COLUMNS FROM `mint_user` [ RunTime:0.0355s ]
SQL: SELECT * FROM `mint_user` WHERE `id` = 1 LIMIT 1   [ RunTime:0.0344s ]
SQL: SHOW COLUMNS FROM `mint_app` [ RunTime:0.0344s ]
SQL: SELECT `id`,`app_name`,`app_uri`,`app_url`,`parent_id` FROM `mint_app` ORDER BY sort  [ RunTime:0.0345s ]

[ 2016-11-21T14:04:29+08:00 ] ::1 /mintAdmin/index.php/Admin/User/sltDateRecords
INFO: [ app_init ] --START--
INFO: Run Behavior\BuildLiteBehavior [ RunTime:0.000021s ]
INFO: [ app_init ] --END-- [ RunTime:0.000650s ]
INFO: [ app_begin ] --START--
INFO: Run Behavior\ReadHtmlCacheBehavior [ RunTime:0.001122s ]
INFO: [ app_begin ] --END-- [ RunTime:0.001285s ]
SQL: SHOW COLUMNS FROM `mint_user` [ RunTime:0.0351s ]
SQL: SELECT c.app_uri as uri FROM mint_user a INNER JOIN mint_role_app b on a.role_id=b.role_id INNER JOIN mint_app c on b.app_id=c.id  WHERE a.id = '1'  [ RunTime:0.0337s ]
SQL: SHOW COLUMNS FROM `mint_archives` [ RunTime:0.0340s ]
SQL: SELECT `create_time` FROM `mint_archives` WHERE `user_id` = '722' AND `type` = '1' GROUP BY create_time ORDER BY create_time desc,id desc  [ RunTime:0.0358s ]
INFO: [ app_end ] --START--
INFO: Run Behavior\ShowPageTraceBehavior [ RunTime:0.000584s ]
INFO: [ app_end ] --END-- [ RunTime:0.000650s ]

[ 2016-11-21T14:04:29+08:00 ] ::1 /mintAdmin/index.php/Admin/User/sltArchives
INFO: [ app_init ] --START--
INFO: Run Behavior\BuildLiteBehavior [ RunTime:0.000016s ]
INFO: [ app_init ] --END-- [ RunTime:0.000384s ]
INFO: [ app_begin ] --START--
INFO: Run Behavior\ReadHtmlCacheBehavior [ RunTime:0.000946s ]
INFO: [ app_begin ] --END-- [ RunTime:0.001074s ]
SQL: SHOW COLUMNS FROM `mint_user` [ RunTime:0.0343s ]
SQL: SELECT c.app_uri as uri FROM mint_user a INNER JOIN mint_role_app b on a.role_id=b.role_id INNER JOIN mint_app c on b.app_id=c.id  WHERE a.id = '1'  [ RunTime:0.0330s ]
SQL: SHOW COLUMNS FROM `mint_archives` [ RunTime:0.0331s ]
SQL: SELECT * FROM `mint_archives` WHERE `user_id` = '722' AND `create_time` = 1479398400 AND `type` = '1' LIMIT 1   [ RunTime:0.0335s ]
INFO: [ app_end ] --START--
INFO: Run Behavior\ShowPageTraceBehavior [ RunTime:0.000599s ]
INFO: [ app_end ] --END-- [ RunTime:0.000660s ]

[ 2016-11-21T14:04:31+08:00 ] ::1 /mintAdmin/index.php/Admin/Index/getUserInfo
INFO: [ app_init ] --START--
INFO: Run Behavior\BuildLiteBehavior [ RunTime:0.000017s ]
INFO: [ app_init ] --END-- [ RunTime:0.000403s ]
INFO: [ app_begin ] --START--
INFO: Run Behavior\ReadHtmlCacheBehavior [ RunTime:0.000548s ]
INFO: [ app_begin ] --END-- [ RunTime:0.000622s ]
SQL: SHOW COLUMNS FROM `mint_user` [ RunTime:0.0349s ]
SQL: SELECT * FROM `mint_user` WHERE `id` = 1 LIMIT 1   [ RunTime:0.0354s ]
SQL: SHOW COLUMNS FROM `mint_app` [ RunTime:0.0332s ]
SQL: SELECT `id`,`app_name`,`app_uri`,`app_url`,`parent_id` FROM `mint_app` ORDER BY sort  [ RunTime:0.0334s ]

[ 2016-11-21T14:04:32+08:00 ] ::1 /mintAdmin/index.php/Admin/User/sltArchives
INFO: [ app_init ] --START--
INFO: Run Behavior\BuildLiteBehavior [ RunTime:0.000028s ]
INFO: [ app_init ] --END-- [ RunTime:0.000549s ]
INFO: [ app_begin ] --START--
INFO: Run Behavior\ReadHtmlCacheBehavior [ RunTime:0.000857s ]
INFO: [ app_begin ] --END-- [ RunTime:0.000975s ]
SQL: SHOW COLUMNS FROM `mint_user` [ RunTime:0.0348s ]
SQL: SELECT c.app_uri as uri FROM mint_user a INNER JOIN mint_role_app b on a.role_id=b.role_id INNER JOIN mint_app c on b.app_id=c.id  WHERE a.id = '1'  [ RunTime:0.0334s ]
SQL: SHOW COLUMNS FROM `mint_archives` [ RunTime:0.0336s ]
SQL: SELECT * FROM `mint_archives` WHERE `user_id` = '722' AND `create_time` = 1479398400 AND `type` = '1' LIMIT 1   [ RunTime:0.0342s ]
INFO: [ app_end ] --START--
INFO: Run Behavior\ShowPageTraceBehavior [ RunTime:0.001026s ]
INFO: [ app_end ] --END-- [ RunTime:0.001188s ]

[ 2016-11-21T14:04:32+08:00 ] ::1 /mintAdmin/index.php/Admin/User/sltDateRecords
INFO: [ app_init ] --START--
INFO: Run Behavior\BuildLiteBehavior [ RunTime:0.000029s ]
INFO: [ app_init ] --END-- [ RunTime:0.000701s ]
INFO: [ app_begin ] --START--
INFO: Run Behavior\ReadHtmlCacheBehavior [ RunTime:0.000838s ]
INFO: [ app_begin ] --END-- [ RunTime:0.000953s ]
SQL: SHOW COLUMNS FROM `mint_user` [ RunTime:0.0351s ]
SQL: SELECT c.app_uri as uri FROM mint_user a INNER JOIN mint_role_app b on a.role_id=b.role_id INNER JOIN mint_app c on b.app_id=c.id  WHERE a.id = '1'  [ RunTime:0.2680s ]
SQL: SHOW COLUMNS FROM `mint_archives` [ RunTime:0.0392s ]
SQL: SELECT `create_time` FROM `mint_archives` WHERE `user_id` = '722' AND `type` = '1' GROUP BY create_time ORDER BY create_time desc,id desc  [ RunTime:0.0338s ]
INFO: [ app_end ] --START--
INFO: Run Behavior\ShowPageTraceBehavior [ RunTime:0.000597s ]
INFO: [ app_end ] --END-- [ RunTime:0.000667s ]

[ 2016-11-21T15:46:36+08:00 ] ::1 /mintAdmin/index.php/Admin/Index/getUserInfo
INFO: [ app_init ] --START--
INFO: Run Behavior\BuildLiteBehavior [ RunTime:0.000019s ]
INFO: [ app_init ] --END-- [ RunTime:0.000555s ]
INFO: [ app_begin ] --START--
INFO: Run Behavior\ReadHtmlCacheBehavior [ RunTime:0.000550s ]
INFO: [ app_begin ] --END-- [ RunTime:0.000622s ]
SQL: SHOW COLUMNS FROM `mint_user` [ RunTime:0.0351s ]
SQL: SELECT * FROM `mint_user` WHERE `id` = 1 LIMIT 1   [ RunTime:0.0347s ]
SQL: SHOW COLUMNS FROM `mint_app` [ RunTime:0.0348s ]
SQL: SELECT `id`,`app_name`,`app_uri`,`app_url`,`parent_id` FROM `mint_app` ORDER BY sort  [ RunTime:0.0337s ]

[ 2016-11-21T15:46:36+08:00 ] ::1 /mintAdmin/index.php/Admin/User/getOne
INFO: [ app_init ] --START--
INFO: Run Behavior\BuildLiteBehavior [ RunTime:0.000028s ]
INFO: [ app_init ] --END-- [ RunTime:0.000613s ]
INFO: [ app_begin ] --START--
INFO: Run Behavior\ReadHtmlCacheBehavior [ RunTime:0.001028s ]
INFO: [ app_begin ] --END-- [ RunTime:0.001155s ]
SQL: SHOW COLUMNS FROM `mint_user` [ RunTime:0.0338s ]
SQL: SELECT c.app_uri as uri FROM mint_user a INNER JOIN mint_role_app b on a.role_id=b.role_id INNER JOIN mint_app c on b.app_id=c.id  WHERE a.id = '1'  [ RunTime:0.0324s ]
SQL: SHOW COLUMNS FROM `mint_user` [ RunTime:0.0334s ]
SQL: SELECT `id`,`account`,`photo`,`name`,`nickname`,`real_name`,`card_type`,`card_id`,`birthyear`,`birthmonth`,`birthday`,`age`,`sex`,`phone`,`email`,`country`,`province`,`city`,`county`,`race`,`job`,`company_name`,`married`,`have_child`,`post_address`,`society_number`,`position`,`hospital`,`context`,`field`,`label_id`,`label`,`job_age`,`clinic_id`,`work_time`,`invite_code`,`company_code`,`role_id`,`identity_id`,`is_use`,`is_show`,`remark`,`create_time` FROM `mint_user` WHERE ( id=722 ) LIMIT 1   [ RunTime:0.0330s ]
INFO: [ app_end ] --START--
INFO: Run Behavior\ShowPageTraceBehavior [ RunTime:0.000750s ]
INFO: [ app_end ] --END-- [ RunTime:0.000837s ]

[ 2016-11-21T15:46:38+08:00 ] ::1 /mintAdmin/index.php/Admin/Index/getUserInfo
INFO: [ app_init ] --START--
INFO: Run Behavior\BuildLiteBehavior [ RunTime:0.000018s ]
INFO: [ app_init ] --END-- [ RunTime:0.000426s ]
INFO: [ app_begin ] --START--
INFO: Run Behavior\ReadHtmlCacheBehavior [ RunTime:0.001104s ]
INFO: [ app_begin ] --END-- [ RunTime:0.001217s ]
SQL: SHOW COLUMNS FROM `mint_user` [ RunTime:0.0361s ]
SQL: SELECT * FROM `mint_user` WHERE `id` = 1 LIMIT 1   [ RunTime:0.0365s ]
SQL: SHOW COLUMNS FROM `mint_app` [ RunTime:0.0345s ]
SQL: SELECT `id`,`app_name`,`app_uri`,`app_url`,`parent_id` FROM `mint_app` ORDER BY sort  [ RunTime:0.0338s ]

[ 2016-11-21T15:46:39+08:00 ] ::1 /mintAdmin/index.php/Admin/User/getOne
INFO: [ app_init ] --START--
INFO: Run Behavior\BuildLiteBehavior [ RunTime:0.000018s ]
INFO: [ app_init ] --END-- [ RunTime:0.000431s ]
INFO: [ app_begin ] --START--
INFO: Run Behavior\ReadHtmlCacheBehavior [ RunTime:0.000903s ]
INFO: [ app_begin ] --END-- [ RunTime:0.001043s ]
SQL: SHOW COLUMNS FROM `mint_user` [ RunTime:0.0331s ]
SQL: SELECT c.app_uri as uri FROM mint_user a INNER JOIN mint_role_app b on a.role_id=b.role_id INNER JOIN mint_app c on b.app_id=c.id  WHERE a.id = '1'  [ RunTime:0.0319s ]
SQL: SHOW COLUMNS FROM `mint_user` [ RunTime:0.0336s ]
SQL: SELECT `id`,`account`,`photo`,`name`,`nickname`,`real_name`,`card_type`,`card_id`,`birthyear`,`birthmonth`,`birthday`,`age`,`sex`,`phone`,`email`,`country`,`province`,`city`,`county`,`race`,`job`,`company_name`,`married`,`have_child`,`post_address`,`society_number`,`position`,`hospital`,`context`,`field`,`label_id`,`label`,`job_age`,`clinic_id`,`work_time`,`invite_code`,`company_code`,`role_id`,`identity_id`,`is_use`,`is_show`,`remark`,`create_time` FROM `mint_user` WHERE ( id=722 ) LIMIT 1   [ RunTime:0.0324s ]
INFO: [ app_end ] --START--
INFO: Run Behavior\ShowPageTraceBehavior [ RunTime:0.000568s ]
INFO: [ app_end ] --END-- [ RunTime:0.000627s ]

[ 2016-11-21T15:48:13+08:00 ] ::1 /mintAdmin/index.php/Admin/Index/getUserInfo
INFO: [ app_init ] --START--
INFO: Run Behavior\BuildLiteBehavior [ RunTime:0.000028s ]
INFO: [ app_init ] --END-- [ RunTime:0.000758s ]
INFO: [ app_begin ] --START--
INFO: Run Behavior\ReadHtmlCacheBehavior [ RunTime:0.001160s ]
INFO: [ app_begin ] --END-- [ RunTime:0.001307s ]
SQL: SHOW COLUMNS FROM `mint_user` [ RunTime:0.0348s ]
SQL: SELECT * FROM `mint_user` WHERE `id` = 1 LIMIT 1   [ RunTime:0.0338s ]
SQL: SHOW COLUMNS FROM `mint_app` [ RunTime:0.0355s ]
SQL: SELECT `id`,`app_name`,`app_uri`,`app_url`,`parent_id` FROM `mint_app` ORDER BY sort  [ RunTime:0.0337s ]

[ 2016-11-21T15:48:13+08:00 ] ::1 /mintAdmin/index.php/Admin/User/sltDateRecords
INFO: [ app_init ] --START--
INFO: Run Behavior\BuildLiteBehavior [ RunTime:0.000029s ]
INFO: [ app_init ] --END-- [ RunTime:0.000754s ]
INFO: [ app_begin ] --START--
INFO: Run Behavior\ReadHtmlCacheBehavior [ RunTime:0.000918s ]
INFO: [ app_begin ] --END-- [ RunTime:0.001047s ]
SQL: SHOW COLUMNS FROM `mint_user` [ RunTime:0.0357s ]
SQL: SELECT c.app_uri as uri FROM mint_user a INNER JOIN mint_role_app b on a.role_id=b.role_id INNER JOIN mint_app c on b.app_id=c.id  WHERE a.id = '1'  [ RunTime:0.0341s ]
SQL: SHOW COLUMNS FROM `mint_archives` [ RunTime:0.0340s ]
SQL: SELECT `create_time` FROM `mint_archives` WHERE `user_id` = '722' AND `type` = '1' GROUP BY create_time ORDER BY create_time desc,id desc  [ RunTime:0.0333s ]
INFO: [ app_end ] --START--
INFO: Run Behavior\ShowPageTraceBehavior [ RunTime:0.000570s ]
INFO: [ app_end ] --END-- [ RunTime:0.000626s ]

[ 2016-11-21T15:48:13+08:00 ] ::1 /mintAdmin/index.php/Admin/User/sltArchives
INFO: [ app_init ] --START--
INFO: Run Behavior\BuildLiteBehavior [ RunTime:0.000016s ]
INFO: [ app_init ] --END-- [ RunTime:0.000351s ]
INFO: [ app_begin ] --START--
INFO: Run Behavior\ReadHtmlCacheBehavior [ RunTime:0.000564s ]
INFO: [ app_begin ] --END-- [ RunTime:0.000641s ]
SQL: SHOW COLUMNS FROM `mint_user` [ RunTime:0.0346s ]
SQL: SELECT c.app_uri as uri FROM mint_user a INNER JOIN mint_role_app b on a.role_id=b.role_id INNER JOIN mint_app c on b.app_id=c.id  WHERE a.id = '1'  [ RunTime:0.0341s ]
SQL: SHOW COLUMNS FROM `mint_archives` [ RunTime:0.0334s ]
SQL: SELECT * FROM `mint_archives` WHERE `user_id` = '722' AND `create_time` = 1479398400 AND `type` = '1' LIMIT 1   [ RunTime:0.0337s ]
INFO: [ app_end ] --START--
INFO: Run Behavior\ShowPageTraceBehavior [ RunTime:0.000591s ]
INFO: [ app_end ] --END-- [ RunTime:0.000652s ]

[ 2016-11-21T15:48:16+08:00 ] ::1 /mintAdmin/index.php/Admin/Index/getUserInfo
INFO: [ app_init ] --START--
INFO: Run Behavior\BuildLiteBehavior [ RunTime:0.000019s ]
INFO: [ app_init ] --END-- [ RunTime:0.000433s ]
INFO: [ app_begin ] --START--
INFO: Run Behavior\ReadHtmlCacheBehavior [ RunTime:0.000587s ]
INFO: [ app_begin ] --END-- [ RunTime:0.000684s ]
SQL: SHOW COLUMNS FROM `mint_user` [ RunTime:0.0344s ]
SQL: SELECT * FROM `mint_user` WHERE `id` = 1 LIMIT 1   [ RunTime:0.0358s ]
SQL: SHOW COLUMNS FROM `mint_app` [ RunTime:0.0350s ]
SQL: SELECT `id`,`app_name`,`app_uri`,`app_url`,`parent_id` FROM `mint_app` ORDER BY sort  [ RunTime:0.0356s ]

[ 2016-11-21T15:48:16+08:00 ] ::1 /mintAdmin/index.php/Admin/User/sltArchives
INFO: [ app_init ] --START--
INFO: Run Behavior\BuildLiteBehavior [ RunTime:0.000029s ]
INFO: [ app_init ] --END-- [ RunTime:0.000712s ]
INFO: [ app_begin ] --START--
INFO: Run Behavior\ReadHtmlCacheBehavior [ RunTime:0.000884s ]
INFO: [ app_begin ] --END-- [ RunTime:0.000998s ]
SQL: SHOW COLUMNS FROM `mint_user` [ RunTime:0.0338s ]
SQL: SELECT c.app_uri as uri FROM mint_user a INNER JOIN mint_role_app b on a.role_id=b.role_id INNER JOIN mint_app c on b.app_id=c.id  WHERE a.id = '1'  [ RunTime:0.0326s ]
SQL: SHOW COLUMNS FROM `mint_archives` [ RunTime:0.0339s ]
SQL: SELECT * FROM `mint_archives` WHERE `user_id` = '722' AND `create_time` = 1479398400 AND `type` = '1' LIMIT 1   [ RunTime:0.0332s ]
INFO: [ app_end ] --START--
INFO: Run Behavior\ShowPageTraceBehavior [ RunTime:0.000689s ]
INFO: [ app_end ] --END-- [ RunTime:0.000750s ]

[ 2016-11-21T15:48:17+08:00 ] ::1 /mintAdmin/index.php/Admin/User/sltDateRecords
INFO: [ app_init ] --START--
INFO: Run Behavior\BuildLiteBehavior [ RunTime:0.000028s ]
INFO: [ app_init ] --END-- [ RunTime:0.000846s ]
INFO: [ app_begin ] --START--
INFO: Run Behavior\ReadHtmlCacheBehavior [ RunTime:0.000788s ]
INFO: [ app_begin ] --END-- [ RunTime:0.000903s ]
SQL: SHOW COLUMNS FROM `mint_user` [ RunTime:0.0336s ]
SQL: SELECT c.app_uri as uri FROM mint_user a INNER JOIN mint_role_app b on a.role_id=b.role_id INNER JOIN mint_app c on b.app_id=c.id  WHERE a.id = '1'  [ RunTime:0.0324s ]
SQL: SHOW COLUMNS FROM `mint_archives` [ RunTime:0.0325s ]
SQL: SELECT `create_time` FROM `mint_archives` WHERE `user_id` = '722' AND `type` = '1' GROUP BY create_time ORDER BY create_time desc,id desc  [ RunTime:0.0321s ]
INFO: [ app_end ] --START--
INFO: Run Behavior\ShowPageTraceBehavior [ RunTime:0.000703s ]
INFO: [ app_end ] --END-- [ RunTime:0.000774s ]

[ 2016-11-21T17:48:48+08:00 ] ::1 /mintAdmin/index.php/Admin/User/getOne
INFO: [ app_init ] --START--
INFO: Run Behavior\BuildLiteBehavior [ RunTime:0.000019s ]
INFO: [ app_init ] --END-- [ RunTime:0.000556s ]
INFO: [ app_begin ] --START--
INFO: Run Behavior\ReadHtmlCacheBehavior [ RunTime:0.000841s ]
INFO: [ app_begin ] --END-- [ RunTime:0.000947s ]
SQL: SHOW COLUMNS FROM `mint_user` [ RunTime:0.0338s ]
SQL: SELECT c.app_uri as uri FROM mint_user a INNER JOIN mint_role_app b on a.role_id=b.role_id INNER JOIN mint_app c on b.app_id=c.id  WHERE a.id = '1'  [ RunTime:0.0327s ]
SQL: SHOW COLUMNS FROM `mint_user` [ RunTime:0.0353s ]
SQL: SELECT `id`,`account`,`photo`,`name`,`nickname`,`real_name`,`card_type`,`card_id`,`birthyear`,`birthmonth`,`birthday`,`age`,`sex`,`phone`,`email`,`country`,`province`,`city`,`county`,`race`,`job`,`company_name`,`married`,`have_child`,`post_address`,`society_number`,`position`,`hospital`,`context`,`field`,`label_id`,`label`,`job_age`,`clinic_id`,`work_time`,`invite_code`,`company_code`,`role_id`,`identity_id`,`is_use`,`is_show`,`remark`,`create_time` FROM `mint_user` WHERE ( id=722 ) LIMIT 1   [ RunTime:0.0349s ]
INFO: [ app_end ] --START--
INFO: Run Behavior\ShowPageTraceBehavior [ RunTime:0.018618s ]
INFO: [ app_end ] --END-- [ RunTime:0.018701s ]

[ 2016-11-21T17:48:48+08:00 ] ::1 /mintAdmin/index.php/Admin/Index/getUserInfo
INFO: [ app_init ] --START--
INFO: Run Behavior\BuildLiteBehavior [ RunTime:0.000016s ]
INFO: [ app_init ] --END-- [ RunTime:0.000393s ]
INFO: [ app_begin ] --START--
INFO: Run Behavior\ReadHtmlCacheBehavior [ RunTime:0.001160s ]
INFO: [ app_begin ] --END-- [ RunTime:0.001243s ]
SQL: SHOW COLUMNS FROM `mint_user` [ RunTime:0.0341s ]
SQL: SELECT * FROM `mint_user` WHERE `id` = 1 LIMIT 1   [ RunTime:0.0333s ]
SQL: SHOW COLUMNS FROM `mint_app` [ RunTime:0.0326s ]
SQL: SELECT `id`,`app_name`,`app_uri`,`app_url`,`parent_id` FROM `mint_app` ORDER BY sort  [ RunTime:0.0329s ]

[ 2016-11-21T17:48:48+08:00 ] ::1 /mintAdmin/index.php/Admin/Index/getUserInfo
INFO: [ app_init ] --START--
INFO: Run Behavior\BuildLiteBehavior [ RunTime:0.000019s ]
INFO: [ app_init ] --END-- [ RunTime:0.000426s ]
INFO: [ app_begin ] --START--
INFO: Run Behavior\ReadHtmlCacheBehavior [ RunTime:0.000710s ]
INFO: [ app_begin ] --END-- [ RunTime:0.000811s ]
SQL: SHOW COLUMNS FROM `mint_user` [ RunTime:0.0358s ]
SQL: SELECT * FROM `mint_user` WHERE `id` = 1 LIMIT 1   [ RunTime:0.0346s ]
SQL: SHOW COLUMNS FROM `mint_app` [ RunTime:0.0328s ]
SQL: SELECT `id`,`app_name`,`app_uri`,`app_url`,`parent_id` FROM `mint_app` ORDER BY sort  [ RunTime:0.0332s ]

[ 2016-11-21T17:48:49+08:00 ] ::1 /mintAdmin/index.php/Admin/User/sltDateRecords
INFO: [ app_init ] --START--
INFO: Run Behavior\BuildLiteBehavior [ RunTime:0.000018s ]
INFO: [ app_init ] --END-- [ RunTime:0.000412s ]
INFO: [ app_begin ] --START--
INFO: Run Behavior\ReadHtmlCacheBehavior [ RunTime:0.000647s ]
INFO: [ app_begin ] --END-- [ RunTime:0.000745s ]
SQL: SHOW COLUMNS FROM `mint_user` [ RunTime:0.0350s ]
SQL: SELECT c.app_uri as uri FROM mint_user a INNER JOIN mint_role_app b on a.role_id=b.role_id INNER JOIN mint_app c on b.app_id=c.id  WHERE a.id = '1'  [ RunTime:0.0329s ]
SQL: SHOW COLUMNS FROM `mint_archives` [ RunTime:0.0340s ]
SQL: SELECT `create_time` FROM `mint_archives` WHERE `user_id` = '722' AND `type` = '1' GROUP BY create_time ORDER BY create_time desc,id desc  [ RunTime:0.0340s ]
INFO: [ app_end ] --START--
INFO: Run Behavior\ShowPageTraceBehavior [ RunTime:0.000636s ]
INFO: [ app_end ] --END-- [ RunTime:0.000753s ]

[ 2016-11-21T17:48:49+08:00 ] ::1 /mintAdmin/index.php/Admin/User/sltArchives
INFO: [ app_init ] --START--
INFO: Run Behavior\BuildLiteBehavior [ RunTime:0.000021s ]
INFO: [ app_init ] --END-- [ RunTime:0.000500s ]
INFO: [ app_begin ] --START--
INFO: Run Behavior\ReadHtmlCacheBehavior [ RunTime:0.001183s ]
INFO: [ app_begin ] --END-- [ RunTime:0.001334s ]
SQL: SHOW COLUMNS FROM `mint_user` [ RunTime:0.0336s ]
SQL: SELECT c.app_uri as uri FROM mint_user a INNER JOIN mint_role_app b on a.role_id=b.role_id INNER JOIN mint_app c on b.app_id=c.id  WHERE a.id = '1'  [ RunTime:0.0327s ]
SQL: SHOW COLUMNS FROM `mint_archives` [ RunTime:0.0326s ]
SQL: SELECT * FROM `mint_archives` WHERE `user_id` = '722' AND `create_time` = 1479398400 AND `type` = '1' LIMIT 1   [ RunTime:0.0330s ]
INFO: [ app_end ] --START--
INFO: Run Behavior\ShowPageTraceBehavior [ RunTime:0.000852s ]
INFO: [ app_end ] --END-- [ RunTime:0.000922s ]

[ 2016-11-21T17:53:19+08:00 ] ::1 /mintAdmin/index.php/Admin/Index/getUserInfo
INFO: [ app_init ] --START--
INFO: Run Behavior\BuildLiteBehavior [ RunTime:0.000017s ]
INFO: [ app_init ] --END-- [ RunTime:0.000403s ]
INFO: [ app_begin ] --START--
INFO: Run Behavior\ReadHtmlCacheBehavior [ RunTime:0.000615s ]
INFO: [ app_begin ] --END-- [ RunTime:0.000715s ]
SQL: SHOW COLUMNS FROM `mint_user` [ RunTime:0.0349s ]
SQL: SELECT * FROM `mint_user` WHERE `id` = 1 LIMIT 1   [ RunTime:0.0369s ]
SQL: SHOW COLUMNS FROM `mint_app` [ RunTime:0.0338s ]
SQL: SELECT `id`,`app_name`,`app_uri`,`app_url`,`parent_id` FROM `mint_app` ORDER BY sort  [ RunTime:0.0338s ]

[ 2016-11-21T17:53:19+08:00 ] ::1 /mintAdmin/index.php/Admin/User/sltDateRecords
INFO: [ app_init ] --START--
INFO: Run Behavior\BuildLiteBehavior [ RunTime:0.000026s ]
INFO: [ app_init ] --END-- [ RunTime:0.000645s ]
INFO: [ app_begin ] --START--
INFO: Run Behavior\ReadHtmlCacheBehavior [ RunTime:0.000904s ]
INFO: [ app_begin ] --END-- [ RunTime:0.001024s ]
SQL: SHOW COLUMNS FROM `mint_user` [ RunTime:0.0339s ]
SQL: SELECT c.app_uri as uri FROM mint_user a INNER JOIN mint_role_app b on a.role_id=b.role_id INNER JOIN mint_app c on b.app_id=c.id  WHERE a.id = '1'  [ RunTime:0.0331s ]
SQL: SHOW COLUMNS FROM `mint_archives` [ RunTime:0.0330s ]
SQL: SELECT `create_time` FROM `mint_archives` WHERE `user_id` = '722' AND `type` = '1' GROUP BY create_time ORDER BY create_time desc,id desc  [ RunTime:0.0325s ]
INFO: [ app_end ] --START--
INFO: Run Behavior\ShowPageTraceBehavior [ RunTime:0.000820s ]
INFO: [ app_end ] --END-- [ RunTime:0.000929s ]

[ 2016-11-21T17:53:20+08:00 ] ::1 /mintAdmin/index.php/Admin/User/sltArchives
INFO: [ app_init ] --START--
INFO: Run Behavior\BuildLiteBehavior [ RunTime:0.000015s ]
INFO: [ app_init ] --END-- [ RunTime:0.000355s ]
INFO: [ app_begin ] --START--
INFO: Run Behavior\ReadHtmlCacheBehavior [ RunTime:0.000469s ]
INFO: [ app_begin ] --END-- [ RunTime:0.000524s ]
SQL: SHOW COLUMNS FROM `mint_user` [ RunTime:0.0340s ]
SQL: SELECT c.app_uri as uri FROM mint_user a INNER JOIN mint_role_app b on a.role_id=b.role_id INNER JOIN mint_app c on b.app_id=c.id  WHERE a.id = '1'  [ RunTime:0.0330s ]
SQL: SHOW COLUMNS FROM `mint_archives` [ RunTime:0.0327s ]
SQL: SELECT * FROM `mint_archives` WHERE `user_id` = '722' AND `create_time` = 1479398400 AND `type` = '1' LIMIT 1   [ RunTime:0.0335s ]
INFO: [ app_end ] --START--
INFO: Run Behavior\ShowPageTraceBehavior [ RunTime:0.000690s ]
INFO: [ app_end ] --END-- [ RunTime:0.000827s ]

[ 2016-11-21T17:53:36+08:00 ] ::1 /mintAdmin/index.php/Admin/User/editArchives
INFO: [ app_init ] --START--
INFO: Run Behavior\BuildLiteBehavior [ RunTime:0.000015s ]
INFO: [ app_init ] --END-- [ RunTime:0.000352s ]
INFO: [ app_begin ] --START--
INFO: Run Behavior\ReadHtmlCacheBehavior [ RunTime:0.000480s ]
INFO: [ app_begin ] --END-- [ RunTime:0.000546s ]
SQL: SHOW COLUMNS FROM `mint_user` [ RunTime:0.0380s ]
SQL: SELECT c.app_uri as uri FROM mint_user a INNER JOIN mint_role_app b on a.role_id=b.role_id INNER JOIN mint_app c on b.app_id=c.id  WHERE a.id = '1'  [ RunTime:0.0328s ]
SQL: SHOW COLUMNS FROM `mint_archives` [ RunTime:0.0330s ]
SQL: SELECT * FROM `mint_archives` WHERE `user_id` = '722' AND `create_time` = 1479657600 AND `type` = '1' LIMIT 1   [ RunTime:0.0327s ]
SQL: INSERT INTO `mint_archives` (`user_id`,`content`,`type`,`create_time`) VALUES ('722','{&quot;body_condition&quot;:[{&quot;state&quot;:&quot;1&quot;,&quot;name&quot;:&quot;心脏病史&quot;,&quot;date&quot;:&quot;&quot;},{&quot;state&quot;:&quot;1&quot;,&quot;name&quot;:&quot;高血压病史&quot;,&quot;date&quot;:&quot;&quot;},{&quot;state&quot;:&quot;1&quot;,&quot;name&quot;:&quot;糖尿病史&quot;,&quot;date&quot;:&quot;&quot;},{&quot;state&quot;:&quot;1&quot;,&quot;name&quot;:&quot;风湿病&quot;,&quot;date&quot;:&quot;&quot;},{&quot;state&quot;:&quot;1&quot;,&quot;name&quot;:&quot;癫痫病&quot;,&quot;date&quot;:&quot;&quot;},{&quot;state&quot;:&quot;1&quot;,&quot;name&quot;:&quot;在妊娠期&quot;,&quot;date&quot;:&quot;&quot;},{&quot;state&quot;:&quot;1&quot;,&quot;name&quot;:&quot;在哺乳期&quot;,&quot;date&quot;:&quot;&quot;},{&quot;state&quot;:&quot;1&quot;,&quot;name&quot;:&quot;定期体检&quot;,&quot;date&quot;:&quot;2016-11-09&quot;},{&quot;state&quot;:&quot;0&quot;,&quot;name&quot;:&quot;定期洗牙&quot;,&quot;date&quot;:&quot;2016-11-09&quot;}],&quot;family_history&quot;:[{&quot;state&quot;:&quot;1&quot;,&quot;name&quot;:&quot;牙周病&quot;,&quot;date&quot;:&quot;&quot;},{&quot;state&quot;:&quot;1&quot;,&quot;name&quot;:&quot;牙列不齐&quot;,&quot;date&quot;:&quot;&quot;},{&quot;state&quot;:&quot;1&quot;,&quot;name&quot;:&quot;颌骨发育异常&quot;,&quot;date&quot;:&quot;&quot;}],&quot;medicine&quot;:[{&quot;state&quot;:&quot;1&quot;,&quot;name&quot;:&quot;在服用抗凝药（阿司匹林/华法林等）&quot;,&quot;date&quot;:&quot;&quot;},{&quot;state&quot;:&quot;1&quot;,&quot;name&quot;:&quot;在服用免疫抑制剂（如环磷酰胺，他克莫司等）&quot;,&quot;date&quot;:&quot;&quot;},{&quot;state&quot;:&quot;1&quot;,&quot;name&quot;:&quot;在服用骨质疏松类治疗药物（如福善美）&quot;,&quot;date&quot;:&quot;&quot;},{&quot;state&quot;:&quot;1&quot;,&quot;name&quot;:&quot;近期在服用消炎止痛药&quot;,&quot;date&quot;:&quot;&quot;}],&quot;surgery&quot;:[{&quot;state&quot;:&quot;1&quot;,&quot;name&quot;:&quot;近期做过手术&quot;,&quot;date&quot;:&quot;&quot;}],&quot;allergy&quot;:[{&quot;state&quot;:&quot;1&quot;,&quot;name&quot;:&quot;青霉素类&quot;,&quot;date&quot;:&quot;&quot;},{&quot;state&quot;:&quot;1&quot;,&quot;name&quot;:&quot;磺胺类&quot;,&quot;date&quot;:&quot;&quot;},{&quot;state&quot;:&quot;1&quot;,&quot;name&quot;:&quot;局麻药&quot;,&quot;date&quot;:&quot;&quot;},{&quot;state&quot;:&quot;1&quot;,&quot;name&quot;:&quot;酒精&quot;,&quot;date&quot;:&quot;&quot;},{&quot;state&quot;:&quot;1&quot;,&quot;name&quot;:&quot;其他过敏情况&quot;,&quot;date&quot;:&quot;&quot;}],&quot;infection&quot;:[{&quot;state&quot;:&quot;1&quot;,&quot;name&quot;:&quot;肝炎&quot;,&quot;date&quot;:&quot;&quot;},{&quot;state&quot;:&quot;1&quot;,&quot;name&quot;:&quot;结核&quot;,&quot;date&quot;:&quot;&quot;},{&quot;state&quot;:&quot;1&quot;,&quot;name&quot;:&quot;艾滋病&quot;,&quot;date&quot;:&quot;&quot;},{&quot;state&quot;:&quot;1&quot;,&quot;name&quot;:&quot;其他传染病&quot;,&quot;date&quot;:&quot;222&quot;}]}','1','1479657600') [ RunTime:0.0450s ]
INFO: [ app_end ] --START--
INFO: Run Behavior\ShowPageTraceBehavior [ RunTime:0.000604s ]
INFO: [ app_end ] --END-- [ RunTime:0.000658s ]

[ 2016-11-21T17:53:37+08:00 ] ::1 /mintAdmin/index.php/Admin/User/sltDateRecords
INFO: [ app_init ] --START--
INFO: Run Behavior\BuildLiteBehavior [ RunTime:0.000022s ]
INFO: [ app_init ] --END-- [ RunTime:0.000473s ]
INFO: [ app_begin ] --START--
INFO: Run Behavior\ReadHtmlCacheBehavior [ RunTime:0.000566s ]
INFO: [ app_begin ] --END-- [ RunTime:0.000732s ]
SQL: SHOW COLUMNS FROM `mint_user` [ RunTime:0.0343s ]
SQL: SELECT c.app_uri as uri FROM mint_user a INNER JOIN mint_role_app b on a.role_id=b.role_id INNER JOIN mint_app c on b.app_id=c.id  WHERE a.id = '1'  [ RunTime:0.0330s ]
SQL: SHOW COLUMNS FROM `mint_archives` [ RunTime:0.0335s ]
SQL: SELECT `create_time` FROM `mint_archives` WHERE `user_id` = '722' AND `type` = '1' GROUP BY create_time ORDER BY create_time desc,id desc  [ RunTime:0.0332s ]
INFO: [ app_end ] --START--
INFO: Run Behavior\ShowPageTraceBehavior [ RunTime:0.000578s ]
INFO: [ app_end ] --END-- [ RunTime:0.000646s ]

[ 2016-11-21T17:53:44+08:00 ] ::1 /mintAdmin/index.php/Admin/Index/getUserInfo
INFO: [ app_init ] --START--
INFO: Run Behavior\BuildLiteBehavior [ RunTime:0.000018s ]
INFO: [ app_init ] --END-- [ RunTime:0.000411s ]
INFO: [ app_begin ] --START--
INFO: Run Behavior\ReadHtmlCacheBehavior [ RunTime:0.000573s ]
INFO: [ app_begin ] --END-- [ RunTime:0.000652s ]
SQL: SHOW COLUMNS FROM `mint_user` [ RunTime:0.0349s ]
SQL: SELECT * FROM `mint_user` WHERE `id` = 1 LIMIT 1   [ RunTime:0.0342s ]
SQL: SHOW COLUMNS FROM `mint_app` [ RunTime:0.0327s ]
SQL: SELECT `id`,`app_name`,`app_uri`,`app_url`,`parent_id` FROM `mint_app` ORDER BY sort  [ RunTime:0.0329s ]

[ 2016-11-21T17:53:44+08:00 ] ::1 /mintAdmin/index.php/Admin/User/sltDateRecords
INFO: [ app_init ] --START--
INFO: Run Behavior\BuildLiteBehavior [ RunTime:0.000025s ]
INFO: [ app_init ] --END-- [ RunTime:0.000445s ]
INFO: [ app_begin ] --START--
INFO: Run Behavior\ReadHtmlCacheBehavior [ RunTime:0.000947s ]
INFO: [ app_begin ] --END-- [ RunTime:0.001055s ]
SQL: SHOW COLUMNS FROM `mint_user` [ RunTime:0.0349s ]
SQL: SELECT c.app_uri as uri FROM mint_user a INNER JOIN mint_role_app b on a.role_id=b.role_id INNER JOIN mint_app c on b.app_id=c.id  WHERE a.id = '1'  [ RunTime:0.0343s ]
SQL: SHOW COLUMNS FROM `mint_archives` [ RunTime:0.0350s ]
SQL: SELECT `create_time` FROM `mint_archives` WHERE `user_id` = '722' AND `type` = '1' GROUP BY create_time ORDER BY create_time desc,id desc  [ RunTime:0.0332s ]
INFO: [ app_end ] --START--
INFO: Run Behavior\ShowPageTraceBehavior [ RunTime:0.000578s ]
INFO: [ app_end ] --END-- [ RunTime:0.000651s ]

[ 2016-11-21T17:53:45+08:00 ] ::1 /mintAdmin/index.php/Admin/User/sltArchives
INFO: [ app_init ] --START--
INFO: Run Behavior\BuildLiteBehavior [ RunTime:0.000014s ]
INFO: [ app_init ] --END-- [ RunTime:0.000360s ]
INFO: [ app_begin ] --START--
INFO: Run Behavior\ReadHtmlCacheBehavior [ RunTime:0.000469s ]
INFO: [ app_begin ] --END-- [ RunTime:0.000524s ]
SQL: SHOW COLUMNS FROM `mint_user` [ RunTime:0.0351s ]
SQL: SELECT c.app_uri as uri FROM mint_user a INNER JOIN mint_role_app b on a.role_id=b.role_id INNER JOIN mint_app c on b.app_id=c.id  WHERE a.id = '1'  [ RunTime:0.0335s ]
SQL: SHOW COLUMNS FROM `mint_archives` [ RunTime:0.0339s ]
SQL: SELECT * FROM `mint_archives` WHERE `user_id` = '722' AND `create_time` = 1479657600 AND `type` = '1' LIMIT 1   [ RunTime:0.0341s ]
INFO: [ app_end ] --START--
INFO: Run Behavior\ShowPageTraceBehavior [ RunTime:0.000570s ]
INFO: [ app_end ] --END-- [ RunTime:0.000631s ]

[ 2016-11-21T17:53:52+08:00 ] ::1 /mintAdmin/index.php/Admin/User/sltArchives
INFO: [ app_init ] --START--
INFO: Run Behavior\BuildLiteBehavior [ RunTime:0.000015s ]
INFO: [ app_init ] --END-- [ RunTime:0.000354s ]
INFO: [ app_begin ] --START--
INFO: Run Behavior\ReadHtmlCacheBehavior [ RunTime:0.000460s ]
INFO: [ app_begin ] --END-- [ RunTime:0.000514s ]
SQL: SHOW COLUMNS FROM `mint_user` [ RunTime:0.0354s ]
SQL: SELECT c.app_uri as uri FROM mint_user a INNER JOIN mint_role_app b on a.role_id=b.role_id INNER JOIN mint_app c on b.app_id=c.id  WHERE a.id = '1'  [ RunTime:0.0343s ]
SQL: SHOW COLUMNS FROM `mint_archives` [ RunTime:0.0340s ]
SQL: SELECT * FROM `mint_archives` WHERE `user_id` = '722' AND `create_time` = 1479398400 AND `type` = '1' LIMIT 1   [ RunTime:0.0355s ]
INFO: [ app_end ] --START--
INFO: Run Behavior\ShowPageTraceBehavior [ RunTime:0.000648s ]
INFO: [ app_end ] --END-- [ RunTime:0.000707s ]

[ 2016-11-21T17:53:55+08:00 ] ::1 /mintAdmin/index.php/Admin/User/sltArchives
INFO: [ app_init ] --START--
INFO: Run Behavior\BuildLiteBehavior [ RunTime:0.000027s ]
INFO: [ app_init ] --END-- [ RunTime:0.000536s ]
INFO: [ app_begin ] --START--
INFO: Run Behavior\ReadHtmlCacheBehavior [ RunTime:0.000592s ]
INFO: [ app_begin ] --END-- [ RunTime:0.000651s ]
SQL: SHOW COLUMNS FROM `mint_user` [ RunTime:0.0338s ]
SQL: SELECT c.app_uri as uri FROM mint_user a INNER JOIN mint_role_app b on a.role_id=b.role_id INNER JOIN mint_app c on b.app_id=c.id  WHERE a.id = '1'  [ RunTime:0.0323s ]
SQL: SHOW COLUMNS FROM `mint_archives` [ RunTime:0.0326s ]
SQL: SELECT * FROM `mint_archives` WHERE `user_id` = '722' AND `create_time` = 1479657600 AND `type` = '1' LIMIT 1   [ RunTime:0.0332s ]
INFO: [ app_end ] --START--
INFO: Run Behavior\ShowPageTraceBehavior [ RunTime:0.000941s ]
INFO: [ app_end ] --END-- [ RunTime:0.001015s ]

[ 2016-11-21T17:53:56+08:00 ] ::1 /mintAdmin/index.php/Admin/Index/getUserInfo
INFO: [ app_init ] --START--
INFO: Run Behavior\BuildLiteBehavior [ RunTime:0.000030s ]
INFO: [ app_init ] --END-- [ RunTime:0.000690s ]
INFO: [ app_begin ] --START--
INFO: Run Behavior\ReadHtmlCacheBehavior [ RunTime:0.000826s ]
INFO: [ app_begin ] --END-- [ RunTime:0.000955s ]
SQL: SHOW COLUMNS FROM `mint_user` [ RunTime:0.0345s ]
SQL: SELECT * FROM `mint_user` WHERE `id` = 1 LIMIT 1   [ RunTime:0.0334s ]
SQL: SHOW COLUMNS FROM `mint_app` [ RunTime:0.0329s ]
SQL: SELECT `id`,`app_name`,`app_uri`,`app_url`,`parent_id` FROM `mint_app` ORDER BY sort  [ RunTime:0.0332s ]

[ 2016-11-21T17:53:56+08:00 ] ::1 /mintAdmin/index.php/Admin/User/sltArchives
INFO: [ app_init ] --START--
INFO: Run Behavior\BuildLiteBehavior [ RunTime:0.000028s ]
INFO: [ app_init ] --END-- [ RunTime:0.000565s ]
INFO: [ app_begin ] --START--
INFO: Run Behavior\ReadHtmlCacheBehavior [ RunTime:0.000779s ]
INFO: [ app_begin ] --END-- [ RunTime:0.000909s ]
SQL: SHOW COLUMNS FROM `mint_user` [ RunTime:0.0346s ]
SQL: SELECT c.app_uri as uri FROM mint_user a INNER JOIN mint_role_app b on a.role_id=b.role_id INNER JOIN mint_app c on b.app_id=c.id  WHERE a.id = '1'  [ RunTime:0.0330s ]
SQL: SHOW COLUMNS FROM `mint_archives` [ RunTime:0.0331s ]
SQL: SELECT * FROM `mint_archives` WHERE `user_id` = '722' AND `create_time` = 1479657600 AND `type` = '1' LIMIT 1   [ RunTime:0.0344s ]
INFO: [ app_end ] --START--
INFO: Run Behavior\ShowPageTraceBehavior [ RunTime:0.000637s ]
INFO: [ app_end ] --END-- [ RunTime:0.000696s ]

[ 2016-11-21T17:53:57+08:00 ] ::1 /mintAdmin/index.php/Admin/User/sltDateRecords
INFO: [ app_init ] --START--
INFO: Run Behavior\BuildLiteBehavior [ RunTime:0.000024s ]
INFO: [ app_init ] --END-- [ RunTime:0.000614s ]
INFO: [ app_begin ] --START--
INFO: Run Behavior\ReadHtmlCacheBehavior [ RunTime:0.000754s ]
INFO: [ app_begin ] --END-- [ RunTime:0.000858s ]
SQL: SHOW COLUMNS FROM `mint_user` [ RunTime:0.0351s ]
SQL: SELECT c.app_uri as uri FROM mint_user a INNER JOIN mint_role_app b on a.role_id=b.role_id INNER JOIN mint_app c on b.app_id=c.id  WHERE a.id = '1'  [ RunTime:0.0338s ]
SQL: SHOW COLUMNS FROM `mint_archives` [ RunTime:0.0347s ]
SQL: SELECT `create_time` FROM `mint_archives` WHERE `user_id` = '722' AND `type` = '1' GROUP BY create_time ORDER BY create_time desc,id desc  [ RunTime:0.0340s ]
INFO: [ app_end ] --START--
INFO: Run Behavior\ShowPageTraceBehavior [ RunTime:0.000666s ]
INFO: [ app_end ] --END-- [ RunTime:0.000737s ]

[ 2016-11-21T17:53:59+08:00 ] ::1 /mintAdmin/index.php/Admin/User/sltArchives
INFO: [ app_init ] --START--
INFO: Run Behavior\BuildLiteBehavior [ RunTime:0.000015s ]
INFO: [ app_init ] --END-- [ RunTime:0.000347s ]
INFO: [ app_begin ] --START--
INFO: Run Behavior\ReadHtmlCacheBehavior [ RunTime:0.000464s ]
INFO: [ app_begin ] --END-- [ RunTime:0.000518s ]
SQL: SHOW COLUMNS FROM `mint_user` [ RunTime:0.0350s ]
SQL: SELECT c.app_uri as uri FROM mint_user a INNER JOIN mint_role_app b on a.role_id=b.role_id INNER JOIN mint_app c on b.app_id=c.id  WHERE a.id = '1'  [ RunTime:0.0338s ]
SQL: SHOW COLUMNS FROM `mint_archives` [ RunTime:0.0346s ]
SQL: SELECT * FROM `mint_archives` WHERE `user_id` = '722' AND `create_time` = 1479398400 AND `type` = '1' LIMIT 1   [ RunTime:0.0347s ]
INFO: [ app_end ] --START--
INFO: Run Behavior\ShowPageTraceBehavior [ RunTime:0.000607s ]
INFO: [ app_end ] --END-- [ RunTime:0.000663s ]

[ 2016-11-21T17:54:02+08:00 ] ::1 /mintAdmin/index.php/Admin/User/sltArchives
INFO: [ app_init ] --START--
INFO: Run Behavior\BuildLiteBehavior [ RunTime:0.000017s ]
INFO: [ app_init ] --END-- [ RunTime:0.000402s ]
INFO: [ app_begin ] --START--
INFO: Run Behavior\ReadHtmlCacheBehavior [ RunTime:0.000579s ]
INFO: [ app_begin ] --END-- [ RunTime:0.000669s ]
SQL: SHOW COLUMNS FROM `mint_user` [ RunTime:0.0356s ]
SQL: SELECT c.app_uri as uri FROM mint_user a INNER JOIN mint_role_app b on a.role_id=b.role_id INNER JOIN mint_app c on b.app_id=c.id  WHERE a.id = '1'  [ RunTime:0.0339s ]
SQL: SHOW COLUMNS FROM `mint_archives` [ RunTime:0.0336s ]
SQL: SELECT * FROM `mint_archives` WHERE `user_id` = '722' AND `create_time` = 1479657600 AND `type` = '1' LIMIT 1   [ RunTime:0.0343s ]
INFO: [ app_end ] --START--
INFO: Run Behavior\ShowPageTraceBehavior [ RunTime:0.000612s ]
INFO: [ app_end ] --END-- [ RunTime:0.000667s ]

[ 2016-11-21T17:54:09+08:00 ] ::1 /mintAdmin/index.php/Admin/User/sltArchives
INFO: [ app_init ] --START--
INFO: Run Behavior\BuildLiteBehavior [ RunTime:0.000018s ]
INFO: [ app_init ] --END-- [ RunTime:0.000397s ]
INFO: [ app_begin ] --START--
INFO: Run Behavior\ReadHtmlCacheBehavior [ RunTime:0.000476s ]
INFO: [ app_begin ] --END-- [ RunTime:0.000533s ]
SQL: SHOW COLUMNS FROM `mint_user` [ RunTime:0.0362s ]
SQL: SELECT c.app_uri as uri FROM mint_user a INNER JOIN mint_role_app b on a.role_id=b.role_id INNER JOIN mint_app c on b.app_id=c.id  WHERE a.id = '1'  [ RunTime:0.0332s ]
SQL: SHOW COLUMNS FROM `mint_archives` [ RunTime:0.0335s ]
SQL: SELECT * FROM `mint_archives` WHERE `user_id` = '722' AND `create_time` = 1479398400 AND `type` = '1' LIMIT 1   [ RunTime:0.0342s ]
INFO: [ app_end ] --START--
INFO: Run Behavior\ShowPageTraceBehavior [ RunTime:0.000974s ]
INFO: [ app_end ] --END-- [ RunTime:0.001064s ]

[ 2016-11-21T17:54:11+08:00 ] ::1 /mintAdmin/index.php/Admin/User/sltArchives
INFO: [ app_init ] --START--
INFO: Run Behavior\BuildLiteBehavior [ RunTime:0.000015s ]
INFO: [ app_init ] --END-- [ RunTime:0.000372s ]
INFO: [ app_begin ] --START--
INFO: Run Behavior\ReadHtmlCacheBehavior [ RunTime:0.000460s ]
INFO: [ app_begin ] --END-- [ RunTime:0.000514s ]
SQL: SHOW COLUMNS FROM `mint_user` [ RunTime:0.0334s ]
SQL: SELECT c.app_uri as uri FROM mint_user a INNER JOIN mint_role_app b on a.role_id=b.role_id INNER JOIN mint_app c on b.app_id=c.id  WHERE a.id = '1'  [ RunTime:0.0324s ]
SQL: SHOW COLUMNS FROM `mint_archives` [ RunTime:0.0339s ]
SQL: SELECT * FROM `mint_archives` WHERE `user_id` = '722' AND `create_time` = 1479657600 AND `type` = '1' LIMIT 1   [ RunTime:0.0329s ]
INFO: [ app_end ] --START--
INFO: Run Behavior\ShowPageTraceBehavior [ RunTime:0.000598s ]
INFO: [ app_end ] --END-- [ RunTime:0.000656s ]

