[ 2016-11-20T13:55:40+08:00 ] ::1 /mintAdmin/index.php/Admin/User/editArchives2
INFO: [ app_init ] --START--
INFO: Run Behavior\BuildLiteBehavior [ RunTime:0.000020s ]
INFO: [ app_init ] --END-- [ RunTime:0.000668s ]
INFO: [ app_begin ] --START--
INFO: Run Behavior\ReadHtmlCacheBehavior [ RunTime:0.000866s ]
INFO: [ app_begin ] --END-- [ RunTime:0.000941s ]
SQL: SHOW COLUMNS FROM `mint_user` [ RunTime:0.0350s ]
SQL: SELECT c.app_uri as uri FROM mint_user a INNER JOIN mint_role_app b on a.role_id=b.role_id INNER JOIN mint_app c on b.app_id=c.id  WHERE a.id = '1'  [ RunTime:0.0343s ]
SQL: SHOW COLUMNS FROM `mint_archives` [ RunTime:0.0340s ]
SQL: UPDATE `mint_archives` SET `content`='{&quot;body_condition&quot;:[{&quot;state&quot;:&quot;1&quot;,&quot;name&quot;:&quot;心脏病史&quot;,&quot;date&quot;:&quot;&quot;},{&quot;state&quot;:&quot;1&quot;,&quot;name&quot;:&quot;高血压病史&quot;,&quot;date&quot;:&quot;&quot;},{&quot;state&quot;:&quot;1&quot;,&quot;name&quot;:&quot;糖尿病史&quot;,&quot;date&quot;:&quot;&quot;},{&quot;state&quot;:&quot;1&quot;,&quot;name&quot;:&quot;风湿病&quot;,&quot;date&quot;:&quot;&quot;},{&quot;state&quot;:&quot;1&quot;,&quot;name&quot;:&quot;癫痫病&quot;,&quot;date&quot;:&quot;&quot;},{&quot;state&quot;:&quot;1&quot;,&quot;name&quot;:&quot;在妊娠期&quot;,&quot;date&quot;:&quot;&quot;},{&quot;state&quot;:&quot;1&quot;,&quot;name&quot;:&quot;在哺乳期&quot;,&quot;date&quot;:&quot;&quot;},{&quot;state&quot;:&quot;0&quot;,&quot;name&quot;:&quot;定期体检&quot;,&quot;date&quot;:&quot;2016-11-15&quot;},{&quot;state&quot;:&quot;1&quot;,&quot;name&quot;:&quot;定期洗牙&quot;,&quot;date&quot;:&quot;2016-11-01&quot;}],&quot;family_history&quot;:[{&quot;state&quot;:&quot;1&quot;,&quot;name&quot;:&quot;牙周病&quot;,&quot;date&quot;:&quot;&quot;},{&quot;state&quot;:&quot;1&quot;,&quot;name&quot;:&quot;牙列不齐&quot;,&quot;date&quot;:&quot;&quot;},{&quot;state&quot;:&quot;1&quot;,&quot;name&quot;:&quot;颌骨发育异常&quot;,&quot;date&quot;:&quot;&quot;}],&quot;medicine&quot;:[{&quot;state&quot;:&quot;1&quot;,&quot;name&quot;:&quot;在服用抗凝药（阿司匹林/华法林等）&quot;,&quot;date&quot;:&quot;&quot;},{&quot;state&quot;:&quot;1&quot;,&quot;name&quot;:&quot;在服用免疫抑制剂（如环磷酰胺，他克莫司等）&quot;,&quot;date&quot;:&quot;&quot;},{&quot;state&quot;:&quot;1&quot;,&quot;name&quot;:&quot;在服用骨质疏松类治疗药物（如福善美）&quot;,&quot;date&quot;:&quot;&quot;},{&quot;state&quot;:&quot;1&quot;,&quot;name&quot;:&quot;近期在服用消炎止痛药&quot;,&quot;date&quot;:&quot;&quot;}],&quot;surgery&quot;:[{&quot;state&quot;:&quot;1&quot;,&quot;name&quot;:&quot;近期做过手术&quot;,&quot;date&quot;:&quot;12321&quot;}],&quot;allergy&quot;:[{&quot;state&quot;:&quot;1&quot;,&quot;name&quot;:&quot;青霉素类&quot;,&quot;date&quot;:&quot;&quot;},{&quot;state&quot;:&quot;1&quot;,&quot;name&quot;:&quot;磺胺类&quot;,&quot;date&quot;:&quot;&quot;},{&quot;state&quot;:&quot;1&quot;,&quot;name&quot;:&quot;局麻药&quot;,&quot;date&quot;:&quot;&quot;},{&quot;state&quot;:&quot;1&quot;,&quot;name&quot;:&quot;酒精&quot;,&quot;date&quot;:&quot;&quot;},{&quot;state&quot;:&quot;1&quot;,&quot;name&quot;:&quot;其他过敏情况&quot;,&quot;date&quot;:&quot;12321312&quot;}],&quot;infection&quot;:[{&quot;state&quot;:&quot;1&quot;,&quot;name&quot;:&quot;肝炎&quot;,&quot;date&quot;:&quot;&quot;},{&quot;state&quot;:&quot;1&quot;,&quot;name&quot;:&quot;结核&quot;,&quot;date&quot;:&quot;&quot;},{&quot;state&quot;:&quot;1&quot;,&quot;name&quot;:&quot;艾滋病&quot;,&quot;date&quot;:&quot;&quot;},{&quot;state&quot;:&quot;1&quot;,&quot;name&quot;:&quot;其他传染病&quot;,&quot;date&quot;:&quot;222&quot;}]}' WHERE `user_id` = '722' AND `create_time` = 1479398400 AND `type` = '1' [ RunTime:0.0429s ]
INFO: [ app_end ] --START--
INFO: Run Behavior\ShowPageTraceBehavior [ RunTime:0.000829s ]
INFO: [ app_end ] --END-- [ RunTime:0.000891s ]

[ 2016-11-20T13:55:41+08:00 ] ::1 /mintAdmin/index.php/Admin/User/sltDateRecords
INFO: [ app_init ] --START--
INFO: Run Behavior\BuildLiteBehavior [ RunTime:0.000015s ]
INFO: [ app_init ] --END-- [ RunTime:0.000344s ]
INFO: [ app_begin ] --START--
INFO: Run Behavior\ReadHtmlCacheBehavior [ RunTime:0.000465s ]
INFO: [ app_begin ] --END-- [ RunTime:0.000520s ]
SQL: SHOW COLUMNS FROM `mint_user` [ RunTime:0.0341s ]
SQL: SELECT c.app_uri as uri FROM mint_user a INNER JOIN mint_role_app b on a.role_id=b.role_id INNER JOIN mint_app c on b.app_id=c.id  WHERE a.id = '1'  [ RunTime:0.0331s ]
SQL: SHOW COLUMNS FROM `mint_archives` [ RunTime:0.0332s ]
SQL: SELECT `create_time` FROM `mint_archives` WHERE `user_id` = '722' AND `type` = '1' GROUP BY create_time ORDER BY create_time desc,id desc  [ RunTime:0.0327s ]
INFO: [ app_end ] --START--
INFO: Run Behavior\ShowPageTraceBehavior [ RunTime:0.000577s ]
INFO: [ app_end ] --END-- [ RunTime:0.000645s ]

[ 2016-11-20T13:55:46+08:00 ] ::1 /mintAdmin/index.php/Admin/User/editArchives2
INFO: [ app_init ] --START--
INFO: Run Behavior\BuildLiteBehavior [ RunTime:0.000016s ]
INFO: [ app_init ] --END-- [ RunTime:0.000438s ]
INFO: [ app_begin ] --START--
INFO: Run Behavior\ReadHtmlCacheBehavior [ RunTime:0.000466s ]
INFO: [ app_begin ] --END-- [ RunTime:0.000519s ]
SQL: SHOW COLUMNS FROM `mint_user` [ RunTime:0.0349s ]
SQL: SELECT c.app_uri as uri FROM mint_user a INNER JOIN mint_role_app b on a.role_id=b.role_id INNER JOIN mint_app c on b.app_id=c.id  WHERE a.id = '1'  [ RunTime:0.0335s ]
SQL: SHOW COLUMNS FROM `mint_archives` [ RunTime:0.0337s ]
SQL: UPDATE `mint_archives` SET `content`='{&quot;body_condition&quot;:[{&quot;state&quot;:&quot;1&quot;,&quot;name&quot;:&quot;心脏病史&quot;,&quot;date&quot;:&quot;&quot;},{&quot;state&quot;:&quot;1&quot;,&quot;name&quot;:&quot;高血压病史&quot;,&quot;date&quot;:&quot;&quot;},{&quot;state&quot;:&quot;1&quot;,&quot;name&quot;:&quot;糖尿病史&quot;,&quot;date&quot;:&quot;&quot;},{&quot;state&quot;:&quot;1&quot;,&quot;name&quot;:&quot;风湿病&quot;,&quot;date&quot;:&quot;&quot;},{&quot;state&quot;:&quot;1&quot;,&quot;name&quot;:&quot;癫痫病&quot;,&quot;date&quot;:&quot;&quot;},{&quot;state&quot;:&quot;1&quot;,&quot;name&quot;:&quot;在妊娠期&quot;,&quot;date&quot;:&quot;&quot;},{&quot;state&quot;:&quot;1&quot;,&quot;name&quot;:&quot;在哺乳期&quot;,&quot;date&quot;:&quot;&quot;},{&quot;state&quot;:&quot;0&quot;,&quot;name&quot;:&quot;定期体检&quot;,&quot;date&quot;:&quot;2016-11-15&quot;},{&quot;state&quot;:&quot;1&quot;,&quot;name&quot;:&quot;定期洗牙&quot;,&quot;date&quot;:&quot;2016-11-01&quot;}],&quot;family_history&quot;:[{&quot;state&quot;:&quot;1&quot;,&quot;name&quot;:&quot;牙周病&quot;,&quot;date&quot;:&quot;&quot;},{&quot;state&quot;:&quot;1&quot;,&quot;name&quot;:&quot;牙列不齐&quot;,&quot;date&quot;:&quot;&quot;},{&quot;state&quot;:&quot;1&quot;,&quot;name&quot;:&quot;颌骨发育异常&quot;,&quot;date&quot;:&quot;&quot;}],&quot;medicine&quot;:[{&quot;state&quot;:&quot;1&quot;,&quot;name&quot;:&quot;在服用抗凝药（阿司匹林/华法林等）&quot;,&quot;date&quot;:&quot;&quot;},{&quot;state&quot;:&quot;1&quot;,&quot;name&quot;:&quot;在服用免疫抑制剂（如环磷酰胺，他克莫司等）&quot;,&quot;date&quot;:&quot;&quot;},{&quot;state&quot;:&quot;1&quot;,&quot;name&quot;:&quot;在服用骨质疏松类治疗药物（如福善美）&quot;,&quot;date&quot;:&quot;&quot;},{&quot;state&quot;:&quot;1&quot;,&quot;name&quot;:&quot;近期在服用消炎止痛药&quot;,&quot;date&quot;:&quot;&quot;}],&quot;surgery&quot;:[{&quot;state&quot;:&quot;1&quot;,&quot;name&quot;:&quot;近期做过手术&quot;,&quot;date&quot;:&quot;12321&quot;}],&quot;allergy&quot;:[{&quot;state&quot;:&quot;1&quot;,&quot;name&quot;:&quot;青霉素类&quot;,&quot;date&quot;:&quot;&quot;},{&quot;state&quot;:&quot;1&quot;,&quot;name&quot;:&quot;磺胺类&quot;,&quot;date&quot;:&quot;&quot;},{&quot;state&quot;:&quot;1&quot;,&quot;name&quot;:&quot;局麻药&quot;,&quot;date&quot;:&quot;&quot;},{&quot;state&quot;:&quot;1&quot;,&quot;name&quot;:&quot;酒精&quot;,&quot;date&quot;:&quot;&quot;},{&quot;state&quot;:&quot;1&quot;,&quot;name&quot;:&quot;其他过敏情况&quot;,&quot;date&quot;:&quot;12321312&quot;}],&quot;infection&quot;:[{&quot;state&quot;:&quot;1&quot;,&quot;name&quot;:&quot;肝炎&quot;,&quot;date&quot;:&quot;&quot;},{&quot;state&quot;:&quot;1&quot;,&quot;name&quot;:&quot;结核&quot;,&quot;date&quot;:&quot;&quot;},{&quot;state&quot;:&quot;1&quot;,&quot;name&quot;:&quot;艾滋病&quot;,&quot;date&quot;:&quot;&quot;},{&quot;state&quot;:&quot;1&quot;,&quot;name&quot;:&quot;其他传染病&quot;,&quot;date&quot;:&quot;222&quot;}]}' WHERE `user_id` = '722' AND `create_time` = 1479398400 AND `type` = '1' [ RunTime:0.0432s ]
INFO: [ app_end ] --START--
INFO: Run Behavior\ShowPageTraceBehavior [ RunTime:0.000858s ]
INFO: [ app_end ] --END-- [ RunTime:0.000929s ]

[ 2016-11-20T13:55:47+08:00 ] ::1 /mintAdmin/index.php/Admin/User/sltDateRecords
INFO: [ app_init ] --START--
INFO: Run Behavior\BuildLiteBehavior [ RunTime:0.000036s ]
INFO: [ app_init ] --END-- [ RunTime:0.001193s ]
INFO: [ app_begin ] --START--
INFO: Run Behavior\ReadHtmlCacheBehavior [ RunTime:0.000542s ]
INFO: [ app_begin ] --END-- [ RunTime:0.000599s ]
SQL: SHOW COLUMNS FROM `mint_user` [ RunTime:0.0343s ]
SQL: SELECT c.app_uri as uri FROM mint_user a INNER JOIN mint_role_app b on a.role_id=b.role_id INNER JOIN mint_app c on b.app_id=c.id  WHERE a.id = '1'  [ RunTime:0.0332s ]
SQL: SHOW COLUMNS FROM `mint_archives` [ RunTime:0.0332s ]
SQL: SELECT `create_time` FROM `mint_archives` WHERE `user_id` = '722' AND `type` = '1' GROUP BY create_time ORDER BY create_time desc,id desc  [ RunTime:0.0329s ]
INFO: [ app_end ] --START--
INFO: Run Behavior\ShowPageTraceBehavior [ RunTime:0.000767s ]
INFO: [ app_end ] --END-- [ RunTime:0.000901s ]

[ 2016-11-20T13:55:49+08:00 ] ::1 /mintAdmin/index.php/Admin/User/sltDateRecords
INFO: [ app_init ] --START--
INFO: Run Behavior\BuildLiteBehavior [ RunTime:0.000029s ]
INFO: [ app_init ] --END-- [ RunTime:0.000658s ]
INFO: [ app_begin ] --START--
INFO: Run Behavior\ReadHtmlCacheBehavior [ RunTime:0.001160s ]
INFO: [ app_begin ] --END-- [ RunTime:0.001316s ]
SQL: SHOW COLUMNS FROM `mint_user` [ RunTime:0.0339s ]
SQL: SELECT c.app_uri as uri FROM mint_user a INNER JOIN mint_role_app b on a.role_id=b.role_id INNER JOIN mint_app c on b.app_id=c.id  WHERE a.id = '1'  [ RunTime:0.0328s ]
SQL: SHOW COLUMNS FROM `mint_archives` [ RunTime:0.0326s ]
SQL: SELECT `create_time` FROM `mint_archives` WHERE `user_id` = '722' AND `type` = '2' GROUP BY create_time ORDER BY create_time desc,id desc  [ RunTime:0.0324s ]
INFO: [ app_end ] --START--
INFO: Run Behavior\ShowPageTraceBehavior [ RunTime:0.000607s ]
INFO: [ app_end ] --END-- [ RunTime:0.000662s ]

[ 2016-11-20T13:55:49+08:00 ] ::1 /mintAdmin/index.php/Admin/Index/getUserInfo
INFO: [ app_init ] --START--
INFO: Run Behavior\BuildLiteBehavior [ RunTime:0.000027s ]
INFO: [ app_init ] --END-- [ RunTime:0.000645s ]
INFO: [ app_begin ] --START--
INFO: Run Behavior\ReadHtmlCacheBehavior [ RunTime:0.001093s ]
INFO: [ app_begin ] --END-- [ RunTime:0.001320s ]
SQL: SHOW COLUMNS FROM `mint_user` [ RunTime:0.0339s ]
SQL: SELECT * FROM `mint_user` WHERE `id` = 1 LIMIT 1   [ RunTime:0.0329s ]
SQL: SHOW COLUMNS FROM `mint_app` [ RunTime:0.0329s ]
SQL: SELECT `id`,`app_name`,`app_uri`,`app_url`,`parent_id` FROM `mint_app` ORDER BY sort  [ RunTime:0.0326s ]

[ 2016-11-20T13:55:50+08:00 ] ::1 /mintAdmin/index.php/Admin/Index/getUserInfo
INFO: [ app_init ] --START--
INFO: Run Behavior\BuildLiteBehavior [ RunTime:0.000017s ]
INFO: [ app_init ] --END-- [ RunTime:0.000412s ]
INFO: [ app_begin ] --START--
INFO: Run Behavior\ReadHtmlCacheBehavior [ RunTime:0.000544s ]
INFO: [ app_begin ] --END-- [ RunTime:0.000615s ]
SQL: SHOW COLUMNS FROM `mint_user` [ RunTime:0.0346s ]
SQL: SELECT * FROM `mint_user` WHERE `id` = 1 LIMIT 1   [ RunTime:0.0338s ]
SQL: SHOW COLUMNS FROM `mint_app` [ RunTime:0.0333s ]
SQL: SELECT `id`,`app_name`,`app_uri`,`app_url`,`parent_id` FROM `mint_app` ORDER BY sort  [ RunTime:0.0333s ]

[ 2016-11-20T13:55:50+08:00 ] ::1 /mintAdmin/index.php/Admin/User/sltDateRecords
INFO: [ app_init ] --START--
INFO: Run Behavior\BuildLiteBehavior [ RunTime:0.000025s ]
INFO: [ app_init ] --END-- [ RunTime:0.000646s ]
INFO: [ app_begin ] --START--
INFO: Run Behavior\ReadHtmlCacheBehavior [ RunTime:0.000742s ]
INFO: [ app_begin ] --END-- [ RunTime:0.000827s ]
SQL: SHOW COLUMNS FROM `mint_user` [ RunTime:0.0342s ]
SQL: SELECT c.app_uri as uri FROM mint_user a INNER JOIN mint_role_app b on a.role_id=b.role_id INNER JOIN mint_app c on b.app_id=c.id  WHERE a.id = '1'  [ RunTime:0.0330s ]
SQL: SHOW COLUMNS FROM `mint_archives` [ RunTime:0.0331s ]
SQL: SELECT `create_time` FROM `mint_archives` WHERE `user_id` = '722' AND `type` = '1' GROUP BY create_time ORDER BY create_time desc,id desc  [ RunTime:0.0333s ]
INFO: [ app_end ] --START--
INFO: Run Behavior\ShowPageTraceBehavior [ RunTime:0.000596s ]
INFO: [ app_end ] --END-- [ RunTime:0.000653s ]

[ 2016-11-20T13:55:50+08:00 ] ::1 /mintAdmin/index.php/Admin/User/sltArchives
INFO: [ app_init ] --START--
INFO: Run Behavior\BuildLiteBehavior [ RunTime:0.000041s ]
INFO: [ app_init ] --END-- [ RunTime:0.001253s ]
INFO: [ app_begin ] --START--
INFO: Run Behavior\ReadHtmlCacheBehavior [ RunTime:0.000699s ]
INFO: [ app_begin ] --END-- [ RunTime:0.000788s ]
SQL: SHOW COLUMNS FROM `mint_user` [ RunTime:0.0350s ]
SQL: SELECT c.app_uri as uri FROM mint_user a INNER JOIN mint_role_app b on a.role_id=b.role_id INNER JOIN mint_app c on b.app_id=c.id  WHERE a.id = '1'  [ RunTime:0.0341s ]
SQL: SHOW COLUMNS FROM `mint_archives` [ RunTime:0.0340s ]
SQL: SELECT * FROM `mint_archives` WHERE `user_id` = '722' AND `create_time` = 1479398400 AND `type` = '1' LIMIT 1   [ RunTime:0.0345s ]
INFO: [ app_end ] --START--
INFO: Run Behavior\ShowPageTraceBehavior [ RunTime:0.000598s ]
INFO: [ app_end ] --END-- [ RunTime:0.000654s ]

[ 2016-11-20T13:56:02+08:00 ] ::1 /mintAdmin/index.php/Admin/Index/getUserInfo
INFO: [ app_init ] --START--
INFO: Run Behavior\BuildLiteBehavior [ RunTime:0.000030s ]
INFO: [ app_init ] --END-- [ RunTime:0.000542s ]
INFO: [ app_begin ] --START--
INFO: Run Behavior\ReadHtmlCacheBehavior [ RunTime:0.000594s ]
INFO: [ app_begin ] --END-- [ RunTime:0.000684s ]
SQL: SHOW COLUMNS FROM `mint_user` [ RunTime:0.0349s ]
SQL: SELECT * FROM `mint_user` WHERE `id` = 1 LIMIT 1   [ RunTime:0.0342s ]
SQL: SHOW COLUMNS FROM `mint_app` [ RunTime:0.0338s ]
SQL: SELECT `id`,`app_name`,`app_uri`,`app_url`,`parent_id` FROM `mint_app` ORDER BY sort  [ RunTime:0.0339s ]

[ 2016-11-20T13:56:02+08:00 ] ::1 /mintAdmin/index.php/Admin/User/sltArchives
INFO: [ app_init ] --START--
INFO: Run Behavior\BuildLiteBehavior [ RunTime:0.000029s ]
INFO: [ app_init ] --END-- [ RunTime:0.000979s ]
INFO: [ app_begin ] --START--
INFO: Run Behavior\ReadHtmlCacheBehavior [ RunTime:0.001747s ]
INFO: [ app_begin ] --END-- [ RunTime:0.002046s ]
SQL: SHOW COLUMNS FROM `mint_user` [ RunTime:0.0358s ]
SQL: SELECT c.app_uri as uri FROM mint_user a INNER JOIN mint_role_app b on a.role_id=b.role_id INNER JOIN mint_app c on b.app_id=c.id  WHERE a.id = '1'  [ RunTime:0.0337s ]
SQL: SHOW COLUMNS FROM `mint_archives` [ RunTime:0.0340s ]
SQL: SELECT * FROM `mint_archives` WHERE `user_id` = '722' AND `create_time` = 1479398400 AND `type` = '1' LIMIT 1   [ RunTime:0.0345s ]
INFO: [ app_end ] --START--
INFO: Run Behavior\ShowPageTraceBehavior [ RunTime:0.000748s ]
INFO: [ app_end ] --END-- [ RunTime:0.000826s ]

[ 2016-11-20T13:56:02+08:00 ] ::1 /mintAdmin/index.php/Admin/User/sltDateRecords
INFO: [ app_init ] --START--
INFO: Run Behavior\BuildLiteBehavior [ RunTime:0.000025s ]
INFO: [ app_init ] --END-- [ RunTime:0.000605s ]
INFO: [ app_begin ] --START--
INFO: Run Behavior\ReadHtmlCacheBehavior [ RunTime:0.001178s ]
INFO: [ app_begin ] --END-- [ RunTime:0.001298s ]
SQL: SHOW COLUMNS FROM `mint_user` [ RunTime:0.0348s ]
SQL: SELECT c.app_uri as uri FROM mint_user a INNER JOIN mint_role_app b on a.role_id=b.role_id INNER JOIN mint_app c on b.app_id=c.id  WHERE a.id = '1'  [ RunTime:0.0332s ]
SQL: SHOW COLUMNS FROM `mint_archives` [ RunTime:0.0335s ]
SQL: SELECT `create_time` FROM `mint_archives` WHERE `user_id` = '722' AND `type` = '1' GROUP BY create_time ORDER BY create_time desc,id desc  [ RunTime:0.0335s ]
INFO: [ app_end ] --START--
INFO: Run Behavior\ShowPageTraceBehavior [ RunTime:0.000733s ]
INFO: [ app_end ] --END-- [ RunTime:0.000805s ]

[ 2016-11-20T13:56:08+08:00 ] ::1 /mintAdmin/index.php/Admin/User/editArchives2
INFO: [ app_init ] --START--
INFO: Run Behavior\BuildLiteBehavior [ RunTime:0.000022s ]
INFO: [ app_init ] --END-- [ RunTime:0.000475s ]
INFO: [ app_begin ] --START--
INFO: Run Behavior\ReadHtmlCacheBehavior [ RunTime:0.000535s ]
INFO: [ app_begin ] --END-- [ RunTime:0.000596s ]
SQL: SHOW COLUMNS FROM `mint_user` [ RunTime:0.0346s ]
SQL: SELECT c.app_uri as uri FROM mint_user a INNER JOIN mint_role_app b on a.role_id=b.role_id INNER JOIN mint_app c on b.app_id=c.id  WHERE a.id = '1'  [ RunTime:0.0329s ]
SQL: SHOW COLUMNS FROM `mint_archives` [ RunTime:0.0331s ]
SQL: UPDATE `mint_archives` SET `content`='{&quot;body_condition&quot;:[{&quot;state&quot;:&quot;1&quot;,&quot;name&quot;:&quot;心脏病史&quot;,&quot;date&quot;:&quot;&quot;},{&quot;state&quot;:&quot;1&quot;,&quot;name&quot;:&quot;高血压病史&quot;,&quot;date&quot;:&quot;&quot;},{&quot;state&quot;:&quot;1&quot;,&quot;name&quot;:&quot;糖尿病史&quot;,&quot;date&quot;:&quot;&quot;},{&quot;state&quot;:&quot;1&quot;,&quot;name&quot;:&quot;风湿病&quot;,&quot;date&quot;:&quot;&quot;},{&quot;state&quot;:&quot;1&quot;,&quot;name&quot;:&quot;癫痫病&quot;,&quot;date&quot;:&quot;&quot;},{&quot;state&quot;:&quot;1&quot;,&quot;name&quot;:&quot;在妊娠期&quot;,&quot;date&quot;:&quot;&quot;},{&quot;state&quot;:&quot;1&quot;,&quot;name&quot;:&quot;在哺乳期&quot;,&quot;date&quot;:&quot;&quot;},{&quot;state&quot;:&quot;0&quot;,&quot;name&quot;:&quot;定期体检&quot;,&quot;date&quot;:&quot;2016-11-15&quot;},{&quot;state&quot;:&quot;0&quot;,&quot;name&quot;:&quot;定期洗牙&quot;,&quot;date&quot;:&quot;&quot;}],&quot;family_history&quot;:[{&quot;state&quot;:&quot;1&quot;,&quot;name&quot;:&quot;牙周病&quot;,&quot;date&quot;:&quot;&quot;},{&quot;state&quot;:&quot;1&quot;,&quot;name&quot;:&quot;牙列不齐&quot;,&quot;date&quot;:&quot;&quot;},{&quot;state&quot;:&quot;1&quot;,&quot;name&quot;:&quot;颌骨发育异常&quot;,&quot;date&quot;:&quot;&quot;}],&quot;medicine&quot;:[{&quot;state&quot;:&quot;1&quot;,&quot;name&quot;:&quot;在服用抗凝药（阿司匹林/华法林等）&quot;,&quot;date&quot;:&quot;&quot;},{&quot;state&quot;:&quot;1&quot;,&quot;name&quot;:&quot;在服用免疫抑制剂（如环磷酰胺，他克莫司等）&quot;,&quot;date&quot;:&quot;&quot;},{&quot;state&quot;:&quot;1&quot;,&quot;name&quot;:&quot;在服用骨质疏松类治疗药物（如福善美）&quot;,&quot;date&quot;:&quot;&quot;},{&quot;state&quot;:&quot;1&quot;,&quot;name&quot;:&quot;近期在服用消炎止痛药&quot;,&quot;date&quot;:&quot;&quot;}],&quot;surgery&quot;:[{&quot;state&quot;:&quot;1&quot;,&quot;name&quot;:&quot;近期做过手术&quot;,&quot;date&quot;:&quot;12321&quot;}],&quot;allergy&quot;:[{&quot;state&quot;:&quot;1&quot;,&quot;name&quot;:&quot;青霉素类&quot;,&quot;date&quot;:&quot;&quot;},{&quot;state&quot;:&quot;1&quot;,&quot;name&quot;:&quot;磺胺类&quot;,&quot;date&quot;:&quot;&quot;},{&quot;state&quot;:&quot;1&quot;,&quot;name&quot;:&quot;局麻药&quot;,&quot;date&quot;:&quot;&quot;},{&quot;state&quot;:&quot;1&quot;,&quot;name&quot;:&quot;酒精&quot;,&quot;date&quot;:&quot;&quot;},{&quot;state&quot;:&quot;1&quot;,&quot;name&quot;:&quot;其他过敏情况&quot;,&quot;date&quot;:&quot;12321312&quot;}],&quot;infection&quot;:[{&quot;state&quot;:&quot;1&quot;,&quot;name&quot;:&quot;肝炎&quot;,&quot;date&quot;:&quot;&quot;},{&quot;state&quot;:&quot;1&quot;,&quot;name&quot;:&quot;结核&quot;,&quot;date&quot;:&quot;&quot;},{&quot;state&quot;:&quot;1&quot;,&quot;name&quot;:&quot;艾滋病&quot;,&quot;date&quot;:&quot;&quot;},{&quot;state&quot;:&quot;1&quot;,&quot;name&quot;:&quot;其他传染病&quot;,&quot;date&quot;:&quot;222&quot;}]}' WHERE `user_id` = '722' AND `create_time` = 1479398400 AND `type` = '1' [ RunTime:0.0425s ]
INFO: [ app_end ] --START--
INFO: Run Behavior\ShowPageTraceBehavior [ RunTime:0.000674s ]
INFO: [ app_end ] --END-- [ RunTime:0.000758s ]

[ 2016-11-20T13:56:10+08:00 ] ::1 /mintAdmin/index.php/Admin/User/sltDateRecords
INFO: [ app_init ] --START--
INFO: Run Behavior\BuildLiteBehavior [ RunTime:0.000016s ]
INFO: [ app_init ] --END-- [ RunTime:0.000347s ]
INFO: [ app_begin ] --START--
INFO: Run Behavior\ReadHtmlCacheBehavior [ RunTime:0.000483s ]
INFO: [ app_begin ] --END-- [ RunTime:0.000537s ]
SQL: SHOW COLUMNS FROM `mint_user` [ RunTime:0.0347s ]
SQL: SELECT c.app_uri as uri FROM mint_user a INNER JOIN mint_role_app b on a.role_id=b.role_id INNER JOIN mint_app c on b.app_id=c.id  WHERE a.id = '1'  [ RunTime:0.0328s ]
SQL: SHOW COLUMNS FROM `mint_archives` [ RunTime:0.0330s ]
SQL: SELECT `create_time` FROM `mint_archives` WHERE `user_id` = '722' AND `type` = '1' GROUP BY create_time ORDER BY create_time desc,id desc  [ RunTime:0.0326s ]
INFO: [ app_end ] --START--
INFO: Run Behavior\ShowPageTraceBehavior [ RunTime:0.000600s ]
INFO: [ app_end ] --END-- [ RunTime:0.000667s ]

[ 2016-11-20T13:56:12+08:00 ] ::1 /mintAdmin/index.php/Admin/User/editArchives2
INFO: [ app_init ] --START--
INFO: Run Behavior\BuildLiteBehavior [ RunTime:0.000015s ]
INFO: [ app_init ] --END-- [ RunTime:0.000361s ]
INFO: [ app_begin ] --START--
INFO: Run Behavior\ReadHtmlCacheBehavior [ RunTime:0.000463s ]
INFO: [ app_begin ] --END-- [ RunTime:0.000517s ]
SQL: SHOW COLUMNS FROM `mint_user` [ RunTime:0.0363s ]
SQL: SELECT c.app_uri as uri FROM mint_user a INNER JOIN mint_role_app b on a.role_id=b.role_id INNER JOIN mint_app c on b.app_id=c.id  WHERE a.id = '1'  [ RunTime:0.0345s ]
SQL: SHOW COLUMNS FROM `mint_archives` [ RunTime:0.0350s ]
SQL: UPDATE `mint_archives` SET `content`='{&quot;body_condition&quot;:[{&quot;state&quot;:&quot;1&quot;,&quot;name&quot;:&quot;心脏病史&quot;,&quot;date&quot;:&quot;&quot;},{&quot;state&quot;:&quot;1&quot;,&quot;name&quot;:&quot;高血压病史&quot;,&quot;date&quot;:&quot;&quot;},{&quot;state&quot;:&quot;1&quot;,&quot;name&quot;:&quot;糖尿病史&quot;,&quot;date&quot;:&quot;&quot;},{&quot;state&quot;:&quot;1&quot;,&quot;name&quot;:&quot;风湿病&quot;,&quot;date&quot;:&quot;&quot;},{&quot;state&quot;:&quot;1&quot;,&quot;name&quot;:&quot;癫痫病&quot;,&quot;date&quot;:&quot;&quot;},{&quot;state&quot;:&quot;1&quot;,&quot;name&quot;:&quot;在妊娠期&quot;,&quot;date&quot;:&quot;&quot;},{&quot;state&quot;:&quot;1&quot;,&quot;name&quot;:&quot;在哺乳期&quot;,&quot;date&quot;:&quot;&quot;},{&quot;state&quot;:&quot;0&quot;,&quot;name&quot;:&quot;定期体检&quot;,&quot;date&quot;:&quot;2016-11-15&quot;},{&quot;state&quot;:&quot;0&quot;,&quot;name&quot;:&quot;定期洗牙&quot;,&quot;date&quot;:&quot;&quot;}],&quot;family_history&quot;:[{&quot;state&quot;:&quot;1&quot;,&quot;name&quot;:&quot;牙周病&quot;,&quot;date&quot;:&quot;&quot;},{&quot;state&quot;:&quot;1&quot;,&quot;name&quot;:&quot;牙列不齐&quot;,&quot;date&quot;:&quot;&quot;},{&quot;state&quot;:&quot;1&quot;,&quot;name&quot;:&quot;颌骨发育异常&quot;,&quot;date&quot;:&quot;&quot;}],&quot;medicine&quot;:[{&quot;state&quot;:&quot;1&quot;,&quot;name&quot;:&quot;在服用抗凝药（阿司匹林/华法林等）&quot;,&quot;date&quot;:&quot;&quot;},{&quot;state&quot;:&quot;1&quot;,&quot;name&quot;:&quot;在服用免疫抑制剂（如环磷酰胺，他克莫司等）&quot;,&quot;date&quot;:&quot;&quot;},{&quot;state&quot;:&quot;1&quot;,&quot;name&quot;:&quot;在服用骨质疏松类治疗药物（如福善美）&quot;,&quot;date&quot;:&quot;&quot;},{&quot;state&quot;:&quot;1&quot;,&quot;name&quot;:&quot;近期在服用消炎止痛药&quot;,&quot;date&quot;:&quot;&quot;}],&quot;surgery&quot;:[{&quot;state&quot;:&quot;1&quot;,&quot;name&quot;:&quot;近期做过手术&quot;,&quot;date&quot;:&quot;12321&quot;}],&quot;allergy&quot;:[{&quot;state&quot;:&quot;1&quot;,&quot;name&quot;:&quot;青霉素类&quot;,&quot;date&quot;:&quot;&quot;},{&quot;state&quot;:&quot;1&quot;,&quot;name&quot;:&quot;磺胺类&quot;,&quot;date&quot;:&quot;&quot;},{&quot;state&quot;:&quot;1&quot;,&quot;name&quot;:&quot;局麻药&quot;,&quot;date&quot;:&quot;&quot;},{&quot;state&quot;:&quot;1&quot;,&quot;name&quot;:&quot;酒精&quot;,&quot;date&quot;:&quot;&quot;},{&quot;state&quot;:&quot;1&quot;,&quot;name&quot;:&quot;其他过敏情况&quot;,&quot;date&quot;:&quot;12321312&quot;}],&quot;infection&quot;:[{&quot;state&quot;:&quot;1&quot;,&quot;name&quot;:&quot;肝炎&quot;,&quot;date&quot;:&quot;&quot;},{&quot;state&quot;:&quot;1&quot;,&quot;name&quot;:&quot;结核&quot;,&quot;date&quot;:&quot;&quot;},{&quot;state&quot;:&quot;1&quot;,&quot;name&quot;:&quot;艾滋病&quot;,&quot;date&quot;:&quot;&quot;},{&quot;state&quot;:&quot;1&quot;,&quot;name&quot;:&quot;其他传染病&quot;,&quot;date&quot;:&quot;222&quot;}]}' WHERE `user_id` = '722' AND `create_time` = 1479398400 AND `type` = '1' [ RunTime:0.0363s ]
INFO: [ app_end ] --START--
INFO: Run Behavior\ShowPageTraceBehavior [ RunTime:0.000593s ]
INFO: [ app_end ] --END-- [ RunTime:0.000650s ]

[ 2016-11-20T13:56:14+08:00 ] ::1 /mintAdmin/index.php/Admin/User/sltDateRecords
INFO: [ app_init ] --START--
INFO: Run Behavior\BuildLiteBehavior [ RunTime:0.000015s ]
INFO: [ app_init ] --END-- [ RunTime:0.000355s ]
INFO: [ app_begin ] --START--
INFO: Run Behavior\ReadHtmlCacheBehavior [ RunTime:0.000896s ]
INFO: [ app_begin ] --END-- [ RunTime:0.001022s ]
SQL: SHOW COLUMNS FROM `mint_user` [ RunTime:0.0351s ]
SQL: SELECT c.app_uri as uri FROM mint_user a INNER JOIN mint_role_app b on a.role_id=b.role_id INNER JOIN mint_app c on b.app_id=c.id  WHERE a.id = '1'  [ RunTime:0.0331s ]
SQL: SHOW COLUMNS FROM `mint_archives` [ RunTime:0.0335s ]
SQL: SELECT `create_time` FROM `mint_archives` WHERE `user_id` = '722' AND `type` = '1' GROUP BY create_time ORDER BY create_time desc,id desc  [ RunTime:0.0332s ]
INFO: [ app_end ] --START--
INFO: Run Behavior\ShowPageTraceBehavior [ RunTime:0.000575s ]
INFO: [ app_end ] --END-- [ RunTime:0.000697s ]

[ 2016-11-20T13:56:15+08:00 ] ::1 /mintAdmin/index.php/Admin/Index/getUserInfo
INFO: [ app_init ] --START--
INFO: Run Behavior\BuildLiteBehavior [ RunTime:0.000018s ]
INFO: [ app_init ] --END-- [ RunTime:0.000481s ]
INFO: [ app_begin ] --START--
INFO: Run Behavior\ReadHtmlCacheBehavior [ RunTime:0.001176s ]
INFO: [ app_begin ] --END-- [ RunTime:0.001304s ]
SQL: SHOW COLUMNS FROM `mint_user` [ RunTime:0.0343s ]
SQL: SELECT * FROM `mint_user` WHERE `id` = 1 LIMIT 1   [ RunTime:0.0338s ]
SQL: SHOW COLUMNS FROM `mint_app` [ RunTime:0.0335s ]
SQL: SELECT `id`,`app_name`,`app_uri`,`app_url`,`parent_id` FROM `mint_app` ORDER BY sort  [ RunTime:0.0332s ]

[ 2016-11-20T13:56:15+08:00 ] ::1 /mintAdmin/index.php/Admin/User/index
INFO: [ app_init ] --START--
INFO: Run Behavior\BuildLiteBehavior [ RunTime:0.000033s ]
INFO: [ app_init ] --END-- [ RunTime:0.000735s ]
INFO: [ app_begin ] --START--
INFO: Run Behavior\ReadHtmlCacheBehavior [ RunTime:0.001564s ]
INFO: [ app_begin ] --END-- [ RunTime:0.001697s ]
SQL: SHOW COLUMNS FROM `mint_user` [ RunTime:0.0341s ]
SQL: SELECT c.app_uri as uri FROM mint_user a INNER JOIN mint_role_app b on a.role_id=b.role_id INNER JOIN mint_app c on b.app_id=c.id  WHERE a.id = '1'  [ RunTime:0.0330s ]
SQL: SHOW COLUMNS FROM `mint_user` [ RunTime:0.0339s ]
SQL: SELECT COUNT(*) AS tp_count FROM `mint_user` WHERE `identity_id` = '1' LIMIT 1   [ RunTime:0.0330s ]
SQL: SELECT `id`,`account`,`photo`,`name`,`nickname`,`real_name`,`card_type`,`card_id`,`birthyear`,`birthmonth`,`birthday`,`age`,`sex`,`phone`,`email`,`country`,`province`,`city`,`county`,`race`,`job`,`company_name`,`married`,`have_child`,`post_address`,`society_number`,`position`,`hospital`,`context`,`field`,`label_id`,`label`,`job_age`,`clinic_id`,`work_time`,`invite_code`,`company_code`,`role_id`,`identity_id`,`is_use`,`is_show`,`remark`,`create_time` FROM `mint_user` WHERE `identity_id` = '1' ORDER BY id desc LIMIT 0,10   [ RunTime:0.0336s ]
SQL: SELECT COUNT(*) AS tp_count FROM `mint_user` LIMIT 1   [ RunTime:0.0328s ]
INFO: [ app_end ] --START--
INFO: Run Behavior\ShowPageTraceBehavior [ RunTime:0.000651s ]
INFO: [ app_end ] --END-- [ RunTime:0.000730s ]

[ 2016-11-20T13:56:17+08:00 ] ::1 /mintAdmin/index.php/Admin/Index/getUserInfo
INFO: [ app_init ] --START--
INFO: Run Behavior\BuildLiteBehavior [ RunTime:0.000029s ]
INFO: [ app_init ] --END-- [ RunTime:0.000647s ]
INFO: [ app_begin ] --START--
INFO: Run Behavior\ReadHtmlCacheBehavior [ RunTime:0.000694s ]
INFO: [ app_begin ] --END-- [ RunTime:0.000782s ]
SQL: SHOW COLUMNS FROM `mint_user` [ RunTime:0.0341s ]
SQL: SELECT * FROM `mint_user` WHERE `id` = 1 LIMIT 1   [ RunTime:0.0336s ]
SQL: SHOW COLUMNS FROM `mint_app` [ RunTime:0.0330s ]
SQL: SELECT `id`,`app_name`,`app_uri`,`app_url`,`parent_id` FROM `mint_app` ORDER BY sort  [ RunTime:0.0332s ]

[ 2016-11-20T13:56:17+08:00 ] ::1 /mintAdmin/index.php/Admin/User/getOne
INFO: [ app_init ] --START--
INFO: Run Behavior\BuildLiteBehavior [ RunTime:0.000019s ]
INFO: [ app_init ] --END-- [ RunTime:0.000502s ]
INFO: [ app_begin ] --START--
INFO: Run Behavior\ReadHtmlCacheBehavior [ RunTime:0.000573s ]
INFO: [ app_begin ] --END-- [ RunTime:0.000647s ]
SQL: SHOW COLUMNS FROM `mint_user` [ RunTime:0.0343s ]
SQL: SELECT c.app_uri as uri FROM mint_user a INNER JOIN mint_role_app b on a.role_id=b.role_id INNER JOIN mint_app c on b.app_id=c.id  WHERE a.id = '1'  [ RunTime:0.0329s ]
SQL: SHOW COLUMNS FROM `mint_user` [ RunTime:0.0345s ]
SQL: SELECT `id`,`account`,`photo`,`name`,`nickname`,`real_name`,`card_type`,`card_id`,`birthyear`,`birthmonth`,`birthday`,`age`,`sex`,`phone`,`email`,`country`,`province`,`city`,`county`,`race`,`job`,`company_name`,`married`,`have_child`,`post_address`,`society_number`,`position`,`hospital`,`context`,`field`,`label_id`,`label`,`job_age`,`clinic_id`,`work_time`,`invite_code`,`company_code`,`role_id`,`identity_id`,`is_use`,`is_show`,`remark`,`create_time` FROM `mint_user` WHERE ( id=722 ) LIMIT 1   [ RunTime:0.0336s ]
INFO: [ app_end ] --START--
INFO: Run Behavior\ShowPageTraceBehavior [ RunTime:0.000672s ]
INFO: [ app_end ] --END-- [ RunTime:0.000756s ]

[ 2016-11-20T13:56:18+08:00 ] ::1 /mintAdmin/index.php/Admin/User/sltDateRecords
INFO: [ app_init ] --START--
INFO: Run Behavior\BuildLiteBehavior [ RunTime:0.000025s ]
INFO: [ app_init ] --END-- [ RunTime:0.000582s ]
INFO: [ app_begin ] --START--
INFO: Run Behavior\ReadHtmlCacheBehavior [ RunTime:0.000783s ]
INFO: [ app_begin ] --END-- [ RunTime:0.000891s ]
SQL: SHOW COLUMNS FROM `mint_user` [ RunTime:0.0339s ]
SQL: SELECT c.app_uri as uri FROM mint_user a INNER JOIN mint_role_app b on a.role_id=b.role_id INNER JOIN mint_app c on b.app_id=c.id  WHERE a.id = '1'  [ RunTime:0.0323s ]
SQL: SHOW COLUMNS FROM `mint_archives` [ RunTime:0.0325s ]
SQL: SELECT `create_time` FROM `mint_archives` WHERE `user_id` = '722' AND `type` = '2' GROUP BY create_time ORDER BY create_time desc,id desc  [ RunTime:0.0325s ]
INFO: [ app_end ] --START--
INFO: Run Behavior\ShowPageTraceBehavior [ RunTime:0.000577s ]
INFO: [ app_end ] --END-- [ RunTime:0.000635s ]

[ 2016-11-20T13:56:18+08:00 ] ::1 /mintAdmin/index.php/Admin/Index/getUserInfo
INFO: [ app_init ] --START--
INFO: Run Behavior\BuildLiteBehavior [ RunTime:0.000018s ]
INFO: [ app_init ] --END-- [ RunTime:0.000398s ]
INFO: [ app_begin ] --START--
INFO: Run Behavior\ReadHtmlCacheBehavior [ RunTime:0.000735s ]
INFO: [ app_begin ] --END-- [ RunTime:0.000876s ]
SQL: SHOW COLUMNS FROM `mint_user` [ RunTime:0.0344s ]
SQL: SELECT * FROM `mint_user` WHERE `id` = 1 LIMIT 1   [ RunTime:0.0342s ]
SQL: SHOW COLUMNS FROM `mint_app` [ RunTime:0.0339s ]
SQL: SELECT `id`,`app_name`,`app_uri`,`app_url`,`parent_id` FROM `mint_app` ORDER BY sort  [ RunTime:0.0335s ]

[ 2016-11-20T13:56:19+08:00 ] ::1 /mintAdmin/index.php/Admin/Index/getUserInfo
INFO: [ app_init ] --START--
INFO: Run Behavior\BuildLiteBehavior [ RunTime:0.000019s ]
INFO: [ app_init ] --END-- [ RunTime:0.000444s ]
INFO: [ app_begin ] --START--
INFO: Run Behavior\ReadHtmlCacheBehavior [ RunTime:0.000638s ]
INFO: [ app_begin ] --END-- [ RunTime:0.000719s ]
SQL: SHOW COLUMNS FROM `mint_user` [ RunTime:0.0334s ]
SQL: SELECT * FROM `mint_user` WHERE `id` = 1 LIMIT 1   [ RunTime:0.0328s ]
SQL: SHOW COLUMNS FROM `mint_app` [ RunTime:0.0324s ]
SQL: SELECT `id`,`app_name`,`app_uri`,`app_url`,`parent_id` FROM `mint_app` ORDER BY sort  [ RunTime:0.0324s ]

[ 2016-11-20T13:56:19+08:00 ] ::1 /mintAdmin/index.php/Admin/User/sltDateRecords
INFO: [ app_init ] --START--
INFO: Run Behavior\BuildLiteBehavior [ RunTime:0.000018s ]
INFO: [ app_init ] --END-- [ RunTime:0.000400s ]
INFO: [ app_begin ] --START--
INFO: Run Behavior\ReadHtmlCacheBehavior [ RunTime:0.000578s ]
INFO: [ app_begin ] --END-- [ RunTime:0.000696s ]
SQL: SHOW COLUMNS FROM `mint_user` [ RunTime:0.0338s ]
SQL: SELECT c.app_uri as uri FROM mint_user a INNER JOIN mint_role_app b on a.role_id=b.role_id INNER JOIN mint_app c on b.app_id=c.id  WHERE a.id = '1'  [ RunTime:0.0324s ]
SQL: SHOW COLUMNS FROM `mint_archives` [ RunTime:0.0325s ]
SQL: SELECT `create_time` FROM `mint_archives` WHERE `user_id` = '722' AND `type` = '1' GROUP BY create_time ORDER BY create_time desc,id desc  [ RunTime:0.0323s ]
INFO: [ app_end ] --START--
INFO: Run Behavior\ShowPageTraceBehavior [ RunTime:0.000670s ]
INFO: [ app_end ] --END-- [ RunTime:0.000740s ]

[ 2016-11-20T13:56:19+08:00 ] ::1 /mintAdmin/index.php/Admin/User/sltArchives
INFO: [ app_init ] --START--
INFO: Run Behavior\BuildLiteBehavior [ RunTime:0.000015s ]
INFO: [ app_init ] --END-- [ RunTime:0.000357s ]
INFO: [ app_begin ] --START--
INFO: Run Behavior\ReadHtmlCacheBehavior [ RunTime:0.000458s ]
INFO: [ app_begin ] --END-- [ RunTime:0.000511s ]
SQL: SHOW COLUMNS FROM `mint_user` [ RunTime:0.0349s ]
SQL: SELECT c.app_uri as uri FROM mint_user a INNER JOIN mint_role_app b on a.role_id=b.role_id INNER JOIN mint_app c on b.app_id=c.id  WHERE a.id = '1'  [ RunTime:0.0333s ]
SQL: SHOW COLUMNS FROM `mint_archives` [ RunTime:0.0333s ]
SQL: SELECT * FROM `mint_archives` WHERE `user_id` = '722' AND `create_time` = 1479398400 AND `type` = '1' LIMIT 1   [ RunTime:0.0338s ]
INFO: [ app_end ] --START--
INFO: Run Behavior\ShowPageTraceBehavior [ RunTime:0.000601s ]
INFO: [ app_end ] --END-- [ RunTime:0.000661s ]

[ 2016-11-20T13:56:22+08:00 ] ::1 /mintAdmin/index.php/Admin/Index/getUserInfo
INFO: [ app_init ] --START--
INFO: Run Behavior\BuildLiteBehavior [ RunTime:0.000022s ]
INFO: [ app_init ] --END-- [ RunTime:0.000614s ]
INFO: [ app_begin ] --START--
INFO: Run Behavior\ReadHtmlCacheBehavior [ RunTime:0.000740s ]
INFO: [ app_begin ] --END-- [ RunTime:0.000868s ]
SQL: SHOW COLUMNS FROM `mint_user` [ RunTime:0.0347s ]
SQL: SELECT * FROM `mint_user` WHERE `id` = 1 LIMIT 1   [ RunTime:0.0338s ]
SQL: SHOW COLUMNS FROM `mint_app` [ RunTime:0.0333s ]
SQL: SELECT `id`,`app_name`,`app_uri`,`app_url`,`parent_id` FROM `mint_app` ORDER BY sort  [ RunTime:0.0334s ]

[ 2016-11-20T13:56:22+08:00 ] ::1 /mintAdmin/index.php/Admin/User/sltArchives
INFO: [ app_init ] --START--
INFO: Run Behavior\BuildLiteBehavior [ RunTime:0.000026s ]
INFO: [ app_init ] --END-- [ RunTime:0.000586s ]
INFO: [ app_begin ] --START--
INFO: Run Behavior\ReadHtmlCacheBehavior [ RunTime:0.000826s ]
INFO: [ app_begin ] --END-- [ RunTime:0.000949s ]
SQL: SHOW COLUMNS FROM `mint_user` [ RunTime:0.0333s ]
SQL: SELECT c.app_uri as uri FROM mint_user a INNER JOIN mint_role_app b on a.role_id=b.role_id INNER JOIN mint_app c on b.app_id=c.id  WHERE a.id = '1'  [ RunTime:0.0320s ]
SQL: SHOW COLUMNS FROM `mint_archives` [ RunTime:0.0323s ]
SQL: SELECT * FROM `mint_archives` WHERE `user_id` = '722' AND `create_time` = 1479398400 AND `type` = '1' LIMIT 1   [ RunTime:0.0326s ]
INFO: [ app_end ] --START--
INFO: Run Behavior\ShowPageTraceBehavior [ RunTime:0.000761s ]
INFO: [ app_end ] --END-- [ RunTime:0.000832s ]

[ 2016-11-20T13:56:23+08:00 ] ::1 /mintAdmin/index.php/Admin/User/sltDateRecords
INFO: [ app_init ] --START--
INFO: Run Behavior\BuildLiteBehavior [ RunTime:0.000032s ]
INFO: [ app_init ] --END-- [ RunTime:0.000795s ]
INFO: [ app_begin ] --START--
INFO: Run Behavior\ReadHtmlCacheBehavior [ RunTime:0.001487s ]
INFO: [ app_begin ] --END-- [ RunTime:0.001614s ]
SQL: SHOW COLUMNS FROM `mint_user` [ RunTime:0.0349s ]
SQL: SELECT c.app_uri as uri FROM mint_user a INNER JOIN mint_role_app b on a.role_id=b.role_id INNER JOIN mint_app c on b.app_id=c.id  WHERE a.id = '1'  [ RunTime:0.0337s ]
SQL: SHOW COLUMNS FROM `mint_archives` [ RunTime:0.0341s ]
SQL: SELECT `create_time` FROM `mint_archives` WHERE `user_id` = '722' AND `type` = '1' GROUP BY create_time ORDER BY create_time desc,id desc  [ RunTime:0.0337s ]
INFO: [ app_end ] --START--
INFO: Run Behavior\ShowPageTraceBehavior [ RunTime:0.000945s ]
INFO: [ app_end ] --END-- [ RunTime:0.001078s ]

[ 2016-11-20T13:56:33+08:00 ] ::1 /mintAdmin/index.php/Admin/User/editArchives2
INFO: [ app_init ] --START--
INFO: Run Behavior\BuildLiteBehavior [ RunTime:0.000021s ]
INFO: [ app_init ] --END-- [ RunTime:0.000477s ]
INFO: [ app_begin ] --START--
INFO: Run Behavior\ReadHtmlCacheBehavior [ RunTime:0.000526s ]
INFO: [ app_begin ] --END-- [ RunTime:0.000589s ]
SQL: SHOW COLUMNS FROM `mint_user` [ RunTime:0.0346s ]
SQL: SELECT c.app_uri as uri FROM mint_user a INNER JOIN mint_role_app b on a.role_id=b.role_id INNER JOIN mint_app c on b.app_id=c.id  WHERE a.id = '1'  [ RunTime:0.0334s ]
SQL: SHOW COLUMNS FROM `mint_archives` [ RunTime:0.0336s ]
SQL: UPDATE `mint_archives` SET `content`='{&quot;body_condition&quot;:[{&quot;state&quot;:&quot;1&quot;,&quot;name&quot;:&quot;心脏病史&quot;,&quot;date&quot;:&quot;&quot;},{&quot;state&quot;:&quot;1&quot;,&quot;name&quot;:&quot;高血压病史&quot;,&quot;date&quot;:&quot;&quot;},{&quot;state&quot;:&quot;1&quot;,&quot;name&quot;:&quot;糖尿病史&quot;,&quot;date&quot;:&quot;&quot;},{&quot;state&quot;:&quot;1&quot;,&quot;name&quot;:&quot;风湿病&quot;,&quot;date&quot;:&quot;&quot;},{&quot;state&quot;:&quot;1&quot;,&quot;name&quot;:&quot;癫痫病&quot;,&quot;date&quot;:&quot;&quot;},{&quot;state&quot;:&quot;1&quot;,&quot;name&quot;:&quot;在妊娠期&quot;,&quot;date&quot;:&quot;&quot;},{&quot;state&quot;:&quot;1&quot;,&quot;name&quot;:&quot;在哺乳期&quot;,&quot;date&quot;:&quot;&quot;},{&quot;state&quot;:&quot;1&quot;,&quot;name&quot;:&quot;定期体检&quot;,&quot;date&quot;:&quot;2016-11-15&quot;},{&quot;state&quot;:&quot;0&quot;,&quot;name&quot;:&quot;定期洗牙&quot;,&quot;date&quot;:&quot;&quot;}],&quot;family_history&quot;:[{&quot;state&quot;:&quot;1&quot;,&quot;name&quot;:&quot;牙周病&quot;,&quot;date&quot;:&quot;&quot;},{&quot;state&quot;:&quot;1&quot;,&quot;name&quot;:&quot;牙列不齐&quot;,&quot;date&quot;:&quot;&quot;},{&quot;state&quot;:&quot;1&quot;,&quot;name&quot;:&quot;颌骨发育异常&quot;,&quot;date&quot;:&quot;&quot;}],&quot;medicine&quot;:[{&quot;state&quot;:&quot;1&quot;,&quot;name&quot;:&quot;在服用抗凝药（阿司匹林/华法林等）&quot;,&quot;date&quot;:&quot;&quot;},{&quot;state&quot;:&quot;1&quot;,&quot;name&quot;:&quot;在服用免疫抑制剂（如环磷酰胺，他克莫司等）&quot;,&quot;date&quot;:&quot;&quot;},{&quot;state&quot;:&quot;1&quot;,&quot;name&quot;:&quot;在服用骨质疏松类治疗药物（如福善美）&quot;,&quot;date&quot;:&quot;&quot;},{&quot;state&quot;:&quot;1&quot;,&quot;name&quot;:&quot;近期在服用消炎止痛药&quot;,&quot;date&quot;:&quot;&quot;}],&quot;surgery&quot;:[{&quot;state&quot;:&quot;1&quot;,&quot;name&quot;:&quot;近期做过手术&quot;,&quot;date&quot;:&quot;12321&quot;}],&quot;allergy&quot;:[{&quot;state&quot;:&quot;1&quot;,&quot;name&quot;:&quot;青霉素类&quot;,&quot;date&quot;:&quot;&quot;},{&quot;state&quot;:&quot;1&quot;,&quot;name&quot;:&quot;磺胺类&quot;,&quot;date&quot;:&quot;&quot;},{&quot;state&quot;:&quot;1&quot;,&quot;name&quot;:&quot;局麻药&quot;,&quot;date&quot;:&quot;&quot;},{&quot;state&quot;:&quot;1&quot;,&quot;name&quot;:&quot;酒精&quot;,&quot;date&quot;:&quot;&quot;},{&quot;state&quot;:&quot;1&quot;,&quot;name&quot;:&quot;其他过敏情况&quot;,&quot;date&quot;:&quot;12321312&quot;}],&quot;infection&quot;:[{&quot;state&quot;:&quot;1&quot;,&quot;name&quot;:&quot;肝炎&quot;,&quot;date&quot;:&quot;&quot;},{&quot;state&quot;:&quot;1&quot;,&quot;name&quot;:&quot;结核&quot;,&quot;date&quot;:&quot;&quot;},{&quot;state&quot;:&quot;1&quot;,&quot;name&quot;:&quot;艾滋病&quot;,&quot;date&quot;:&quot;&quot;},{&quot;state&quot;:&quot;1&quot;,&quot;name&quot;:&quot;其他传染病&quot;,&quot;date&quot;:&quot;222&quot;}]}' WHERE `user_id` = '722' AND `create_time` = 1479398400 AND `type` = '1' [ RunTime:0.0428s ]
INFO: [ app_end ] --START--
INFO: Run Behavior\ShowPageTraceBehavior [ RunTime:0.000626s ]
INFO: [ app_end ] --END-- [ RunTime:0.000687s ]

[ 2016-11-20T13:56:34+08:00 ] ::1 /mintAdmin/index.php/Admin/User/sltDateRecords
INFO: [ app_init ] --START--
INFO: Run Behavior\BuildLiteBehavior [ RunTime:0.000016s ]
INFO: [ app_init ] --END-- [ RunTime:0.000375s ]
INFO: [ app_begin ] --START--
INFO: Run Behavior\ReadHtmlCacheBehavior [ RunTime:0.000510s ]
INFO: [ app_begin ] --END-- [ RunTime:0.000570s ]
SQL: SHOW COLUMNS FROM `mint_user` [ RunTime:0.0348s ]
SQL: SELECT c.app_uri as uri FROM mint_user a INNER JOIN mint_role_app b on a.role_id=b.role_id INNER JOIN mint_app c on b.app_id=c.id  WHERE a.id = '1'  [ RunTime:0.0331s ]
SQL: SHOW COLUMNS FROM `mint_archives` [ RunTime:0.0332s ]
SQL: SELECT `create_time` FROM `mint_archives` WHERE `user_id` = '722' AND `type` = '1' GROUP BY create_time ORDER BY create_time desc,id desc  [ RunTime:0.0334s ]
INFO: [ app_end ] --START--
INFO: Run Behavior\ShowPageTraceBehavior [ RunTime:0.000653s ]
INFO: [ app_end ] --END-- [ RunTime:0.000732s ]

[ 2016-11-20T13:57:09+08:00 ] ::1 /mintAdmin/index.php/Admin/Index/getUserInfo
INFO: [ app_init ] --START--
INFO: Run Behavior\BuildLiteBehavior [ RunTime:0.000019s ]
INFO: [ app_init ] --END-- [ RunTime:0.000428s ]
INFO: [ app_begin ] --START--
INFO: Run Behavior\ReadHtmlCacheBehavior [ RunTime:0.000750s ]
INFO: [ app_begin ] --END-- [ RunTime:0.000848s ]
SQL: SHOW COLUMNS FROM `mint_user` [ RunTime:0.0351s ]
SQL: SELECT * FROM `mint_user` WHERE `id` = 1 LIMIT 1   [ RunTime:0.0336s ]
SQL: SHOW COLUMNS FROM `mint_app` [ RunTime:0.0332s ]
SQL: SELECT `id`,`app_name`,`app_uri`,`app_url`,`parent_id` FROM `mint_app` ORDER BY sort  [ RunTime:0.0335s ]

[ 2016-11-20T13:57:10+08:00 ] ::1 /mintAdmin/index.php/Admin/User/getOne
INFO: [ app_init ] --START--
INFO: Run Behavior\BuildLiteBehavior [ RunTime:0.000029s ]
INFO: [ app_init ] --END-- [ RunTime:0.000653s ]
INFO: [ app_begin ] --START--
INFO: Run Behavior\ReadHtmlCacheBehavior [ RunTime:0.000836s ]
INFO: [ app_begin ] --END-- [ RunTime:0.000956s ]
SQL: SHOW COLUMNS FROM `mint_user` [ RunTime:0.0346s ]
SQL: SELECT c.app_uri as uri FROM mint_user a INNER JOIN mint_role_app b on a.role_id=b.role_id INNER JOIN mint_app c on b.app_id=c.id  WHERE a.id = '1'  [ RunTime:0.0331s ]
SQL: SHOW COLUMNS FROM `mint_user` [ RunTime:0.0340s ]
SQL: SELECT `id`,`account`,`photo`,`name`,`nickname`,`real_name`,`card_type`,`card_id`,`birthyear`,`birthmonth`,`birthday`,`age`,`sex`,`phone`,`email`,`country`,`province`,`city`,`county`,`race`,`job`,`company_name`,`married`,`have_child`,`post_address`,`society_number`,`position`,`hospital`,`context`,`field`,`label_id`,`label`,`job_age`,`clinic_id`,`work_time`,`invite_code`,`company_code`,`role_id`,`identity_id`,`is_use`,`is_show`,`remark`,`create_time` FROM `mint_user` WHERE ( id=722 ) LIMIT 1   [ RunTime:0.0340s ]
INFO: [ app_end ] --START--
INFO: Run Behavior\ShowPageTraceBehavior [ RunTime:0.000692s ]
INFO: [ app_end ] --END-- [ RunTime:0.000765s ]

[ 2016-11-20T13:57:11+08:00 ] ::1 /mintAdmin/index.php/Admin/Index/getUserInfo
INFO: [ app_init ] --START--
INFO: Run Behavior\BuildLiteBehavior [ RunTime:0.000023s ]
INFO: [ app_init ] --END-- [ RunTime:0.000451s ]
INFO: [ app_begin ] --START--
INFO: Run Behavior\ReadHtmlCacheBehavior [ RunTime:0.000690s ]
INFO: [ app_begin ] --END-- [ RunTime:0.000778s ]
SQL: SHOW COLUMNS FROM `mint_user` [ RunTime:0.0351s ]
SQL: SELECT * FROM `mint_user` WHERE `id` = 1 LIMIT 1   [ RunTime:0.0342s ]
SQL: SHOW COLUMNS FROM `mint_app` [ RunTime:0.0338s ]
SQL: SELECT `id`,`app_name`,`app_uri`,`app_url`,`parent_id` FROM `mint_app` ORDER BY sort  [ RunTime:0.0340s ]

[ 2016-11-20T13:57:11+08:00 ] ::1 /mintAdmin/index.php/Admin/User/getOne
INFO: [ app_init ] --START--
INFO: Run Behavior\BuildLiteBehavior [ RunTime:0.000021s ]
INFO: [ app_init ] --END-- [ RunTime:0.000599s ]
INFO: [ app_begin ] --START--
INFO: Run Behavior\ReadHtmlCacheBehavior [ RunTime:0.000976s ]
INFO: [ app_begin ] --END-- [ RunTime:0.001101s ]
SQL: SHOW COLUMNS FROM `mint_user` [ RunTime:0.0343s ]
SQL: SELECT c.app_uri as uri FROM mint_user a INNER JOIN mint_role_app b on a.role_id=b.role_id INNER JOIN mint_app c on b.app_id=c.id  WHERE a.id = '1'  [ RunTime:0.0334s ]
SQL: SHOW COLUMNS FROM `mint_user` [ RunTime:0.0348s ]
SQL: SELECT `id`,`account`,`photo`,`name`,`nickname`,`real_name`,`card_type`,`card_id`,`birthyear`,`birthmonth`,`birthday`,`age`,`sex`,`phone`,`email`,`country`,`province`,`city`,`county`,`race`,`job`,`company_name`,`married`,`have_child`,`post_address`,`society_number`,`position`,`hospital`,`context`,`field`,`label_id`,`label`,`job_age`,`clinic_id`,`work_time`,`invite_code`,`company_code`,`role_id`,`identity_id`,`is_use`,`is_show`,`remark`,`create_time` FROM `mint_user` WHERE ( id=722 ) LIMIT 1   [ RunTime:0.0338s ]
INFO: [ app_end ] --START--
INFO: Run Behavior\ShowPageTraceBehavior [ RunTime:0.000633s ]
INFO: [ app_end ] --END-- [ RunTime:0.000696s ]

[ 2016-11-20T13:58:35+08:00 ] ::1 /mintAdmin/index.php/Admin/Index/getUserInfo
INFO: [ app_init ] --START--
INFO: Run Behavior\BuildLiteBehavior [ RunTime:0.000032s ]
INFO: [ app_init ] --END-- [ RunTime:0.000744s ]
INFO: [ app_begin ] --START--
INFO: Run Behavior\ReadHtmlCacheBehavior [ RunTime:0.000843s ]
INFO: [ app_begin ] --END-- [ RunTime:0.000972s ]
SQL: SHOW COLUMNS FROM `mint_user` [ RunTime:0.0337s ]
SQL: SELECT * FROM `mint_user` WHERE `id` = 1 LIMIT 1   [ RunTime:0.0330s ]
SQL: SHOW COLUMNS FROM `mint_app` [ RunTime:0.0325s ]
SQL: SELECT `id`,`app_name`,`app_uri`,`app_url`,`parent_id` FROM `mint_app` ORDER BY sort  [ RunTime:0.0327s ]

[ 2016-11-20T13:58:35+08:00 ] ::1 /mintAdmin/index.php/Admin/User/sltDateRecords
INFO: [ app_init ] --START--
INFO: Run Behavior\BuildLiteBehavior [ RunTime:0.000029s ]
INFO: [ app_init ] --END-- [ RunTime:0.000689s ]
INFO: [ app_begin ] --START--
INFO: Run Behavior\ReadHtmlCacheBehavior [ RunTime:0.000807s ]
INFO: [ app_begin ] --END-- [ RunTime:0.000919s ]
SQL: SHOW COLUMNS FROM `mint_user` [ RunTime:0.0344s ]
SQL: SELECT c.app_uri as uri FROM mint_user a INNER JOIN mint_role_app b on a.role_id=b.role_id INNER JOIN mint_app c on b.app_id=c.id  WHERE a.id = '1'  [ RunTime:0.0324s ]
SQL: SHOW COLUMNS FROM `mint_archives` [ RunTime:0.0330s ]
SQL: SELECT `create_time` FROM `mint_archives` WHERE `user_id` = '722' AND `type` = '1' GROUP BY create_time ORDER BY create_time desc,id desc  [ RunTime:0.0325s ]
INFO: [ app_end ] --START--
INFO: Run Behavior\ShowPageTraceBehavior [ RunTime:0.000931s ]
INFO: [ app_end ] --END-- [ RunTime:0.001047s ]

[ 2016-11-20T13:58:36+08:00 ] ::1 /mintAdmin/index.php/Admin/User/sltArchives
INFO: [ app_init ] --START--
INFO: Run Behavior\BuildLiteBehavior [ RunTime:0.000017s ]
INFO: [ app_init ] --END-- [ RunTime:0.000395s ]
INFO: [ app_begin ] --START--
INFO: Run Behavior\ReadHtmlCacheBehavior [ RunTime:0.000503s ]
INFO: [ app_begin ] --END-- [ RunTime:0.000563s ]
SQL: SHOW COLUMNS FROM `mint_user` [ RunTime:0.0342s ]
SQL: SELECT c.app_uri as uri FROM mint_user a INNER JOIN mint_role_app b on a.role_id=b.role_id INNER JOIN mint_app c on b.app_id=c.id  WHERE a.id = '1'  [ RunTime:0.0327s ]
SQL: SHOW COLUMNS FROM `mint_archives` [ RunTime:0.0328s ]
SQL: SELECT * FROM `mint_archives` WHERE `user_id` = '722' AND `create_time` = 1479398400 AND `type` = '1' LIMIT 1   [ RunTime:0.0337s ]
INFO: [ app_end ] --START--
INFO: Run Behavior\ShowPageTraceBehavior [ RunTime:0.000606s ]
INFO: [ app_end ] --END-- [ RunTime:0.000720s ]

[ 2016-11-20T13:58:38+08:00 ] ::1 /mintAdmin/index.php/Admin/Index/getUserInfo
INFO: [ app_init ] --START--
INFO: Run Behavior\BuildLiteBehavior [ RunTime:0.000031s ]
INFO: [ app_init ] --END-- [ RunTime:0.000770s ]
INFO: [ app_begin ] --START--
INFO: Run Behavior\ReadHtmlCacheBehavior [ RunTime:0.000786s ]
INFO: [ app_begin ] --END-- [ RunTime:0.000895s ]
SQL: SHOW COLUMNS FROM `mint_user` [ RunTime:0.0346s ]
SQL: SELECT * FROM `mint_user` WHERE `id` = 1 LIMIT 1   [ RunTime:0.0336s ]
SQL: SHOW COLUMNS FROM `mint_app` [ RunTime:0.0331s ]
SQL: SELECT `id`,`app_name`,`app_uri`,`app_url`,`parent_id` FROM `mint_app` ORDER BY sort  [ RunTime:0.0337s ]

[ 2016-11-20T13:58:38+08:00 ] ::1 /mintAdmin/index.php/Admin/User/sltArchives
INFO: [ app_init ] --START--
INFO: Run Behavior\BuildLiteBehavior [ RunTime:0.000029s ]
INFO: [ app_init ] --END-- [ RunTime:0.000595s ]
INFO: [ app_begin ] --START--
INFO: Run Behavior\ReadHtmlCacheBehavior [ RunTime:0.000786s ]
INFO: [ app_begin ] --END-- [ RunTime:0.000921s ]
SQL: SHOW COLUMNS FROM `mint_user` [ RunTime:0.0355s ]
SQL: SELECT c.app_uri as uri FROM mint_user a INNER JOIN mint_role_app b on a.role_id=b.role_id INNER JOIN mint_app c on b.app_id=c.id  WHERE a.id = '1'  [ RunTime:0.0338s ]
SQL: SHOW COLUMNS FROM `mint_archives` [ RunTime:0.0342s ]
SQL: SELECT * FROM `mint_archives` WHERE `user_id` = '722' AND `create_time` = 1479398400 AND `type` = '1' LIMIT 1   [ RunTime:0.0344s ]
INFO: [ app_end ] --START--
INFO: Run Behavior\ShowPageTraceBehavior [ RunTime:0.000627s ]
INFO: [ app_end ] --END-- [ RunTime:0.000688s ]

[ 2016-11-20T13:58:38+08:00 ] ::1 /mintAdmin/index.php/Admin/User/sltDateRecords
INFO: [ app_init ] --START--
INFO: Run Behavior\BuildLiteBehavior [ RunTime:0.000027s ]
INFO: [ app_init ] --END-- [ RunTime:0.000560s ]
INFO: [ app_begin ] --START--
INFO: Run Behavior\ReadHtmlCacheBehavior [ RunTime:0.000926s ]
INFO: [ app_begin ] --END-- [ RunTime:0.001055s ]
SQL: SHOW COLUMNS FROM `mint_user` [ RunTime:0.0345s ]
SQL: SELECT c.app_uri as uri FROM mint_user a INNER JOIN mint_role_app b on a.role_id=b.role_id INNER JOIN mint_app c on b.app_id=c.id  WHERE a.id = '1'  [ RunTime:0.0329s ]
SQL: SHOW COLUMNS FROM `mint_archives` [ RunTime:0.0330s ]
SQL: SELECT `create_time` FROM `mint_archives` WHERE `user_id` = '722' AND `type` = '1' GROUP BY create_time ORDER BY create_time desc,id desc  [ RunTime:0.0329s ]
INFO: [ app_end ] --START--
INFO: Run Behavior\ShowPageTraceBehavior [ RunTime:0.000604s ]
INFO: [ app_end ] --END-- [ RunTime:0.000662s ]

[ 2016-11-20T16:41:26+08:00 ] ::1 /mintAdmin/index.php/Admin/Index/getUserInfo
INFO: [ app_init ] --START--
INFO: Run Behavior\BuildLiteBehavior [ RunTime:0.000019s ]
INFO: [ app_init ] --END-- [ RunTime:0.000620s ]
INFO: [ app_begin ] --START--
INFO: Run Behavior\ReadHtmlCacheBehavior [ RunTime:0.000959s ]
INFO: [ app_begin ] --END-- [ RunTime:0.001072s ]
SQL: SHOW COLUMNS FROM `mint_user` [ RunTime:0.0341s ]
SQL: SELECT * FROM `mint_user` WHERE `id` = 1 LIMIT 1   [ RunTime:0.0335s ]
SQL: SHOW COLUMNS FROM `mint_app` [ RunTime:0.0331s ]
SQL: SELECT `id`,`app_name`,`app_uri`,`app_url`,`parent_id` FROM `mint_app` ORDER BY sort  [ RunTime:0.0332s ]

[ 2016-11-20T16:41:26+08:00 ] ::1 /mintAdmin/index.php/Admin/User/sltDateRecords
INFO: [ app_init ] --START--
INFO: Run Behavior\BuildLiteBehavior [ RunTime:0.000017s ]
INFO: [ app_init ] --END-- [ RunTime:0.000619s ]
INFO: [ app_begin ] --START--
INFO: Run Behavior\ReadHtmlCacheBehavior [ RunTime:0.001068s ]
INFO: [ app_begin ] --END-- [ RunTime:0.001167s ]
SQL: SHOW COLUMNS FROM `mint_user` [ RunTime:0.0343s ]
SQL: SELECT c.app_uri as uri FROM mint_user a INNER JOIN mint_role_app b on a.role_id=b.role_id INNER JOIN mint_app c on b.app_id=c.id  WHERE a.id = '1'  [ RunTime:0.0328s ]
SQL: SHOW COLUMNS FROM `mint_archives` [ RunTime:0.0331s ]
SQL: SELECT `create_time` FROM `mint_archives` WHERE `user_id` = '722' AND `type` = '2' GROUP BY create_time ORDER BY create_time desc,id desc  [ RunTime:0.0325s ]
INFO: [ app_end ] --START--
INFO: Run Behavior\ShowPageTraceBehavior [ RunTime:0.071840s ]
INFO: [ app_end ] --END-- [ RunTime:0.071922s ]

[ 2016-11-20T16:41:28+08:00 ] ::1 /mintAdmin/index.php/Admin/User/sltDateRecords
INFO: [ app_init ] --START--
INFO: Run Behavior\BuildLiteBehavior [ RunTime:0.000021s ]
INFO: [ app_init ] --END-- [ RunTime:0.000493s ]
INFO: [ app_begin ] --START--
INFO: Run Behavior\ReadHtmlCacheBehavior [ RunTime:0.000635s ]
INFO: [ app_begin ] --END-- [ RunTime:0.000716s ]

[ 2016-11-20T16:41:28+08:00 ] ::1 /mintAdmin/index.php/Admin/Index/getUserInfo
INFO: [ app_init ] --START--
INFO: Run Behavior\BuildLiteBehavior [ RunTime:0.000025s ]
INFO: [ app_init ] --END-- [ RunTime:0.000627s ]
INFO: [ app_begin ] --START--
INFO: Run Behavior\ReadHtmlCacheBehavior [ RunTime:0.000938s ]
INFO: [ app_begin ] --END-- [ RunTime:0.001064s ]

[ 2016-11-20T16:41:31+08:00 ] ::1 /mintAdmin/index.php/Admin/Login/login
INFO: [ app_init ] --START--
INFO: Run Behavior\BuildLiteBehavior [ RunTime:0.000027s ]
INFO: [ app_init ] --END-- [ RunTime:0.000571s ]
INFO: [ app_begin ] --START--
INFO: Run Behavior\ReadHtmlCacheBehavior [ RunTime:0.000831s ]
INFO: [ app_begin ] --END-- [ RunTime:0.000934s ]
SQL: SHOW COLUMNS FROM `mint_user` [ RunTime:0.0349s ]
SQL: SELECT * FROM `mint_user` WHERE `account` = 'admin' LIMIT 1   [ RunTime:0.0342s ]
INFO: [ app_end ] --START--
INFO: Run Behavior\ShowPageTraceBehavior [ RunTime:0.000599s ]
INFO: [ app_end ] --END-- [ RunTime:0.000659s ]

[ 2016-11-20T16:41:32+08:00 ] ::1 /mintAdmin/index.php/Admin/User/index
INFO: [ app_init ] --START--
INFO: Run Behavior\BuildLiteBehavior [ RunTime:0.000023s ]
INFO: [ app_init ] --END-- [ RunTime:0.000582s ]
INFO: [ app_begin ] --START--
INFO: Run Behavior\ReadHtmlCacheBehavior [ RunTime:0.000856s ]
INFO: [ app_begin ] --END-- [ RunTime:0.000959s ]
SQL: SHOW COLUMNS FROM `mint_user` [ RunTime:0.0340s ]
SQL: SELECT c.app_uri as uri FROM mint_user a INNER JOIN mint_role_app b on a.role_id=b.role_id INNER JOIN mint_app c on b.app_id=c.id  WHERE a.id = '1'  [ RunTime:0.0328s ]
SQL: SHOW COLUMNS FROM `mint_user` [ RunTime:0.0339s ]
SQL: SELECT COUNT(*) AS tp_count FROM `mint_user` WHERE `identity_id` = '1' LIMIT 1   [ RunTime:0.0326s ]
SQL: SELECT `id`,`account`,`photo`,`name`,`nickname`,`real_name`,`card_type`,`card_id`,`birthyear`,`birthmonth`,`birthday`,`age`,`sex`,`phone`,`email`,`country`,`province`,`city`,`county`,`race`,`job`,`company_name`,`married`,`have_child`,`post_address`,`society_number`,`position`,`hospital`,`context`,`field`,`label_id`,`label`,`job_age`,`clinic_id`,`work_time`,`invite_code`,`company_code`,`role_id`,`identity_id`,`is_use`,`is_show`,`remark`,`create_time` FROM `mint_user` WHERE `identity_id` = '1' ORDER BY id desc LIMIT 0,10   [ RunTime:0.0334s ]
SQL: SELECT COUNT(*) AS tp_count FROM `mint_user` LIMIT 1   [ RunTime:0.0330s ]
INFO: [ app_end ] --START--
INFO: Run Behavior\ShowPageTraceBehavior [ RunTime:0.000632s ]
INFO: [ app_end ] --END-- [ RunTime:0.000694s ]

[ 2016-11-20T16:41:32+08:00 ] ::1 /mintAdmin/index.php/Admin/Index/getUserInfo
INFO: [ app_init ] --START--
INFO: Run Behavior\BuildLiteBehavior [ RunTime:0.000024s ]
INFO: [ app_init ] --END-- [ RunTime:0.000572s ]
INFO: [ app_begin ] --START--
INFO: Run Behavior\ReadHtmlCacheBehavior [ RunTime:0.000885s ]
INFO: [ app_begin ] --END-- [ RunTime:0.001005s ]
SQL: SHOW COLUMNS FROM `mint_user` [ RunTime:0.0346s ]
SQL: SELECT * FROM `mint_user` WHERE `id` = 1 LIMIT 1   [ RunTime:0.0338s ]
SQL: SHOW COLUMNS FROM `mint_app` [ RunTime:0.0331s ]
SQL: SELECT `id`,`app_name`,`app_uri`,`app_url`,`parent_id` FROM `mint_app` ORDER BY sort  [ RunTime:0.0335s ]

[ 2016-11-20T16:41:32+08:00 ] ::1 /mintAdmin/index.php/Admin/Index/getUserInfo
INFO: [ app_init ] --START--
INFO: Run Behavior\BuildLiteBehavior [ RunTime:0.000019s ]
INFO: [ app_init ] --END-- [ RunTime:0.000530s ]
INFO: [ app_begin ] --START--
INFO: Run Behavior\ReadHtmlCacheBehavior [ RunTime:0.001353s ]
INFO: [ app_begin ] --END-- [ RunTime:0.001450s ]
SQL: SHOW COLUMNS FROM `mint_user` [ RunTime:0.0337s ]
SQL: SELECT * FROM `mint_user` WHERE `id` = 1 LIMIT 1   [ RunTime:0.0330s ]
SQL: SHOW COLUMNS FROM `mint_app` [ RunTime:0.0324s ]
SQL: SELECT `id`,`app_name`,`app_uri`,`app_url`,`parent_id` FROM `mint_app` ORDER BY sort  [ RunTime:0.0327s ]

[ 2016-11-20T16:41:33+08:00 ] ::1 /mintAdmin/index.php/Admin/Index/getUserInfo
INFO: [ app_init ] --START--
INFO: Run Behavior\BuildLiteBehavior [ RunTime:0.000026s ]
INFO: [ app_init ] --END-- [ RunTime:0.000637s ]
INFO: [ app_begin ] --START--
INFO: Run Behavior\ReadHtmlCacheBehavior [ RunTime:0.000877s ]
INFO: [ app_begin ] --END-- [ RunTime:0.000999s ]
SQL: SHOW COLUMNS FROM `mint_user` [ RunTime:0.0366s ]
SQL: SELECT * FROM `mint_user` WHERE `id` = 1 LIMIT 1   [ RunTime:0.0338s ]
SQL: SHOW COLUMNS FROM `mint_app` [ RunTime:0.0333s ]
SQL: SELECT `id`,`app_name`,`app_uri`,`app_url`,`parent_id` FROM `mint_app` ORDER BY sort  [ RunTime:0.0334s ]

[ 2016-11-20T16:41:34+08:00 ] ::1 /mintAdmin/index.php/Admin/User/getOne
INFO: [ app_init ] --START--
INFO: Run Behavior\BuildLiteBehavior [ RunTime:0.000019s ]
INFO: [ app_init ] --END-- [ RunTime:0.000430s ]
INFO: [ app_begin ] --START--
INFO: Run Behavior\ReadHtmlCacheBehavior [ RunTime:0.000966s ]
INFO: [ app_begin ] --END-- [ RunTime:0.001107s ]
SQL: SHOW COLUMNS FROM `mint_user` [ RunTime:0.0353s ]
SQL: SELECT c.app_uri as uri FROM mint_user a INNER JOIN mint_role_app b on a.role_id=b.role_id INNER JOIN mint_app c on b.app_id=c.id  WHERE a.id = '1'  [ RunTime:0.0329s ]
SQL: SHOW COLUMNS FROM `mint_user` [ RunTime:0.0338s ]
SQL: SELECT `id`,`account`,`photo`,`name`,`nickname`,`real_name`,`card_type`,`card_id`,`birthyear`,`birthmonth`,`birthday`,`age`,`sex`,`phone`,`email`,`country`,`province`,`city`,`county`,`race`,`job`,`company_name`,`married`,`have_child`,`post_address`,`society_number`,`position`,`hospital`,`context`,`field`,`label_id`,`label`,`job_age`,`clinic_id`,`work_time`,`invite_code`,`company_code`,`role_id`,`identity_id`,`is_use`,`is_show`,`remark`,`create_time` FROM `mint_user` WHERE ( id=722 ) LIMIT 1   [ RunTime:0.0334s ]
INFO: [ app_end ] --START--
INFO: Run Behavior\ShowPageTraceBehavior [ RunTime:0.000605s ]
INFO: [ app_end ] --END-- [ RunTime:0.000664s ]

[ 2016-11-20T16:41:34+08:00 ] ::1 /mintAdmin/index.php/Admin/Index/getUserInfo
INFO: [ app_init ] --START--
INFO: Run Behavior\BuildLiteBehavior [ RunTime:0.000026s ]
INFO: [ app_init ] --END-- [ RunTime:0.000589s ]
INFO: [ app_begin ] --START--
INFO: Run Behavior\ReadHtmlCacheBehavior [ RunTime:0.000857s ]
INFO: [ app_begin ] --END-- [ RunTime:0.001003s ]
SQL: SHOW COLUMNS FROM `mint_user` [ RunTime:0.0344s ]
SQL: SELECT * FROM `mint_user` WHERE `id` = 1 LIMIT 1   [ RunTime:0.0342s ]
SQL: SHOW COLUMNS FROM `mint_app` [ RunTime:0.0342s ]
SQL: SELECT `id`,`app_name`,`app_uri`,`app_url`,`parent_id` FROM `mint_app` ORDER BY sort  [ RunTime:0.0334s ]

[ 2016-11-20T16:41:35+08:00 ] ::1 /mintAdmin/index.php/Admin/User/sltDateRecords
INFO: [ app_init ] --START--
INFO: Run Behavior\BuildLiteBehavior [ RunTime:0.000024s ]
INFO: [ app_init ] --END-- [ RunTime:0.000548s ]
INFO: [ app_begin ] --START--
INFO: Run Behavior\ReadHtmlCacheBehavior [ RunTime:0.000720s ]
INFO: [ app_begin ] --END-- [ RunTime:0.000821s ]
SQL: SHOW COLUMNS FROM `mint_user` [ RunTime:0.0345s ]
SQL: SELECT c.app_uri as uri FROM mint_user a INNER JOIN mint_role_app b on a.role_id=b.role_id INNER JOIN mint_app c on b.app_id=c.id  WHERE a.id = '1'  [ RunTime:0.0329s ]
SQL: SHOW COLUMNS FROM `mint_archives` [ RunTime:0.0330s ]
SQL: SELECT `create_time` FROM `mint_archives` WHERE `user_id` = '722' AND `type` = '3' GROUP BY create_time ORDER BY create_time desc,id desc  [ RunTime:0.0329s ]
INFO: [ app_end ] --START--
INFO: Run Behavior\ShowPageTraceBehavior [ RunTime:0.000634s ]
INFO: [ app_end ] --END-- [ RunTime:0.000698s ]

[ 2016-11-20T16:41:37+08:00 ] ::1 /mintAdmin/index.php/Admin/User/sltDateRecords
INFO: [ app_init ] --START--
INFO: Run Behavior\BuildLiteBehavior [ RunTime:0.000027s ]
INFO: [ app_init ] --END-- [ RunTime:0.000636s ]
INFO: [ app_begin ] --START--
INFO: Run Behavior\ReadHtmlCacheBehavior [ RunTime:0.000870s ]
INFO: [ app_begin ] --END-- [ RunTime:0.000994s ]
SQL: SHOW COLUMNS FROM `mint_user` [ RunTime:0.0347s ]
SQL: SELECT c.app_uri as uri FROM mint_user a INNER JOIN mint_role_app b on a.role_id=b.role_id INNER JOIN mint_app c on b.app_id=c.id  WHERE a.id = '1'  [ RunTime:0.0331s ]
SQL: SHOW COLUMNS FROM `mint_archives` [ RunTime:0.0334s ]
SQL: SELECT `create_time` FROM `mint_archives` WHERE `user_id` = '722' AND `type` = '2' GROUP BY create_time ORDER BY create_time desc,id desc  [ RunTime:0.0330s ]
INFO: [ app_end ] --START--
INFO: Run Behavior\ShowPageTraceBehavior [ RunTime:0.000658s ]
INFO: [ app_end ] --END-- [ RunTime:0.000716s ]

[ 2016-11-20T16:41:37+08:00 ] ::1 /mintAdmin/index.php/Admin/Index/getUserInfo
INFO: [ app_init ] --START--
INFO: Run Behavior\BuildLiteBehavior [ RunTime:0.000022s ]
INFO: [ app_init ] --END-- [ RunTime:0.000538s ]
INFO: [ app_begin ] --START--
INFO: Run Behavior\ReadHtmlCacheBehavior [ RunTime:0.000835s ]
INFO: [ app_begin ] --END-- [ RunTime:0.000944s ]
SQL: SHOW COLUMNS FROM `mint_user` [ RunTime:0.0345s ]
SQL: SELECT * FROM `mint_user` WHERE `id` = 1 LIMIT 1   [ RunTime:0.0338s ]
SQL: SHOW COLUMNS FROM `mint_app` [ RunTime:0.0331s ]
SQL: SELECT `id`,`app_name`,`app_uri`,`app_url`,`parent_id` FROM `mint_app` ORDER BY sort  [ RunTime:0.0332s ]

[ 2016-11-20T16:41:38+08:00 ] ::1 /mintAdmin/index.php/Admin/User/sltDateRecords
INFO: [ app_init ] --START--
INFO: Run Behavior\BuildLiteBehavior [ RunTime:0.000027s ]
INFO: [ app_init ] --END-- [ RunTime:0.000469s ]
INFO: [ app_begin ] --START--
INFO: Run Behavior\ReadHtmlCacheBehavior [ RunTime:0.000556s ]
INFO: [ app_begin ] --END-- [ RunTime:0.000629s ]
SQL: SHOW COLUMNS FROM `mint_user` [ RunTime:0.0355s ]
SQL: SELECT c.app_uri as uri FROM mint_user a INNER JOIN mint_role_app b on a.role_id=b.role_id INNER JOIN mint_app c on b.app_id=c.id  WHERE a.id = '1'  [ RunTime:0.0335s ]
SQL: SHOW COLUMNS FROM `mint_archives` [ RunTime:0.0340s ]
SQL: SELECT `create_time` FROM `mint_archives` WHERE `user_id` = '722' AND `type` = '2' GROUP BY create_time ORDER BY create_time desc,id desc  [ RunTime:0.0336s ]
INFO: [ app_end ] --START--
INFO: Run Behavior\ShowPageTraceBehavior [ RunTime:0.000845s ]
INFO: [ app_end ] --END-- [ RunTime:0.000919s ]

[ 2016-11-20T16:41:38+08:00 ] ::1 /mintAdmin/index.php/Admin/Index/getUserInfo
INFO: [ app_init ] --START--
INFO: Run Behavior\BuildLiteBehavior [ RunTime:0.000027s ]
INFO: [ app_init ] --END-- [ RunTime:0.000664s ]
INFO: [ app_begin ] --START--
INFO: Run Behavior\ReadHtmlCacheBehavior [ RunTime:0.000868s ]
INFO: [ app_begin ] --END-- [ RunTime:0.000990s ]
SQL: SHOW COLUMNS FROM `mint_user` [ RunTime:0.0355s ]
SQL: SELECT * FROM `mint_user` WHERE `id` = 1 LIMIT 1   [ RunTime:0.0346s ]
SQL: SHOW COLUMNS FROM `mint_app` [ RunTime:0.0344s ]
SQL: SELECT `id`,`app_name`,`app_uri`,`app_url`,`parent_id` FROM `mint_app` ORDER BY sort  [ RunTime:0.0344s ]

[ 2016-11-20T16:41:52+08:00 ] ::1 /mintAdmin/index.php/Admin/Index/getUserInfo
INFO: [ app_init ] --START--
INFO: Run Behavior\BuildLiteBehavior [ RunTime:0.000026s ]
INFO: [ app_init ] --END-- [ RunTime:0.000632s ]
INFO: [ app_begin ] --START--
INFO: Run Behavior\ReadHtmlCacheBehavior [ RunTime:0.000798s ]
INFO: [ app_begin ] --END-- [ RunTime:0.000909s ]
SQL: SHOW COLUMNS FROM `mint_user` [ RunTime:0.0349s ]
SQL: SELECT * FROM `mint_user` WHERE `id` = 1 LIMIT 1   [ RunTime:0.0343s ]
SQL: SHOW COLUMNS FROM `mint_app` [ RunTime:0.0338s ]
SQL: SELECT `id`,`app_name`,`app_uri`,`app_url`,`parent_id` FROM `mint_app` ORDER BY sort  [ RunTime:0.0338s ]

[ 2016-11-20T16:41:52+08:00 ] ::1 /mintAdmin/index.php/Admin/User/sltDateRecords
INFO: [ app_init ] --START--
INFO: Run Behavior\BuildLiteBehavior [ RunTime:0.000044s ]
INFO: [ app_init ] --END-- [ RunTime:0.001071s ]
INFO: [ app_begin ] --START--
INFO: Run Behavior\ReadHtmlCacheBehavior [ RunTime:0.000849s ]
INFO: [ app_begin ] --END-- [ RunTime:0.000964s ]
SQL: SHOW COLUMNS FROM `mint_user` [ RunTime:0.0342s ]
SQL: SELECT c.app_uri as uri FROM mint_user a INNER JOIN mint_role_app b on a.role_id=b.role_id INNER JOIN mint_app c on b.app_id=c.id  WHERE a.id = '1'  [ RunTime:0.0324s ]
SQL: SHOW COLUMNS FROM `mint_archives` [ RunTime:0.0328s ]
SQL: SELECT `create_time` FROM `mint_archives` WHERE `user_id` = '722' AND `type` = '1' GROUP BY create_time ORDER BY create_time desc,id desc  [ RunTime:0.0326s ]
INFO: [ app_end ] --START--
INFO: Run Behavior\ShowPageTraceBehavior [ RunTime:0.000708s ]
INFO: [ app_end ] --END-- [ RunTime:0.000771s ]

[ 2016-11-20T16:41:53+08:00 ] ::1 /mintAdmin/index.php/Admin/User/sltArchives
INFO: [ app_init ] --START--
INFO: Run Behavior\BuildLiteBehavior [ RunTime:0.000031s ]
INFO: [ app_init ] --END-- [ RunTime:0.000907s ]
INFO: [ app_begin ] --START--
INFO: Run Behavior\ReadHtmlCacheBehavior [ RunTime:0.001266s ]
INFO: [ app_begin ] --END-- [ RunTime:0.001459s ]
SQL: SHOW COLUMNS FROM `mint_user` [ RunTime:0.0345s ]
SQL: SELECT c.app_uri as uri FROM mint_user a INNER JOIN mint_role_app b on a.role_id=b.role_id INNER JOIN mint_app c on b.app_id=c.id  WHERE a.id = '1'  [ RunTime:0.0326s ]
SQL: SHOW COLUMNS FROM `mint_archives` [ RunTime:0.0327s ]
SQL: SELECT * FROM `mint_archives` WHERE `user_id` = '722' AND `create_time` = 1479398400 AND `type` = '1' LIMIT 1   [ RunTime:0.0332s ]
INFO: [ app_end ] --START--
INFO: Run Behavior\ShowPageTraceBehavior [ RunTime:0.000597s ]
INFO: [ app_end ] --END-- [ RunTime:0.000656s ]

[ 2016-11-20T16:57:57+08:00 ] ::1 /mintAdmin/index.php/Admin/User/sltDateRecords
INFO: [ app_init ] --START--
INFO: Run Behavior\BuildLiteBehavior [ RunTime:0.000027s ]
INFO: [ app_init ] --END-- [ RunTime:0.000975s ]
INFO: [ app_begin ] --START--
INFO: Run Behavior\ReadHtmlCacheBehavior [ RunTime:0.000713s ]
INFO: [ app_begin ] --END-- [ RunTime:0.000796s ]
SQL: SHOW COLUMNS FROM `mint_user` [ RunTime:0.0348s ]
SQL: SELECT c.app_uri as uri FROM mint_user a INNER JOIN mint_role_app b on a.role_id=b.role_id INNER JOIN mint_app c on b.app_id=c.id  WHERE a.id = '1'  [ RunTime:0.0335s ]
SQL: SHOW COLUMNS FROM `mint_archives` [ RunTime:0.0339s ]
SQL: SELECT `create_time` FROM `mint_archives` WHERE `user_id` = '722' AND `type` = '2' GROUP BY create_time ORDER BY create_time desc,id desc  [ RunTime:0.0338s ]
INFO: [ app_end ] --START--
INFO: Run Behavior\ShowPageTraceBehavior [ RunTime:0.000718s ]
INFO: [ app_end ] --END-- [ RunTime:0.000788s ]

[ 2016-11-20T16:57:57+08:00 ] ::1 /mintAdmin/index.php/Admin/Index/getUserInfo
INFO: [ app_init ] --START--
INFO: Run Behavior\BuildLiteBehavior [ RunTime:0.000027s ]
INFO: [ app_init ] --END-- [ RunTime:0.000956s ]
INFO: [ app_begin ] --START--
INFO: Run Behavior\ReadHtmlCacheBehavior [ RunTime:0.000889s ]
INFO: [ app_begin ] --END-- [ RunTime:0.001008s ]
SQL: SHOW COLUMNS FROM `mint_user` [ RunTime:0.0354s ]
SQL: SELECT * FROM `mint_user` WHERE `id` = 1 LIMIT 1   [ RunTime:0.0335s ]
SQL: SHOW COLUMNS FROM `mint_app` [ RunTime:0.0331s ]
SQL: SELECT `id`,`app_name`,`app_uri`,`app_url`,`parent_id` FROM `mint_app` ORDER BY sort  [ RunTime:0.0330s ]

[ 2016-11-20T16:57:59+08:00 ] ::1 /mintAdmin/index.php/Admin/User/sltDateRecords
INFO: [ app_init ] --START--
INFO: Run Behavior\BuildLiteBehavior [ RunTime:0.000019s ]
INFO: [ app_init ] --END-- [ RunTime:0.000437s ]
INFO: [ app_begin ] --START--
INFO: Run Behavior\ReadHtmlCacheBehavior [ RunTime:0.000612s ]
INFO: [ app_begin ] --END-- [ RunTime:0.000708s ]
SQL: SHOW COLUMNS FROM `mint_user` [ RunTime:0.0359s ]
SQL: SELECT c.app_uri as uri FROM mint_user a INNER JOIN mint_role_app b on a.role_id=b.role_id INNER JOIN mint_app c on b.app_id=c.id  WHERE a.id = '1'  [ RunTime:0.0338s ]
SQL: SHOW COLUMNS FROM `mint_archives` [ RunTime:0.0337s ]
SQL: SELECT `create_time` FROM `mint_archives` WHERE `user_id` = '722' AND `type` = '2' GROUP BY create_time ORDER BY create_time desc,id desc  [ RunTime:0.0343s ]
INFO: [ app_end ] --START--
INFO: Run Behavior\ShowPageTraceBehavior [ RunTime:0.000601s ]
INFO: [ app_end ] --END-- [ RunTime:0.000656s ]

[ 2016-11-20T16:57:59+08:00 ] ::1 /mintAdmin/index.php/Admin/Index/getUserInfo
INFO: [ app_init ] --START--
INFO: Run Behavior\BuildLiteBehavior [ RunTime:0.000028s ]
INFO: [ app_init ] --END-- [ RunTime:0.000708s ]
INFO: [ app_begin ] --START--
INFO: Run Behavior\ReadHtmlCacheBehavior [ RunTime:0.001105s ]
INFO: [ app_begin ] --END-- [ RunTime:0.001235s ]
SQL: SHOW COLUMNS FROM `mint_user` [ RunTime:0.0346s ]
SQL: SELECT * FROM `mint_user` WHERE `id` = 1 LIMIT 1   [ RunTime:0.0333s ]
SQL: SHOW COLUMNS FROM `mint_app` [ RunTime:0.0332s ]
SQL: SELECT `id`,`app_name`,`app_uri`,`app_url`,`parent_id` FROM `mint_app` ORDER BY sort  [ RunTime:0.0331s ]

[ 2016-11-20T16:58:52+08:00 ] ::1 /mintAdmin/index.php/Admin/User/editArchives
INFO: [ app_init ] --START--
INFO: Run Behavior\BuildLiteBehavior [ RunTime:0.000027s ]
INFO: [ app_init ] --END-- [ RunTime:0.000604s ]
INFO: [ app_begin ] --START--
INFO: Run Behavior\ReadHtmlCacheBehavior [ RunTime:0.000843s ]
INFO: [ app_begin ] --END-- [ RunTime:0.000959s ]
SQL: SHOW COLUMNS FROM `mint_user` [ RunTime:0.0339s ]
SQL: SELECT c.app_uri as uri FROM mint_user a INNER JOIN mint_role_app b on a.role_id=b.role_id INNER JOIN mint_app c on b.app_id=c.id  WHERE a.id = '1'  [ RunTime:0.0326s ]
SQL: SHOW COLUMNS FROM `mint_archives` [ RunTime:0.0325s ]
SQL: SELECT * FROM `mint_archives` WHERE `user_id` = '722' AND `create_time` = 1479571200 AND `type` = '2' LIMIT 1   [ RunTime:0.0327s ]
SQL: INSERT INTO `mint_archives` (`user_id`,`content`,`type`,`create_time`) VALUES ('722','{&quot;teeth&quot;:[{&quot;name&quot;:&quot;牙体&quot;,&quot;content&quot;:[{&quot;bool&quot;:false,&quot;sum&quot;:&quot;&quot;,&quot;name&quot;:&quot;楔状缺损&quot;,&quot;id&quot;:&quot;H_content_list_item_1&quot;},{&quot;bool&quot;:false,&quot;sum&quot;:&quot;&quot;,&quot;name&quot;:&quot;形态异常&quot;,&quot;id&quot;:&quot;H_content_list_item_2&quot;},{&quot;bool&quot;:false,&quot;sum&quot;:&quot;&quot;,&quot;name&quot;:&quot;龋齿&quot;,&quot;id&quot;:&quot;H_content_list_item_3&quot;},{&quot;bool&quot;:false,&quot;sum&quot;:&quot;&quot;,&quot;name&quot;:&quot;缺失牙&quot;,&quot;id&quot;:&quot;H_content_list_item_4&quot;},{&quot;bool&quot;:false,&quot;sum&quot;:&quot;&quot;,&quot;name&quot;:&quot;萌生异常&quot;,&quot;id&quot;:&quot;H_content_list_item_5&quot;},{&quot;bool&quot;:false,&quot;sum&quot;:&quot;&quot;,&quot;name&quot;:&quot;多生牙&quot;,&quot;id&quot;:&quot;H_content_list_item_6&quot;},{&quot;bool&quot;:false,&quot;sum&quot;:&quot;&quot;,&quot;name&quot;:&quot;牙体发育异常&quot;,&quot;id&quot;:&quot;H_content_list_item_7&quot;},{&quot;bool&quot;:false,&quot;sum&quot;:&quot;&quot;,&quot;name&quot;:&quot;牙齿表面缺损&quot;,&quot;id&quot;:&quot;H_content_list_item_8&quot;},{&quot;bool&quot;:false,&quot;sum&quot;:&quot;&quot;,&quot;name&quot;:&quot;隐裂&quot;,&quot;id&quot;:&quot;H_content_list_item_9&quot;}]}],&quot;teeth_around&quot;:[{&quot;name&quot;:&quot;牙石&quot;,&quot;id&quot;:&quot;H_teeth_roundt1&quot;,&quot;bool&quot;:&quot;2&quot;,&quot;choose&quot;:[{&quot;name&quot;:&quot;Ⅰ&quot;,&quot;id&quot;:&quot;H_content_list_item_t10&quot;,&quot;count&quot;:1},{&quot;name&quot;:&quot;Ⅱ&quot;,&quot;id&quot;:&quot;H_content_list_item_t11&quot;,&quot;count&quot;:2},{&quot;name&quot;:&quot;Ⅲ&quot;,&quot;id&quot;:&quot;H_content_list_item_t12&quot;,&quot;count&quot;:3}]},{&quot;name&quot;:&quot;松动&quot;,&quot;id&quot;:&quot;H_teeth_roundt2&quot;,&quot;bool&quot;:&quot;2&quot;,&quot;choose&quot;:[{&quot;name&quot;:&quot;Ⅰ&quot;,&quot;id&quot;:&quot;H_content_list_item_t13&quot;,&quot;count&quot;:1},{&quot;name&quot;:&quot;Ⅱ&quot;,&quot;id&quot;:&quot;H_content_list_item_t14&quot;,&quot;count&quot;:2},{&quot;name&quot;:&quot;Ⅲ&quot;,&quot;id&quot;:&quot;H_content_list_item_t15&quot;,&quot;count&quot;:3}]},{&quot;name&quot;:&quot;出血&quot;,&quot;id&quot;:&quot;H_teeth_roundt3&quot;,&quot;bool&quot;:&quot;2&quot;,&quot;choose&quot;:[{&quot;name&quot;:&quot;Ⅰ&quot;,&quot;id&quot;:&quot;H_content_list_item_t16&quot;,&quot;count&quot;:1},{&quot;name&quot;:&quot;Ⅱ&quot;,&quot;id&quot;:&quot;H_content_list_item_t17&quot;,&quot;count&quot;:2},{&quot;name&quot;:&quot;Ⅲ&quot;,&quot;id&quot;:&quot;H_content_list_item_t18&quot;,&quot;count&quot;:3},{&quot;name&quot;:&quot;IV&quot;,&quot;id&quot;:&quot;H_content_list_item_t19&quot;,&quot;count&quot;:4},{&quot;name&quot;:&quot;V&quot;,&quot;id&quot;:&quot;H_content_list_item_t20&quot;,&quot;count&quot;:5}]}],&quot;mucosa&quot;:[{&quot;name&quot;:&quot;正常&quot;,&quot;bool&quot;:false,&quot;id&quot;:&quot;H_content_list_item_21&quot;,&quot;content&quot;:&quot;&quot;},{&quot;name&quot;:&quot;白色斑块&quot;,&quot;bool&quot;:false,&quot;id&quot;:&quot;H_content_list_item_22&quot;,&quot;content&quot;:&quot;&quot;},{&quot;name&quot;:&quot;红色斑块&quot;,&quot;id&quot;:&quot;H_content_list_item_23&quot;,&quot;bool&quot;:true,&quot;content&quot;:&quot;&quot;},{&quot;name&quot;:&quot;扁平苔藓&quot;,&quot;id&quot;:&quot;H_content_list_item_24&quot;,&quot;bool&quot;:false,&quot;content&quot;:&quot;&quot;},{&quot;name&quot;:&quot;溃疡&quot;,&quot;id&quot;:&quot;H_content_list_item_25&quot;,&quot;bool&quot;:false,&quot;content&quot;:&quot;&quot;},{&quot;id&quot;:&quot;H_content_list_item_26&quot;,&quot;name&quot;:&quot;其他&quot;,&quot;bool&quot;:false,&quot;content&quot;:&quot;&quot;,&quot;teshu&quot;:&quot;1&quot;}],&quot;surgery&quot;:[{&quot;name&quot;:&quot;开口度&quot;,&quot;id&quot;:&quot;H_teeth_roundt4&quot;,&quot;bool&quot;:&quot;&quot;,&quot;choose&quot;:[{&quot;name&quot;:&quot;三指宽度&quot;,&quot;id&quot;:&quot;H_content_list_item_t27&quot;,&quot;count&quot;:1},{&quot;name&quot;:&quot;两指宽度&quot;,&quot;id&quot;:&quot;H_content_list_item_t28&quot;,&quot;count&quot;:2},{&quot;name&quot;:&quot;一指宽度，甚至更小&quot;,&quot;id&quot;:&quot;H_content_list_item_t29&quot;,&quot;count&quot;:3}]},{&quot;name&quot;:&quot;开口型&quot;,&quot;id&quot;:&quot;H_teeth_roundt5&quot;,&quot;bool&quot;:&quot;&quot;,&quot;choose&quot;:[{&quot;name&quot;:&quot;直线&quot;,&quot;id&quot;:&quot;H_content_list_item_t30&quot;,&quot;count&quot;:1},{&quot;name&quot;:&quot;左偏&quot;,&quot;id&quot;:&quot;H_content_list_item_t31&quot;,&quot;count&quot;:2},{&quot;name&quot;:&quot;右偏&quot;,&quot;id&quot;:&quot;H_content_list_item_t32&quot;,&quot;count&quot;:3}]},{&quot;name&quot;:&quot;面型&quot;,&quot;id&quot;:&quot;H_teeth_roundt6&quot;,&quot;bool&quot;:&quot;&quot;,&quot;choose&quot;:[{&quot;name&quot;:&quot;大致对称&quot;,&quot;id&quot;:&quot;H_content_list_item_t33&quot;,&quot;count&quot;:1},{&quot;name&quot;:&quot;中线左偏&quot;,&quot;id&quot;:&quot;H_content_list_item_t34&quot;,&quot;count&quot;:2},{&quot;name&quot;:&quot;中线右偏&quot;,&quot;id&quot;:&quot;H_content_list_item_t3400&quot;,&quot;count&quot;:3}]},{&quot;name&quot;:&quot;&quot;,&quot;id&quot;:&quot;H_teeth_roundt7&quot;,&quot;bool&quot;:&quot;&quot;,&quot;choose&quot;:[{&quot;name&quot;:&quot;直面型&quot;,&quot;id&quot;:&quot;H_content_list_item_t35&quot;,&quot;count&quot;:1},{&quot;name&quot;:&quot;凹面型&quot;,&quot;id&quot;:&quot;H_content_list_item_t36&quot;,&quot;count&quot;:2},{&quot;name&quot;:&quot;凸面型&quot;,&quot;id&quot;:&quot;H_content_list_item_t37&quot;,&quot;count&quot;:3}]},{&quot;name&quot;:&quot;牙列&quot;,&quot;id&quot;:&quot;H_teeth_roundt8&quot;,&quot;bool&quot;:&quot;&quot;,&quot;choose&quot;:[{&quot;name&quot;:&quot;正常&quot;,&quot;id&quot;:&quot;H_content_list_item_t3800&quot;,&quot;count&quot;:1},{&quot;name&quot;:&quot;拥挤&quot;,&quot;id&quot;:&quot;H_content_list_item_t38&quot;,&quot;count&quot;:2},{&quot;name&quot;:&quot;间隙&quot;,&quot;id&quot;:&quot;H_content_list_item_t39&quot;,&quot;count&quot;:3}]},{&quot;name&quot;:&quot;磨牙关系&quot;,&quot;id&quot;:&quot;H_teeth_roundt9&quot;,&quot;bool&quot;:&quot;&quot;,&quot;choose&quot;:[{&quot;name&quot;:&quot;Ⅰ&quot;,&quot;id&quot;:&quot;H_content_list_item_t40&quot;,&quot;count&quot;:1},{&quot;name&quot;:&quot;Ⅱ&quot;,&quot;id&quot;:&quot;H_content_list_item_t41&quot;,&quot;count&quot;:2},{&quot;name&quot;:&quot;Ⅲ&quot;,&quot;id&quot;:&quot;H_content_list_item_t42&quot;,&quot;count&quot;:3}]},{&quot;name&quot;:&quot;前牙关系&quot;,&quot;id&quot;:&quot;H_teeth_roundt10&quot;,&quot;bool&quot;:&quot;&quot;,&quot;choose&quot;:[{&quot;name&quot;:&quot;正常&quot;,&quot;id&quot;:&quot;H_content_list_item_t4300&quot;,&quot;count&quot;:1},{&quot;name&quot;:&quot;反合&quot;,&quot;id&quot;:&quot;H_content_list_item_t43&quot;,&quot;count&quot;:2},{&quot;name&quot;:&quot;开合&quot;,&quot;id&quot;:&quot;H_content_list_item_t44&quot;,&quot;count&quot;:3},{&quot;name&quot;:&quot;对刃&quot;,&quot;id&quot;:&quot;H_content_list_item_t45&quot;,&quot;count&quot;:4}]}],&quot;newadd&quot;:[{&quot;name&quot;:&quot;&quot;,&quot;content&quot;:[{&quot;name&quot;:&quot;深覆盖&quot;,&quot;id&quot;:&quot;H_content_list_item_t5100&quot;,&quot;bool&quot;:false},{&quot;name&quot;:&quot;深覆合&quot;,&quot;id&quot;:&quot;H_content_list_item_t5200&quot;,&quot;bool&quot;:false}]},{&quot;name&quot;:&quot;系带&quot;,&quot;content&quot;:[{&quot;name&quot;:&quot;唇系带过低&quot;,&quot;id&quot;:&quot;H_content_list_item_t51&quot;,&quot;bool&quot;:false},{&quot;name&quot;:&quot;舌系带过短&quot;,&quot;id&quot;:&quot;H_content_list_item_t52&quot;,&quot;bool&quot;:false},{&quot;name&quot;:&quot;正常&quot;,&quot;id&quot;:&quot;H_content_list_item_t5300&quot;,&quot;bool&quot;:false}]},{&quot;name&quot;:&quot;TMG&quot;,&quot;content&quot;:[{&quot;name&quot;:&quot;关节弹响&quot;,&quot;id&quot;:&quot;H_content_list_item_t53&quot;,&quot;bool&quot;:false},{&quot;name&quot;:&quot;关节压痛&quot;,&quot;id&quot;:&quot;H_content_list_item_t54&quot;,&quot;bool&quot;:false},{&quot;name&quot;:&quot;关节脱位&quot;,&quot;id&quot;:&quot;H_content_list_item_t55&quot;,&quot;bool&quot;:false}]}],&quot;teeth_repair&quot;:&quot;&quot;,&quot;surgeryNO&quot;:&quot;外科情况正常&quot;,&quot;mucosaNO&quot;:&quot;粘膜正常&quot;}','2','1479571200') [ RunTime:0.0743s ]
INFO: [ app_end ] --START--
INFO: Run Behavior\ShowPageTraceBehavior [ RunTime:0.000804s ]
INFO: [ app_end ] --END-- [ RunTime:0.000874s ]

[ 2016-11-20T16:58:52+08:00 ] ::1 /mintAdmin/index.php/Admin/Index/getUserInfo
INFO: [ app_init ] --START--
INFO: Run Behavior\BuildLiteBehavior [ RunTime:0.000029s ]
INFO: [ app_init ] --END-- [ RunTime:0.000656s ]
INFO: [ app_begin ] --START--
INFO: Run Behavior\ReadHtmlCacheBehavior [ RunTime:0.000680s ]
INFO: [ app_begin ] --END-- [ RunTime:0.000808s ]
SQL: SHOW COLUMNS FROM `mint_user` [ RunTime:0.0345s ]
SQL: SELECT * FROM `mint_user` WHERE `id` = 1 LIMIT 1   [ RunTime:0.0335s ]
SQL: SHOW COLUMNS FROM `mint_app` [ RunTime:0.0329s ]
SQL: SELECT `id`,`app_name`,`app_uri`,`app_url`,`parent_id` FROM `mint_app` ORDER BY sort  [ RunTime:0.0331s ]

[ 2016-11-20T16:58:52+08:00 ] ::1 /mintAdmin/index.php/Admin/User/sltDateRecords
INFO: [ app_init ] --START--
INFO: Run Behavior\BuildLiteBehavior [ RunTime:0.000028s ]
INFO: [ app_init ] --END-- [ RunTime:0.000619s ]
INFO: [ app_begin ] --START--
INFO: Run Behavior\ReadHtmlCacheBehavior [ RunTime:0.000665s ]
INFO: [ app_begin ] --END-- [ RunTime:0.000798s ]
SQL: SHOW COLUMNS FROM `mint_user` [ RunTime:0.0341s ]
SQL: SELECT c.app_uri as uri FROM mint_user a INNER JOIN mint_role_app b on a.role_id=b.role_id INNER JOIN mint_app c on b.app_id=c.id  WHERE a.id = '1'  [ RunTime:0.0324s ]
SQL: SHOW COLUMNS FROM `mint_archives` [ RunTime:0.0324s ]
SQL: SELECT `create_time` FROM `mint_archives` WHERE `user_id` = '722' AND `type` = '1' GROUP BY create_time ORDER BY create_time desc,id desc  [ RunTime:0.0323s ]
INFO: [ app_end ] --START--
INFO: Run Behavior\ShowPageTraceBehavior [ RunTime:0.000586s ]
INFO: [ app_end ] --END-- [ RunTime:0.000653s ]

[ 2016-11-20T16:58:53+08:00 ] ::1 /mintAdmin/index.php/Admin/User/sltArchives
INFO: [ app_init ] --START--
INFO: Run Behavior\BuildLiteBehavior [ RunTime:0.000017s ]
INFO: [ app_init ] --END-- [ RunTime:0.000401s ]
INFO: [ app_begin ] --START--
INFO: Run Behavior\ReadHtmlCacheBehavior [ RunTime:0.000526s ]
INFO: [ app_begin ] --END-- [ RunTime:0.000591s ]
SQL: SHOW COLUMNS FROM `mint_user` [ RunTime:0.0354s ]
SQL: SELECT c.app_uri as uri FROM mint_user a INNER JOIN mint_role_app b on a.role_id=b.role_id INNER JOIN mint_app c on b.app_id=c.id  WHERE a.id = '1'  [ RunTime:0.0338s ]
SQL: SHOW COLUMNS FROM `mint_archives` [ RunTime:0.0340s ]
SQL: SELECT * FROM `mint_archives` WHERE `user_id` = '722' AND `create_time` = 1479398400 AND `type` = '1' LIMIT 1   [ RunTime:0.0346s ]
INFO: [ app_end ] --START--
INFO: Run Behavior\ShowPageTraceBehavior [ RunTime:0.000857s ]
INFO: [ app_end ] --END-- [ RunTime:0.000959s ]

