[ 2016-11-18T14:02:41+08:00 ] ::1 /mintAdmin/index.php/Admin/User/sltArchives
INFO: [ app_init ] --START--
INFO: Run Behavior\BuildLiteBehavior [ RunTime:0.000020s ]
INFO: [ app_init ] --END-- [ RunTime:0.000654s ]
INFO: [ app_begin ] --START--
INFO: Run Behavior\ReadHtmlCacheBehavior [ RunTime:0.000754s ]
INFO: [ app_begin ] --END-- [ RunTime:0.000826s ]
SQL: SHOW COLUMNS FROM `mint_user` [ RunTime:0.0345s ]
SQL: SELECT c.app_uri as uri FROM mint_user a INNER JOIN mint_role_app b on a.role_id=b.role_id INNER JOIN mint_app c on b.app_id=c.id  WHERE a.id = '1'  [ RunTime:0.0327s ]
SQL: SHOW COLUMNS FROM `mint_archives` [ RunTime:0.0336s ]
SQL: SELECT * FROM `mint_archives` WHERE `user_id` = '721' AND `create_time` = 1479312000 AND `type` = '1' LIMIT 1   [ RunTime:0.0380s ]
INFO: [ app_end ] --START--
INFO: Run Behavior\ShowPageTraceBehavior [ RunTime:0.001001s ]
INFO: [ app_end ] --END-- [ RunTime:0.001089s ]

[ 2016-11-18T14:02:41+08:00 ] ::1 /mintAdmin/index.php/Admin/Index/getUserInfo
INFO: [ app_init ] --START--
INFO: Run Behavior\BuildLiteBehavior [ RunTime:0.000017s ]
INFO: [ app_init ] --END-- [ RunTime:0.000457s ]
INFO: [ app_begin ] --START--
INFO: Run Behavior\ReadHtmlCacheBehavior [ RunTime:0.000934s ]
INFO: [ app_begin ] --END-- [ RunTime:0.001024s ]
SQL: SHOW COLUMNS FROM `mint_user` [ RunTime:0.0341s ]
SQL: SELECT * FROM `mint_user` WHERE `id` = 1 LIMIT 1   [ RunTime:0.0337s ]
SQL: SHOW COLUMNS FROM `mint_app` [ RunTime:0.0330s ]
SQL: SELECT `id`,`app_name`,`app_uri`,`app_url`,`parent_id` FROM `mint_app` ORDER BY sort  [ RunTime:0.0328s ]

[ 2016-11-18T14:02:41+08:00 ] ::1 /mintAdmin/index.php/Admin/User/sltDateRecords
INFO: [ app_init ] --START--
INFO: Run Behavior\BuildLiteBehavior [ RunTime:0.000020s ]
INFO: [ app_init ] --END-- [ RunTime:0.000577s ]
INFO: [ app_begin ] --START--
INFO: Run Behavior\ReadHtmlCacheBehavior [ RunTime:0.000861s ]
INFO: [ app_begin ] --END-- [ RunTime:0.000948s ]
SQL: SHOW COLUMNS FROM `mint_user` [ RunTime:0.0348s ]
SQL: SELECT c.app_uri as uri FROM mint_user a INNER JOIN mint_role_app b on a.role_id=b.role_id INNER JOIN mint_app c on b.app_id=c.id  WHERE a.id = '1'  [ RunTime:0.0333s ]
SQL: SHOW COLUMNS FROM `mint_archives` [ RunTime:0.0334s ]
SQL: SELECT `create_time` FROM `mint_archives` WHERE `user_id` = '721' AND `type` = '1' GROUP BY create_time ORDER BY create_time desc,id desc  [ RunTime:0.0339s ]
INFO: [ app_end ] --START--
INFO: Run Behavior\ShowPageTraceBehavior [ RunTime:0.000597s ]
INFO: [ app_end ] --END-- [ RunTime:0.000664s ]

[ 2016-11-18T14:08:17+08:00 ] ::1 /mintAdmin/index.php/Admin/User/editArchives2
INFO: [ app_init ] --START--
INFO: Run Behavior\BuildLiteBehavior [ RunTime:0.000015s ]
INFO: [ app_init ] --END-- [ RunTime:0.000366s ]
INFO: [ app_begin ] --START--
INFO: Run Behavior\ReadHtmlCacheBehavior [ RunTime:0.000476s ]
INFO: [ app_begin ] --END-- [ RunTime:0.000530s ]
SQL: SHOW COLUMNS FROM `mint_user` [ RunTime:0.0348s ]
SQL: SELECT c.app_uri as uri FROM mint_user a INNER JOIN mint_role_app b on a.role_id=b.role_id INNER JOIN mint_app c on b.app_id=c.id  WHERE a.id = '1'  [ RunTime:0.0329s ]
SQL: SHOW COLUMNS FROM `mint_archives` [ RunTime:0.0332s ]
SQL: UPDATE `mint_archives` SET `content`='{&quot;body_condition&quot;:[{&quot;state&quot;:&quot;1&quot;,&quot;name&quot;:&quot;心脏病史&quot;,&quot;date&quot;:&quot;&quot;},{&quot;state&quot;:&quot;1&quot;,&quot;name&quot;:&quot;高血压病史&quot;,&quot;date&quot;:&quot;&quot;},{&quot;state&quot;:&quot;1&quot;,&quot;name&quot;:&quot;糖尿病史&quot;,&quot;date&quot;:&quot;&quot;},{&quot;state&quot;:&quot;1&quot;,&quot;name&quot;:&quot;风湿病&quot;,&quot;date&quot;:&quot;&quot;},{&quot;state&quot;:&quot;1&quot;,&quot;name&quot;:&quot;癫痫病&quot;,&quot;date&quot;:&quot;&quot;},{&quot;state&quot;:&quot;1&quot;,&quot;name&quot;:&quot;在妊娠期&quot;,&quot;date&quot;:&quot;&quot;},{&quot;state&quot;:&quot;1&quot;,&quot;name&quot;:&quot;在哺乳期&quot;,&quot;date&quot;:&quot;&quot;},{&quot;state&quot;:&quot;1&quot;,&quot;name&quot;:&quot;定期体检&quot;,&quot;date&quot;:&quot;2016-10-31&quot;},{&quot;state&quot;:&quot;1&quot;,&quot;name&quot;:&quot;定期洗牙&quot;,&quot;date&quot;:&quot;2016-11-10&quot;}],&quot;family_history&quot;:[{&quot;state&quot;:&quot;1&quot;,&quot;name&quot;:&quot;牙周病&quot;,&quot;date&quot;:&quot;&quot;},{&quot;state&quot;:&quot;1&quot;,&quot;name&quot;:&quot;牙列不齐&quot;,&quot;date&quot;:&quot;&quot;},{&quot;state&quot;:&quot;1&quot;,&quot;name&quot;:&quot;颌骨发育异常&quot;,&quot;date&quot;:&quot;&quot;}],&quot;medicine&quot;:[{&quot;state&quot;:&quot;1&quot;,&quot;name&quot;:&quot;在服用抗凝药（阿司匹林/华法林等）&quot;,&quot;date&quot;:&quot;&quot;},{&quot;state&quot;:&quot;1&quot;,&quot;name&quot;:&quot;在服用免疫抑制剂（如环磷酰胺，他克莫司等）&quot;,&quot;date&quot;:&quot;&quot;},{&quot;state&quot;:&quot;1&quot;,&quot;name&quot;:&quot;在服用骨质疏松类治疗药物（如福善美）&quot;,&quot;date&quot;:&quot;&quot;},{&quot;state&quot;:&quot;1&quot;,&quot;name&quot;:&quot;近期在服用消炎止痛药&quot;,&quot;date&quot;:&quot;&quot;}],&quot;surgery&quot;:[{&quot;state&quot;:&quot;1&quot;,&quot;name&quot;:&quot;近期做过手术&quot;,&quot;date&quot;:&quot;123213214214&quot;}],&quot;allergy&quot;:[{&quot;state&quot;:&quot;1&quot;,&quot;name&quot;:&quot;青霉素类&quot;,&quot;date&quot;:&quot;&quot;},{&quot;state&quot;:&quot;1&quot;,&quot;name&quot;:&quot;磺胺类&quot;,&quot;date&quot;:&quot;&quot;},{&quot;state&quot;:&quot;1&quot;,&quot;name&quot;:&quot;局麻药&quot;,&quot;date&quot;:&quot;&quot;},{&quot;state&quot;:&quot;1&quot;,&quot;name&quot;:&quot;酒精&quot;,&quot;date&quot;:&quot;&quot;},{&quot;state&quot;:&quot;1&quot;,&quot;name&quot;:&quot;其他过敏情况&quot;,&quot;date&quot;:&quot;sdvdsfdsf&quot;}],&quot;infection&quot;:[{&quot;state&quot;:&quot;1&quot;,&quot;name&quot;:&quot;肝炎&quot;,&quot;date&quot;:&quot;&quot;},{&quot;state&quot;:&quot;1&quot;,&quot;name&quot;:&quot;结核&quot;,&quot;date&quot;:&quot;&quot;},{&quot;state&quot;:&quot;1&quot;,&quot;name&quot;:&quot;艾滋病&quot;,&quot;date&quot;:&quot;&quot;},{&quot;state&quot;:&quot;1&quot;,&quot;name&quot;:&quot;其他传染病&quot;,&quot;date&quot;:&quot;dsfafasfasfas&quot;}]}' WHERE `user_id` = '721' AND `create_time` = 1479312000 AND `type` = '1' [ RunTime:0.0448s ]
INFO: [ app_end ] --START--
INFO: Run Behavior\ShowPageTraceBehavior [ RunTime:0.000640s ]
INFO: [ app_end ] --END-- [ RunTime:0.000701s ]

[ 2016-11-18T14:08:18+08:00 ] ::1 /mintAdmin/index.php/Admin/User/sltDateRecords
INFO: [ app_init ] --START--
INFO: Run Behavior\BuildLiteBehavior [ RunTime:0.000015s ]
INFO: [ app_init ] --END-- [ RunTime:0.000344s ]
INFO: [ app_begin ] --START--
INFO: Run Behavior\ReadHtmlCacheBehavior [ RunTime:0.000552s ]
INFO: [ app_begin ] --END-- [ RunTime:0.000610s ]
SQL: SHOW COLUMNS FROM `mint_user` [ RunTime:0.0350s ]
SQL: SELECT c.app_uri as uri FROM mint_user a INNER JOIN mint_role_app b on a.role_id=b.role_id INNER JOIN mint_app c on b.app_id=c.id  WHERE a.id = '1'  [ RunTime:0.0324s ]
SQL: SHOW COLUMNS FROM `mint_archives` [ RunTime:0.0327s ]
SQL: SELECT `create_time` FROM `mint_archives` WHERE `user_id` = '721' AND `type` = '1' GROUP BY create_time ORDER BY create_time desc,id desc  [ RunTime:0.0326s ]
INFO: [ app_end ] --START--
INFO: Run Behavior\ShowPageTraceBehavior [ RunTime:0.000664s ]
INFO: [ app_end ] --END-- [ RunTime:0.000746s ]

[ 2016-11-18T14:08:18+08:00 ] ::1 /mintAdmin/index.php/Admin/Index/getUserInfo
INFO: [ app_init ] --START--
INFO: Run Behavior\BuildLiteBehavior [ RunTime:0.000031s ]
INFO: [ app_init ] --END-- [ RunTime:0.000663s ]
INFO: [ app_begin ] --START--
INFO: Run Behavior\ReadHtmlCacheBehavior [ RunTime:0.001067s ]
INFO: [ app_begin ] --END-- [ RunTime:0.001252s ]
SQL: SHOW COLUMNS FROM `mint_user` [ RunTime:0.0358s ]
SQL: SELECT * FROM `mint_user` WHERE `id` = 1 LIMIT 1   [ RunTime:0.0336s ]
SQL: SHOW COLUMNS FROM `mint_app` [ RunTime:0.0335s ]
SQL: SELECT `id`,`app_name`,`app_uri`,`app_url`,`parent_id` FROM `mint_app` ORDER BY sort  [ RunTime:0.0336s ]

[ 2016-11-18T14:08:19+08:00 ] ::1 /mintAdmin/index.php/Admin/User/sltDateRecords
INFO: [ app_init ] --START--
INFO: Run Behavior\BuildLiteBehavior [ RunTime:0.000016s ]
INFO: [ app_init ] --END-- [ RunTime:0.000397s ]
INFO: [ app_begin ] --START--
INFO: Run Behavior\ReadHtmlCacheBehavior [ RunTime:0.000509s ]
INFO: [ app_begin ] --END-- [ RunTime:0.000568s ]
SQL: SHOW COLUMNS FROM `mint_user` [ RunTime:0.0350s ]
SQL: SELECT c.app_uri as uri FROM mint_user a INNER JOIN mint_role_app b on a.role_id=b.role_id INNER JOIN mint_app c on b.app_id=c.id  WHERE a.id = '1'  [ RunTime:0.0335s ]
SQL: SHOW COLUMNS FROM `mint_archives` [ RunTime:0.0341s ]
SQL: SELECT `create_time` FROM `mint_archives` WHERE `user_id` = '721' AND `type` = '1' GROUP BY create_time ORDER BY create_time desc,id desc  [ RunTime:0.0339s ]
INFO: [ app_end ] --START--
INFO: Run Behavior\ShowPageTraceBehavior [ RunTime:0.000688s ]
INFO: [ app_end ] --END-- [ RunTime:0.000757s ]

[ 2016-11-18T14:08:19+08:00 ] ::1 /mintAdmin/index.php/Admin/User/sltArchives
INFO: [ app_init ] --START--
INFO: Run Behavior\BuildLiteBehavior [ RunTime:0.000015s ]
INFO: [ app_init ] --END-- [ RunTime:0.000348s ]
INFO: [ app_begin ] --START--
INFO: Run Behavior\ReadHtmlCacheBehavior [ RunTime:0.000475s ]
INFO: [ app_begin ] --END-- [ RunTime:0.000533s ]
SQL: SHOW COLUMNS FROM `mint_user` [ RunTime:0.0341s ]
SQL: SELECT c.app_uri as uri FROM mint_user a INNER JOIN mint_role_app b on a.role_id=b.role_id INNER JOIN mint_app c on b.app_id=c.id  WHERE a.id = '1'  [ RunTime:0.0324s ]
SQL: SHOW COLUMNS FROM `mint_archives` [ RunTime:0.0327s ]
SQL: SELECT * FROM `mint_archives` WHERE `user_id` = '721' AND `create_time` = 1479312000 AND `type` = '1' LIMIT 1   [ RunTime:0.0331s ]
INFO: [ app_end ] --START--
INFO: Run Behavior\ShowPageTraceBehavior [ RunTime:0.000618s ]
INFO: [ app_end ] --END-- [ RunTime:0.000676s ]

[ 2016-11-18T14:08:22+08:00 ] ::1 /mintAdmin/index.php/Admin/Index/getUserInfo
INFO: [ app_init ] --START--
INFO: Run Behavior\BuildLiteBehavior [ RunTime:0.000032s ]
INFO: [ app_init ] --END-- [ RunTime:0.000720s ]
INFO: [ app_begin ] --START--
INFO: Run Behavior\ReadHtmlCacheBehavior [ RunTime:0.000882s ]
INFO: [ app_begin ] --END-- [ RunTime:0.001017s ]
SQL: SHOW COLUMNS FROM `mint_user` [ RunTime:0.0351s ]
SQL: SELECT * FROM `mint_user` WHERE `id` = 1 LIMIT 1   [ RunTime:0.0342s ]
SQL: SHOW COLUMNS FROM `mint_app` [ RunTime:0.0338s ]
SQL: SELECT `id`,`app_name`,`app_uri`,`app_url`,`parent_id` FROM `mint_app` ORDER BY sort  [ RunTime:0.0338s ]

[ 2016-11-18T14:08:22+08:00 ] ::1 /mintAdmin/index.php/Admin/User/sltDateRecords
INFO: [ app_init ] --START--
INFO: Run Behavior\BuildLiteBehavior [ RunTime:0.000029s ]
INFO: [ app_init ] --END-- [ RunTime:0.000692s ]
INFO: [ app_begin ] --START--
INFO: Run Behavior\ReadHtmlCacheBehavior [ RunTime:0.001019s ]
INFO: [ app_begin ] --END-- [ RunTime:0.001138s ]
SQL: SHOW COLUMNS FROM `mint_user` [ RunTime:0.0357s ]
SQL: SELECT c.app_uri as uri FROM mint_user a INNER JOIN mint_role_app b on a.role_id=b.role_id INNER JOIN mint_app c on b.app_id=c.id  WHERE a.id = '1'  [ RunTime:0.0345s ]
SQL: SHOW COLUMNS FROM `mint_archives` [ RunTime:0.0343s ]
SQL: SELECT `create_time` FROM `mint_archives` WHERE `user_id` = '721' AND `type` = '1' GROUP BY create_time ORDER BY create_time desc,id desc  [ RunTime:0.0339s ]
INFO: [ app_end ] --START--
INFO: Run Behavior\ShowPageTraceBehavior [ RunTime:0.000644s ]
INFO: [ app_end ] --END-- [ RunTime:0.000715s ]

[ 2016-11-18T14:08:22+08:00 ] ::1 /mintAdmin/index.php/Admin/User/sltArchives
INFO: [ app_init ] --START--
INFO: Run Behavior\BuildLiteBehavior [ RunTime:0.000019s ]
INFO: [ app_init ] --END-- [ RunTime:0.000574s ]
INFO: [ app_begin ] --START--
INFO: Run Behavior\ReadHtmlCacheBehavior [ RunTime:0.000508s ]
INFO: [ app_begin ] --END-- [ RunTime:0.000573s ]
SQL: SHOW COLUMNS FROM `mint_user` [ RunTime:0.0350s ]
SQL: SELECT c.app_uri as uri FROM mint_user a INNER JOIN mint_role_app b on a.role_id=b.role_id INNER JOIN mint_app c on b.app_id=c.id  WHERE a.id = '1'  [ RunTime:0.0334s ]
SQL: SHOW COLUMNS FROM `mint_archives` [ RunTime:0.0337s ]
SQL: SELECT * FROM `mint_archives` WHERE `user_id` = '721' AND `create_time` = 1479312000 AND `type` = '1' LIMIT 1   [ RunTime:0.0339s ]
INFO: [ app_end ] --START--
INFO: Run Behavior\ShowPageTraceBehavior [ RunTime:0.000561s ]
INFO: [ app_end ] --END-- [ RunTime:0.000618s ]

[ 2016-11-18T15:03:10+08:00 ] ::1 /mintAdmin/index.php/Admin/Index/getUserInfo
INFO: [ app_init ] --START--
INFO: Run Behavior\BuildLiteBehavior [ RunTime:0.000018s ]
INFO: [ app_init ] --END-- [ RunTime:0.000418s ]
INFO: [ app_begin ] --START--
INFO: Run Behavior\ReadHtmlCacheBehavior [ RunTime:0.000563s ]
INFO: [ app_begin ] --END-- [ RunTime:0.000639s ]
SQL: SHOW COLUMNS FROM `mint_user` [ RunTime:0.0350s ]
SQL: SELECT * FROM `mint_user` WHERE `id` = 1 LIMIT 1   [ RunTime:0.0349s ]
SQL: SHOW COLUMNS FROM `mint_app` [ RunTime:0.0373s ]
SQL: SELECT `id`,`app_name`,`app_uri`,`app_url`,`parent_id` FROM `mint_app` ORDER BY sort  [ RunTime:0.0334s ]

[ 2016-11-18T15:03:10+08:00 ] ::1 /mintAdmin/index.php/Admin/User/sltDateRecords
INFO: [ app_init ] --START--
INFO: Run Behavior\BuildLiteBehavior [ RunTime:0.000031s ]
INFO: [ app_init ] --END-- [ RunTime:0.000798s ]
INFO: [ app_begin ] --START--
INFO: Run Behavior\ReadHtmlCacheBehavior [ RunTime:0.000918s ]
INFO: [ app_begin ] --END-- [ RunTime:0.001046s ]
SQL: SHOW COLUMNS FROM `mint_user` [ RunTime:0.0352s ]
SQL: SELECT c.app_uri as uri FROM mint_user a INNER JOIN mint_role_app b on a.role_id=b.role_id INNER JOIN mint_app c on b.app_id=c.id  WHERE a.id = '1'  [ RunTime:0.0496s ]
SQL: SHOW COLUMNS FROM `mint_archives` [ RunTime:0.0348s ]
SQL: SELECT `create_time` FROM `mint_archives` WHERE `user_id` = '721' AND `type` = '1' GROUP BY create_time ORDER BY create_time desc,id desc  [ RunTime:0.0336s ]
INFO: [ app_end ] --START--
INFO: Run Behavior\ShowPageTraceBehavior [ RunTime:0.000595s ]
INFO: [ app_end ] --END-- [ RunTime:0.000652s ]

[ 2016-11-18T15:03:11+08:00 ] ::1 /mintAdmin/index.php/Admin/User/sltArchives
INFO: [ app_init ] --START--
INFO: Run Behavior\BuildLiteBehavior [ RunTime:0.000015s ]
INFO: [ app_init ] --END-- [ RunTime:0.000344s ]
INFO: [ app_begin ] --START--
INFO: Run Behavior\ReadHtmlCacheBehavior [ RunTime:0.000459s ]
INFO: [ app_begin ] --END-- [ RunTime:0.000514s ]
SQL: SHOW COLUMNS FROM `mint_user` [ RunTime:0.0357s ]
SQL: SELECT c.app_uri as uri FROM mint_user a INNER JOIN mint_role_app b on a.role_id=b.role_id INNER JOIN mint_app c on b.app_id=c.id  WHERE a.id = '1'  [ RunTime:0.0373s ]
SQL: SHOW COLUMNS FROM `mint_archives` [ RunTime:0.0344s ]
SQL: SELECT * FROM `mint_archives` WHERE `user_id` = '721' AND `create_time` = 1479312000 AND `type` = '1' LIMIT 1   [ RunTime:0.0360s ]
INFO: [ app_end ] --START--
INFO: Run Behavior\ShowPageTraceBehavior [ RunTime:0.000564s ]
INFO: [ app_end ] --END-- [ RunTime:0.000667s ]

[ 2016-11-18T15:03:11+08:00 ] ::1 /mintAdmin/index.php/Admin/Index/getUserInfo
INFO: [ app_init ] --START--
INFO: Run Behavior\BuildLiteBehavior [ RunTime:0.000028s ]
INFO: [ app_init ] --END-- [ RunTime:0.000725s ]
INFO: [ app_begin ] --START--
INFO: Run Behavior\ReadHtmlCacheBehavior [ RunTime:0.000870s ]
INFO: [ app_begin ] --END-- [ RunTime:0.001000s ]
SQL: SHOW COLUMNS FROM `mint_user` [ RunTime:0.0350s ]
SQL: SELECT * FROM `mint_user` WHERE `id` = 1 LIMIT 1   [ RunTime:0.0334s ]
SQL: SHOW COLUMNS FROM `mint_app` [ RunTime:0.0339s ]
SQL: SELECT `id`,`app_name`,`app_uri`,`app_url`,`parent_id` FROM `mint_app` ORDER BY sort  [ RunTime:0.0348s ]

[ 2016-11-18T15:03:11+08:00 ] ::1 /mintAdmin/index.php/Admin/User/index
INFO: [ app_init ] --START--
INFO: Run Behavior\BuildLiteBehavior [ RunTime:0.000022s ]
INFO: [ app_init ] --END-- [ RunTime:0.001784s ]
INFO: [ app_begin ] --START--
INFO: Run Behavior\ReadHtmlCacheBehavior [ RunTime:0.000936s ]
INFO: [ app_begin ] --END-- [ RunTime:0.001021s ]
SQL: SHOW COLUMNS FROM `mint_user` [ RunTime:0.0366s ]
SQL: SELECT c.app_uri as uri FROM mint_user a INNER JOIN mint_role_app b on a.role_id=b.role_id INNER JOIN mint_app c on b.app_id=c.id  WHERE a.id = '1'  [ RunTime:0.0342s ]
SQL: SHOW COLUMNS FROM `mint_user` [ RunTime:0.0373s ]
SQL: SELECT COUNT(*) AS tp_count FROM `mint_user` WHERE `identity_id` = '1' LIMIT 1   [ RunTime:0.0340s ]
SQL: SELECT `id`,`account`,`photo`,`name`,`nickname`,`real_name`,`card_type`,`card_id`,`birthyear`,`birthmonth`,`birthday`,`age`,`sex`,`phone`,`email`,`country`,`province`,`city`,`county`,`race`,`job`,`company_name`,`married`,`have_child`,`post_address`,`society_number`,`position`,`hospital`,`context`,`field`,`label_id`,`label`,`job_age`,`clinic_id`,`work_time`,`invite_code`,`company_code`,`role_id`,`identity_id`,`is_use`,`is_show`,`remark`,`create_time` FROM `mint_user` WHERE `identity_id` = '1' ORDER BY id desc LIMIT 0,10   [ RunTime:0.0347s ]
SQL: SELECT COUNT(*) AS tp_count FROM `mint_user` LIMIT 1   [ RunTime:0.0338s ]
INFO: [ app_end ] --START--
INFO: Run Behavior\ShowPageTraceBehavior [ RunTime:0.000598s ]
INFO: [ app_end ] --END-- [ RunTime:0.000699s ]

[ 2016-11-18T15:08:11+08:00 ] ::1 /mintAdmin/index.php/Admin/Index/getUserInfo
INFO: [ app_init ] --START--
INFO: Run Behavior\BuildLiteBehavior [ RunTime:0.000035s ]
INFO: [ app_init ] --END-- [ RunTime:0.000807s ]
INFO: [ app_begin ] --START--
INFO: Run Behavior\ReadHtmlCacheBehavior [ RunTime:0.000953s ]
INFO: [ app_begin ] --END-- [ RunTime:0.001079s ]
SQL: SHOW COLUMNS FROM `mint_user` [ RunTime:0.0360s ]
SQL: SELECT * FROM `mint_user` WHERE `id` = 1 LIMIT 1   [ RunTime:0.0370s ]
SQL: SHOW COLUMNS FROM `mint_app` [ RunTime:0.0349s ]
SQL: SELECT `id`,`app_name`,`app_uri`,`app_url`,`parent_id` FROM `mint_app` ORDER BY sort  [ RunTime:0.0357s ]

[ 2016-11-18T15:08:11+08:00 ] ::1 /mintAdmin/index.php/Admin/User/index
INFO: [ app_init ] --START--
INFO: Run Behavior\BuildLiteBehavior [ RunTime:0.000025s ]
INFO: [ app_init ] --END-- [ RunTime:0.000629s ]
INFO: [ app_begin ] --START--
INFO: Run Behavior\ReadHtmlCacheBehavior [ RunTime:0.000907s ]
INFO: [ app_begin ] --END-- [ RunTime:0.001029s ]
SQL: SHOW COLUMNS FROM `mint_user` [ RunTime:0.0337s ]
SQL: SELECT c.app_uri as uri FROM mint_user a INNER JOIN mint_role_app b on a.role_id=b.role_id INNER JOIN mint_app c on b.app_id=c.id  WHERE a.id = '1'  [ RunTime:0.0325s ]
SQL: SHOW COLUMNS FROM `mint_user` [ RunTime:0.0332s ]
SQL: SELECT COUNT(*) AS tp_count FROM `mint_user` WHERE `identity_id` = '1' LIMIT 1   [ RunTime:0.0326s ]
SQL: SELECT `id`,`account`,`photo`,`name`,`nickname`,`real_name`,`card_type`,`card_id`,`birthyear`,`birthmonth`,`birthday`,`age`,`sex`,`phone`,`email`,`country`,`province`,`city`,`county`,`race`,`job`,`company_name`,`married`,`have_child`,`post_address`,`society_number`,`position`,`hospital`,`context`,`field`,`label_id`,`label`,`job_age`,`clinic_id`,`work_time`,`invite_code`,`company_code`,`role_id`,`identity_id`,`is_use`,`is_show`,`remark`,`create_time` FROM `mint_user` WHERE `identity_id` = '1' ORDER BY id desc LIMIT 0,10   [ RunTime:0.0334s ]
SQL: SELECT COUNT(*) AS tp_count FROM `mint_user` LIMIT 1   [ RunTime:0.0325s ]
INFO: [ app_end ] --START--
INFO: Run Behavior\ShowPageTraceBehavior [ RunTime:0.000818s ]
INFO: [ app_end ] --END-- [ RunTime:0.000945s ]

[ 2016-11-18T15:10:01+08:00 ] ::1 /mintAdmin/index.php/Admin/Index/getUserInfo
INFO: [ app_init ] --START--
INFO: Run Behavior\BuildLiteBehavior [ RunTime:0.000025s ]
INFO: [ app_init ] --END-- [ RunTime:0.000589s ]
INFO: [ app_begin ] --START--
INFO: Run Behavior\ReadHtmlCacheBehavior [ RunTime:0.000925s ]
INFO: [ app_begin ] --END-- [ RunTime:0.001058s ]
SQL: SHOW COLUMNS FROM `mint_user` [ RunTime:0.0363s ]
SQL: SELECT * FROM `mint_user` WHERE `id` = 1 LIMIT 1   [ RunTime:0.0327s ]
SQL: SHOW COLUMNS FROM `mint_app` [ RunTime:0.0324s ]
SQL: SELECT `id`,`app_name`,`app_uri`,`app_url`,`parent_id` FROM `mint_app` ORDER BY sort  [ RunTime:0.0326s ]

[ 2016-11-18T15:10:02+08:00 ] ::1 /mintAdmin/index.php/Admin/User/index
INFO: [ app_init ] --START--
INFO: Run Behavior\BuildLiteBehavior [ RunTime:0.000031s ]
INFO: [ app_init ] --END-- [ RunTime:0.000965s ]
INFO: [ app_begin ] --START--
INFO: Run Behavior\ReadHtmlCacheBehavior [ RunTime:0.000835s ]
INFO: [ app_begin ] --END-- [ RunTime:0.000961s ]
SQL: SHOW COLUMNS FROM `mint_user` [ RunTime:0.0353s ]
SQL: SELECT c.app_uri as uri FROM mint_user a INNER JOIN mint_role_app b on a.role_id=b.role_id INNER JOIN mint_app c on b.app_id=c.id  WHERE a.id = '1'  [ RunTime:0.0330s ]
SQL: SHOW COLUMNS FROM `mint_user` [ RunTime:0.0348s ]
SQL: SELECT COUNT(*) AS tp_count FROM `mint_user` WHERE `identity_id` = '1' LIMIT 1   [ RunTime:0.0334s ]
SQL: SELECT `id`,`account`,`photo`,`name`,`nickname`,`real_name`,`card_type`,`card_id`,`birthyear`,`birthmonth`,`birthday`,`age`,`sex`,`phone`,`email`,`country`,`province`,`city`,`county`,`race`,`job`,`company_name`,`married`,`have_child`,`post_address`,`society_number`,`position`,`hospital`,`context`,`field`,`label_id`,`label`,`job_age`,`clinic_id`,`work_time`,`invite_code`,`company_code`,`role_id`,`identity_id`,`is_use`,`is_show`,`remark`,`create_time` FROM `mint_user` WHERE `identity_id` = '1' ORDER BY id desc LIMIT 0,10   [ RunTime:0.0341s ]
SQL: SELECT COUNT(*) AS tp_count FROM `mint_user` LIMIT 1   [ RunTime:0.0333s ]
INFO: [ app_end ] --START--
INFO: Run Behavior\ShowPageTraceBehavior [ RunTime:0.000602s ]
INFO: [ app_end ] --END-- [ RunTime:0.000671s ]

[ 2016-11-18T15:12:09+08:00 ] ::1 /mintAdmin/index.php/Admin/Index/getUserInfo
INFO: [ app_init ] --START--
INFO: Run Behavior\BuildLiteBehavior [ RunTime:0.000026s ]
INFO: [ app_init ] --END-- [ RunTime:0.000628s ]
INFO: [ app_begin ] --START--
INFO: Run Behavior\ReadHtmlCacheBehavior [ RunTime:0.000565s ]
INFO: [ app_begin ] --END-- [ RunTime:0.000657s ]
SQL: SHOW COLUMNS FROM `mint_user` [ RunTime:0.0352s ]
SQL: SELECT * FROM `mint_user` WHERE `id` = 1 LIMIT 1   [ RunTime:0.0335s ]
SQL: SHOW COLUMNS FROM `mint_app` [ RunTime:0.0327s ]
SQL: SELECT `id`,`app_name`,`app_uri`,`app_url`,`parent_id` FROM `mint_app` ORDER BY sort  [ RunTime:0.0330s ]

[ 2016-11-18T15:12:09+08:00 ] ::1 /mintAdmin/index.php/Admin/User/getOne
INFO: [ app_init ] --START--
INFO: Run Behavior\BuildLiteBehavior [ RunTime:0.000026s ]
INFO: [ app_init ] --END-- [ RunTime:0.000665s ]
INFO: [ app_begin ] --START--
INFO: Run Behavior\ReadHtmlCacheBehavior [ RunTime:0.000995s ]
INFO: [ app_begin ] --END-- [ RunTime:0.001115s ]
SQL: SHOW COLUMNS FROM `mint_user` [ RunTime:0.0362s ]
SQL: SELECT c.app_uri as uri FROM mint_user a INNER JOIN mint_role_app b on a.role_id=b.role_id INNER JOIN mint_app c on b.app_id=c.id  WHERE a.id = '1'  [ RunTime:0.0337s ]
SQL: SHOW COLUMNS FROM `mint_user` [ RunTime:0.0354s ]
SQL: SELECT `id`,`account`,`photo`,`name`,`nickname`,`real_name`,`card_type`,`card_id`,`birthyear`,`birthmonth`,`birthday`,`age`,`sex`,`phone`,`email`,`country`,`province`,`city`,`county`,`race`,`job`,`company_name`,`married`,`have_child`,`post_address`,`society_number`,`position`,`hospital`,`context`,`field`,`label_id`,`label`,`job_age`,`clinic_id`,`work_time`,`invite_code`,`company_code`,`role_id`,`identity_id`,`is_use`,`is_show`,`remark`,`create_time` FROM `mint_user` WHERE ( id=722 ) LIMIT 1   [ RunTime:0.0348s ]
INFO: [ app_end ] --START--
INFO: Run Behavior\ShowPageTraceBehavior [ RunTime:0.000686s ]
INFO: [ app_end ] --END-- [ RunTime:0.000761s ]

[ 2016-11-18T15:12:21+08:00 ] ::1 /mintAdmin/index.php/Admin/User/sltDateRecords
INFO: [ app_init ] --START--
INFO: Run Behavior\BuildLiteBehavior [ RunTime:0.000018s ]
INFO: [ app_init ] --END-- [ RunTime:0.000407s ]
INFO: [ app_begin ] --START--
INFO: Run Behavior\ReadHtmlCacheBehavior [ RunTime:0.000836s ]
INFO: [ app_begin ] --END-- [ RunTime:0.001008s ]
SQL: SHOW COLUMNS FROM `mint_user` [ RunTime:0.0365s ]
SQL: SELECT c.app_uri as uri FROM mint_user a INNER JOIN mint_role_app b on a.role_id=b.role_id INNER JOIN mint_app c on b.app_id=c.id  WHERE a.id = '1'  [ RunTime:0.0342s ]
SQL: SHOW COLUMNS FROM `mint_archives` [ RunTime:0.0353s ]
SQL: SELECT `create_time` FROM `mint_archives` WHERE `user_id` = '722' AND `type` = '2' GROUP BY create_time ORDER BY create_time desc,id desc  [ RunTime:0.0340s ]
INFO: [ app_end ] --START--
INFO: Run Behavior\ShowPageTraceBehavior [ RunTime:0.000596s ]
INFO: [ app_end ] --END-- [ RunTime:0.000653s ]

[ 2016-11-18T15:12:21+08:00 ] ::1 /mintAdmin/index.php/Admin/Index/getUserInfo
INFO: [ app_init ] --START--
INFO: Run Behavior\BuildLiteBehavior [ RunTime:0.000038s ]
INFO: [ app_init ] --END-- [ RunTime:0.002529s ]
INFO: [ app_begin ] --START--
INFO: Run Behavior\ReadHtmlCacheBehavior [ RunTime:0.000990s ]
INFO: [ app_begin ] --END-- [ RunTime:0.001123s ]
SQL: SHOW COLUMNS FROM `mint_user` [ RunTime:0.0356s ]
SQL: SELECT * FROM `mint_user` WHERE `id` = 1 LIMIT 1   [ RunTime:0.0349s ]
SQL: SHOW COLUMNS FROM `mint_app` [ RunTime:0.0346s ]
SQL: SELECT `id`,`app_name`,`app_uri`,`app_url`,`parent_id` FROM `mint_app` ORDER BY sort  [ RunTime:0.0342s ]

[ 2016-11-18T15:12:23+08:00 ] ::1 /mintAdmin/index.php/Admin/Index/getUserInfo
INFO: [ app_init ] --START--
INFO: Run Behavior\BuildLiteBehavior [ RunTime:0.000020s ]
INFO: [ app_init ] --END-- [ RunTime:0.000573s ]
INFO: [ app_begin ] --START--
INFO: Run Behavior\ReadHtmlCacheBehavior [ RunTime:0.000696s ]
INFO: [ app_begin ] --END-- [ RunTime:0.000774s ]
SQL: SHOW COLUMNS FROM `mint_user` [ RunTime:0.0336s ]
SQL: SELECT * FROM `mint_user` WHERE `id` = 1 LIMIT 1   [ RunTime:0.0338s ]
SQL: SHOW COLUMNS FROM `mint_app` [ RunTime:0.0329s ]
SQL: SELECT `id`,`app_name`,`app_uri`,`app_url`,`parent_id` FROM `mint_app` ORDER BY sort  [ RunTime:0.0320s ]

[ 2016-11-18T15:12:23+08:00 ] ::1 /mintAdmin/index.php/Admin/User/sltDateRecords
INFO: [ app_init ] --START--
INFO: Run Behavior\BuildLiteBehavior [ RunTime:0.000030s ]
INFO: [ app_init ] --END-- [ RunTime:0.000736s ]
INFO: [ app_begin ] --START--
INFO: Run Behavior\ReadHtmlCacheBehavior [ RunTime:0.000878s ]
INFO: [ app_begin ] --END-- [ RunTime:0.000998s ]
SQL: SHOW COLUMNS FROM `mint_user` [ RunTime:0.0339s ]
SQL: SELECT c.app_uri as uri FROM mint_user a INNER JOIN mint_role_app b on a.role_id=b.role_id INNER JOIN mint_app c on b.app_id=c.id  WHERE a.id = '1'  [ RunTime:0.0328s ]
SQL: SHOW COLUMNS FROM `mint_archives` [ RunTime:0.0329s ]
SQL: SELECT `create_time` FROM `mint_archives` WHERE `user_id` = '722' AND `type` = '3' GROUP BY create_time ORDER BY create_time desc,id desc  [ RunTime:0.0327s ]
INFO: [ app_end ] --START--
INFO: Run Behavior\ShowPageTraceBehavior [ RunTime:0.000604s ]
INFO: [ app_end ] --END-- [ RunTime:0.000661s ]

[ 2016-11-18T15:12:24+08:00 ] ::1 /mintAdmin/index.php/Admin/Index/getUserInfo
INFO: [ app_init ] --START--
INFO: Run Behavior\BuildLiteBehavior [ RunTime:0.000029s ]
INFO: [ app_init ] --END-- [ RunTime:0.000683s ]
INFO: [ app_begin ] --START--
INFO: Run Behavior\ReadHtmlCacheBehavior [ RunTime:0.000869s ]
INFO: [ app_begin ] --END-- [ RunTime:0.000997s ]
SQL: SHOW COLUMNS FROM `mint_user` [ RunTime:0.0346s ]
SQL: SELECT * FROM `mint_user` WHERE `id` = 1 LIMIT 1   [ RunTime:0.0345s ]
SQL: SHOW COLUMNS FROM `mint_app` [ RunTime:0.0340s ]
SQL: SELECT `id`,`app_name`,`app_uri`,`app_url`,`parent_id` FROM `mint_app` ORDER BY sort  [ RunTime:0.0334s ]

[ 2016-11-18T15:12:25+08:00 ] ::1 /mintAdmin/index.php/Admin/User/sltDateRecords
INFO: [ app_init ] --START--
INFO: Run Behavior\BuildLiteBehavior [ RunTime:0.000030s ]
INFO: [ app_init ] --END-- [ RunTime:0.000678s ]
INFO: [ app_begin ] --START--
INFO: Run Behavior\ReadHtmlCacheBehavior [ RunTime:0.000660s ]
INFO: [ app_begin ] --END-- [ RunTime:0.000764s ]
SQL: SHOW COLUMNS FROM `mint_user` [ RunTime:0.0349s ]
SQL: SELECT c.app_uri as uri FROM mint_user a INNER JOIN mint_role_app b on a.role_id=b.role_id INNER JOIN mint_app c on b.app_id=c.id  WHERE a.id = '1'  [ RunTime:0.0341s ]
SQL: SHOW COLUMNS FROM `mint_archives` [ RunTime:0.0335s ]
SQL: SELECT `create_time` FROM `mint_archives` WHERE `user_id` = '722' AND `type` = '3' GROUP BY create_time ORDER BY create_time desc,id desc  [ RunTime:0.0335s ]
INFO: [ app_end ] --START--
INFO: Run Behavior\ShowPageTraceBehavior [ RunTime:0.000633s ]
INFO: [ app_end ] --END-- [ RunTime:0.000689s ]

[ 2016-11-18T15:12:28+08:00 ] ::1 /mintAdmin/index.php/Admin/User/sltDateRecords
INFO: [ app_init ] --START--
INFO: Run Behavior\BuildLiteBehavior [ RunTime:0.000024s ]
INFO: [ app_init ] --END-- [ RunTime:0.000549s ]
INFO: [ app_begin ] --START--
INFO: Run Behavior\ReadHtmlCacheBehavior [ RunTime:0.000794s ]
INFO: [ app_begin ] --END-- [ RunTime:0.000908s ]
SQL: SHOW COLUMNS FROM `mint_user` [ RunTime:0.0338s ]
SQL: SELECT c.app_uri as uri FROM mint_user a INNER JOIN mint_role_app b on a.role_id=b.role_id INNER JOIN mint_app c on b.app_id=c.id  WHERE a.id = '1'  [ RunTime:0.0323s ]
SQL: SHOW COLUMNS FROM `mint_archives` [ RunTime:0.0323s ]
SQL: SELECT `create_time` FROM `mint_archives` WHERE `user_id` = '722' AND `type` = '2' GROUP BY create_time ORDER BY create_time desc,id desc  [ RunTime:0.0323s ]
INFO: [ app_end ] --START--
INFO: Run Behavior\ShowPageTraceBehavior [ RunTime:0.000635s ]
INFO: [ app_end ] --END-- [ RunTime:0.000700s ]

[ 2016-11-18T15:12:29+08:00 ] ::1 /mintAdmin/index.php/Admin/Index/getUserInfo
INFO: [ app_init ] --START--
INFO: Run Behavior\BuildLiteBehavior [ RunTime:0.000029s ]
INFO: [ app_init ] --END-- [ RunTime:0.000651s ]
INFO: [ app_begin ] --START--
INFO: Run Behavior\ReadHtmlCacheBehavior [ RunTime:0.002524s ]
INFO: [ app_begin ] --END-- [ RunTime:0.002651s ]
SQL: SHOW COLUMNS FROM `mint_user` [ RunTime:0.0347s ]
SQL: SELECT * FROM `mint_user` WHERE `id` = 1 LIMIT 1   [ RunTime:0.0340s ]
SQL: SHOW COLUMNS FROM `mint_app` [ RunTime:0.0336s ]
SQL: SELECT `id`,`app_name`,`app_uri`,`app_url`,`parent_id` FROM `mint_app` ORDER BY sort  [ RunTime:0.0335s ]

[ 2016-11-18T15:12:30+08:00 ] ::1 /mintAdmin/index.php/Admin/User/sltDateRecords
INFO: [ app_init ] --START--
INFO: Run Behavior\BuildLiteBehavior [ RunTime:0.000030s ]
INFO: [ app_init ] --END-- [ RunTime:0.000687s ]
INFO: [ app_begin ] --START--
INFO: Run Behavior\ReadHtmlCacheBehavior [ RunTime:0.000832s ]
INFO: [ app_begin ] --END-- [ RunTime:0.000996s ]
SQL: SHOW COLUMNS FROM `mint_user` [ RunTime:0.0370s ]
SQL: SELECT c.app_uri as uri FROM mint_user a INNER JOIN mint_role_app b on a.role_id=b.role_id INNER JOIN mint_app c on b.app_id=c.id  WHERE a.id = '1'  [ RunTime:0.0377s ]
SQL: SHOW COLUMNS FROM `mint_archives` [ RunTime:0.0341s ]
SQL: SELECT `create_time` FROM `mint_archives` WHERE `user_id` = '722' AND `type` = '2' GROUP BY create_time ORDER BY create_time desc,id desc  [ RunTime:0.0375s ]
INFO: [ app_end ] --START--
INFO: Run Behavior\ShowPageTraceBehavior [ RunTime:0.000721s ]
INFO: [ app_end ] --END-- [ RunTime:0.000791s ]

[ 2016-11-18T15:12:30+08:00 ] ::1 /mintAdmin/index.php/Admin/Index/getUserInfo
INFO: [ app_init ] --START--
INFO: Run Behavior\BuildLiteBehavior [ RunTime:0.000028s ]
INFO: [ app_init ] --END-- [ RunTime:0.000649s ]
INFO: [ app_begin ] --START--
INFO: Run Behavior\ReadHtmlCacheBehavior [ RunTime:0.000860s ]
INFO: [ app_begin ] --END-- [ RunTime:0.000980s ]
SQL: SHOW COLUMNS FROM `mint_user` [ RunTime:0.0345s ]
SQL: SELECT * FROM `mint_user` WHERE `id` = 1 LIMIT 1   [ RunTime:0.0338s ]
SQL: SHOW COLUMNS FROM `mint_app` [ RunTime:0.0340s ]
SQL: SELECT `id`,`app_name`,`app_uri`,`app_url`,`parent_id` FROM `mint_app` ORDER BY sort  [ RunTime:0.0344s ]

[ 2016-11-18T15:27:59+08:00 ] ::1 /mintAdmin/index.php/Admin/Index/getUserInfo
INFO: [ app_init ] --START--
INFO: Run Behavior\BuildLiteBehavior [ RunTime:0.000029s ]
INFO: [ app_init ] --END-- [ RunTime:0.000508s ]
INFO: [ app_begin ] --START--
INFO: Run Behavior\ReadHtmlCacheBehavior [ RunTime:0.000728s ]
INFO: [ app_begin ] --END-- [ RunTime:0.000835s ]
SQL: SHOW COLUMNS FROM `mint_user` [ RunTime:0.0339s ]
SQL: SELECT * FROM `mint_user` WHERE `id` = 1 LIMIT 1   [ RunTime:0.0328s ]
SQL: SHOW COLUMNS FROM `mint_app` [ RunTime:0.0331s ]
SQL: SELECT `id`,`app_name`,`app_uri`,`app_url`,`parent_id` FROM `mint_app` ORDER BY sort  [ RunTime:0.0328s ]

[ 2016-11-18T15:28:00+08:00 ] ::1 /mintAdmin/index.php/Admin/User/sltDateRecords
INFO: [ app_init ] --START--
INFO: Run Behavior\BuildLiteBehavior [ RunTime:0.000017s ]
INFO: [ app_init ] --END-- [ RunTime:0.000432s ]
INFO: [ app_begin ] --START--
INFO: Run Behavior\ReadHtmlCacheBehavior [ RunTime:0.000544s ]
INFO: [ app_begin ] --END-- [ RunTime:0.000614s ]
SQL: SHOW COLUMNS FROM `mint_user` [ RunTime:0.0336s ]
SQL: SELECT c.app_uri as uri FROM mint_user a INNER JOIN mint_role_app b on a.role_id=b.role_id INNER JOIN mint_app c on b.app_id=c.id  WHERE a.id = '1'  [ RunTime:0.0324s ]
SQL: SHOW COLUMNS FROM `mint_archives` [ RunTime:0.0342s ]
SQL: SELECT `create_time` FROM `mint_archives` WHERE `user_id` = '722' AND `type` = '1' GROUP BY create_time ORDER BY create_time desc,id desc  [ RunTime:0.0319s ]
INFO: [ app_end ] --START--
INFO: Run Behavior\ShowPageTraceBehavior [ RunTime:0.000865s ]
INFO: [ app_end ] --END-- [ RunTime:0.000971s ]

[ 2016-11-18T15:28:01+08:00 ] ::1 /mintAdmin/index.php/Admin/Index/getUserInfo
INFO: [ app_init ] --START--
INFO: Run Behavior\BuildLiteBehavior [ RunTime:0.000029s ]
INFO: [ app_init ] --END-- [ RunTime:0.000700s ]
INFO: [ app_begin ] --START--
INFO: Run Behavior\ReadHtmlCacheBehavior [ RunTime:0.000892s ]
INFO: [ app_begin ] --END-- [ RunTime:0.001016s ]
SQL: SHOW COLUMNS FROM `mint_user` [ RunTime:0.0340s ]
SQL: SELECT * FROM `mint_user` WHERE `id` = 1 LIMIT 1   [ RunTime:0.0333s ]
SQL: SHOW COLUMNS FROM `mint_app` [ RunTime:0.0329s ]
SQL: SELECT `id`,`app_name`,`app_uri`,`app_url`,`parent_id` FROM `mint_app` ORDER BY sort  [ RunTime:0.0328s ]

[ 2016-11-18T15:28:02+08:00 ] ::1 /mintAdmin/index.php/Admin/User/sltDateRecords
INFO: [ app_init ] --START--
INFO: Run Behavior\BuildLiteBehavior [ RunTime:0.000028s ]
INFO: [ app_init ] --END-- [ RunTime:0.000613s ]
INFO: [ app_begin ] --START--
INFO: Run Behavior\ReadHtmlCacheBehavior [ RunTime:0.000889s ]
INFO: [ app_begin ] --END-- [ RunTime:0.001007s ]
SQL: SHOW COLUMNS FROM `mint_user` [ RunTime:0.0335s ]
SQL: SELECT c.app_uri as uri FROM mint_user a INNER JOIN mint_role_app b on a.role_id=b.role_id INNER JOIN mint_app c on b.app_id=c.id  WHERE a.id = '1'  [ RunTime:0.0325s ]
SQL: SHOW COLUMNS FROM `mint_archives` [ RunTime:0.0348s ]
SQL: SELECT `create_time` FROM `mint_archives` WHERE `user_id` = '722' AND `type` = '1' GROUP BY create_time ORDER BY create_time desc,id desc  [ RunTime:0.0363s ]
INFO: [ app_end ] --START--
INFO: Run Behavior\ShowPageTraceBehavior [ RunTime:0.000597s ]
INFO: [ app_end ] --END-- [ RunTime:0.000653s ]

[ 2016-11-18T15:28:19+08:00 ] ::1 /mintAdmin/index.php/Admin/User/editArchives
INFO: [ app_init ] --START--
INFO: Run Behavior\BuildLiteBehavior [ RunTime:0.000021s ]
INFO: [ app_init ] --END-- [ RunTime:0.000470s ]
INFO: [ app_begin ] --START--
INFO: Run Behavior\ReadHtmlCacheBehavior [ RunTime:0.000521s ]
INFO: [ app_begin ] --END-- [ RunTime:0.000584s ]
SQL: SHOW COLUMNS FROM `mint_user` [ RunTime:0.0350s ]
SQL: SELECT c.app_uri as uri FROM mint_user a INNER JOIN mint_role_app b on a.role_id=b.role_id INNER JOIN mint_app c on b.app_id=c.id  WHERE a.id = '1'  [ RunTime:0.0336s ]
SQL: SHOW COLUMNS FROM `mint_archives` [ RunTime:0.0336s ]
SQL: SELECT * FROM `mint_archives` WHERE `user_id` = '722' AND `create_time` = 1479398400 AND `type` = '1' LIMIT 1   [ RunTime:0.0339s ]
SQL: INSERT INTO `mint_archives` (`user_id`,`content`,`type`,`create_time`) VALUES ('722','{&quot;body_condition&quot;:[{&quot;state&quot;:&quot;0&quot;,&quot;name&quot;:&quot;心脏病史&quot;,&quot;date&quot;:&quot;&quot;},{&quot;state&quot;:&quot;0&quot;,&quot;name&quot;:&quot;高血压病史&quot;,&quot;date&quot;:&quot;&quot;},{&quot;state&quot;:&quot;0&quot;,&quot;name&quot;:&quot;糖尿病史&quot;,&quot;date&quot;:&quot;&quot;},{&quot;state&quot;:&quot;0&quot;,&quot;name&quot;:&quot;风湿病&quot;,&quot;date&quot;:&quot;&quot;},{&quot;state&quot;:&quot;0&quot;,&quot;name&quot;:&quot;癫痫病&quot;,&quot;date&quot;:&quot;&quot;},{&quot;state&quot;:&quot;0&quot;,&quot;name&quot;:&quot;在妊娠期&quot;,&quot;date&quot;:&quot;&quot;},{&quot;state&quot;:&quot;0&quot;,&quot;name&quot;:&quot;在哺乳期&quot;,&quot;date&quot;:&quot;&quot;},{&quot;state&quot;:&quot;0&quot;,&quot;name&quot;:&quot;定期体检&quot;,&quot;date&quot;:&quot;&quot;},{&quot;state&quot;:&quot;0&quot;,&quot;name&quot;:&quot;定期洗牙&quot;,&quot;date&quot;:&quot;&quot;}],&quot;family_history&quot;:[{&quot;state&quot;:&quot;0&quot;,&quot;name&quot;:&quot;牙周病&quot;,&quot;date&quot;:&quot;&quot;},{&quot;state&quot;:&quot;0&quot;,&quot;name&quot;:&quot;牙列不齐&quot;,&quot;date&quot;:&quot;&quot;},{&quot;state&quot;:&quot;0&quot;,&quot;name&quot;:&quot;颌骨发育异常&quot;,&quot;date&quot;:&quot;&quot;}],&quot;medicine&quot;:[{&quot;state&quot;:&quot;0&quot;,&quot;name&quot;:&quot;在服用抗凝药（阿司匹林/华法林等）&quot;,&quot;date&quot;:&quot;&quot;},{&quot;state&quot;:&quot;0&quot;,&quot;name&quot;:&quot;在服用免疫抑制剂（如环磷酰胺，他克莫司等）&quot;,&quot;date&quot;:&quot;&quot;},{&quot;state&quot;:&quot;0&quot;,&quot;name&quot;:&quot;在服用骨质疏松类治疗药物（如福善美）&quot;,&quot;date&quot;:&quot;&quot;},{&quot;state&quot;:&quot;0&quot;,&quot;name&quot;:&quot;近期在服用消炎止痛药&quot;,&quot;date&quot;:&quot;&quot;}],&quot;surgery&quot;:[{&quot;state&quot;:&quot;0&quot;,&quot;name&quot;:&quot;近期做过手术&quot;,&quot;date&quot;:&quot;&quot;}],&quot;allergy&quot;:[{&quot;state&quot;:&quot;0&quot;,&quot;name&quot;:&quot;青霉素类&quot;,&quot;date&quot;:&quot;&quot;},{&quot;state&quot;:&quot;0&quot;,&quot;name&quot;:&quot;磺胺类&quot;,&quot;date&quot;:&quot;&quot;},{&quot;state&quot;:&quot;0&quot;,&quot;name&quot;:&quot;局麻药&quot;,&quot;date&quot;:&quot;&quot;},{&quot;state&quot;:&quot;0&quot;,&quot;name&quot;:&quot;酒精&quot;,&quot;date&quot;:&quot;&quot;},{&quot;state&quot;:&quot;0&quot;,&quot;name&quot;:&quot;其他过敏情况&quot;,&quot;date&quot;:&quot;&quot;}],&quot;infection&quot;:[{&quot;state&quot;:&quot;0&quot;,&quot;name&quot;:&quot;肝炎&quot;,&quot;date&quot;:&quot;&quot;},{&quot;state&quot;:&quot;0&quot;,&quot;name&quot;:&quot;结核&quot;,&quot;date&quot;:&quot;&quot;},{&quot;state&quot;:&quot;0&quot;,&quot;name&quot;:&quot;艾滋病&quot;,&quot;date&quot;:&quot;&quot;},{&quot;state&quot;:&quot;0&quot;,&quot;name&quot;:&quot;其他传染病&quot;,&quot;date&quot;:&quot;&quot;}]}','1','1479398400') [ RunTime:0.0424s ]
INFO: [ app_end ] --START--
INFO: Run Behavior\ShowPageTraceBehavior [ RunTime:0.001044s ]
INFO: [ app_end ] --END-- [ RunTime:0.001145s ]

[ 2016-11-18T15:28:21+08:00 ] ::1 /mintAdmin/index.php/Admin/User/sltDateRecords
INFO: [ app_init ] --START--
INFO: Run Behavior\BuildLiteBehavior [ RunTime:0.000020s ]
INFO: [ app_init ] --END-- [ RunTime:0.000424s ]
INFO: [ app_begin ] --START--
INFO: Run Behavior\ReadHtmlCacheBehavior [ RunTime:0.000532s ]
INFO: [ app_begin ] --END-- [ RunTime:0.000597s ]
SQL: SHOW COLUMNS FROM `mint_user` [ RunTime:0.0340s ]
SQL: SELECT c.app_uri as uri FROM mint_user a INNER JOIN mint_role_app b on a.role_id=b.role_id INNER JOIN mint_app c on b.app_id=c.id  WHERE a.id = '1'  [ RunTime:0.0332s ]
SQL: SHOW COLUMNS FROM `mint_archives` [ RunTime:0.0332s ]
SQL: SELECT `create_time` FROM `mint_archives` WHERE `user_id` = '722' AND `type` = '1' GROUP BY create_time ORDER BY create_time desc,id desc  [ RunTime:0.0331s ]
INFO: [ app_end ] --START--
INFO: Run Behavior\ShowPageTraceBehavior [ RunTime:0.000607s ]
INFO: [ app_end ] --END-- [ RunTime:0.000677s ]

[ 2016-11-18T15:28:21+08:00 ] ::1 /mintAdmin/index.php/Admin/Index/getUserInfo
INFO: [ app_init ] --START--
INFO: Run Behavior\BuildLiteBehavior [ RunTime:0.000029s ]
INFO: [ app_init ] --END-- [ RunTime:0.000649s ]
INFO: [ app_begin ] --START--
INFO: Run Behavior\ReadHtmlCacheBehavior [ RunTime:0.000730s ]
INFO: [ app_begin ] --END-- [ RunTime:0.000853s ]
SQL: SHOW COLUMNS FROM `mint_user` [ RunTime:0.0379s ]
SQL: SELECT * FROM `mint_user` WHERE `id` = 1 LIMIT 1   [ RunTime:0.0339s ]
SQL: SHOW COLUMNS FROM `mint_app` [ RunTime:0.0336s ]
SQL: SELECT `id`,`app_name`,`app_uri`,`app_url`,`parent_id` FROM `mint_app` ORDER BY sort  [ RunTime:0.0339s ]

[ 2016-11-18T15:28:22+08:00 ] ::1 /mintAdmin/index.php/Admin/User/sltDateRecords
INFO: [ app_init ] --START--
INFO: Run Behavior\BuildLiteBehavior [ RunTime:0.000017s ]
INFO: [ app_init ] --END-- [ RunTime:0.000427s ]
INFO: [ app_begin ] --START--
INFO: Run Behavior\ReadHtmlCacheBehavior [ RunTime:0.000567s ]
INFO: [ app_begin ] --END-- [ RunTime:0.000640s ]
SQL: SHOW COLUMNS FROM `mint_user` [ RunTime:0.0348s ]
SQL: SELECT c.app_uri as uri FROM mint_user a INNER JOIN mint_role_app b on a.role_id=b.role_id INNER JOIN mint_app c on b.app_id=c.id  WHERE a.id = '1'  [ RunTime:0.0337s ]
SQL: SHOW COLUMNS FROM `mint_archives` [ RunTime:0.0342s ]
SQL: SELECT `create_time` FROM `mint_archives` WHERE `user_id` = '722' AND `type` = '1' GROUP BY create_time ORDER BY create_time desc,id desc  [ RunTime:0.0329s ]
INFO: [ app_end ] --START--
INFO: Run Behavior\ShowPageTraceBehavior [ RunTime:0.000585s ]
INFO: [ app_end ] --END-- [ RunTime:0.000651s ]

[ 2016-11-18T15:28:22+08:00 ] ::1 /mintAdmin/index.php/Admin/User/sltArchives
INFO: [ app_init ] --START--
INFO: Run Behavior\BuildLiteBehavior [ RunTime:0.000018s ]
INFO: [ app_init ] --END-- [ RunTime:0.000419s ]
INFO: [ app_begin ] --START--
INFO: Run Behavior\ReadHtmlCacheBehavior [ RunTime:0.000693s ]
INFO: [ app_begin ] --END-- [ RunTime:0.000779s ]
SQL: SHOW COLUMNS FROM `mint_user` [ RunTime:0.0344s ]
SQL: SELECT c.app_uri as uri FROM mint_user a INNER JOIN mint_role_app b on a.role_id=b.role_id INNER JOIN mint_app c on b.app_id=c.id  WHERE a.id = '1'  [ RunTime:0.0329s ]
SQL: SHOW COLUMNS FROM `mint_archives` [ RunTime:0.0340s ]
SQL: SELECT * FROM `mint_archives` WHERE `user_id` = '722' AND `create_time` = 1479398400 AND `type` = '1' LIMIT 1   [ RunTime:0.0339s ]
INFO: [ app_end ] --START--
INFO: Run Behavior\ShowPageTraceBehavior [ RunTime:0.000730s ]
INFO: [ app_end ] --END-- [ RunTime:0.000836s ]

[ 2016-11-18T15:29:20+08:00 ] ::1 /mintAdmin/index.php/Admin/Index/getUserInfo
INFO: [ app_init ] --START--
INFO: Run Behavior\BuildLiteBehavior [ RunTime:0.000030s ]
INFO: [ app_init ] --END-- [ RunTime:0.000601s ]
INFO: [ app_begin ] --START--
INFO: Run Behavior\ReadHtmlCacheBehavior [ RunTime:0.000636s ]
INFO: [ app_begin ] --END-- [ RunTime:0.000722s ]
SQL: SHOW COLUMNS FROM `mint_user` [ RunTime:0.0360s ]
SQL: SELECT * FROM `mint_user` WHERE `id` = 1 LIMIT 1   [ RunTime:0.0343s ]
SQL: SHOW COLUMNS FROM `mint_app` [ RunTime:0.0342s ]
SQL: SELECT `id`,`app_name`,`app_uri`,`app_url`,`parent_id` FROM `mint_app` ORDER BY sort  [ RunTime:0.0340s ]

[ 2016-11-18T15:29:20+08:00 ] ::1 /mintAdmin/index.php/Admin/User/sltDateRecords
INFO: [ app_init ] --START--
INFO: Run Behavior\BuildLiteBehavior [ RunTime:0.000016s ]
INFO: [ app_init ] --END-- [ RunTime:0.000419s ]
INFO: [ app_begin ] --START--
INFO: Run Behavior\ReadHtmlCacheBehavior [ RunTime:0.001073s ]
INFO: [ app_begin ] --END-- [ RunTime:0.001239s ]
SQL: SHOW COLUMNS FROM `mint_user` [ RunTime:0.0348s ]
SQL: SELECT c.app_uri as uri FROM mint_user a INNER JOIN mint_role_app b on a.role_id=b.role_id INNER JOIN mint_app c on b.app_id=c.id  WHERE a.id = '1'  [ RunTime:0.0331s ]
SQL: SHOW COLUMNS FROM `mint_archives` [ RunTime:0.0333s ]
SQL: SELECT `create_time` FROM `mint_archives` WHERE `user_id` = '722' AND `type` = '1' GROUP BY create_time ORDER BY create_time desc,id desc  [ RunTime:0.0330s ]
INFO: [ app_end ] --START--
INFO: Run Behavior\ShowPageTraceBehavior [ RunTime:0.000565s ]
INFO: [ app_end ] --END-- [ RunTime:0.000620s ]

[ 2016-11-18T15:29:20+08:00 ] ::1 /mintAdmin/index.php/Admin/User/sltArchives
INFO: [ app_init ] --START--
INFO: Run Behavior\BuildLiteBehavior [ RunTime:0.000026s ]
INFO: [ app_init ] --END-- [ RunTime:0.000719s ]
INFO: [ app_begin ] --START--
INFO: Run Behavior\ReadHtmlCacheBehavior [ RunTime:0.002283s ]
INFO: [ app_begin ] --END-- [ RunTime:0.002392s ]
SQL: SHOW COLUMNS FROM `mint_user` [ RunTime:0.0350s ]
SQL: SELECT c.app_uri as uri FROM mint_user a INNER JOIN mint_role_app b on a.role_id=b.role_id INNER JOIN mint_app c on b.app_id=c.id  WHERE a.id = '1'  [ RunTime:0.0338s ]
SQL: SHOW COLUMNS FROM `mint_archives` [ RunTime:0.0332s ]
SQL: SELECT * FROM `mint_archives` WHERE `user_id` = '722' AND `create_time` = 1479398400 AND `type` = '1' LIMIT 1   [ RunTime:0.0345s ]
INFO: [ app_end ] --START--
INFO: Run Behavior\ShowPageTraceBehavior [ RunTime:0.000613s ]
INFO: [ app_end ] --END-- [ RunTime:0.000675s ]

[ 2016-11-18T15:29:50+08:00 ] ::1 /mintAdmin/index.php/Admin/User/editArchives2
INFO: [ app_init ] --START--
INFO: Run Behavior\BuildLiteBehavior [ RunTime:0.000016s ]
INFO: [ app_init ] --END-- [ RunTime:0.000382s ]
INFO: [ app_begin ] --START--
INFO: Run Behavior\ReadHtmlCacheBehavior [ RunTime:0.000529s ]
INFO: [ app_begin ] --END-- [ RunTime:0.000590s ]
SQL: SHOW COLUMNS FROM `mint_user` [ RunTime:0.0353s ]
SQL: SELECT c.app_uri as uri FROM mint_user a INNER JOIN mint_role_app b on a.role_id=b.role_id INNER JOIN mint_app c on b.app_id=c.id  WHERE a.id = '1'  [ RunTime:0.0338s ]
SQL: SHOW COLUMNS FROM `mint_archives` [ RunTime:0.0336s ]
SQL: UPDATE `mint_archives` SET `content`='{&quot;body_condition&quot;:[{&quot;state&quot;:&quot;1&quot;,&quot;name&quot;:&quot;心脏病史&quot;,&quot;date&quot;:&quot;&quot;},{&quot;state&quot;:&quot;1&quot;,&quot;name&quot;:&quot;高血压病史&quot;,&quot;date&quot;:&quot;&quot;},{&quot;state&quot;:&quot;1&quot;,&quot;name&quot;:&quot;糖尿病史&quot;,&quot;date&quot;:&quot;&quot;},{&quot;state&quot;:&quot;1&quot;,&quot;name&quot;:&quot;风湿病&quot;,&quot;date&quot;:&quot;&quot;},{&quot;state&quot;:&quot;1&quot;,&quot;name&quot;:&quot;癫痫病&quot;,&quot;date&quot;:&quot;&quot;},{&quot;state&quot;:&quot;1&quot;,&quot;name&quot;:&quot;在妊娠期&quot;,&quot;date&quot;:&quot;&quot;},{&quot;state&quot;:&quot;1&quot;,&quot;name&quot;:&quot;在哺乳期&quot;,&quot;date&quot;:&quot;&quot;},{&quot;state&quot;:&quot;1&quot;,&quot;name&quot;:&quot;定期体检&quot;,&quot;date&quot;:&quot;2016-11-09&quot;},{&quot;state&quot;:&quot;1&quot;,&quot;name&quot;:&quot;定期洗牙&quot;,&quot;date&quot;:&quot;2016-11-01&quot;}],&quot;family_history&quot;:[{&quot;state&quot;:&quot;1&quot;,&quot;name&quot;:&quot;牙周病&quot;,&quot;date&quot;:&quot;&quot;},{&quot;state&quot;:&quot;1&quot;,&quot;name&quot;:&quot;牙列不齐&quot;,&quot;date&quot;:&quot;&quot;},{&quot;state&quot;:&quot;1&quot;,&quot;name&quot;:&quot;颌骨发育异常&quot;,&quot;date&quot;:&quot;&quot;}],&quot;medicine&quot;:[{&quot;state&quot;:&quot;1&quot;,&quot;name&quot;:&quot;在服用抗凝药（阿司匹林/华法林等）&quot;,&quot;date&quot;:&quot;&quot;},{&quot;state&quot;:&quot;1&quot;,&quot;name&quot;:&quot;在服用免疫抑制剂（如环磷酰胺，他克莫司等）&quot;,&quot;date&quot;:&quot;&quot;},{&quot;state&quot;:&quot;1&quot;,&quot;name&quot;:&quot;在服用骨质疏松类治疗药物（如福善美）&quot;,&quot;date&quot;:&quot;&quot;},{&quot;state&quot;:&quot;1&quot;,&quot;name&quot;:&quot;近期在服用消炎止痛药&quot;,&quot;date&quot;:&quot;&quot;}],&quot;surgery&quot;:[{&quot;state&quot;:&quot;1&quot;,&quot;name&quot;:&quot;近期做过手术&quot;,&quot;date&quot;:&quot;12321&quot;}],&quot;allergy&quot;:[{&quot;state&quot;:&quot;1&quot;,&quot;name&quot;:&quot;青霉素类&quot;,&quot;date&quot;:&quot;&quot;},{&quot;state&quot;:&quot;1&quot;,&quot;name&quot;:&quot;磺胺类&quot;,&quot;date&quot;:&quot;&quot;},{&quot;state&quot;:&quot;1&quot;,&quot;name&quot;:&quot;局麻药&quot;,&quot;date&quot;:&quot;&quot;},{&quot;state&quot;:&quot;1&quot;,&quot;name&quot;:&quot;酒精&quot;,&quot;date&quot;:&quot;&quot;},{&quot;state&quot;:&quot;1&quot;,&quot;name&quot;:&quot;其他过敏情况&quot;,&quot;date&quot;:&quot;12321312&quot;}],&quot;infection&quot;:[{&quot;state&quot;:&quot;1&quot;,&quot;name&quot;:&quot;肝炎&quot;,&quot;date&quot;:&quot;&quot;},{&quot;state&quot;:&quot;1&quot;,&quot;name&quot;:&quot;结核&quot;,&quot;date&quot;:&quot;&quot;},{&quot;state&quot;:&quot;1&quot;,&quot;name&quot;:&quot;艾滋病&quot;,&quot;date&quot;:&quot;&quot;},{&quot;state&quot;:&quot;1&quot;,&quot;name&quot;:&quot;其他传染病&quot;,&quot;date&quot;:&quot;222&quot;}]}' WHERE `user_id` = '722' AND `create_time` = 1479398400 AND `type` = '1' [ RunTime:0.0514s ]
INFO: [ app_end ] --START--
INFO: Run Behavior\ShowPageTraceBehavior [ RunTime:0.000750s ]
INFO: [ app_end ] --END-- [ RunTime:0.000831s ]

[ 2016-11-18T15:29:52+08:00 ] ::1 /mintAdmin/index.php/Admin/User/sltDateRecords
INFO: [ app_init ] --START--
INFO: Run Behavior\BuildLiteBehavior [ RunTime:0.000017s ]
INFO: [ app_init ] --END-- [ RunTime:0.000394s ]
INFO: [ app_begin ] --START--
INFO: Run Behavior\ReadHtmlCacheBehavior [ RunTime:0.000546s ]
INFO: [ app_begin ] --END-- [ RunTime:0.000614s ]
SQL: SHOW COLUMNS FROM `mint_user` [ RunTime:0.0370s ]
SQL: SELECT c.app_uri as uri FROM mint_user a INNER JOIN mint_role_app b on a.role_id=b.role_id INNER JOIN mint_app c on b.app_id=c.id  WHERE a.id = '1'  [ RunTime:0.0350s ]
SQL: SHOW COLUMNS FROM `mint_archives` [ RunTime:0.0343s ]
SQL: SELECT `create_time` FROM `mint_archives` WHERE `user_id` = '722' AND `type` = '1' GROUP BY create_time ORDER BY create_time desc,id desc  [ RunTime:0.0342s ]
INFO: [ app_end ] --START--
INFO: Run Behavior\ShowPageTraceBehavior [ RunTime:0.000582s ]
INFO: [ app_end ] --END-- [ RunTime:0.000650s ]

[ 2016-11-18T15:29:52+08:00 ] ::1 /mintAdmin/index.php/Admin/Index/getUserInfo
INFO: [ app_init ] --START--
INFO: Run Behavior\BuildLiteBehavior [ RunTime:0.000019s ]
INFO: [ app_init ] --END-- [ RunTime:0.000429s ]
INFO: [ app_begin ] --START--
INFO: Run Behavior\ReadHtmlCacheBehavior [ RunTime:0.000617s ]
INFO: [ app_begin ] --END-- [ RunTime:0.000714s ]
SQL: SHOW COLUMNS FROM `mint_user` [ RunTime:0.0338s ]
SQL: SELECT * FROM `mint_user` WHERE `id` = 1 LIMIT 1   [ RunTime:0.0354s ]
SQL: SHOW COLUMNS FROM `mint_app` [ RunTime:0.0330s ]
SQL: SELECT `id`,`app_name`,`app_uri`,`app_url`,`parent_id` FROM `mint_app` ORDER BY sort  [ RunTime:0.0329s ]

[ 2016-11-18T15:29:52+08:00 ] ::1 /mintAdmin/index.php/Admin/User/sltDateRecords
INFO: [ app_init ] --START--
INFO: Run Behavior\BuildLiteBehavior [ RunTime:0.000017s ]
INFO: [ app_init ] --END-- [ RunTime:0.000389s ]
INFO: [ app_begin ] --START--
INFO: Run Behavior\ReadHtmlCacheBehavior [ RunTime:0.000986s ]
INFO: [ app_begin ] --END-- [ RunTime:0.001097s ]
SQL: SHOW COLUMNS FROM `mint_user` [ RunTime:0.0381s ]
SQL: SELECT c.app_uri as uri FROM mint_user a INNER JOIN mint_role_app b on a.role_id=b.role_id INNER JOIN mint_app c on b.app_id=c.id  WHERE a.id = '1'  [ RunTime:0.0367s ]
SQL: SHOW COLUMNS FROM `mint_archives` [ RunTime:0.0349s ]
SQL: SELECT `create_time` FROM `mint_archives` WHERE `user_id` = '722' AND `type` = '1' GROUP BY create_time ORDER BY create_time desc,id desc  [ RunTime:0.0348s ]
INFO: [ app_end ] --START--
INFO: Run Behavior\ShowPageTraceBehavior [ RunTime:0.000693s ]
INFO: [ app_end ] --END-- [ RunTime:0.000770s ]

[ 2016-11-18T15:29:53+08:00 ] ::1 /mintAdmin/index.php/Admin/User/sltArchives
INFO: [ app_init ] --START--
INFO: Run Behavior\BuildLiteBehavior [ RunTime:0.000015s ]
INFO: [ app_init ] --END-- [ RunTime:0.000348s ]
INFO: [ app_begin ] --START--
INFO: Run Behavior\ReadHtmlCacheBehavior [ RunTime:0.000486s ]
INFO: [ app_begin ] --END-- [ RunTime:0.000547s ]
SQL: SHOW COLUMNS FROM `mint_user` [ RunTime:0.0340s ]
SQL: SELECT c.app_uri as uri FROM mint_user a INNER JOIN mint_role_app b on a.role_id=b.role_id INNER JOIN mint_app c on b.app_id=c.id  WHERE a.id = '1'  [ RunTime:0.0327s ]
SQL: SHOW COLUMNS FROM `mint_archives` [ RunTime:0.0329s ]
SQL: SELECT * FROM `mint_archives` WHERE `user_id` = '722' AND `create_time` = 1479398400 AND `type` = '1' LIMIT 1   [ RunTime:0.0333s ]
INFO: [ app_end ] --START--
INFO: Run Behavior\ShowPageTraceBehavior [ RunTime:0.000653s ]
INFO: [ app_end ] --END-- [ RunTime:0.000716s ]

[ 2016-11-18T15:38:53+08:00 ] ::1 /mintAdmin/index.php/Admin/Index/getUserInfo
INFO: [ app_init ] --START--
INFO: Run Behavior\BuildLiteBehavior [ RunTime:0.000032s ]
INFO: [ app_init ] --END-- [ RunTime:0.000729s ]
INFO: [ app_begin ] --START--
INFO: Run Behavior\ReadHtmlCacheBehavior [ RunTime:0.000585s ]
INFO: [ app_begin ] --END-- [ RunTime:0.000672s ]
SQL: SHOW COLUMNS FROM `mint_user` [ RunTime:0.0353s ]
SQL: SELECT * FROM `mint_user` WHERE `id` = 1 LIMIT 1   [ RunTime:0.0340s ]
SQL: SHOW COLUMNS FROM `mint_app` [ RunTime:0.0333s ]
SQL: SELECT `id`,`app_name`,`app_uri`,`app_url`,`parent_id` FROM `mint_app` ORDER BY sort  [ RunTime:0.0335s ]

[ 2016-11-18T15:38:53+08:00 ] ::1 /mintAdmin/index.php/Admin/User/sltDateRecords
INFO: [ app_init ] --START--
INFO: Run Behavior\BuildLiteBehavior [ RunTime:0.000031s ]
INFO: [ app_init ] --END-- [ RunTime:0.000736s ]
INFO: [ app_begin ] --START--
INFO: Run Behavior\ReadHtmlCacheBehavior [ RunTime:0.000869s ]
INFO: [ app_begin ] --END-- [ RunTime:0.001000s ]
SQL: SHOW COLUMNS FROM `mint_user` [ RunTime:0.0348s ]
SQL: SELECT c.app_uri as uri FROM mint_user a INNER JOIN mint_role_app b on a.role_id=b.role_id INNER JOIN mint_app c on b.app_id=c.id  WHERE a.id = '1'  [ RunTime:0.0337s ]
SQL: SHOW COLUMNS FROM `mint_archives` [ RunTime:0.0340s ]
SQL: SELECT `create_time` FROM `mint_archives` WHERE `user_id` = '722' AND `type` = '1' GROUP BY create_time ORDER BY create_time desc,id desc  [ RunTime:0.0332s ]
INFO: [ app_end ] --START--
INFO: Run Behavior\ShowPageTraceBehavior [ RunTime:0.000792s ]
INFO: [ app_end ] --END-- [ RunTime:0.000863s ]

[ 2016-11-18T15:38:54+08:00 ] ::1 /mintAdmin/index.php/Admin/User/sltArchives
INFO: [ app_init ] --START--
INFO: Run Behavior\BuildLiteBehavior [ RunTime:0.000017s ]
INFO: [ app_init ] --END-- [ RunTime:0.000408s ]
INFO: [ app_begin ] --START--
INFO: Run Behavior\ReadHtmlCacheBehavior [ RunTime:0.000512s ]
INFO: [ app_begin ] --END-- [ RunTime:0.000587s ]
SQL: SHOW COLUMNS FROM `mint_user` [ RunTime:0.0347s ]
SQL: SELECT c.app_uri as uri FROM mint_user a INNER JOIN mint_role_app b on a.role_id=b.role_id INNER JOIN mint_app c on b.app_id=c.id  WHERE a.id = '1'  [ RunTime:0.0329s ]
SQL: SHOW COLUMNS FROM `mint_archives` [ RunTime:0.0333s ]
SQL: SELECT * FROM `mint_archives` WHERE `user_id` = '722' AND `create_time` = 1479398400 AND `type` = '1' LIMIT 1   [ RunTime:0.0336s ]
INFO: [ app_end ] --START--
INFO: Run Behavior\ShowPageTraceBehavior [ RunTime:0.000651s ]
INFO: [ app_end ] --END-- [ RunTime:0.000708s ]

[ 2016-11-18T15:38:56+08:00 ] ::1 /mintAdmin/index.php/Admin/Index/getUserInfo
INFO: [ app_init ] --START--
INFO: Run Behavior\BuildLiteBehavior [ RunTime:0.000018s ]
INFO: [ app_init ] --END-- [ RunTime:0.000423s ]
INFO: [ app_begin ] --START--
INFO: Run Behavior\ReadHtmlCacheBehavior [ RunTime:0.000571s ]
INFO: [ app_begin ] --END-- [ RunTime:0.000649s ]
SQL: SHOW COLUMNS FROM `mint_user` [ RunTime:0.0355s ]
SQL: SELECT * FROM `mint_user` WHERE `id` = 1 LIMIT 1   [ RunTime:0.0346s ]
SQL: SHOW COLUMNS FROM `mint_app` [ RunTime:0.0348s ]
SQL: SELECT `id`,`app_name`,`app_uri`,`app_url`,`parent_id` FROM `mint_app` ORDER BY sort  [ RunTime:0.0349s ]

[ 2016-11-18T15:38:56+08:00 ] ::1 /mintAdmin/index.php/Admin/User/sltArchives
INFO: [ app_init ] --START--
INFO: Run Behavior\BuildLiteBehavior [ RunTime:0.000026s ]
INFO: [ app_init ] --END-- [ RunTime:0.000582s ]
INFO: [ app_begin ] --START--
INFO: Run Behavior\ReadHtmlCacheBehavior [ RunTime:0.000724s ]
INFO: [ app_begin ] --END-- [ RunTime:0.000825s ]
SQL: SHOW COLUMNS FROM `mint_user` [ RunTime:0.0342s ]
SQL: SELECT c.app_uri as uri FROM mint_user a INNER JOIN mint_role_app b on a.role_id=b.role_id INNER JOIN mint_app c on b.app_id=c.id  WHERE a.id = '1'  [ RunTime:0.0332s ]
SQL: SHOW COLUMNS FROM `mint_archives` [ RunTime:0.0333s ]
SQL: SELECT * FROM `mint_archives` WHERE `user_id` = '722' AND `create_time` = 1479398400 AND `type` = '1' LIMIT 1   [ RunTime:0.0338s ]
INFO: [ app_end ] --START--
INFO: Run Behavior\ShowPageTraceBehavior [ RunTime:0.000648s ]
INFO: [ app_end ] --END-- [ RunTime:0.000709s ]

[ 2016-11-18T15:38:57+08:00 ] ::1 /mintAdmin/index.php/Admin/User/sltDateRecords
INFO: [ app_init ] --START--
INFO: Run Behavior\BuildLiteBehavior [ RunTime:0.000022s ]
INFO: [ app_init ] --END-- [ RunTime:0.000600s ]
INFO: [ app_begin ] --START--
INFO: Run Behavior\ReadHtmlCacheBehavior [ RunTime:0.000809s ]
INFO: [ app_begin ] --END-- [ RunTime:0.000918s ]
SQL: SHOW COLUMNS FROM `mint_user` [ RunTime:0.0354s ]
SQL: SELECT c.app_uri as uri FROM mint_user a INNER JOIN mint_role_app b on a.role_id=b.role_id INNER JOIN mint_app c on b.app_id=c.id  WHERE a.id = '1'  [ RunTime:0.0333s ]
SQL: SHOW COLUMNS FROM `mint_archives` [ RunTime:0.0333s ]
SQL: SELECT `create_time` FROM `mint_archives` WHERE `user_id` = '722' AND `type` = '1' GROUP BY create_time ORDER BY create_time desc,id desc  [ RunTime:0.0360s ]
INFO: [ app_end ] --START--
INFO: Run Behavior\ShowPageTraceBehavior [ RunTime:0.000630s ]
INFO: [ app_end ] --END-- [ RunTime:0.000687s ]

[ 2016-11-18T15:39:00+08:00 ] ::1 /mintAdmin/index.php/Admin/User/editArchives2
INFO: [ app_init ] --START--
INFO: Run Behavior\BuildLiteBehavior [ RunTime:0.000016s ]
INFO: [ app_init ] --END-- [ RunTime:0.000525s ]
INFO: [ app_begin ] --START--
INFO: Run Behavior\ReadHtmlCacheBehavior [ RunTime:0.000474s ]
INFO: [ app_begin ] --END-- [ RunTime:0.000529s ]
SQL: SHOW COLUMNS FROM `mint_user` [ RunTime:0.0336s ]
SQL: SELECT c.app_uri as uri FROM mint_user a INNER JOIN mint_role_app b on a.role_id=b.role_id INNER JOIN mint_app c on b.app_id=c.id  WHERE a.id = '1'  [ RunTime:0.0319s ]
SQL: SHOW COLUMNS FROM `mint_archives` [ RunTime:0.0325s ]
SQL: UPDATE `mint_archives` SET `content`='{&quot;body_condition&quot;:[{&quot;state&quot;:&quot;1&quot;,&quot;name&quot;:&quot;心脏病史&quot;,&quot;date&quot;:&quot;&quot;},{&quot;state&quot;:&quot;1&quot;,&quot;name&quot;:&quot;高血压病史&quot;,&quot;date&quot;:&quot;&quot;},{&quot;state&quot;:&quot;1&quot;,&quot;name&quot;:&quot;糖尿病史&quot;,&quot;date&quot;:&quot;&quot;},{&quot;state&quot;:&quot;1&quot;,&quot;name&quot;:&quot;风湿病&quot;,&quot;date&quot;:&quot;&quot;},{&quot;state&quot;:&quot;1&quot;,&quot;name&quot;:&quot;癫痫病&quot;,&quot;date&quot;:&quot;&quot;},{&quot;state&quot;:&quot;1&quot;,&quot;name&quot;:&quot;在妊娠期&quot;,&quot;date&quot;:&quot;&quot;},{&quot;state&quot;:&quot;1&quot;,&quot;name&quot;:&quot;在哺乳期&quot;,&quot;date&quot;:&quot;&quot;},{&quot;state&quot;:&quot;1&quot;,&quot;name&quot;:&quot;定期体检&quot;,&quot;date&quot;:&quot;2016-11-09&quot;},{&quot;state&quot;:&quot;1&quot;,&quot;name&quot;:&quot;定期洗牙&quot;,&quot;date&quot;:&quot;2016-11-01&quot;}],&quot;family_history&quot;:[{&quot;state&quot;:&quot;1&quot;,&quot;name&quot;:&quot;牙周病&quot;,&quot;date&quot;:&quot;&quot;},{&quot;state&quot;:&quot;1&quot;,&quot;name&quot;:&quot;牙列不齐&quot;,&quot;date&quot;:&quot;&quot;},{&quot;state&quot;:&quot;1&quot;,&quot;name&quot;:&quot;颌骨发育异常&quot;,&quot;date&quot;:&quot;&quot;}],&quot;medicine&quot;:[{&quot;state&quot;:&quot;1&quot;,&quot;name&quot;:&quot;在服用抗凝药（阿司匹林/华法林等）&quot;,&quot;date&quot;:&quot;&quot;},{&quot;state&quot;:&quot;1&quot;,&quot;name&quot;:&quot;在服用免疫抑制剂（如环磷酰胺，他克莫司等）&quot;,&quot;date&quot;:&quot;&quot;},{&quot;state&quot;:&quot;1&quot;,&quot;name&quot;:&quot;在服用骨质疏松类治疗药物（如福善美）&quot;,&quot;date&quot;:&quot;&quot;},{&quot;state&quot;:&quot;1&quot;,&quot;name&quot;:&quot;近期在服用消炎止痛药&quot;,&quot;date&quot;:&quot;&quot;}],&quot;surgery&quot;:[{&quot;state&quot;:&quot;1&quot;,&quot;name&quot;:&quot;近期做过手术&quot;,&quot;date&quot;:&quot;12321&quot;}],&quot;allergy&quot;:[{&quot;state&quot;:&quot;1&quot;,&quot;name&quot;:&quot;青霉素类&quot;,&quot;date&quot;:&quot;&quot;},{&quot;state&quot;:&quot;1&quot;,&quot;name&quot;:&quot;磺胺类&quot;,&quot;date&quot;:&quot;&quot;},{&quot;state&quot;:&quot;1&quot;,&quot;name&quot;:&quot;局麻药&quot;,&quot;date&quot;:&quot;&quot;},{&quot;state&quot;:&quot;1&quot;,&quot;name&quot;:&quot;酒精&quot;,&quot;date&quot;:&quot;&quot;},{&quot;state&quot;:&quot;1&quot;,&quot;name&quot;:&quot;其他过敏情况&quot;,&quot;date&quot;:&quot;12321312&quot;}],&quot;infection&quot;:[{&quot;state&quot;:&quot;1&quot;,&quot;name&quot;:&quot;肝炎&quot;,&quot;date&quot;:&quot;&quot;},{&quot;state&quot;:&quot;1&quot;,&quot;name&quot;:&quot;结核&quot;,&quot;date&quot;:&quot;&quot;},{&quot;state&quot;:&quot;1&quot;,&quot;name&quot;:&quot;艾滋病&quot;,&quot;date&quot;:&quot;&quot;},{&quot;state&quot;:&quot;1&quot;,&quot;name&quot;:&quot;其他传染病&quot;,&quot;date&quot;:&quot;222&quot;}]}' WHERE `user_id` = '722' AND `create_time` = 1479398400 AND `type` = '1' [ RunTime:0.0419s ]
INFO: [ app_end ] --START--
INFO: Run Behavior\ShowPageTraceBehavior [ RunTime:0.000631s ]
INFO: [ app_end ] --END-- [ RunTime:0.000701s ]

[ 2016-11-18T15:39:01+08:00 ] ::1 /mintAdmin/index.php/Admin/User/sltDateRecords
INFO: [ app_init ] --START--
INFO: Run Behavior\BuildLiteBehavior [ RunTime:0.000015s ]
INFO: [ app_init ] --END-- [ RunTime:0.000352s ]
INFO: [ app_begin ] --START--
INFO: Run Behavior\ReadHtmlCacheBehavior [ RunTime:0.000455s ]
INFO: [ app_begin ] --END-- [ RunTime:0.000532s ]
SQL: SHOW COLUMNS FROM `mint_user` [ RunTime:0.0425s ]
SQL: SELECT c.app_uri as uri FROM mint_user a INNER JOIN mint_role_app b on a.role_id=b.role_id INNER JOIN mint_app c on b.app_id=c.id  WHERE a.id = '1'  [ RunTime:0.0324s ]
SQL: SHOW COLUMNS FROM `mint_archives` [ RunTime:0.0321s ]
SQL: SELECT `create_time` FROM `mint_archives` WHERE `user_id` = '722' AND `type` = '1' GROUP BY create_time ORDER BY create_time desc,id desc  [ RunTime:0.0318s ]
INFO: [ app_end ] --START--
INFO: Run Behavior\ShowPageTraceBehavior [ RunTime:0.000576s ]
INFO: [ app_end ] --END-- [ RunTime:0.000636s ]

[ 2016-11-18T15:39:01+08:00 ] ::1 /mintAdmin/index.php/Admin/Index/getUserInfo
INFO: [ app_init ] --START--
INFO: Run Behavior\BuildLiteBehavior [ RunTime:0.000023s ]
INFO: [ app_init ] --END-- [ RunTime:0.000477s ]
INFO: [ app_begin ] --START--
INFO: Run Behavior\ReadHtmlCacheBehavior [ RunTime:0.000935s ]
INFO: [ app_begin ] --END-- [ RunTime:0.001075s ]
SQL: SHOW COLUMNS FROM `mint_user` [ RunTime:0.0347s ]
SQL: SELECT * FROM `mint_user` WHERE `id` = 1 LIMIT 1   [ RunTime:0.0338s ]
SQL: SHOW COLUMNS FROM `mint_app` [ RunTime:0.0337s ]
SQL: SELECT `id`,`app_name`,`app_uri`,`app_url`,`parent_id` FROM `mint_app` ORDER BY sort  [ RunTime:0.0335s ]

[ 2016-11-18T15:39:02+08:00 ] ::1 /mintAdmin/index.php/Admin/User/sltDateRecords
INFO: [ app_init ] --START--
INFO: Run Behavior\BuildLiteBehavior [ RunTime:0.000019s ]
INFO: [ app_init ] --END-- [ RunTime:0.000433s ]
INFO: [ app_begin ] --START--
INFO: Run Behavior\ReadHtmlCacheBehavior [ RunTime:0.000558s ]
INFO: [ app_begin ] --END-- [ RunTime:0.000633s ]
SQL: SHOW COLUMNS FROM `mint_user` [ RunTime:0.0357s ]
SQL: SELECT c.app_uri as uri FROM mint_user a INNER JOIN mint_role_app b on a.role_id=b.role_id INNER JOIN mint_app c on b.app_id=c.id  WHERE a.id = '1'  [ RunTime:0.0477s ]
SQL: SHOW COLUMNS FROM `mint_archives` [ RunTime:0.1491s ]
SQL: SELECT `create_time` FROM `mint_archives` WHERE `user_id` = '722' AND `type` = '1' GROUP BY create_time ORDER BY create_time desc,id desc  [ RunTime:0.0323s ]
INFO: [ app_end ] --START--
INFO: Run Behavior\ShowPageTraceBehavior [ RunTime:0.000596s ]
INFO: [ app_end ] --END-- [ RunTime:0.000669s ]

[ 2016-11-18T15:39:02+08:00 ] ::1 /mintAdmin/index.php/Admin/User/sltArchives
INFO: [ app_init ] --START--
INFO: Run Behavior\BuildLiteBehavior [ RunTime:0.000026s ]
INFO: [ app_init ] --END-- [ RunTime:0.000635s ]
INFO: [ app_begin ] --START--
INFO: Run Behavior\ReadHtmlCacheBehavior [ RunTime:0.000639s ]
INFO: [ app_begin ] --END-- [ RunTime:0.000725s ]
SQL: SHOW COLUMNS FROM `mint_user` [ RunTime:0.0382s ]
SQL: SELECT c.app_uri as uri FROM mint_user a INNER JOIN mint_role_app b on a.role_id=b.role_id INNER JOIN mint_app c on b.app_id=c.id  WHERE a.id = '1'  [ RunTime:0.0332s ]
SQL: SHOW COLUMNS FROM `mint_archives` [ RunTime:0.0347s ]
SQL: SELECT * FROM `mint_archives` WHERE `user_id` = '722' AND `create_time` = 1479398400 AND `type` = '1' LIMIT 1   [ RunTime:0.0337s ]
INFO: [ app_end ] --START--
INFO: Run Behavior\ShowPageTraceBehavior [ RunTime:0.000574s ]
INFO: [ app_end ] --END-- [ RunTime:0.000633s ]

[ 2016-11-18T15:39:25+08:00 ] ::1 /mintAdmin/index.php/Admin/Index/getUserInfo
INFO: [ app_init ] --START--
INFO: Run Behavior\BuildLiteBehavior [ RunTime:0.000028s ]
INFO: [ app_init ] --END-- [ RunTime:0.000616s ]
INFO: [ app_begin ] --START--
INFO: Run Behavior\ReadHtmlCacheBehavior [ RunTime:0.000952s ]
INFO: [ app_begin ] --END-- [ RunTime:0.001074s ]
SQL: SHOW COLUMNS FROM `mint_user` [ RunTime:0.0350s ]
SQL: SELECT * FROM `mint_user` WHERE `id` = 1 LIMIT 1   [ RunTime:0.0333s ]
SQL: SHOW COLUMNS FROM `mint_app` [ RunTime:0.0334s ]
SQL: SELECT `id`,`app_name`,`app_uri`,`app_url`,`parent_id` FROM `mint_app` ORDER BY sort  [ RunTime:0.0331s ]

[ 2016-11-18T15:39:25+08:00 ] ::1 /mintAdmin/index.php/Admin/User/index
INFO: [ app_init ] --START--
INFO: Run Behavior\BuildLiteBehavior [ RunTime:0.000024s ]
INFO: [ app_init ] --END-- [ RunTime:0.000563s ]
INFO: [ app_begin ] --START--
INFO: Run Behavior\ReadHtmlCacheBehavior [ RunTime:0.000760s ]
INFO: [ app_begin ] --END-- [ RunTime:0.000872s ]
SQL: SHOW COLUMNS FROM `mint_user` [ RunTime:0.0367s ]
SQL: SELECT c.app_uri as uri FROM mint_user a INNER JOIN mint_role_app b on a.role_id=b.role_id INNER JOIN mint_app c on b.app_id=c.id  WHERE a.id = '1'  [ RunTime:0.0360s ]
SQL: SHOW COLUMNS FROM `mint_user` [ RunTime:0.0351s ]
SQL: SELECT COUNT(*) AS tp_count FROM `mint_user` WHERE `identity_id` = '1' LIMIT 1   [ RunTime:0.0341s ]
SQL: SELECT `id`,`account`,`photo`,`name`,`nickname`,`real_name`,`card_type`,`card_id`,`birthyear`,`birthmonth`,`birthday`,`age`,`sex`,`phone`,`email`,`country`,`province`,`city`,`county`,`race`,`job`,`company_name`,`married`,`have_child`,`post_address`,`society_number`,`position`,`hospital`,`context`,`field`,`label_id`,`label`,`job_age`,`clinic_id`,`work_time`,`invite_code`,`company_code`,`role_id`,`identity_id`,`is_use`,`is_show`,`remark`,`create_time` FROM `mint_user` WHERE `identity_id` = '1' ORDER BY id desc LIMIT 0,10   [ RunTime:0.0347s ]
SQL: SELECT COUNT(*) AS tp_count FROM `mint_user` LIMIT 1   [ RunTime:0.0339s ]
INFO: [ app_end ] --START--
INFO: Run Behavior\ShowPageTraceBehavior [ RunTime:0.000564s ]
INFO: [ app_end ] --END-- [ RunTime:0.000621s ]

[ 2016-11-18T15:39:27+08:00 ] ::1 /mintAdmin/index.php/Admin/Index/getUserInfo
INFO: [ app_init ] --START--
INFO: Run Behavior\BuildLiteBehavior [ RunTime:0.000026s ]
INFO: [ app_init ] --END-- [ RunTime:0.000473s ]
INFO: [ app_begin ] --START--
INFO: Run Behavior\ReadHtmlCacheBehavior [ RunTime:0.000534s ]
INFO: [ app_begin ] --END-- [ RunTime:0.000601s ]
SQL: SHOW COLUMNS FROM `mint_user` [ RunTime:0.0346s ]
SQL: SELECT * FROM `mint_user` WHERE `id` = 1 LIMIT 1   [ RunTime:0.0335s ]
SQL: SHOW COLUMNS FROM `mint_app` [ RunTime:0.0335s ]
SQL: SELECT `id`,`app_name`,`app_uri`,`app_url`,`parent_id` FROM `mint_app` ORDER BY sort  [ RunTime:0.0335s ]

[ 2016-11-18T15:39:27+08:00 ] ::1 /mintAdmin/index.php/Admin/User/getOne
INFO: [ app_init ] --START--
INFO: Run Behavior\BuildLiteBehavior [ RunTime:0.000028s ]
INFO: [ app_init ] --END-- [ RunTime:0.000671s ]
INFO: [ app_begin ] --START--
INFO: Run Behavior\ReadHtmlCacheBehavior [ RunTime:0.000898s ]
INFO: [ app_begin ] --END-- [ RunTime:0.001019s ]
SQL: SHOW COLUMNS FROM `mint_user` [ RunTime:0.0343s ]
SQL: SELECT c.app_uri as uri FROM mint_user a INNER JOIN mint_role_app b on a.role_id=b.role_id INNER JOIN mint_app c on b.app_id=c.id  WHERE a.id = '1'  [ RunTime:0.0329s ]
SQL: SHOW COLUMNS FROM `mint_user` [ RunTime:0.0346s ]
SQL: SELECT `id`,`account`,`photo`,`name`,`nickname`,`real_name`,`card_type`,`card_id`,`birthyear`,`birthmonth`,`birthday`,`age`,`sex`,`phone`,`email`,`country`,`province`,`city`,`county`,`race`,`job`,`company_name`,`married`,`have_child`,`post_address`,`society_number`,`position`,`hospital`,`context`,`field`,`label_id`,`label`,`job_age`,`clinic_id`,`work_time`,`invite_code`,`company_code`,`role_id`,`identity_id`,`is_use`,`is_show`,`remark`,`create_time` FROM `mint_user` WHERE ( id=722 ) LIMIT 1   [ RunTime:0.0335s ]
INFO: [ app_end ] --START--
INFO: Run Behavior\ShowPageTraceBehavior [ RunTime:0.000563s ]
INFO: [ app_end ] --END-- [ RunTime:0.000631s ]

[ 2016-11-18T15:39:33+08:00 ] ::1 /mintAdmin/index.php/Admin/Index/getUserInfo
INFO: [ app_init ] --START--
INFO: Run Behavior\BuildLiteBehavior [ RunTime:0.000022s ]
INFO: [ app_init ] --END-- [ RunTime:0.000839s ]
INFO: [ app_begin ] --START--
INFO: Run Behavior\ReadHtmlCacheBehavior [ RunTime:0.000848s ]
INFO: [ app_begin ] --END-- [ RunTime:0.000966s ]
SQL: SHOW COLUMNS FROM `mint_user` [ RunTime:0.0361s ]
SQL: SELECT * FROM `mint_user` WHERE `id` = 1 LIMIT 1   [ RunTime:0.0353s ]
SQL: SHOW COLUMNS FROM `mint_app` [ RunTime:0.0341s ]
SQL: SELECT `id`,`app_name`,`app_uri`,`app_url`,`parent_id` FROM `mint_app` ORDER BY sort  [ RunTime:0.0342s ]

[ 2016-11-18T15:39:33+08:00 ] ::1 /mintAdmin/index.php/Admin/User/sltDateRecords
INFO: [ app_init ] --START--
INFO: Run Behavior\BuildLiteBehavior [ RunTime:0.000032s ]
INFO: [ app_init ] --END-- [ RunTime:0.000897s ]
INFO: [ app_begin ] --START--
INFO: Run Behavior\ReadHtmlCacheBehavior [ RunTime:0.000932s ]
INFO: [ app_begin ] --END-- [ RunTime:0.001067s ]
SQL: SHOW COLUMNS FROM `mint_user` [ RunTime:0.0353s ]
SQL: SELECT c.app_uri as uri FROM mint_user a INNER JOIN mint_role_app b on a.role_id=b.role_id INNER JOIN mint_app c on b.app_id=c.id  WHERE a.id = '1'  [ RunTime:0.0334s ]
SQL: SHOW COLUMNS FROM `mint_archives` [ RunTime:0.0338s ]
SQL: SELECT `create_time` FROM `mint_archives` WHERE `user_id` = '722' AND `type` = '1' GROUP BY create_time ORDER BY create_time desc,id desc  [ RunTime:0.0336s ]
INFO: [ app_end ] --START--
INFO: Run Behavior\ShowPageTraceBehavior [ RunTime:0.000951s ]
INFO: [ app_end ] --END-- [ RunTime:0.001042s ]

[ 2016-11-18T15:39:33+08:00 ] ::1 /mintAdmin/index.php/Admin/User/sltArchives
INFO: [ app_init ] --START--
INFO: Run Behavior\BuildLiteBehavior [ RunTime:0.000015s ]
INFO: [ app_init ] --END-- [ RunTime:0.000344s ]
INFO: [ app_begin ] --START--
INFO: Run Behavior\ReadHtmlCacheBehavior [ RunTime:0.000453s ]
INFO: [ app_begin ] --END-- [ RunTime:0.000506s ]
SQL: SHOW COLUMNS FROM `mint_user` [ RunTime:0.0351s ]
SQL: SELECT c.app_uri as uri FROM mint_user a INNER JOIN mint_role_app b on a.role_id=b.role_id INNER JOIN mint_app c on b.app_id=c.id  WHERE a.id = '1'  [ RunTime:0.0338s ]
SQL: SHOW COLUMNS FROM `mint_archives` [ RunTime:0.0340s ]
SQL: SELECT * FROM `mint_archives` WHERE `user_id` = '722' AND `create_time` = 1479398400 AND `type` = '1' LIMIT 1   [ RunTime:0.0345s ]
INFO: [ app_end ] --START--
INFO: Run Behavior\ShowPageTraceBehavior [ RunTime:0.000600s ]
INFO: [ app_end ] --END-- [ RunTime:0.000657s ]

[ 2016-11-18T15:39:36+08:00 ] ::1 /mintAdmin/index.php/Admin/Index/getUserInfo
INFO: [ app_init ] --START--
INFO: Run Behavior\BuildLiteBehavior [ RunTime:0.000018s ]
INFO: [ app_init ] --END-- [ RunTime:0.000414s ]
INFO: [ app_begin ] --START--
INFO: Run Behavior\ReadHtmlCacheBehavior [ RunTime:0.000531s ]
INFO: [ app_begin ] --END-- [ RunTime:0.000600s ]
SQL: SHOW COLUMNS FROM `mint_user` [ RunTime:0.0356s ]
SQL: SELECT * FROM `mint_user` WHERE `id` = 1 LIMIT 1   [ RunTime:0.0350s ]
SQL: SHOW COLUMNS FROM `mint_app` [ RunTime:0.0356s ]
SQL: SELECT `id`,`app_name`,`app_uri`,`app_url`,`parent_id` FROM `mint_app` ORDER BY sort  [ RunTime:0.0352s ]

[ 2016-11-18T15:39:36+08:00 ] ::1 /mintAdmin/index.php/Admin/User/sltArchives
INFO: [ app_init ] --START--
INFO: Run Behavior\BuildLiteBehavior [ RunTime:0.000024s ]
INFO: [ app_init ] --END-- [ RunTime:0.000570s ]
INFO: [ app_begin ] --START--
INFO: Run Behavior\ReadHtmlCacheBehavior [ RunTime:0.000758s ]
INFO: [ app_begin ] --END-- [ RunTime:0.000873s ]
SQL: SHOW COLUMNS FROM `mint_user` [ RunTime:0.0353s ]
SQL: SELECT c.app_uri as uri FROM mint_user a INNER JOIN mint_role_app b on a.role_id=b.role_id INNER JOIN mint_app c on b.app_id=c.id  WHERE a.id = '1'  [ RunTime:0.0336s ]
SQL: SHOW COLUMNS FROM `mint_archives` [ RunTime:0.0353s ]
SQL: SELECT * FROM `mint_archives` WHERE `user_id` = '722' AND `create_time` = 1479398400 AND `type` = '1' LIMIT 1   [ RunTime:0.0350s ]
INFO: [ app_end ] --START--
INFO: Run Behavior\ShowPageTraceBehavior [ RunTime:0.000698s ]
INFO: [ app_end ] --END-- [ RunTime:0.000761s ]

[ 2016-11-18T15:39:36+08:00 ] ::1 /mintAdmin/index.php/Admin/User/sltDateRecords
INFO: [ app_init ] --START--
INFO: Run Behavior\BuildLiteBehavior [ RunTime:0.000043s ]
INFO: [ app_init ] --END-- [ RunTime:0.001236s ]
INFO: [ app_begin ] --START--
INFO: Run Behavior\ReadHtmlCacheBehavior [ RunTime:0.000688s ]
INFO: [ app_begin ] --END-- [ RunTime:0.000799s ]
SQL: SHOW COLUMNS FROM `mint_user` [ RunTime:0.0361s ]
SQL: SELECT c.app_uri as uri FROM mint_user a INNER JOIN mint_role_app b on a.role_id=b.role_id INNER JOIN mint_app c on b.app_id=c.id  WHERE a.id = '1'  [ RunTime:0.0342s ]
SQL: SHOW COLUMNS FROM `mint_archives` [ RunTime:0.0346s ]
SQL: SELECT `create_time` FROM `mint_archives` WHERE `user_id` = '722' AND `type` = '1' GROUP BY create_time ORDER BY create_time desc,id desc  [ RunTime:0.0342s ]
INFO: [ app_end ] --START--
INFO: Run Behavior\ShowPageTraceBehavior [ RunTime:0.000650s ]
INFO: [ app_end ] --END-- [ RunTime:0.000711s ]

[ 2016-11-18T15:39:39+08:00 ] ::1 /mintAdmin/index.php/Admin/User/editArchives2
INFO: [ app_init ] --START--
INFO: Run Behavior\BuildLiteBehavior [ RunTime:0.000053s ]
INFO: [ app_init ] --END-- [ RunTime:0.000489s ]
INFO: [ app_begin ] --START--
INFO: Run Behavior\ReadHtmlCacheBehavior [ RunTime:0.000481s ]
INFO: [ app_begin ] --END-- [ RunTime:0.000536s ]
SQL: SHOW COLUMNS FROM `mint_user` [ RunTime:0.0361s ]
SQL: SELECT c.app_uri as uri FROM mint_user a INNER JOIN mint_role_app b on a.role_id=b.role_id INNER JOIN mint_app c on b.app_id=c.id  WHERE a.id = '1'  [ RunTime:0.0345s ]
SQL: SHOW COLUMNS FROM `mint_archives` [ RunTime:0.0349s ]
SQL: UPDATE `mint_archives` SET `content`='{&quot;body_condition&quot;:[{&quot;state&quot;:&quot;1&quot;,&quot;name&quot;:&quot;心脏病史&quot;,&quot;date&quot;:&quot;&quot;},{&quot;state&quot;:&quot;1&quot;,&quot;name&quot;:&quot;高血压病史&quot;,&quot;date&quot;:&quot;&quot;},{&quot;state&quot;:&quot;1&quot;,&quot;name&quot;:&quot;糖尿病史&quot;,&quot;date&quot;:&quot;&quot;},{&quot;state&quot;:&quot;1&quot;,&quot;name&quot;:&quot;风湿病&quot;,&quot;date&quot;:&quot;&quot;},{&quot;state&quot;:&quot;1&quot;,&quot;name&quot;:&quot;癫痫病&quot;,&quot;date&quot;:&quot;&quot;},{&quot;state&quot;:&quot;1&quot;,&quot;name&quot;:&quot;在妊娠期&quot;,&quot;date&quot;:&quot;&quot;},{&quot;state&quot;:&quot;1&quot;,&quot;name&quot;:&quot;在哺乳期&quot;,&quot;date&quot;:&quot;&quot;},{&quot;state&quot;:&quot;1&quot;,&quot;name&quot;:&quot;定期体检&quot;,&quot;date&quot;:&quot;2016-11-09&quot;},{&quot;state&quot;:&quot;1&quot;,&quot;name&quot;:&quot;定期洗牙&quot;,&quot;date&quot;:&quot;2016-11-01&quot;}],&quot;family_history&quot;:[{&quot;state&quot;:&quot;1&quot;,&quot;name&quot;:&quot;牙周病&quot;,&quot;date&quot;:&quot;&quot;},{&quot;state&quot;:&quot;1&quot;,&quot;name&quot;:&quot;牙列不齐&quot;,&quot;date&quot;:&quot;&quot;},{&quot;state&quot;:&quot;1&quot;,&quot;name&quot;:&quot;颌骨发育异常&quot;,&quot;date&quot;:&quot;&quot;}],&quot;medicine&quot;:[{&quot;state&quot;:&quot;1&quot;,&quot;name&quot;:&quot;在服用抗凝药（阿司匹林/华法林等）&quot;,&quot;date&quot;:&quot;&quot;},{&quot;state&quot;:&quot;1&quot;,&quot;name&quot;:&quot;在服用免疫抑制剂（如环磷酰胺，他克莫司等）&quot;,&quot;date&quot;:&quot;&quot;},{&quot;state&quot;:&quot;1&quot;,&quot;name&quot;:&quot;在服用骨质疏松类治疗药物（如福善美）&quot;,&quot;date&quot;:&quot;&quot;},{&quot;state&quot;:&quot;1&quot;,&quot;name&quot;:&quot;近期在服用消炎止痛药&quot;,&quot;date&quot;:&quot;&quot;}],&quot;surgery&quot;:[{&quot;state&quot;:&quot;1&quot;,&quot;name&quot;:&quot;近期做过手术&quot;,&quot;date&quot;:&quot;12321&quot;}],&quot;allergy&quot;:[{&quot;state&quot;:&quot;1&quot;,&quot;name&quot;:&quot;青霉素类&quot;,&quot;date&quot;:&quot;&quot;},{&quot;state&quot;:&quot;1&quot;,&quot;name&quot;:&quot;磺胺类&quot;,&quot;date&quot;:&quot;&quot;},{&quot;state&quot;:&quot;1&quot;,&quot;name&quot;:&quot;局麻药&quot;,&quot;date&quot;:&quot;&quot;},{&quot;state&quot;:&quot;1&quot;,&quot;name&quot;:&quot;酒精&quot;,&quot;date&quot;:&quot;&quot;},{&quot;state&quot;:&quot;1&quot;,&quot;name&quot;:&quot;其他过敏情况&quot;,&quot;date&quot;:&quot;12321312&quot;}],&quot;infection&quot;:[{&quot;state&quot;:&quot;1&quot;,&quot;name&quot;:&quot;肝炎&quot;,&quot;date&quot;:&quot;&quot;},{&quot;state&quot;:&quot;1&quot;,&quot;name&quot;:&quot;结核&quot;,&quot;date&quot;:&quot;&quot;},{&quot;state&quot;:&quot;1&quot;,&quot;name&quot;:&quot;艾滋病&quot;,&quot;date&quot;:&quot;&quot;},{&quot;state&quot;:&quot;1&quot;,&quot;name&quot;:&quot;其他传染病&quot;,&quot;date&quot;:&quot;222&quot;}]}' WHERE `user_id` = '722' AND `create_time` = 1479398400 AND `type` = '1' [ RunTime:0.0367s ]
INFO: [ app_end ] --START--
INFO: Run Behavior\ShowPageTraceBehavior [ RunTime:0.000929s ]
INFO: [ app_end ] --END-- [ RunTime:0.001018s ]

[ 2016-11-18T15:39:40+08:00 ] ::1 /mintAdmin/index.php/Admin/User/sltDateRecords
INFO: [ app_init ] --START--
INFO: Run Behavior\BuildLiteBehavior [ RunTime:0.000016s ]
INFO: [ app_init ] --END-- [ RunTime:0.000360s ]
INFO: [ app_begin ] --START--
INFO: Run Behavior\ReadHtmlCacheBehavior [ RunTime:0.000458s ]
INFO: [ app_begin ] --END-- [ RunTime:0.000512s ]
SQL: SHOW COLUMNS FROM `mint_user` [ RunTime:0.0363s ]
SQL: SELECT c.app_uri as uri FROM mint_user a INNER JOIN mint_role_app b on a.role_id=b.role_id INNER JOIN mint_app c on b.app_id=c.id  WHERE a.id = '1'  [ RunTime:0.0347s ]
SQL: SHOW COLUMNS FROM `mint_archives` [ RunTime:0.0346s ]
SQL: SELECT `create_time` FROM `mint_archives` WHERE `user_id` = '722' AND `type` = '1' GROUP BY create_time ORDER BY create_time desc,id desc  [ RunTime:0.0344s ]
INFO: [ app_end ] --START--
INFO: Run Behavior\ShowPageTraceBehavior [ RunTime:0.000601s ]
INFO: [ app_end ] --END-- [ RunTime:0.000670s ]

[ 2016-11-18T15:39:41+08:00 ] ::1 /mintAdmin/index.php/Admin/Index/getUserInfo
INFO: [ app_init ] --START--
INFO: Run Behavior\BuildLiteBehavior [ RunTime:0.000019s ]
INFO: [ app_init ] --END-- [ RunTime:0.000440s ]
INFO: [ app_begin ] --START--
INFO: Run Behavior\ReadHtmlCacheBehavior [ RunTime:0.000730s ]
INFO: [ app_begin ] --END-- [ RunTime:0.000837s ]
SQL: SHOW COLUMNS FROM `mint_user` [ RunTime:0.0350s ]
SQL: SELECT * FROM `mint_user` WHERE `id` = 1 LIMIT 1   [ RunTime:0.0346s ]
SQL: SHOW COLUMNS FROM `mint_app` [ RunTime:0.0352s ]
SQL: SELECT `id`,`app_name`,`app_uri`,`app_url`,`parent_id` FROM `mint_app` ORDER BY sort  [ RunTime:0.0339s ]

[ 2016-11-18T15:39:41+08:00 ] ::1 /mintAdmin/index.php/Admin/User/sltDateRecords
INFO: [ app_init ] --START--
INFO: Run Behavior\BuildLiteBehavior [ RunTime:0.000019s ]
INFO: [ app_init ] --END-- [ RunTime:0.000421s ]
INFO: [ app_begin ] --START--
INFO: Run Behavior\ReadHtmlCacheBehavior [ RunTime:0.000536s ]
INFO: [ app_begin ] --END-- [ RunTime:0.000606s ]
SQL: SHOW COLUMNS FROM `mint_user` [ RunTime:0.0355s ]
SQL: SELECT c.app_uri as uri FROM mint_user a INNER JOIN mint_role_app b on a.role_id=b.role_id INNER JOIN mint_app c on b.app_id=c.id  WHERE a.id = '1'  [ RunTime:0.0327s ]
SQL: SHOW COLUMNS FROM `mint_archives` [ RunTime:0.0329s ]
SQL: SELECT `create_time` FROM `mint_archives` WHERE `user_id` = '722' AND `type` = '1' GROUP BY create_time ORDER BY create_time desc,id desc  [ RunTime:0.0324s ]
INFO: [ app_end ] --START--
INFO: Run Behavior\ShowPageTraceBehavior [ RunTime:0.000641s ]
INFO: [ app_end ] --END-- [ RunTime:0.000710s ]

[ 2016-11-18T15:39:41+08:00 ] ::1 /mintAdmin/index.php/Admin/User/sltArchives
INFO: [ app_init ] --START--
INFO: Run Behavior\BuildLiteBehavior [ RunTime:0.000014s ]
INFO: [ app_init ] --END-- [ RunTime:0.000350s ]
INFO: [ app_begin ] --START--
INFO: Run Behavior\ReadHtmlCacheBehavior [ RunTime:0.000644s ]
INFO: [ app_begin ] --END-- [ RunTime:0.000705s ]
SQL: SHOW COLUMNS FROM `mint_user` [ RunTime:0.0336s ]
SQL: SELECT c.app_uri as uri FROM mint_user a INNER JOIN mint_role_app b on a.role_id=b.role_id INNER JOIN mint_app c on b.app_id=c.id  WHERE a.id = '1'  [ RunTime:0.0325s ]
SQL: SHOW COLUMNS FROM `mint_archives` [ RunTime:0.0328s ]
SQL: SELECT * FROM `mint_archives` WHERE `user_id` = '722' AND `create_time` = 1479398400 AND `type` = '1' LIMIT 1   [ RunTime:0.0332s ]
INFO: [ app_end ] --START--
INFO: Run Behavior\ShowPageTraceBehavior [ RunTime:0.000601s ]
INFO: [ app_end ] --END-- [ RunTime:0.000660s ]

[ 2016-11-18T15:43:19+08:00 ] ::1 /mintAdmin/index.php/Admin/Index/getUserInfo
INFO: [ app_init ] --START--
INFO: Run Behavior\BuildLiteBehavior [ RunTime:0.000018s ]
INFO: [ app_init ] --END-- [ RunTime:0.000539s ]
INFO: [ app_begin ] --START--
INFO: Run Behavior\ReadHtmlCacheBehavior [ RunTime:0.000554s ]
INFO: [ app_begin ] --END-- [ RunTime:0.000625s ]
SQL: SHOW COLUMNS FROM `mint_user` [ RunTime:0.0351s ]
SQL: SELECT * FROM `mint_user` WHERE `id` = 1 LIMIT 1   [ RunTime:0.0454s ]
SQL: SHOW COLUMNS FROM `mint_app` [ RunTime:0.0355s ]
SQL: SELECT `id`,`app_name`,`app_uri`,`app_url`,`parent_id` FROM `mint_app` ORDER BY sort  [ RunTime:0.0338s ]

[ 2016-11-18T15:43:19+08:00 ] ::1 /mintAdmin/index.php/Admin/User/sltArchives
INFO: [ app_init ] --START--
INFO: Run Behavior\BuildLiteBehavior [ RunTime:0.000030s ]
INFO: [ app_init ] --END-- [ RunTime:0.000620s ]
INFO: [ app_begin ] --START--
INFO: Run Behavior\ReadHtmlCacheBehavior [ RunTime:0.002692s ]
INFO: [ app_begin ] --END-- [ RunTime:0.002808s ]
SQL: SHOW COLUMNS FROM `mint_user` [ RunTime:0.0344s ]
SQL: SELECT c.app_uri as uri FROM mint_user a INNER JOIN mint_role_app b on a.role_id=b.role_id INNER JOIN mint_app c on b.app_id=c.id  WHERE a.id = '1'  [ RunTime:0.0330s ]
SQL: SHOW COLUMNS FROM `mint_archives` [ RunTime:0.0335s ]
SQL: SELECT * FROM `mint_archives` WHERE `user_id` = '722' AND `create_time` = 1479398400 AND `type` = '1' LIMIT 1   [ RunTime:0.0341s ]
INFO: [ app_end ] --START--
INFO: Run Behavior\ShowPageTraceBehavior [ RunTime:0.000767s ]
INFO: [ app_end ] --END-- [ RunTime:0.000921s ]

[ 2016-11-18T15:43:19+08:00 ] ::1 /mintAdmin/index.php/Admin/User/sltDateRecords
INFO: [ app_init ] --START--
INFO: Run Behavior\BuildLiteBehavior [ RunTime:0.000041s ]
INFO: [ app_init ] --END-- [ RunTime:0.000865s ]
INFO: [ app_begin ] --START--
INFO: Run Behavior\ReadHtmlCacheBehavior [ RunTime:0.001491s ]
INFO: [ app_begin ] --END-- [ RunTime:0.001638s ]
SQL: SHOW COLUMNS FROM `mint_user` [ RunTime:0.0338s ]
SQL: SELECT c.app_uri as uri FROM mint_user a INNER JOIN mint_role_app b on a.role_id=b.role_id INNER JOIN mint_app c on b.app_id=c.id  WHERE a.id = '1'  [ RunTime:0.0324s ]
SQL: SHOW COLUMNS FROM `mint_archives` [ RunTime:0.0328s ]
SQL: SELECT `create_time` FROM `mint_archives` WHERE `user_id` = '722' AND `type` = '1' GROUP BY create_time ORDER BY create_time desc,id desc  [ RunTime:0.0321s ]
INFO: [ app_end ] --START--
INFO: Run Behavior\ShowPageTraceBehavior [ RunTime:0.000671s ]
INFO: [ app_end ] --END-- [ RunTime:0.000739s ]

[ 2016-11-18T15:44:56+08:00 ] ::1 /mintAdmin/index.php/Admin/Index/getUserInfo
INFO: [ app_init ] --START--
INFO: Run Behavior\BuildLiteBehavior [ RunTime:0.000018s ]
INFO: [ app_init ] --END-- [ RunTime:0.000436s ]
INFO: [ app_begin ] --START--
INFO: Run Behavior\ReadHtmlCacheBehavior [ RunTime:0.001025s ]
INFO: [ app_begin ] --END-- [ RunTime:0.001163s ]
SQL: SHOW COLUMNS FROM `mint_user` [ RunTime:0.0358s ]
SQL: SELECT * FROM `mint_user` WHERE `id` = 1 LIMIT 1   [ RunTime:0.0348s ]
SQL: SHOW COLUMNS FROM `mint_app` [ RunTime:0.0350s ]
SQL: SELECT `id`,`app_name`,`app_uri`,`app_url`,`parent_id` FROM `mint_app` ORDER BY sort  [ RunTime:0.0354s ]

[ 2016-11-18T15:44:56+08:00 ] ::1 /mintAdmin/index.php/Admin/User/sltArchives
INFO: [ app_init ] --START--
INFO: Run Behavior\BuildLiteBehavior [ RunTime:0.000026s ]
INFO: [ app_init ] --END-- [ RunTime:0.000544s ]
INFO: [ app_begin ] --START--
INFO: Run Behavior\ReadHtmlCacheBehavior [ RunTime:0.000804s ]
INFO: [ app_begin ] --END-- [ RunTime:0.000927s ]
SQL: SHOW COLUMNS FROM `mint_user` [ RunTime:0.0338s ]
SQL: SELECT c.app_uri as uri FROM mint_user a INNER JOIN mint_role_app b on a.role_id=b.role_id INNER JOIN mint_app c on b.app_id=c.id  WHERE a.id = '1'  [ RunTime:0.0324s ]
SQL: SHOW COLUMNS FROM `mint_archives` [ RunTime:0.0330s ]
SQL: SELECT * FROM `mint_archives` WHERE `user_id` = '722' AND `create_time` = 1479398400 AND `type` = '1' LIMIT 1   [ RunTime:0.0336s ]
INFO: [ app_end ] --START--
INFO: Run Behavior\ShowPageTraceBehavior [ RunTime:0.000658s ]
INFO: [ app_end ] --END-- [ RunTime:0.000721s ]

[ 2016-11-18T15:44:56+08:00 ] ::1 /mintAdmin/index.php/Admin/User/sltDateRecords
INFO: [ app_init ] --START--
INFO: Run Behavior\BuildLiteBehavior [ RunTime:0.000029s ]
INFO: [ app_init ] --END-- [ RunTime:0.000682s ]
INFO: [ app_begin ] --START--
INFO: Run Behavior\ReadHtmlCacheBehavior [ RunTime:0.000884s ]
INFO: [ app_begin ] --END-- [ RunTime:0.001015s ]
SQL: SHOW COLUMNS FROM `mint_user` [ RunTime:0.0343s ]
SQL: SELECT c.app_uri as uri FROM mint_user a INNER JOIN mint_role_app b on a.role_id=b.role_id INNER JOIN mint_app c on b.app_id=c.id  WHERE a.id = '1'  [ RunTime:0.0331s ]
SQL: SHOW COLUMNS FROM `mint_archives` [ RunTime:0.0329s ]
SQL: SELECT `create_time` FROM `mint_archives` WHERE `user_id` = '722' AND `type` = '1' GROUP BY create_time ORDER BY create_time desc,id desc  [ RunTime:0.0335s ]
INFO: [ app_end ] --START--
INFO: Run Behavior\ShowPageTraceBehavior [ RunTime:0.000905s ]
INFO: [ app_end ] --END-- [ RunTime:0.001001s ]

[ 2016-11-18T16:43:10+08:00 ] ::1 /mintAdmin/index.php/Admin/User/editArchives2
INFO: [ app_init ] --START--
INFO: Run Behavior\BuildLiteBehavior [ RunTime:0.000016s ]
INFO: [ app_init ] --END-- [ RunTime:0.000392s ]
INFO: [ app_begin ] --START--
INFO: Run Behavior\ReadHtmlCacheBehavior [ RunTime:0.000493s ]
INFO: [ app_begin ] --END-- [ RunTime:0.000552s ]
SQL: SHOW COLUMNS FROM `mint_user` [ RunTime:0.0354s ]
SQL: SELECT c.app_uri as uri FROM mint_user a INNER JOIN mint_role_app b on a.role_id=b.role_id INNER JOIN mint_app c on b.app_id=c.id  WHERE a.id = '1'  [ RunTime:0.0336s ]
SQL: SHOW COLUMNS FROM `mint_archives` [ RunTime:0.0342s ]
SQL: UPDATE `mint_archives` SET `content`='{&quot;body_condition&quot;:[{&quot;state&quot;:&quot;1&quot;,&quot;name&quot;:&quot;心脏病史&quot;,&quot;date&quot;:&quot;&quot;},{&quot;state&quot;:&quot;1&quot;,&quot;name&quot;:&quot;高血压病史&quot;,&quot;date&quot;:&quot;&quot;},{&quot;state&quot;:&quot;1&quot;,&quot;name&quot;:&quot;糖尿病史&quot;,&quot;date&quot;:&quot;&quot;},{&quot;state&quot;:&quot;1&quot;,&quot;name&quot;:&quot;风湿病&quot;,&quot;date&quot;:&quot;&quot;},{&quot;state&quot;:&quot;1&quot;,&quot;name&quot;:&quot;癫痫病&quot;,&quot;date&quot;:&quot;&quot;},{&quot;state&quot;:&quot;1&quot;,&quot;name&quot;:&quot;在妊娠期&quot;,&quot;date&quot;:&quot;&quot;},{&quot;state&quot;:&quot;1&quot;,&quot;name&quot;:&quot;在哺乳期&quot;,&quot;date&quot;:&quot;&quot;},{&quot;state&quot;:&quot;1&quot;,&quot;name&quot;:&quot;定期体检&quot;,&quot;date&quot;:&quot;2016-11-09&quot;},{&quot;state&quot;:&quot;1&quot;,&quot;name&quot;:&quot;定期洗牙&quot;,&quot;date&quot;:&quot;2016-11-01&quot;}],&quot;family_history&quot;:[{&quot;state&quot;:&quot;1&quot;,&quot;name&quot;:&quot;牙周病&quot;,&quot;date&quot;:&quot;&quot;},{&quot;state&quot;:&quot;1&quot;,&quot;name&quot;:&quot;牙列不齐&quot;,&quot;date&quot;:&quot;&quot;},{&quot;state&quot;:&quot;1&quot;,&quot;name&quot;:&quot;颌骨发育异常&quot;,&quot;date&quot;:&quot;&quot;}],&quot;medicine&quot;:[{&quot;state&quot;:&quot;1&quot;,&quot;name&quot;:&quot;在服用抗凝药（阿司匹林/华法林等）&quot;,&quot;date&quot;:&quot;&quot;},{&quot;state&quot;:&quot;1&quot;,&quot;name&quot;:&quot;在服用免疫抑制剂（如环磷酰胺，他克莫司等）&quot;,&quot;date&quot;:&quot;&quot;},{&quot;state&quot;:&quot;1&quot;,&quot;name&quot;:&quot;在服用骨质疏松类治疗药物（如福善美）&quot;,&quot;date&quot;:&quot;&quot;},{&quot;state&quot;:&quot;1&quot;,&quot;name&quot;:&quot;近期在服用消炎止痛药&quot;,&quot;date&quot;:&quot;&quot;}],&quot;surgery&quot;:[{&quot;state&quot;:&quot;1&quot;,&quot;name&quot;:&quot;近期做过手术&quot;,&quot;date&quot;:&quot;12321&quot;}],&quot;allergy&quot;:[{&quot;state&quot;:&quot;1&quot;,&quot;name&quot;:&quot;青霉素类&quot;,&quot;date&quot;:&quot;&quot;},{&quot;state&quot;:&quot;1&quot;,&quot;name&quot;:&quot;磺胺类&quot;,&quot;date&quot;:&quot;&quot;},{&quot;state&quot;:&quot;1&quot;,&quot;name&quot;:&quot;局麻药&quot;,&quot;date&quot;:&quot;&quot;},{&quot;state&quot;:&quot;1&quot;,&quot;name&quot;:&quot;酒精&quot;,&quot;date&quot;:&quot;&quot;},{&quot;state&quot;:&quot;1&quot;,&quot;name&quot;:&quot;其他过敏情况&quot;,&quot;date&quot;:&quot;12321312&quot;}],&quot;infection&quot;:[{&quot;state&quot;:&quot;1&quot;,&quot;name&quot;:&quot;肝炎&quot;,&quot;date&quot;:&quot;&quot;},{&quot;state&quot;:&quot;1&quot;,&quot;name&quot;:&quot;结核&quot;,&quot;date&quot;:&quot;&quot;},{&quot;state&quot;:&quot;1&quot;,&quot;name&quot;:&quot;艾滋病&quot;,&quot;date&quot;:&quot;&quot;},{&quot;state&quot;:&quot;1&quot;,&quot;name&quot;:&quot;其他传染病&quot;,&quot;date&quot;:&quot;222&quot;}]}' WHERE `user_id` = '722' AND `create_time` = 1479398400 AND `type` = '1' [ RunTime:0.0431s ]
INFO: [ app_end ] --START--
INFO: Run Behavior\ShowPageTraceBehavior [ RunTime:0.000599s ]
INFO: [ app_end ] --END-- [ RunTime:0.000656s ]

[ 2016-11-18T16:43:11+08:00 ] ::1 /mintAdmin/index.php/Admin/User/sltDateRecords
INFO: [ app_init ] --START--
INFO: Run Behavior\BuildLiteBehavior [ RunTime:0.000015s ]
INFO: [ app_init ] --END-- [ RunTime:0.000344s ]
INFO: [ app_begin ] --START--
INFO: Run Behavior\ReadHtmlCacheBehavior [ RunTime:0.000504s ]
INFO: [ app_begin ] --END-- [ RunTime:0.000609s ]
SQL: SHOW COLUMNS FROM `mint_user` [ RunTime:0.0332s ]
SQL: SELECT c.app_uri as uri FROM mint_user a INNER JOIN mint_role_app b on a.role_id=b.role_id INNER JOIN mint_app c on b.app_id=c.id  WHERE a.id = '1'  [ RunTime:0.0320s ]
SQL: SHOW COLUMNS FROM `mint_archives` [ RunTime:0.0333s ]
SQL: SELECT `create_time` FROM `mint_archives` WHERE `user_id` = '722' AND `type` = '1' GROUP BY create_time ORDER BY create_time desc,id desc  [ RunTime:0.0321s ]
INFO: [ app_end ] --START--
INFO: Run Behavior\ShowPageTraceBehavior [ RunTime:0.000562s ]
INFO: [ app_end ] --END-- [ RunTime:0.000632s ]

