[ 2016-11-25T10:45:41+08:00 ] ::1 /mintAdmin/index.php/Admin/User/editArchives
INFO: [ app_init ] --START--
INFO: Run Behavior\BuildLiteBehavior [ RunTime:0.000018s ]
INFO: [ app_init ] --END-- [ RunTime:0.000716s ]
INFO: [ app_begin ] --START--
INFO: Run Behavior\ReadHtmlCacheBehavior [ RunTime:0.000896s ]
INFO: [ app_begin ] --END-- [ RunTime:0.000981s ]
SQL: SHOW COLUMNS FROM `mint_user` [ RunTime:0.0386s ]
SQL: SELECT c.app_uri as uri FROM mint_user a INNER JOIN mint_role_app b on a.role_id=b.role_id INNER JOIN mint_app c on b.app_id=c.id  WHERE a.id = '1'  [ RunTime:0.0334s ]
SQL: SHOW COLUMNS FROM `mint_archives` [ RunTime:0.0334s ]
SQL: SELECT * FROM `mint_archives` WHERE `user_id` = '723' AND `create_time` = 1480003200 AND `type` = '2' LIMIT 1   [ RunTime:0.0331s ]
SQL: INSERT INTO `mint_archives` (`user_id`,`content`,`type`,`create_time`) VALUES ('723','{&quot;teeth&quot;:[{&quot;name&quot;:&quot;牙体&quot;,&quot;content&quot;:[{&quot;bool&quot;:false,&quot;sum&quot;:&quot;&quot;,&quot;name&quot;:&quot;楔状缺损&quot;,&quot;id&quot;:&quot;H_content_list_item_1&quot;},{&quot;bool&quot;:false,&quot;sum&quot;:&quot;&quot;,&quot;name&quot;:&quot;形态异常&quot;,&quot;id&quot;:&quot;H_content_list_item_2&quot;},{&quot;bool&quot;:false,&quot;sum&quot;:&quot;&quot;,&quot;name&quot;:&quot;龋齿&quot;,&quot;id&quot;:&quot;H_content_list_item_3&quot;},{&quot;bool&quot;:false,&quot;sum&quot;:&quot;&quot;,&quot;name&quot;:&quot;缺失牙&quot;,&quot;id&quot;:&quot;H_content_list_item_4&quot;},{&quot;bool&quot;:false,&quot;sum&quot;:&quot;&quot;,&quot;name&quot;:&quot;萌生异常&quot;,&quot;id&quot;:&quot;H_content_list_item_5&quot;},{&quot;bool&quot;:false,&quot;sum&quot;:&quot;&quot;,&quot;name&quot;:&quot;多生牙&quot;,&quot;id&quot;:&quot;H_content_list_item_6&quot;},{&quot;bool&quot;:false,&quot;sum&quot;:&quot;&quot;,&quot;name&quot;:&quot;牙体发育异常&quot;,&quot;id&quot;:&quot;H_content_list_item_7&quot;},{&quot;bool&quot;:false,&quot;sum&quot;:&quot;&quot;,&quot;name&quot;:&quot;牙齿表面缺损&quot;,&quot;id&quot;:&quot;H_content_list_item_8&quot;},{&quot;bool&quot;:false,&quot;sum&quot;:&quot;&quot;,&quot;name&quot;:&quot;隐裂&quot;,&quot;id&quot;:&quot;H_content_list_item_9&quot;}]}],&quot;teeth_around&quot;:[{&quot;name&quot;:&quot;牙石&quot;,&quot;id&quot;:&quot;H_teeth_roundt1&quot;,&quot;bool&quot;:&quot;2&quot;,&quot;choose&quot;:[{&quot;name&quot;:&quot;Ⅰ&quot;,&quot;id&quot;:&quot;H_content_list_item_t10&quot;,&quot;count&quot;:1},{&quot;name&quot;:&quot;Ⅱ&quot;,&quot;id&quot;:&quot;H_content_list_item_t11&quot;,&quot;count&quot;:2},{&quot;name&quot;:&quot;Ⅲ&quot;,&quot;id&quot;:&quot;H_content_list_item_t12&quot;,&quot;count&quot;:3}]},{&quot;name&quot;:&quot;松动&quot;,&quot;id&quot;:&quot;H_teeth_roundt2&quot;,&quot;bool&quot;:&quot;2&quot;,&quot;choose&quot;:[{&quot;name&quot;:&quot;Ⅰ&quot;,&quot;id&quot;:&quot;H_content_list_item_t13&quot;,&quot;count&quot;:1},{&quot;name&quot;:&quot;Ⅱ&quot;,&quot;id&quot;:&quot;H_content_list_item_t14&quot;,&quot;count&quot;:2},{&quot;name&quot;:&quot;Ⅲ&quot;,&quot;id&quot;:&quot;H_content_list_item_t15&quot;,&quot;count&quot;:3}]},{&quot;name&quot;:&quot;出血&quot;,&quot;id&quot;:&quot;H_teeth_roundt3&quot;,&quot;bool&quot;:&quot;2&quot;,&quot;choose&quot;:[{&quot;name&quot;:&quot;Ⅰ&quot;,&quot;id&quot;:&quot;H_content_list_item_t16&quot;,&quot;count&quot;:1},{&quot;name&quot;:&quot;Ⅱ&quot;,&quot;id&quot;:&quot;H_content_list_item_t17&quot;,&quot;count&quot;:2},{&quot;name&quot;:&quot;Ⅲ&quot;,&quot;id&quot;:&quot;H_content_list_item_t18&quot;,&quot;count&quot;:3},{&quot;name&quot;:&quot;IV&quot;,&quot;id&quot;:&quot;H_content_list_item_t19&quot;,&quot;count&quot;:4},{&quot;name&quot;:&quot;V&quot;,&quot;id&quot;:&quot;H_content_list_item_t20&quot;,&quot;count&quot;:5}]}],&quot;mucosa&quot;:[{&quot;name&quot;:&quot;正常&quot;,&quot;bool&quot;:true,&quot;id&quot;:&quot;H_content_list_item_21&quot;,&quot;content&quot;:&quot;&quot;},{&quot;name&quot;:&quot;白色斑块&quot;,&quot;bool&quot;:true,&quot;id&quot;:&quot;H_content_list_item_22&quot;,&quot;content&quot;:&quot;&quot;},{&quot;name&quot;:&quot;红色斑块&quot;,&quot;id&quot;:&quot;H_content_list_item_23&quot;,&quot;bool&quot;:false,&quot;content&quot;:&quot;&quot;},{&quot;name&quot;:&quot;扁平苔藓&quot;,&quot;id&quot;:&quot;H_content_list_item_24&quot;,&quot;bool&quot;:false,&quot;content&quot;:&quot;&quot;},{&quot;name&quot;:&quot;溃疡&quot;,&quot;id&quot;:&quot;H_content_list_item_25&quot;,&quot;bool&quot;:false,&quot;content&quot;:&quot;&quot;},{&quot;id&quot;:&quot;H_content_list_item_26&quot;,&quot;name&quot;:&quot;其他&quot;,&quot;bool&quot;:true,&quot;content&quot;:&quot;&quot;,&quot;teshu&quot;:&quot;1&quot;}],&quot;surgery&quot;:[{&quot;name&quot;:&quot;开口度&quot;,&quot;id&quot;:&quot;H_teeth_roundt4&quot;,&quot;bool&quot;:&quot;3&quot;,&quot;choose&quot;:[{&quot;name&quot;:&quot;三指宽度&quot;,&quot;id&quot;:&quot;H_content_list_item_t27&quot;,&quot;count&quot;:1},{&quot;name&quot;:&quot;两指宽度&quot;,&quot;id&quot;:&quot;H_content_list_item_t28&quot;,&quot;count&quot;:2},{&quot;name&quot;:&quot;一指宽度，甚至更小&quot;,&quot;id&quot;:&quot;H_content_list_item_t29&quot;,&quot;count&quot;:3}]},{&quot;name&quot;:&quot;开口型&quot;,&quot;id&quot;:&quot;H_teeth_roundt5&quot;,&quot;bool&quot;:&quot;&quot;,&quot;choose&quot;:[{&quot;name&quot;:&quot;直线&quot;,&quot;id&quot;:&quot;H_content_list_item_t30&quot;,&quot;count&quot;:1},{&quot;name&quot;:&quot;左偏&quot;,&quot;id&quot;:&quot;H_content_list_item_t31&quot;,&quot;count&quot;:2},{&quot;name&quot;:&quot;右偏&quot;,&quot;id&quot;:&quot;H_content_list_item_t32&quot;,&quot;count&quot;:3}]},{&quot;name&quot;:&quot;面型&quot;,&quot;id&quot;:&quot;H_teeth_roundt6&quot;,&quot;bool&quot;:&quot;1&quot;,&quot;choose&quot;:[{&quot;name&quot;:&quot;大致对称&quot;,&quot;id&quot;:&quot;H_content_list_item_t33&quot;,&quot;count&quot;:1},{&quot;name&quot;:&quot;中线左偏&quot;,&quot;id&quot;:&quot;H_content_list_item_t34&quot;,&quot;count&quot;:2},{&quot;name&quot;:&quot;中线右偏&quot;,&quot;id&quot;:&quot;H_content_list_item_t3400&quot;,&quot;count&quot;:3}]},{&quot;name&quot;:&quot;&quot;,&quot;id&quot;:&quot;H_teeth_roundt7&quot;,&quot;bool&quot;:&quot;2&quot;,&quot;choose&quot;:[{&quot;name&quot;:&quot;直面型&quot;,&quot;id&quot;:&quot;H_content_list_item_t35&quot;,&quot;count&quot;:1},{&quot;name&quot;:&quot;凹面型&quot;,&quot;id&quot;:&quot;H_content_list_item_t36&quot;,&quot;count&quot;:2},{&quot;name&quot;:&quot;凸面型&quot;,&quot;id&quot;:&quot;H_content_list_item_t37&quot;,&quot;count&quot;:3}]},{&quot;name&quot;:&quot;牙列&quot;,&quot;id&quot;:&quot;H_teeth_roundt8&quot;,&quot;bool&quot;:&quot;&quot;,&quot;choose&quot;:[{&quot;name&quot;:&quot;正常&quot;,&quot;id&quot;:&quot;H_content_list_item_t3800&quot;,&quot;count&quot;:1},{&quot;name&quot;:&quot;拥挤&quot;,&quot;id&quot;:&quot;H_content_list_item_t38&quot;,&quot;count&quot;:2},{&quot;name&quot;:&quot;间隙&quot;,&quot;id&quot;:&quot;H_content_list_item_t39&quot;,&quot;count&quot;:3}]},{&quot;name&quot;:&quot;磨牙关系&quot;,&quot;id&quot;:&quot;H_teeth_roundt9&quot;,&quot;bool&quot;:&quot;2&quot;,&quot;choose&quot;:[{&quot;name&quot;:&quot;Ⅰ&quot;,&quot;id&quot;:&quot;H_content_list_item_t40&quot;,&quot;count&quot;:1},{&quot;name&quot;:&quot;Ⅱ&quot;,&quot;id&quot;:&quot;H_content_list_item_t41&quot;,&quot;count&quot;:2},{&quot;name&quot;:&quot;Ⅲ&quot;,&quot;id&quot;:&quot;H_content_list_item_t42&quot;,&quot;count&quot;:3}]},{&quot;name&quot;:&quot;前牙关系&quot;,&quot;id&quot;:&quot;H_teeth_roundt10&quot;,&quot;bool&quot;:&quot;3&quot;,&quot;choose&quot;:[{&quot;name&quot;:&quot;正常&quot;,&quot;id&quot;:&quot;H_content_list_item_t4300&quot;,&quot;count&quot;:1},{&quot;name&quot;:&quot;反合&quot;,&quot;id&quot;:&quot;H_content_list_item_t43&quot;,&quot;count&quot;:2},{&quot;name&quot;:&quot;开合&quot;,&quot;id&quot;:&quot;H_content_list_item_t44&quot;,&quot;count&quot;:3},{&quot;name&quot;:&quot;对刃&quot;,&quot;id&quot;:&quot;H_content_list_item_t45&quot;,&quot;count&quot;:4}]}],&quot;newadd&quot;:[{&quot;name&quot;:&quot;&quot;,&quot;content&quot;:[{&quot;name&quot;:&quot;深覆盖&quot;,&quot;id&quot;:&quot;H_content_list_item_t5100&quot;,&quot;bool&quot;:true},{&quot;name&quot;:&quot;深覆合&quot;,&quot;id&quot;:&quot;H_content_list_item_t5200&quot;,&quot;bool&quot;:true}]},{&quot;name&quot;:&quot;系带&quot;,&quot;content&quot;:[{&quot;name&quot;:&quot;唇系带过低&quot;,&quot;id&quot;:&quot;H_content_list_item_t51&quot;,&quot;bool&quot;:true},{&quot;name&quot;:&quot;舌系带过短&quot;,&quot;id&quot;:&quot;H_content_list_item_t52&quot;,&quot;bool&quot;:true},{&quot;name&quot;:&quot;正常&quot;,&quot;id&quot;:&quot;H_content_list_item_t5300&quot;,&quot;bool&quot;:true}]},{&quot;name&quot;:&quot;TMG&quot;,&quot;content&quot;:[{&quot;name&quot;:&quot;关节弹响&quot;,&quot;id&quot;:&quot;H_content_list_item_t53&quot;,&quot;bool&quot;:true},{&quot;name&quot;:&quot;关节压痛&quot;,&quot;id&quot;:&quot;H_content_list_item_t54&quot;,&quot;bool&quot;:true},{&quot;name&quot;:&quot;关节脱位&quot;,&quot;id&quot;:&quot;H_content_list_item_t55&quot;,&quot;bool&quot;:true}]}],&quot;teeth_repair&quot;:&quot;123213按时打算、&quot;,&quot;surgeryNO&quot;:&quot;外科情况正常&quot;,&quot;mucosaNO&quot;:&quot;粘膜正常&quot;}','2','1480003200') [ RunTime:0.0694s ]
INFO: [ app_end ] --START--
INFO: Run Behavior\ShowPageTraceBehavior [ RunTime:0.000912s ]
INFO: [ app_end ] --END-- [ RunTime:0.000984s ]

[ 2016-11-25T10:45:42+08:00 ] ::1 /mintAdmin/index.php/Admin/User/sltDateRecords
INFO: [ app_init ] --START--
INFO: Run Behavior\BuildLiteBehavior [ RunTime:0.000030s ]
INFO: [ app_init ] --END-- [ RunTime:0.000650s ]
INFO: [ app_begin ] --START--
INFO: Run Behavior\ReadHtmlCacheBehavior [ RunTime:0.000860s ]
INFO: [ app_begin ] --END-- [ RunTime:0.000990s ]
SQL: SHOW COLUMNS FROM `mint_user` [ RunTime:0.0347s ]
SQL: SELECT c.app_uri as uri FROM mint_user a INNER JOIN mint_role_app b on a.role_id=b.role_id INNER JOIN mint_app c on b.app_id=c.id  WHERE a.id = '1'  [ RunTime:0.0335s ]
SQL: SHOW COLUMNS FROM `mint_archives` [ RunTime:0.0330s ]
SQL: SELECT `create_time` FROM `mint_archives` WHERE `user_id` = '723' AND `type` = '2' GROUP BY create_time ORDER BY create_time desc,id desc  [ RunTime:0.0325s ]
INFO: [ app_end ] --START--
INFO: Run Behavior\ShowPageTraceBehavior [ RunTime:0.000607s ]
INFO: [ app_end ] --END-- [ RunTime:0.000676s ]

[ 2016-11-25T10:45:42+08:00 ] ::1 /mintAdmin/index.php/Admin/User/sltDateRecords
INFO: [ app_init ] --START--
INFO: Run Behavior\BuildLiteBehavior [ RunTime:0.000023s ]
INFO: [ app_init ] --END-- [ RunTime:0.000758s ]
INFO: [ app_begin ] --START--
INFO: Run Behavior\ReadHtmlCacheBehavior [ RunTime:0.001485s ]
INFO: [ app_begin ] --END-- [ RunTime:0.001637s ]
SQL: SHOW COLUMNS FROM `mint_user` [ RunTime:0.0353s ]
SQL: SELECT c.app_uri as uri FROM mint_user a INNER JOIN mint_role_app b on a.role_id=b.role_id INNER JOIN mint_app c on b.app_id=c.id  WHERE a.id = '1'  [ RunTime:0.0336s ]
SQL: SHOW COLUMNS FROM `mint_archives` [ RunTime:0.0334s ]
SQL: SELECT `create_time` FROM `mint_archives` WHERE `user_id` = '723' AND `type` = '2' GROUP BY create_time ORDER BY create_time desc,id desc  [ RunTime:0.0331s ]
INFO: [ app_end ] --START--
INFO: Run Behavior\ShowPageTraceBehavior [ RunTime:0.001016s ]
INFO: [ app_end ] --END-- [ RunTime:0.001107s ]

[ 2016-11-25T10:45:43+08:00 ] ::1 /mintAdmin/index.php/Admin/Index/getUserInfo
INFO: [ app_init ] --START--
INFO: Run Behavior\BuildLiteBehavior [ RunTime:0.000044s ]
INFO: [ app_init ] --END-- [ RunTime:0.000881s ]
INFO: [ app_begin ] --START--
INFO: Run Behavior\ReadHtmlCacheBehavior [ RunTime:0.001025s ]
INFO: [ app_begin ] --END-- [ RunTime:0.001188s ]
SQL: SHOW COLUMNS FROM `mint_user` [ RunTime:0.0375s ]
SQL: SELECT * FROM `mint_user` WHERE `id` = 1 LIMIT 1   [ RunTime:0.0343s ]
SQL: SHOW COLUMNS FROM `mint_app` [ RunTime:0.0351s ]
SQL: SELECT `id`,`app_name`,`app_uri`,`app_url`,`parent_id` FROM `mint_app` ORDER BY sort  [ RunTime:0.0334s ]

[ 2016-11-25T10:45:43+08:00 ] ::1 /mintAdmin/index.php/Admin/User/sltArchives
INFO: [ app_init ] --START--
INFO: Run Behavior\BuildLiteBehavior [ RunTime:0.000027s ]
INFO: [ app_init ] --END-- [ RunTime:0.000602s ]
INFO: [ app_begin ] --START--
INFO: Run Behavior\ReadHtmlCacheBehavior [ RunTime:0.000791s ]
INFO: [ app_begin ] --END-- [ RunTime:0.000900s ]
SQL: SHOW COLUMNS FROM `mint_user` [ RunTime:0.0357s ]
SQL: SELECT c.app_uri as uri FROM mint_user a INNER JOIN mint_role_app b on a.role_id=b.role_id INNER JOIN mint_app c on b.app_id=c.id  WHERE a.id = '1'  [ RunTime:0.0336s ]
SQL: SHOW COLUMNS FROM `mint_archives` [ RunTime:0.0366s ]
SQL: SELECT * FROM `mint_archives` WHERE `user_id` = '723' AND `create_time` = 1480003200 AND `type` = '2' LIMIT 1   [ RunTime:0.0988s ]
INFO: [ app_end ] --START--
INFO: Run Behavior\ShowPageTraceBehavior [ RunTime:0.000663s ]
INFO: [ app_end ] --END-- [ RunTime:0.000721s ]

[ 2016-11-25T10:45:50+08:00 ] ::1 /mintAdmin/index.php/Admin/User/sltDateRecords
INFO: [ app_init ] --START--
INFO: Run Behavior\BuildLiteBehavior [ RunTime:0.000028s ]
INFO: [ app_init ] --END-- [ RunTime:0.000803s ]
INFO: [ app_begin ] --START--
INFO: Run Behavior\ReadHtmlCacheBehavior [ RunTime:0.001065s ]
INFO: [ app_begin ] --END-- [ RunTime:0.001233s ]
SQL: SHOW COLUMNS FROM `mint_user` [ RunTime:0.0343s ]
SQL: SELECT c.app_uri as uri FROM mint_user a INNER JOIN mint_role_app b on a.role_id=b.role_id INNER JOIN mint_app c on b.app_id=c.id  WHERE a.id = '1'  [ RunTime:0.0327s ]
SQL: SHOW COLUMNS FROM `mint_archives` [ RunTime:0.0336s ]
SQL: SELECT `create_time` FROM `mint_archives` WHERE `user_id` = '723' AND `type` = '2' GROUP BY create_time ORDER BY create_time desc,id desc  [ RunTime:0.0332s ]
INFO: [ app_end ] --START--
INFO: Run Behavior\ShowPageTraceBehavior [ RunTime:0.001217s ]
INFO: [ app_end ] --END-- [ RunTime:0.001302s ]

[ 2016-11-25T10:45:51+08:00 ] ::1 /mintAdmin/index.php/Admin/Index/getUserInfo
INFO: [ app_init ] --START--
INFO: Run Behavior\BuildLiteBehavior [ RunTime:0.000030s ]
INFO: [ app_init ] --END-- [ RunTime:0.000706s ]
INFO: [ app_begin ] --START--
INFO: Run Behavior\ReadHtmlCacheBehavior [ RunTime:0.001256s ]
INFO: [ app_begin ] --END-- [ RunTime:0.001380s ]
SQL: SHOW COLUMNS FROM `mint_user` [ RunTime:0.0343s ]
SQL: SELECT * FROM `mint_user` WHERE `id` = 1 LIMIT 1   [ RunTime:0.0340s ]
SQL: SHOW COLUMNS FROM `mint_app` [ RunTime:0.0335s ]
SQL: SELECT `id`,`app_name`,`app_uri`,`app_url`,`parent_id` FROM `mint_app` ORDER BY sort  [ RunTime:0.0332s ]

[ 2016-11-25T10:45:51+08:00 ] ::1 /mintAdmin/index.php/Admin/User/sltArchives
INFO: [ app_init ] --START--
INFO: Run Behavior\BuildLiteBehavior [ RunTime:0.000017s ]
INFO: [ app_init ] --END-- [ RunTime:0.000377s ]
INFO: [ app_begin ] --START--
INFO: Run Behavior\ReadHtmlCacheBehavior [ RunTime:0.000494s ]
INFO: [ app_begin ] --END-- [ RunTime:0.000549s ]
SQL: SHOW COLUMNS FROM `mint_user` [ RunTime:0.0339s ]
SQL: SELECT c.app_uri as uri FROM mint_user a INNER JOIN mint_role_app b on a.role_id=b.role_id INNER JOIN mint_app c on b.app_id=c.id  WHERE a.id = '1'  [ RunTime:0.0325s ]
SQL: SHOW COLUMNS FROM `mint_archives` [ RunTime:0.0321s ]
SQL: SELECT * FROM `mint_archives` WHERE `user_id` = '723' AND `create_time` = 1480003200 AND `type` = '2' LIMIT 1   [ RunTime:0.0336s ]
INFO: [ app_end ] --START--
INFO: Run Behavior\ShowPageTraceBehavior [ RunTime:0.000628s ]
INFO: [ app_end ] --END-- [ RunTime:0.000695s ]

[ 2016-11-25T10:46:55+08:00 ] ::1 /mintAdmin/index.php/Admin/User/editArchives
INFO: [ app_init ] --START--
INFO: Run Behavior\BuildLiteBehavior [ RunTime:0.000014s ]
INFO: [ app_init ] --END-- [ RunTime:0.000348s ]
INFO: [ app_begin ] --START--
INFO: Run Behavior\ReadHtmlCacheBehavior [ RunTime:0.000453s ]
INFO: [ app_begin ] --END-- [ RunTime:0.000508s ]
SQL: SHOW COLUMNS FROM `mint_user` [ RunTime:0.0351s ]
SQL: SELECT c.app_uri as uri FROM mint_user a INNER JOIN mint_role_app b on a.role_id=b.role_id INNER JOIN mint_app c on b.app_id=c.id  WHERE a.id = '1'  [ RunTime:0.0340s ]
SQL: SHOW COLUMNS FROM `mint_archives` [ RunTime:0.0341s ]
SQL: SELECT * FROM `mint_archives` WHERE `user_id` = '723' AND `create_time` = 1480003200 AND `type` = '2' LIMIT 1   [ RunTime:0.0359s ]
SQL: UPDATE `mint_archives` SET `user_id`='723',`content`='{&quot;teeth&quot;:[{&quot;name&quot;:&quot;牙体&quot;,&quot;content&quot;:[{&quot;bool&quot;:false,&quot;sum&quot;:&quot;&quot;,&quot;name&quot;:&quot;楔状缺损&quot;,&quot;id&quot;:&quot;H_content_list_item_1&quot;},{&quot;bool&quot;:false,&quot;sum&quot;:&quot;&quot;,&quot;name&quot;:&quot;形态异常&quot;,&quot;id&quot;:&quot;H_content_list_item_2&quot;},{&quot;bool&quot;:false,&quot;sum&quot;:&quot;&quot;,&quot;name&quot;:&quot;龋齿&quot;,&quot;id&quot;:&quot;H_content_list_item_3&quot;},{&quot;bool&quot;:false,&quot;sum&quot;:&quot;&quot;,&quot;name&quot;:&quot;缺失牙&quot;,&quot;id&quot;:&quot;H_content_list_item_4&quot;},{&quot;bool&quot;:false,&quot;sum&quot;:&quot;&quot;,&quot;name&quot;:&quot;萌生异常&quot;,&quot;id&quot;:&quot;H_content_list_item_5&quot;},{&quot;bool&quot;:false,&quot;sum&quot;:&quot;&quot;,&quot;name&quot;:&quot;多生牙&quot;,&quot;id&quot;:&quot;H_content_list_item_6&quot;},{&quot;bool&quot;:false,&quot;sum&quot;:&quot;&quot;,&quot;name&quot;:&quot;牙体发育异常&quot;,&quot;id&quot;:&quot;H_content_list_item_7&quot;},{&quot;bool&quot;:false,&quot;sum&quot;:&quot;&quot;,&quot;name&quot;:&quot;牙齿表面缺损&quot;,&quot;id&quot;:&quot;H_content_list_item_8&quot;},{&quot;bool&quot;:false,&quot;sum&quot;:&quot;&quot;,&quot;name&quot;:&quot;隐裂&quot;,&quot;id&quot;:&quot;H_content_list_item_9&quot;}]}],&quot;teeth_around&quot;:[{&quot;name&quot;:&quot;牙石&quot;,&quot;id&quot;:&quot;H_teeth_roundt1&quot;,&quot;bool&quot;:&quot;2&quot;,&quot;choose&quot;:[{&quot;name&quot;:&quot;Ⅰ&quot;,&quot;id&quot;:&quot;H_content_list_item_t10&quot;,&quot;count&quot;:1},{&quot;name&quot;:&quot;Ⅱ&quot;,&quot;id&quot;:&quot;H_content_list_item_t11&quot;,&quot;count&quot;:2},{&quot;name&quot;:&quot;Ⅲ&quot;,&quot;id&quot;:&quot;H_content_list_item_t12&quot;,&quot;count&quot;:3}]},{&quot;name&quot;:&quot;松动&quot;,&quot;id&quot;:&quot;H_teeth_roundt2&quot;,&quot;bool&quot;:&quot;2&quot;,&quot;choose&quot;:[{&quot;name&quot;:&quot;Ⅰ&quot;,&quot;id&quot;:&quot;H_content_list_item_t13&quot;,&quot;count&quot;:1},{&quot;name&quot;:&quot;Ⅱ&quot;,&quot;id&quot;:&quot;H_content_list_item_t14&quot;,&quot;count&quot;:2},{&quot;name&quot;:&quot;Ⅲ&quot;,&quot;id&quot;:&quot;H_content_list_item_t15&quot;,&quot;count&quot;:3}]},{&quot;name&quot;:&quot;出血&quot;,&quot;id&quot;:&quot;H_teeth_roundt3&quot;,&quot;bool&quot;:&quot;2&quot;,&quot;choose&quot;:[{&quot;name&quot;:&quot;Ⅰ&quot;,&quot;id&quot;:&quot;H_content_list_item_t16&quot;,&quot;count&quot;:1},{&quot;name&quot;:&quot;Ⅱ&quot;,&quot;id&quot;:&quot;H_content_list_item_t17&quot;,&quot;count&quot;:2},{&quot;name&quot;:&quot;Ⅲ&quot;,&quot;id&quot;:&quot;H_content_list_item_t18&quot;,&quot;count&quot;:3},{&quot;name&quot;:&quot;IV&quot;,&quot;id&quot;:&quot;H_content_list_item_t19&quot;,&quot;count&quot;:4},{&quot;name&quot;:&quot;V&quot;,&quot;id&quot;:&quot;H_content_list_item_t20&quot;,&quot;count&quot;:5}]}],&quot;mucosa&quot;:[{&quot;name&quot;:&quot;正常&quot;,&quot;bool&quot;:true,&quot;id&quot;:&quot;H_content_list_item_21&quot;,&quot;content&quot;:&quot;&quot;},{&quot;name&quot;:&quot;白色斑块&quot;,&quot;bool&quot;:true,&quot;id&quot;:&quot;H_content_list_item_22&quot;,&quot;content&quot;:&quot;&quot;},{&quot;name&quot;:&quot;红色斑块&quot;,&quot;id&quot;:&quot;H_content_list_item_23&quot;,&quot;bool&quot;:true,&quot;content&quot;:&quot;&quot;},{&quot;name&quot;:&quot;扁平苔藓&quot;,&quot;id&quot;:&quot;H_content_list_item_24&quot;,&quot;bool&quot;:true,&quot;content&quot;:&quot;&quot;},{&quot;name&quot;:&quot;溃疡&quot;,&quot;id&quot;:&quot;H_content_list_item_25&quot;,&quot;bool&quot;:true,&quot;content&quot;:&quot;&quot;},{&quot;id&quot;:&quot;H_content_list_item_26&quot;,&quot;name&quot;:&quot;其他&quot;,&quot;bool&quot;:true,&quot;content&quot;:&quot;fdgfdgf&quot;,&quot;teshu&quot;:&quot;1&quot;}],&quot;surgery&quot;:[{&quot;name&quot;:&quot;开口度&quot;,&quot;id&quot;:&quot;H_teeth_roundt4&quot;,&quot;bool&quot;:&quot;3&quot;,&quot;choose&quot;:[{&quot;name&quot;:&quot;三指宽度&quot;,&quot;id&quot;:&quot;H_content_list_item_t27&quot;,&quot;count&quot;:1},{&quot;name&quot;:&quot;两指宽度&quot;,&quot;id&quot;:&quot;H_content_list_item_t28&quot;,&quot;count&quot;:2},{&quot;name&quot;:&quot;一指宽度，甚至更小&quot;,&quot;id&quot;:&quot;H_content_list_item_t29&quot;,&quot;count&quot;:3}]},{&quot;name&quot;:&quot;开口型&quot;,&quot;id&quot;:&quot;H_teeth_roundt5&quot;,&quot;bool&quot;:&quot;&quot;,&quot;choose&quot;:[{&quot;name&quot;:&quot;直线&quot;,&quot;id&quot;:&quot;H_content_list_item_t30&quot;,&quot;count&quot;:1},{&quot;name&quot;:&quot;左偏&quot;,&quot;id&quot;:&quot;H_content_list_item_t31&quot;,&quot;count&quot;:2},{&quot;name&quot;:&quot;右偏&quot;,&quot;id&quot;:&quot;H_content_list_item_t32&quot;,&quot;count&quot;:3}]},{&quot;name&quot;:&quot;面型&quot;,&quot;id&quot;:&quot;H_teeth_roundt6&quot;,&quot;bool&quot;:&quot;1&quot;,&quot;choose&quot;:[{&quot;name&quot;:&quot;大致对称&quot;,&quot;id&quot;:&quot;H_content_list_item_t33&quot;,&quot;count&quot;:1},{&quot;name&quot;:&quot;中线左偏&quot;,&quot;id&quot;:&quot;H_content_list_item_t34&quot;,&quot;count&quot;:2},{&quot;name&quot;:&quot;中线右偏&quot;,&quot;id&quot;:&quot;H_content_list_item_t3400&quot;,&quot;count&quot;:3}]},{&quot;name&quot;:&quot;&quot;,&quot;id&quot;:&quot;H_teeth_roundt7&quot;,&quot;bool&quot;:&quot;2&quot;,&quot;choose&quot;:[{&quot;name&quot;:&quot;直面型&quot;,&quot;id&quot;:&quot;H_content_list_item_t35&quot;,&quot;count&quot;:1},{&quot;name&quot;:&quot;凹面型&quot;,&quot;id&quot;:&quot;H_content_list_item_t36&quot;,&quot;count&quot;:2},{&quot;name&quot;:&quot;凸面型&quot;,&quot;id&quot;:&quot;H_content_list_item_t37&quot;,&quot;count&quot;:3}]},{&quot;name&quot;:&quot;牙列&quot;,&quot;id&quot;:&quot;H_teeth_roundt8&quot;,&quot;bool&quot;:&quot;&quot;,&quot;choose&quot;:[{&quot;name&quot;:&quot;正常&quot;,&quot;id&quot;:&quot;H_content_list_item_t3800&quot;,&quot;count&quot;:1},{&quot;name&quot;:&quot;拥挤&quot;,&quot;id&quot;:&quot;H_content_list_item_t38&quot;,&quot;count&quot;:2},{&quot;name&quot;:&quot;间隙&quot;,&quot;id&quot;:&quot;H_content_list_item_t39&quot;,&quot;count&quot;:3}]},{&quot;name&quot;:&quot;磨牙关系&quot;,&quot;id&quot;:&quot;H_teeth_roundt9&quot;,&quot;bool&quot;:&quot;2&quot;,&quot;choose&quot;:[{&quot;name&quot;:&quot;Ⅰ&quot;,&quot;id&quot;:&quot;H_content_list_item_t40&quot;,&quot;count&quot;:1},{&quot;name&quot;:&quot;Ⅱ&quot;,&quot;id&quot;:&quot;H_content_list_item_t41&quot;,&quot;count&quot;:2},{&quot;name&quot;:&quot;Ⅲ&quot;,&quot;id&quot;:&quot;H_content_list_item_t42&quot;,&quot;count&quot;:3}]},{&quot;name&quot;:&quot;前牙关系&quot;,&quot;id&quot;:&quot;H_teeth_roundt10&quot;,&quot;bool&quot;:&quot;3&quot;,&quot;choose&quot;:[{&quot;name&quot;:&quot;正常&quot;,&quot;id&quot;:&quot;H_content_list_item_t4300&quot;,&quot;count&quot;:1},{&quot;name&quot;:&quot;反合&quot;,&quot;id&quot;:&quot;H_content_list_item_t43&quot;,&quot;count&quot;:2},{&quot;name&quot;:&quot;开合&quot;,&quot;id&quot;:&quot;H_content_list_item_t44&quot;,&quot;count&quot;:3},{&quot;name&quot;:&quot;对刃&quot;,&quot;id&quot;:&quot;H_content_list_item_t45&quot;,&quot;count&quot;:4}]}],&quot;newadd&quot;:[{&quot;name&quot;:&quot;&quot;,&quot;content&quot;:[{&quot;name&quot;:&quot;深覆盖&quot;,&quot;id&quot;:&quot;H_content_list_item_t5100&quot;,&quot;bool&quot;:true},{&quot;name&quot;:&quot;深覆合&quot;,&quot;id&quot;:&quot;H_content_list_item_t5200&quot;,&quot;bool&quot;:true}]},{&quot;name&quot;:&quot;系带&quot;,&quot;content&quot;:[{&quot;name&quot;:&quot;唇系带过低&quot;,&quot;id&quot;:&quot;H_content_list_item_t51&quot;,&quot;bool&quot;:true},{&quot;name&quot;:&quot;舌系带过短&quot;,&quot;id&quot;:&quot;H_content_list_item_t52&quot;,&quot;bool&quot;:true},{&quot;name&quot;:&quot;正常&quot;,&quot;id&quot;:&quot;H_content_list_item_t5300&quot;,&quot;bool&quot;:true}]},{&quot;name&quot;:&quot;TMG&quot;,&quot;content&quot;:[{&quot;name&quot;:&quot;关节弹响&quot;,&quot;id&quot;:&quot;H_content_list_item_t53&quot;,&quot;bool&quot;:true},{&quot;name&quot;:&quot;关节压痛&quot;,&quot;id&quot;:&quot;H_content_list_item_t54&quot;,&quot;bool&quot;:true},{&quot;name&quot;:&quot;关节脱位&quot;,&quot;id&quot;:&quot;H_content_list_item_t55&quot;,&quot;bool&quot;:true}]}],&quot;teeth_repair&quot;:&quot;123213按时打算、&quot;,&quot;surgeryNO&quot;:&quot;外科情况正常&quot;,&quot;mucosaNO&quot;:&quot;粘膜正常&quot;}',`type`='2',`create_time`='1480003200' WHERE `id` = 106 [ RunTime:0.0925s ]
INFO: [ app_end ] --START--
INFO: Run Behavior\ShowPageTraceBehavior [ RunTime:0.000813s ]
INFO: [ app_end ] --END-- [ RunTime:0.000884s ]

[ 2016-11-25T10:46:55+08:00 ] ::1 /mintAdmin/index.php/Admin/User/sltDateRecords
INFO: [ app_init ] --START--
INFO: Run Behavior\BuildLiteBehavior [ RunTime:0.000027s ]
INFO: [ app_init ] --END-- [ RunTime:0.000463s ]
INFO: [ app_begin ] --START--
INFO: Run Behavior\ReadHtmlCacheBehavior [ RunTime:0.000861s ]
INFO: [ app_begin ] --END-- [ RunTime:0.001026s ]
SQL: SHOW COLUMNS FROM `mint_user` [ RunTime:0.0337s ]
SQL: SELECT c.app_uri as uri FROM mint_user a INNER JOIN mint_role_app b on a.role_id=b.role_id INNER JOIN mint_app c on b.app_id=c.id  WHERE a.id = '1'  [ RunTime:0.0341s ]
SQL: SHOW COLUMNS FROM `mint_archives` [ RunTime:0.0337s ]
SQL: SELECT `create_time` FROM `mint_archives` WHERE `user_id` = '723' AND `type` = '2' GROUP BY create_time ORDER BY create_time desc,id desc  [ RunTime:0.0324s ]
INFO: [ app_end ] --START--
INFO: Run Behavior\ShowPageTraceBehavior [ RunTime:0.000885s ]
INFO: [ app_end ] --END-- [ RunTime:0.001002s ]

[ 2016-11-25T10:46:56+08:00 ] ::1 /mintAdmin/index.php/Admin/User/sltDateRecords
INFO: [ app_init ] --START--
INFO: Run Behavior\BuildLiteBehavior [ RunTime:0.000024s ]
INFO: [ app_init ] --END-- [ RunTime:0.000578s ]
INFO: [ app_begin ] --START--
INFO: Run Behavior\ReadHtmlCacheBehavior [ RunTime:0.000745s ]
INFO: [ app_begin ] --END-- [ RunTime:0.000860s ]
SQL: SHOW COLUMNS FROM `mint_user` [ RunTime:0.0340s ]
SQL: SELECT c.app_uri as uri FROM mint_user a INNER JOIN mint_role_app b on a.role_id=b.role_id INNER JOIN mint_app c on b.app_id=c.id  WHERE a.id = '1'  [ RunTime:0.0326s ]
SQL: SHOW COLUMNS FROM `mint_archives` [ RunTime:0.0331s ]
SQL: SELECT `create_time` FROM `mint_archives` WHERE `user_id` = '723' AND `type` = '2' GROUP BY create_time ORDER BY create_time desc,id desc  [ RunTime:0.0326s ]
INFO: [ app_end ] --START--
INFO: Run Behavior\ShowPageTraceBehavior [ RunTime:0.000657s ]
INFO: [ app_end ] --END-- [ RunTime:0.000746s ]

[ 2016-11-25T10:46:56+08:00 ] ::1 /mintAdmin/index.php/Admin/Index/getUserInfo
INFO: [ app_init ] --START--
INFO: Run Behavior\BuildLiteBehavior [ RunTime:0.000022s ]
INFO: [ app_init ] --END-- [ RunTime:0.000528s ]
INFO: [ app_begin ] --START--
INFO: Run Behavior\ReadHtmlCacheBehavior [ RunTime:0.000719s ]
INFO: [ app_begin ] --END-- [ RunTime:0.000806s ]
SQL: SHOW COLUMNS FROM `mint_user` [ RunTime:0.0349s ]
SQL: SELECT * FROM `mint_user` WHERE `id` = 1 LIMIT 1   [ RunTime:0.0348s ]
SQL: SHOW COLUMNS FROM `mint_app` [ RunTime:0.0331s ]
SQL: SELECT `id`,`app_name`,`app_uri`,`app_url`,`parent_id` FROM `mint_app` ORDER BY sort  [ RunTime:0.0337s ]

[ 2016-11-25T10:46:56+08:00 ] ::1 /mintAdmin/index.php/Admin/User/sltArchives
INFO: [ app_init ] --START--
INFO: Run Behavior\BuildLiteBehavior [ RunTime:0.000017s ]
INFO: [ app_init ] --END-- [ RunTime:0.000390s ]
INFO: [ app_begin ] --START--
INFO: Run Behavior\ReadHtmlCacheBehavior [ RunTime:0.000660s ]
INFO: [ app_begin ] --END-- [ RunTime:0.000743s ]
SQL: SHOW COLUMNS FROM `mint_user` [ RunTime:0.0338s ]
SQL: SELECT c.app_uri as uri FROM mint_user a INNER JOIN mint_role_app b on a.role_id=b.role_id INNER JOIN mint_app c on b.app_id=c.id  WHERE a.id = '1'  [ RunTime:0.0324s ]
SQL: SHOW COLUMNS FROM `mint_archives` [ RunTime:0.0327s ]
SQL: SELECT * FROM `mint_archives` WHERE `user_id` = '723' AND `create_time` = 1480003200 AND `type` = '2' LIMIT 1   [ RunTime:0.0341s ]
INFO: [ app_end ] --START--
INFO: Run Behavior\ShowPageTraceBehavior [ RunTime:0.000633s ]
INFO: [ app_end ] --END-- [ RunTime:0.000742s ]

[ 2016-11-25T10:47:26+08:00 ] ::1 /mintAdmin/index.php/Admin/User/sltDateRecords
INFO: [ app_init ] --START--
INFO: Run Behavior\BuildLiteBehavior [ RunTime:0.000026s ]
INFO: [ app_init ] --END-- [ RunTime:0.000620s ]
INFO: [ app_begin ] --START--
INFO: Run Behavior\ReadHtmlCacheBehavior [ RunTime:0.000774s ]
INFO: [ app_begin ] --END-- [ RunTime:0.000884s ]
SQL: SHOW COLUMNS FROM `mint_user` [ RunTime:0.0368s ]
SQL: SELECT c.app_uri as uri FROM mint_user a INNER JOIN mint_role_app b on a.role_id=b.role_id INNER JOIN mint_app c on b.app_id=c.id  WHERE a.id = '1'  [ RunTime:0.0333s ]
SQL: SHOW COLUMNS FROM `mint_archives` [ RunTime:0.0332s ]
SQL: SELECT `create_time` FROM `mint_archives` WHERE `user_id` = '723' AND `type` = '2' GROUP BY create_time ORDER BY create_time desc,id desc  [ RunTime:0.0332s ]
INFO: [ app_end ] --START--
INFO: Run Behavior\ShowPageTraceBehavior [ RunTime:0.000763s ]
INFO: [ app_end ] --END-- [ RunTime:0.000868s ]

[ 2016-11-25T10:47:26+08:00 ] ::1 /mintAdmin/index.php/Admin/Index/getUserInfo
INFO: [ app_init ] --START--
INFO: Run Behavior\BuildLiteBehavior [ RunTime:0.000030s ]
INFO: [ app_init ] --END-- [ RunTime:0.002224s ]
INFO: [ app_begin ] --START--
INFO: Run Behavior\ReadHtmlCacheBehavior [ RunTime:0.000845s ]
INFO: [ app_begin ] --END-- [ RunTime:0.000970s ]
SQL: SHOW COLUMNS FROM `mint_user` [ RunTime:0.0351s ]
SQL: SELECT * FROM `mint_user` WHERE `id` = 1 LIMIT 1   [ RunTime:0.0339s ]
SQL: SHOW COLUMNS FROM `mint_app` [ RunTime:0.0332s ]
SQL: SELECT `id`,`app_name`,`app_uri`,`app_url`,`parent_id` FROM `mint_app` ORDER BY sort  [ RunTime:0.0344s ]

[ 2016-11-25T10:47:26+08:00 ] ::1 /mintAdmin/index.php/Admin/User/sltArchives
INFO: [ app_init ] --START--
INFO: Run Behavior\BuildLiteBehavior [ RunTime:0.000030s ]
INFO: [ app_init ] --END-- [ RunTime:0.000684s ]
INFO: [ app_begin ] --START--
INFO: Run Behavior\ReadHtmlCacheBehavior [ RunTime:0.000567s ]
INFO: [ app_begin ] --END-- [ RunTime:0.000656s ]
SQL: SHOW COLUMNS FROM `mint_user` [ RunTime:0.0340s ]
SQL: SELECT c.app_uri as uri FROM mint_user a INNER JOIN mint_role_app b on a.role_id=b.role_id INNER JOIN mint_app c on b.app_id=c.id  WHERE a.id = '1'  [ RunTime:0.0327s ]
SQL: SHOW COLUMNS FROM `mint_archives` [ RunTime:0.0327s ]
SQL: SELECT * FROM `mint_archives` WHERE `user_id` = '723' AND `create_time` = 1480003200 AND `type` = '2' LIMIT 1   [ RunTime:0.0342s ]
INFO: [ app_end ] --START--
INFO: Run Behavior\ShowPageTraceBehavior [ RunTime:0.000676s ]
INFO: [ app_end ] --END-- [ RunTime:0.000761s ]

[ 2016-11-25T10:47:30+08:00 ] ::1 /mintAdmin/index.php/Admin/User/editArchives
INFO: [ app_init ] --START--
INFO: Run Behavior\BuildLiteBehavior [ RunTime:0.000015s ]
INFO: [ app_init ] --END-- [ RunTime:0.000347s ]
INFO: [ app_begin ] --START--
INFO: Run Behavior\ReadHtmlCacheBehavior [ RunTime:0.000579s ]
INFO: [ app_begin ] --END-- [ RunTime:0.000641s ]
SQL: SHOW COLUMNS FROM `mint_user` [ RunTime:0.0352s ]
SQL: SELECT c.app_uri as uri FROM mint_user a INNER JOIN mint_role_app b on a.role_id=b.role_id INNER JOIN mint_app c on b.app_id=c.id  WHERE a.id = '1'  [ RunTime:0.0340s ]
SQL: SHOW COLUMNS FROM `mint_archives` [ RunTime:0.0347s ]
SQL: SELECT * FROM `mint_archives` WHERE `user_id` = '723' AND `create_time` = 1480003200 AND `type` = '2' LIMIT 1   [ RunTime:0.0463s ]
SQL: UPDATE `mint_archives` SET `user_id`='723',`content`='{&quot;teeth&quot;:[{&quot;name&quot;:&quot;牙体&quot;,&quot;content&quot;:[{&quot;bool&quot;:false,&quot;sum&quot;:&quot;&quot;,&quot;name&quot;:&quot;楔状缺损&quot;,&quot;id&quot;:&quot;H_content_list_item_1&quot;},{&quot;bool&quot;:false,&quot;sum&quot;:&quot;&quot;,&quot;name&quot;:&quot;形态异常&quot;,&quot;id&quot;:&quot;H_content_list_item_2&quot;},{&quot;bool&quot;:false,&quot;sum&quot;:&quot;&quot;,&quot;name&quot;:&quot;龋齿&quot;,&quot;id&quot;:&quot;H_content_list_item_3&quot;},{&quot;bool&quot;:false,&quot;sum&quot;:&quot;&quot;,&quot;name&quot;:&quot;缺失牙&quot;,&quot;id&quot;:&quot;H_content_list_item_4&quot;},{&quot;bool&quot;:false,&quot;sum&quot;:&quot;&quot;,&quot;name&quot;:&quot;萌生异常&quot;,&quot;id&quot;:&quot;H_content_list_item_5&quot;},{&quot;bool&quot;:false,&quot;sum&quot;:&quot;&quot;,&quot;name&quot;:&quot;多生牙&quot;,&quot;id&quot;:&quot;H_content_list_item_6&quot;},{&quot;bool&quot;:false,&quot;sum&quot;:&quot;&quot;,&quot;name&quot;:&quot;牙体发育异常&quot;,&quot;id&quot;:&quot;H_content_list_item_7&quot;},{&quot;bool&quot;:false,&quot;sum&quot;:&quot;&quot;,&quot;name&quot;:&quot;牙齿表面缺损&quot;,&quot;id&quot;:&quot;H_content_list_item_8&quot;},{&quot;bool&quot;:false,&quot;sum&quot;:&quot;&quot;,&quot;name&quot;:&quot;隐裂&quot;,&quot;id&quot;:&quot;H_content_list_item_9&quot;}]}],&quot;teeth_around&quot;:[{&quot;name&quot;:&quot;牙石&quot;,&quot;id&quot;:&quot;H_teeth_roundt1&quot;,&quot;bool&quot;:&quot;2&quot;,&quot;choose&quot;:[{&quot;name&quot;:&quot;Ⅰ&quot;,&quot;id&quot;:&quot;H_content_list_item_t10&quot;,&quot;count&quot;:1},{&quot;name&quot;:&quot;Ⅱ&quot;,&quot;id&quot;:&quot;H_content_list_item_t11&quot;,&quot;count&quot;:2},{&quot;name&quot;:&quot;Ⅲ&quot;,&quot;id&quot;:&quot;H_content_list_item_t12&quot;,&quot;count&quot;:3}]},{&quot;name&quot;:&quot;松动&quot;,&quot;id&quot;:&quot;H_teeth_roundt2&quot;,&quot;bool&quot;:&quot;2&quot;,&quot;choose&quot;:[{&quot;name&quot;:&quot;Ⅰ&quot;,&quot;id&quot;:&quot;H_content_list_item_t13&quot;,&quot;count&quot;:1},{&quot;name&quot;:&quot;Ⅱ&quot;,&quot;id&quot;:&quot;H_content_list_item_t14&quot;,&quot;count&quot;:2},{&quot;name&quot;:&quot;Ⅲ&quot;,&quot;id&quot;:&quot;H_content_list_item_t15&quot;,&quot;count&quot;:3}]},{&quot;name&quot;:&quot;出血&quot;,&quot;id&quot;:&quot;H_teeth_roundt3&quot;,&quot;bool&quot;:&quot;2&quot;,&quot;choose&quot;:[{&quot;name&quot;:&quot;Ⅰ&quot;,&quot;id&quot;:&quot;H_content_list_item_t16&quot;,&quot;count&quot;:1},{&quot;name&quot;:&quot;Ⅱ&quot;,&quot;id&quot;:&quot;H_content_list_item_t17&quot;,&quot;count&quot;:2},{&quot;name&quot;:&quot;Ⅲ&quot;,&quot;id&quot;:&quot;H_content_list_item_t18&quot;,&quot;count&quot;:3},{&quot;name&quot;:&quot;IV&quot;,&quot;id&quot;:&quot;H_content_list_item_t19&quot;,&quot;count&quot;:4},{&quot;name&quot;:&quot;V&quot;,&quot;id&quot;:&quot;H_content_list_item_t20&quot;,&quot;count&quot;:5}]}],&quot;mucosa&quot;:[{&quot;name&quot;:&quot;正常&quot;,&quot;bool&quot;:true,&quot;id&quot;:&quot;H_content_list_item_21&quot;,&quot;content&quot;:&quot;&quot;},{&quot;name&quot;:&quot;白色斑块&quot;,&quot;bool&quot;:true,&quot;id&quot;:&quot;H_content_list_item_22&quot;,&quot;content&quot;:&quot;&quot;},{&quot;name&quot;:&quot;红色斑块&quot;,&quot;id&quot;:&quot;H_content_list_item_23&quot;,&quot;bool&quot;:true,&quot;content&quot;:&quot;&quot;},{&quot;name&quot;:&quot;扁平苔藓&quot;,&quot;id&quot;:&quot;H_content_list_item_24&quot;,&quot;bool&quot;:true,&quot;content&quot;:&quot;&quot;},{&quot;name&quot;:&quot;溃疡&quot;,&quot;id&quot;:&quot;H_content_list_item_25&quot;,&quot;bool&quot;:true,&quot;content&quot;:&quot;&quot;},{&quot;id&quot;:&quot;H_content_list_item_26&quot;,&quot;name&quot;:&quot;其他&quot;,&quot;bool&quot;:true,&quot;content&quot;:&quot;fdgfdgf&quot;,&quot;teshu&quot;:&quot;1&quot;}],&quot;surgery&quot;:[{&quot;name&quot;:&quot;开口度&quot;,&quot;id&quot;:&quot;H_teeth_roundt4&quot;,&quot;bool&quot;:&quot;3&quot;,&quot;choose&quot;:[{&quot;name&quot;:&quot;三指宽度&quot;,&quot;id&quot;:&quot;H_content_list_item_t27&quot;,&quot;count&quot;:1},{&quot;name&quot;:&quot;两指宽度&quot;,&quot;id&quot;:&quot;H_content_list_item_t28&quot;,&quot;count&quot;:2},{&quot;name&quot;:&quot;一指宽度，甚至更小&quot;,&quot;id&quot;:&quot;H_content_list_item_t29&quot;,&quot;count&quot;:3}]},{&quot;name&quot;:&quot;开口型&quot;,&quot;id&quot;:&quot;H_teeth_roundt5&quot;,&quot;bool&quot;:&quot;&quot;,&quot;choose&quot;:[{&quot;name&quot;:&quot;直线&quot;,&quot;id&quot;:&quot;H_content_list_item_t30&quot;,&quot;count&quot;:1},{&quot;name&quot;:&quot;左偏&quot;,&quot;id&quot;:&quot;H_content_list_item_t31&quot;,&quot;count&quot;:2},{&quot;name&quot;:&quot;右偏&quot;,&quot;id&quot;:&quot;H_content_list_item_t32&quot;,&quot;count&quot;:3}]},{&quot;name&quot;:&quot;面型&quot;,&quot;id&quot;:&quot;H_teeth_roundt6&quot;,&quot;bool&quot;:&quot;1&quot;,&quot;choose&quot;:[{&quot;name&quot;:&quot;大致对称&quot;,&quot;id&quot;:&quot;H_content_list_item_t33&quot;,&quot;count&quot;:1},{&quot;name&quot;:&quot;中线左偏&quot;,&quot;id&quot;:&quot;H_content_list_item_t34&quot;,&quot;count&quot;:2},{&quot;name&quot;:&quot;中线右偏&quot;,&quot;id&quot;:&quot;H_content_list_item_t3400&quot;,&quot;count&quot;:3}]},{&quot;name&quot;:&quot;&quot;,&quot;id&quot;:&quot;H_teeth_roundt7&quot;,&quot;bool&quot;:&quot;2&quot;,&quot;choose&quot;:[{&quot;name&quot;:&quot;直面型&quot;,&quot;id&quot;:&quot;H_content_list_item_t35&quot;,&quot;count&quot;:1},{&quot;name&quot;:&quot;凹面型&quot;,&quot;id&quot;:&quot;H_content_list_item_t36&quot;,&quot;count&quot;:2},{&quot;name&quot;:&quot;凸面型&quot;,&quot;id&quot;:&quot;H_content_list_item_t37&quot;,&quot;count&quot;:3}]},{&quot;name&quot;:&quot;牙列&quot;,&quot;id&quot;:&quot;H_teeth_roundt8&quot;,&quot;bool&quot;:&quot;&quot;,&quot;choose&quot;:[{&quot;name&quot;:&quot;正常&quot;,&quot;id&quot;:&quot;H_content_list_item_t3800&quot;,&quot;count&quot;:1},{&quot;name&quot;:&quot;拥挤&quot;,&quot;id&quot;:&quot;H_content_list_item_t38&quot;,&quot;count&quot;:2},{&quot;name&quot;:&quot;间隙&quot;,&quot;id&quot;:&quot;H_content_list_item_t39&quot;,&quot;count&quot;:3}]},{&quot;name&quot;:&quot;磨牙关系&quot;,&quot;id&quot;:&quot;H_teeth_roundt9&quot;,&quot;bool&quot;:&quot;2&quot;,&quot;choose&quot;:[{&quot;name&quot;:&quot;Ⅰ&quot;,&quot;id&quot;:&quot;H_content_list_item_t40&quot;,&quot;count&quot;:1},{&quot;name&quot;:&quot;Ⅱ&quot;,&quot;id&quot;:&quot;H_content_list_item_t41&quot;,&quot;count&quot;:2},{&quot;name&quot;:&quot;Ⅲ&quot;,&quot;id&quot;:&quot;H_content_list_item_t42&quot;,&quot;count&quot;:3}]},{&quot;name&quot;:&quot;前牙关系&quot;,&quot;id&quot;:&quot;H_teeth_roundt10&quot;,&quot;bool&quot;:&quot;3&quot;,&quot;choose&quot;:[{&quot;name&quot;:&quot;正常&quot;,&quot;id&quot;:&quot;H_content_list_item_t4300&quot;,&quot;count&quot;:1},{&quot;name&quot;:&quot;反合&quot;,&quot;id&quot;:&quot;H_content_list_item_t43&quot;,&quot;count&quot;:2},{&quot;name&quot;:&quot;开合&quot;,&quot;id&quot;:&quot;H_content_list_item_t44&quot;,&quot;count&quot;:3},{&quot;name&quot;:&quot;对刃&quot;,&quot;id&quot;:&quot;H_content_list_item_t45&quot;,&quot;count&quot;:4}]}],&quot;newadd&quot;:[{&quot;name&quot;:&quot;&quot;,&quot;content&quot;:[{&quot;name&quot;:&quot;深覆盖&quot;,&quot;id&quot;:&quot;H_content_list_item_t5100&quot;,&quot;bool&quot;:true},{&quot;name&quot;:&quot;深覆合&quot;,&quot;id&quot;:&quot;H_content_list_item_t5200&quot;,&quot;bool&quot;:true}]},{&quot;name&quot;:&quot;系带&quot;,&quot;content&quot;:[{&quot;name&quot;:&quot;唇系带过低&quot;,&quot;id&quot;:&quot;H_content_list_item_t51&quot;,&quot;bool&quot;:true},{&quot;name&quot;:&quot;舌系带过短&quot;,&quot;id&quot;:&quot;H_content_list_item_t52&quot;,&quot;bool&quot;:true},{&quot;name&quot;:&quot;正常&quot;,&quot;id&quot;:&quot;H_content_list_item_t5300&quot;,&quot;bool&quot;:true}]},{&quot;name&quot;:&quot;TMG&quot;,&quot;content&quot;:[{&quot;name&quot;:&quot;关节弹响&quot;,&quot;id&quot;:&quot;H_content_list_item_t53&quot;,&quot;bool&quot;:false},{&quot;name&quot;:&quot;关节压痛&quot;,&quot;id&quot;:&quot;H_content_list_item_t54&quot;,&quot;bool&quot;:false},{&quot;name&quot;:&quot;关节脱位&quot;,&quot;id&quot;:&quot;H_content_list_item_t55&quot;,&quot;bool&quot;:false}]}],&quot;teeth_repair&quot;:&quot;123213按时打算、&quot;,&quot;surgeryNO&quot;:&quot;外科情况正常&quot;,&quot;mucosaNO&quot;:&quot;粘膜正常&quot;}',`type`='2',`create_time`='1480003200' WHERE `id` = 106 [ RunTime:0.0959s ]
INFO: [ app_end ] --START--
INFO: Run Behavior\ShowPageTraceBehavior [ RunTime:0.000595s ]
INFO: [ app_end ] --END-- [ RunTime:0.000653s ]

[ 2016-11-25T10:47:31+08:00 ] ::1 /mintAdmin/index.php/Admin/User/sltDateRecords
INFO: [ app_init ] --START--
INFO: Run Behavior\BuildLiteBehavior [ RunTime:0.000025s ]
INFO: [ app_init ] --END-- [ RunTime:0.000588s ]
INFO: [ app_begin ] --START--
INFO: Run Behavior\ReadHtmlCacheBehavior [ RunTime:0.000725s ]
INFO: [ app_begin ] --END-- [ RunTime:0.000817s ]
SQL: SHOW COLUMNS FROM `mint_user` [ RunTime:0.0404s ]
SQL: SELECT c.app_uri as uri FROM mint_user a INNER JOIN mint_role_app b on a.role_id=b.role_id INNER JOIN mint_app c on b.app_id=c.id  WHERE a.id = '1'  [ RunTime:0.0365s ]
SQL: SHOW COLUMNS FROM `mint_archives` [ RunTime:0.0401s ]
SQL: SELECT `create_time` FROM `mint_archives` WHERE `user_id` = '723' AND `type` = '2' GROUP BY create_time ORDER BY create_time desc,id desc  [ RunTime:0.0459s ]
INFO: [ app_end ] --START--
INFO: Run Behavior\ShowPageTraceBehavior [ RunTime:0.000895s ]
INFO: [ app_end ] --END-- [ RunTime:0.001002s ]

[ 2016-11-25T10:47:31+08:00 ] ::1 /mintAdmin/index.php/Admin/User/sltDateRecords
INFO: [ app_init ] --START--
INFO: Run Behavior\BuildLiteBehavior [ RunTime:0.000018s ]
INFO: [ app_init ] --END-- [ RunTime:0.000400s ]
INFO: [ app_begin ] --START--
INFO: Run Behavior\ReadHtmlCacheBehavior [ RunTime:0.000540s ]
INFO: [ app_begin ] --END-- [ RunTime:0.000615s ]
SQL: SHOW COLUMNS FROM `mint_user` [ RunTime:0.0476s ]
SQL: SELECT c.app_uri as uri FROM mint_user a INNER JOIN mint_role_app b on a.role_id=b.role_id INNER JOIN mint_app c on b.app_id=c.id  WHERE a.id = '1'  [ RunTime:0.0371s ]
SQL: SHOW COLUMNS FROM `mint_archives` [ RunTime:0.0426s ]
SQL: SELECT `create_time` FROM `mint_archives` WHERE `user_id` = '723' AND `type` = '2' GROUP BY create_time ORDER BY create_time desc,id desc  [ RunTime:0.0368s ]
INFO: [ app_end ] --START--
INFO: Run Behavior\ShowPageTraceBehavior [ RunTime:0.000788s ]
INFO: [ app_end ] --END-- [ RunTime:0.000857s ]

[ 2016-11-25T10:47:31+08:00 ] ::1 /mintAdmin/index.php/Admin/Index/getUserInfo
INFO: [ app_init ] --START--
INFO: Run Behavior\BuildLiteBehavior [ RunTime:0.000032s ]
INFO: [ app_init ] --END-- [ RunTime:0.000728s ]
INFO: [ app_begin ] --START--
INFO: Run Behavior\ReadHtmlCacheBehavior [ RunTime:0.000885s ]
INFO: [ app_begin ] --END-- [ RunTime:0.001011s ]
SQL: SHOW COLUMNS FROM `mint_user` [ RunTime:0.0393s ]
SQL: SELECT * FROM `mint_user` WHERE `id` = 1 LIMIT 1   [ RunTime:0.0336s ]
SQL: SHOW COLUMNS FROM `mint_app` [ RunTime:0.0332s ]
SQL: SELECT `id`,`app_name`,`app_uri`,`app_url`,`parent_id` FROM `mint_app` ORDER BY sort  [ RunTime:0.0341s ]

[ 2016-11-25T10:47:32+08:00 ] ::1 /mintAdmin/index.php/Admin/User/sltArchives
INFO: [ app_init ] --START--
INFO: Run Behavior\BuildLiteBehavior [ RunTime:0.000092s ]
INFO: [ app_init ] --END-- [ RunTime:0.001119s ]
INFO: [ app_begin ] --START--
INFO: Run Behavior\ReadHtmlCacheBehavior [ RunTime:0.000508s ]
INFO: [ app_begin ] --END-- [ RunTime:0.000571s ]
SQL: SHOW COLUMNS FROM `mint_user` [ RunTime:0.0350s ]
SQL: SELECT c.app_uri as uri FROM mint_user a INNER JOIN mint_role_app b on a.role_id=b.role_id INNER JOIN mint_app c on b.app_id=c.id  WHERE a.id = '1'  [ RunTime:0.0326s ]
SQL: SHOW COLUMNS FROM `mint_archives` [ RunTime:0.0329s ]
SQL: SELECT * FROM `mint_archives` WHERE `user_id` = '723' AND `create_time` = 1480003200 AND `type` = '2' LIMIT 1   [ RunTime:0.0346s ]
INFO: [ app_end ] --START--
INFO: Run Behavior\ShowPageTraceBehavior [ RunTime:0.000721s ]
INFO: [ app_end ] --END-- [ RunTime:0.000795s ]

[ 2016-11-25T10:49:22+08:00 ] ::1 /mintAdmin/index.php/Admin/User/sltDateRecords
INFO: [ app_init ] --START--
INFO: Run Behavior\BuildLiteBehavior [ RunTime:0.000029s ]
INFO: [ app_init ] --END-- [ RunTime:0.000625s ]
INFO: [ app_begin ] --START--
INFO: Run Behavior\ReadHtmlCacheBehavior [ RunTime:0.000757s ]
INFO: [ app_begin ] --END-- [ RunTime:0.000867s ]
SQL: SHOW COLUMNS FROM `mint_user` [ RunTime:0.0347s ]
SQL: SELECT c.app_uri as uri FROM mint_user a INNER JOIN mint_role_app b on a.role_id=b.role_id INNER JOIN mint_app c on b.app_id=c.id  WHERE a.id = '1'  [ RunTime:0.0333s ]
SQL: SHOW COLUMNS FROM `mint_archives` [ RunTime:0.0340s ]
SQL: SELECT `create_time` FROM `mint_archives` WHERE `user_id` = '723' AND `type` = '2' GROUP BY create_time ORDER BY create_time desc,id desc  [ RunTime:0.0332s ]
INFO: [ app_end ] --START--
INFO: Run Behavior\ShowPageTraceBehavior [ RunTime:0.000794s ]
INFO: [ app_end ] --END-- [ RunTime:0.000881s ]

[ 2016-11-25T10:49:23+08:00 ] ::1 /mintAdmin/index.php/Admin/Index/getUserInfo
INFO: [ app_init ] --START--
INFO: Run Behavior\BuildLiteBehavior [ RunTime:0.000029s ]
INFO: [ app_init ] --END-- [ RunTime:0.000640s ]
INFO: [ app_begin ] --START--
INFO: Run Behavior\ReadHtmlCacheBehavior [ RunTime:0.000814s ]
INFO: [ app_begin ] --END-- [ RunTime:0.000965s ]
SQL: SHOW COLUMNS FROM `mint_user` [ RunTime:0.0346s ]
SQL: SELECT * FROM `mint_user` WHERE `id` = 1 LIMIT 1   [ RunTime:0.0335s ]
SQL: SHOW COLUMNS FROM `mint_app` [ RunTime:0.0332s ]
SQL: SELECT `id`,`app_name`,`app_uri`,`app_url`,`parent_id` FROM `mint_app` ORDER BY sort  [ RunTime:0.0337s ]

[ 2016-11-25T10:49:23+08:00 ] ::1 /mintAdmin/index.php/Admin/User/sltArchives
INFO: [ app_init ] --START--
INFO: Run Behavior\BuildLiteBehavior [ RunTime:0.000018s ]
INFO: [ app_init ] --END-- [ RunTime:0.000407s ]
INFO: [ app_begin ] --START--
INFO: Run Behavior\ReadHtmlCacheBehavior [ RunTime:0.000800s ]
INFO: [ app_begin ] --END-- [ RunTime:0.000910s ]
SQL: SHOW COLUMNS FROM `mint_user` [ RunTime:0.0343s ]
SQL: SELECT c.app_uri as uri FROM mint_user a INNER JOIN mint_role_app b on a.role_id=b.role_id INNER JOIN mint_app c on b.app_id=c.id  WHERE a.id = '1'  [ RunTime:0.0332s ]
SQL: SHOW COLUMNS FROM `mint_archives` [ RunTime:0.0337s ]
SQL: SELECT * FROM `mint_archives` WHERE `user_id` = '723' AND `create_time` = 1480003200 AND `type` = '2' LIMIT 1   [ RunTime:0.0681s ]
INFO: [ app_end ] --START--
INFO: Run Behavior\ShowPageTraceBehavior [ RunTime:0.000705s ]
INFO: [ app_end ] --END-- [ RunTime:0.000876s ]

[ 2016-11-25T14:10:01+08:00 ] ::1 /mintAdmin/index.php/Admin/Index/getUserInfo
INFO: [ app_init ] --START--
INFO: Run Behavior\BuildLiteBehavior [ RunTime:0.000023s ]
INFO: [ app_init ] --END-- [ RunTime:0.000700s ]
INFO: [ app_begin ] --START--
INFO: Run Behavior\ReadHtmlCacheBehavior [ RunTime:0.001302s ]
INFO: [ app_begin ] --END-- [ RunTime:0.001415s ]
SQL: SHOW COLUMNS FROM `mint_user` [ RunTime:0.0370s ]
SQL: SELECT * FROM `mint_user` WHERE `id` = 1 LIMIT 1   [ RunTime:0.0345s ]
SQL: SHOW COLUMNS FROM `mint_app` [ RunTime:0.0342s ]
SQL: SELECT `id`,`app_name`,`app_uri`,`app_url`,`parent_id` FROM `mint_app` ORDER BY sort  [ RunTime:0.0343s ]

[ 2016-11-25T14:10:01+08:00 ] ::1 /mintAdmin/index.php/Admin/User/sltDateRecords
INFO: [ app_init ] --START--
INFO: Run Behavior\BuildLiteBehavior [ RunTime:0.000023s ]
INFO: [ app_init ] --END-- [ RunTime:0.000727s ]
INFO: [ app_begin ] --START--
INFO: Run Behavior\ReadHtmlCacheBehavior [ RunTime:0.001330s ]
INFO: [ app_begin ] --END-- [ RunTime:0.001441s ]
SQL: SHOW COLUMNS FROM `mint_user` [ RunTime:0.0348s ]
SQL: SELECT c.app_uri as uri FROM mint_user a INNER JOIN mint_role_app b on a.role_id=b.role_id INNER JOIN mint_app c on b.app_id=c.id  WHERE a.id = '1'  [ RunTime:0.0331s ]
SQL: SHOW COLUMNS FROM `mint_archives` [ RunTime:0.0338s ]
SQL: SELECT `create_time` FROM `mint_archives` WHERE `user_id` = '723' AND `type` = '1' GROUP BY create_time ORDER BY create_time desc,id desc  [ RunTime:0.0389s ]
INFO: [ app_end ] --START--
INFO: Run Behavior\ShowPageTraceBehavior [ RunTime:0.001000s ]
INFO: [ app_end ] --END-- [ RunTime:0.001077s ]

[ 2016-11-25T14:10:01+08:00 ] ::1 /mintAdmin/index.php/Admin/User/sltArchives
INFO: [ app_init ] --START--
INFO: Run Behavior\BuildLiteBehavior [ RunTime:0.000016s ]
INFO: [ app_init ] --END-- [ RunTime:0.000368s ]
INFO: [ app_begin ] --START--
INFO: Run Behavior\ReadHtmlCacheBehavior [ RunTime:0.000543s ]
INFO: [ app_begin ] --END-- [ RunTime:0.000600s ]
SQL: SHOW COLUMNS FROM `mint_user` [ RunTime:0.0360s ]
SQL: SELECT c.app_uri as uri FROM mint_user a INNER JOIN mint_role_app b on a.role_id=b.role_id INNER JOIN mint_app c on b.app_id=c.id  WHERE a.id = '1'  [ RunTime:0.0341s ]
SQL: SHOW COLUMNS FROM `mint_archives` [ RunTime:0.0342s ]
SQL: SELECT * FROM `mint_archives` WHERE `user_id` = '723' AND `create_time` = 1479916800 AND `type` = '1' LIMIT 1   [ RunTime:0.0344s ]
INFO: [ app_end ] --START--
INFO: Run Behavior\ShowPageTraceBehavior [ RunTime:0.000664s ]
INFO: [ app_end ] --END-- [ RunTime:0.000722s ]

[ 2016-11-25T14:10:04+08:00 ] ::1 /mintAdmin/index.php/Admin/Index/getUserInfo
INFO: [ app_init ] --START--
INFO: Run Behavior\BuildLiteBehavior [ RunTime:0.000017s ]
INFO: [ app_init ] --END-- [ RunTime:0.000403s ]
INFO: [ app_begin ] --START--
INFO: Run Behavior\ReadHtmlCacheBehavior [ RunTime:0.000533s ]
INFO: [ app_begin ] --END-- [ RunTime:0.000604s ]
SQL: SHOW COLUMNS FROM `mint_user` [ RunTime:0.0343s ]
SQL: SELECT * FROM `mint_user` WHERE `id` = 1 LIMIT 1   [ RunTime:0.0336s ]
SQL: SHOW COLUMNS FROM `mint_app` [ RunTime:0.0338s ]
SQL: SELECT `id`,`app_name`,`app_uri`,`app_url`,`parent_id` FROM `mint_app` ORDER BY sort  [ RunTime:0.0336s ]

[ 2016-11-25T14:10:04+08:00 ] ::1 /mintAdmin/index.php/Admin/User/sltDateRecords
INFO: [ app_init ] --START--
INFO: Run Behavior\BuildLiteBehavior [ RunTime:0.000027s ]
INFO: [ app_init ] --END-- [ RunTime:0.000731s ]
INFO: [ app_begin ] --START--
INFO: Run Behavior\ReadHtmlCacheBehavior [ RunTime:0.000769s ]
INFO: [ app_begin ] --END-- [ RunTime:0.000862s ]
SQL: SHOW COLUMNS FROM `mint_user` [ RunTime:0.0346s ]
SQL: SELECT c.app_uri as uri FROM mint_user a INNER JOIN mint_role_app b on a.role_id=b.role_id INNER JOIN mint_app c on b.app_id=c.id  WHERE a.id = '1'  [ RunTime:0.0331s ]
SQL: SHOW COLUMNS FROM `mint_archives` [ RunTime:0.0336s ]
SQL: SELECT `create_time` FROM `mint_archives` WHERE `user_id` = '723' AND `type` = '1' GROUP BY create_time ORDER BY create_time desc,id desc  [ RunTime:0.0337s ]
INFO: [ app_end ] --START--
INFO: Run Behavior\ShowPageTraceBehavior [ RunTime:0.000599s ]
INFO: [ app_end ] --END-- [ RunTime:0.000659s ]

[ 2016-11-25T14:10:04+08:00 ] ::1 /mintAdmin/index.php/Admin/User/sltArchives
INFO: [ app_init ] --START--
INFO: Run Behavior\BuildLiteBehavior [ RunTime:0.000024s ]
INFO: [ app_init ] --END-- [ RunTime:0.000548s ]
INFO: [ app_begin ] --START--
INFO: Run Behavior\ReadHtmlCacheBehavior [ RunTime:0.000898s ]
INFO: [ app_begin ] --END-- [ RunTime:0.001021s ]
SQL: SHOW COLUMNS FROM `mint_user` [ RunTime:0.0365s ]
SQL: SELECT c.app_uri as uri FROM mint_user a INNER JOIN mint_role_app b on a.role_id=b.role_id INNER JOIN mint_app c on b.app_id=c.id  WHERE a.id = '1'  [ RunTime:0.0356s ]
SQL: SHOW COLUMNS FROM `mint_archives` [ RunTime:0.0352s ]
SQL: SELECT * FROM `mint_archives` WHERE `user_id` = '723' AND `create_time` = 1479916800 AND `type` = '1' LIMIT 1   [ RunTime:0.0353s ]
INFO: [ app_end ] --START--
INFO: Run Behavior\ShowPageTraceBehavior [ RunTime:0.000741s ]
INFO: [ app_end ] --END-- [ RunTime:0.000814s ]

