[ 2016-10-11T12:02:23+08:00 ] ::1 /mintAdmin/index.php/Admin/Login/login
INFO: [ app_init ] --START--
INFO: Run Behavior\BuildLiteBehavior [ RunTime:0.000025s ]
INFO: [ app_init ] --END-- [ RunTime:0.000960s ]
INFO: [ app_begin ] --START--
INFO: Run Behavior\ReadHtmlCacheBehavior [ RunTime:0.000900s ]
INFO: [ app_begin ] --END-- [ RunTime:0.000984s ]
SQL: SHOW COLUMNS FROM `mint_user` [ RunTime:0.0349s ]
SQL: SELECT * FROM `mint_user` WHERE `account` = '18610212470' LIMIT 1   [ RunTime:0.0346s ]
INFO: [ app_end ] --START--
INFO: Run Behavior\ShowPageTraceBehavior [ RunTime:0.006887s ]
INFO: [ app_end ] --END-- [ RunTime:0.007010s ]

[ 2016-10-11T12:02:27+08:00 ] ::1 /mintAdmin/index.php/Admin/Login/login
INFO: [ app_init ] --START--
INFO: Run Behavior\BuildLiteBehavior [ RunTime:0.000015s ]
INFO: [ app_init ] --END-- [ RunTime:0.000346s ]
INFO: [ app_begin ] --START--
INFO: Run Behavior\ReadHtmlCacheBehavior [ RunTime:0.000518s ]
INFO: [ app_begin ] --END-- [ RunTime:0.000594s ]
SQL: SHOW COLUMNS FROM `mint_user` [ RunTime:0.0330s ]
SQL: SELECT * FROM `mint_user` WHERE `account` = 'admin' LIMIT 1   [ RunTime:0.0323s ]
INFO: [ app_end ] --START--
INFO: Run Behavior\ShowPageTraceBehavior [ RunTime:0.000645s ]
INFO: [ app_end ] --END-- [ RunTime:0.000737s ]

[ 2016-10-11T12:02:28+08:00 ] ::1 /mintAdmin/index.php/Admin/Index/getUserInfo
INFO: [ app_init ] --START--
INFO: Run Behavior\BuildLiteBehavior [ RunTime:0.000069s ]
INFO: [ app_init ] --END-- [ RunTime:0.001457s ]
INFO: [ app_begin ] --START--
INFO: Run Behavior\ReadHtmlCacheBehavior [ RunTime:0.002636s ]
INFO: [ app_begin ] --END-- [ RunTime:0.002827s ]
SQL: SHOW COLUMNS FROM `mint_user` [ RunTime:0.0345s ]
SQL: SELECT * FROM `mint_user` WHERE `id` = 1 LIMIT 1   [ RunTime:0.0339s ]
SQL: SHOW COLUMNS FROM `mint_app` [ RunTime:0.0334s ]
SQL: SELECT `id`,`app_name`,`app_uri`,`app_url`,`parent_id` FROM `mint_app` ORDER BY sort  [ RunTime:0.0332s ]

[ 2016-10-11T12:02:28+08:00 ] ::1 /mintAdmin/index.php/Admin/Index/getUserInfo
INFO: [ app_init ] --START--
INFO: Run Behavior\BuildLiteBehavior [ RunTime:0.000096s ]
INFO: [ app_init ] --END-- [ RunTime:0.001506s ]
INFO: [ app_begin ] --START--
INFO: Run Behavior\ReadHtmlCacheBehavior [ RunTime:0.001916s ]
INFO: [ app_begin ] --END-- [ RunTime:0.002082s ]
SQL: SHOW COLUMNS FROM `mint_user` [ RunTime:0.0334s ]
SQL: SELECT * FROM `mint_user` WHERE `id` = 1 LIMIT 1   [ RunTime:0.0324s ]
SQL: SHOW COLUMNS FROM `mint_app` [ RunTime:0.0323s ]
SQL: SELECT `id`,`app_name`,`app_uri`,`app_url`,`parent_id` FROM `mint_app` ORDER BY sort  [ RunTime:0.0323s ]

[ 2016-10-11T12:02:29+08:00 ] ::1 /mintAdmin/index.php/Admin/User/index
INFO: [ app_init ] --START--
INFO: Run Behavior\BuildLiteBehavior [ RunTime:0.000031s ]
INFO: [ app_init ] --END-- [ RunTime:0.001035s ]
INFO: [ app_begin ] --START--
INFO: Run Behavior\ReadHtmlCacheBehavior [ RunTime:0.001032s ]
INFO: [ app_begin ] --END-- [ RunTime:0.001180s ]
SQL: SHOW COLUMNS FROM `mint_user` [ RunTime:0.0346s ]
SQL: SELECT c.app_uri as uri FROM mint_user a INNER JOIN mint_role_app b on a.role_id=b.role_id INNER JOIN mint_app c on b.app_id=c.id  WHERE a.id = '1'  [ RunTime:0.0334s ]
SQL: SHOW COLUMNS FROM `mint_user` [ RunTime:0.0340s ]
SQL: SELECT COUNT(*) AS tp_count FROM `mint_user` WHERE `identity_id` = '1' LIMIT 1   [ RunTime:0.0329s ]
SQL: SELECT `id`,`account`,`photo`,`name`,`real_name`,`card_id`,`birthyear`,`birthmonth`,`birthday`,`sex`,`phone`,`email`,`country`,`province`,`city`,`county`,`company_name`,`position`,`hospital`,`context`,`field`,`label_id`,`label`,`job_age`,`clinic_id`,`work_time`,`invite_code`,`company_code`,`role_id`,`identity_id`,`is_use`,`is_show`,`remark`,`create_time` FROM `mint_user` WHERE `identity_id` = '1' ORDER BY id desc LIMIT 0,10   [ RunTime:0.0339s ]
SQL: SELECT COUNT(*) AS tp_count FROM `mint_user` LIMIT 1   [ RunTime:0.0330s ]
INFO: [ app_end ] --START--
INFO: Run Behavior\ShowPageTraceBehavior [ RunTime:0.000677s ]
INFO: [ app_end ] --END-- [ RunTime:0.000749s ]

[ 2016-10-11T12:02:47+08:00 ] ::1 /mintAdmin/index.php/Admin/User/index
INFO: [ app_init ] --START--
INFO: Run Behavior\BuildLiteBehavior [ RunTime:0.000018s ]
INFO: [ app_init ] --END-- [ RunTime:0.000677s ]
INFO: [ app_begin ] --START--
INFO: Run Behavior\ReadHtmlCacheBehavior [ RunTime:0.000827s ]
INFO: [ app_begin ] --END-- [ RunTime:0.000908s ]
SQL: SHOW COLUMNS FROM `mint_user` [ RunTime:0.0336s ]
SQL: SELECT c.app_uri as uri FROM mint_user a INNER JOIN mint_role_app b on a.role_id=b.role_id INNER JOIN mint_app c on b.app_id=c.id  WHERE a.id = '1'  [ RunTime:0.0321s ]
SQL: SHOW COLUMNS FROM `mint_user` [ RunTime:0.0329s ]
SQL: SELECT COUNT(*) AS tp_count FROM `mint_user` WHERE `real_name` LIKE '%133%' AND `identity_id` = '1' LIMIT 1   [ RunTime:0.0323s ]
SQL: SELECT `id`,`account`,`photo`,`name`,`real_name`,`card_id`,`birthyear`,`birthmonth`,`birthday`,`sex`,`phone`,`email`,`country`,`province`,`city`,`county`,`company_name`,`position`,`hospital`,`context`,`field`,`label_id`,`label`,`job_age`,`clinic_id`,`work_time`,`invite_code`,`company_code`,`role_id`,`identity_id`,`is_use`,`is_show`,`remark`,`create_time` FROM `mint_user` WHERE `real_name` LIKE '%133%' AND `identity_id` = '1' ORDER BY id desc LIMIT 0,10   [ RunTime:0.0333s ]
SQL: SELECT COUNT(*) AS tp_count FROM `mint_user` LIMIT 1   [ RunTime:0.0324s ]
INFO: [ app_end ] --START--
INFO: Run Behavior\ShowPageTraceBehavior [ RunTime:0.000927s ]
INFO: [ app_end ] --END-- [ RunTime:0.001009s ]

[ 2016-10-11T12:02:53+08:00 ] ::1 /mintAdmin/index.php/Admin/Index/getUserInfo
INFO: [ app_init ] --START--
INFO: Run Behavior\BuildLiteBehavior [ RunTime:0.000038s ]
INFO: [ app_init ] --END-- [ RunTime:0.000798s ]
INFO: [ app_begin ] --START--
INFO: Run Behavior\ReadHtmlCacheBehavior [ RunTime:0.000973s ]
INFO: [ app_begin ] --END-- [ RunTime:0.001117s ]
SQL: SHOW COLUMNS FROM `mint_user` [ RunTime:0.0343s ]
SQL: SELECT * FROM `mint_user` WHERE `id` = 1 LIMIT 1   [ RunTime:0.0334s ]
SQL: SHOW COLUMNS FROM `mint_app` [ RunTime:0.0334s ]
SQL: SELECT `id`,`app_name`,`app_uri`,`app_url`,`parent_id` FROM `mint_app` ORDER BY sort  [ RunTime:0.0370s ]

[ 2016-10-11T12:02:53+08:00 ] ::1 /mintAdmin/index.php/Admin/Doctor/index
INFO: [ app_init ] --START--
INFO: Run Behavior\BuildLiteBehavior [ RunTime:0.000051s ]
INFO: [ app_init ] --END-- [ RunTime:0.000827s ]
INFO: [ app_begin ] --START--
INFO: Run Behavior\ReadHtmlCacheBehavior [ RunTime:0.001801s ]
INFO: [ app_begin ] --END-- [ RunTime:0.002106s ]
SQL: SHOW COLUMNS FROM `mint_user` [ RunTime:0.0340s ]
SQL: SELECT c.app_uri as uri FROM mint_user a INNER JOIN mint_role_app b on a.role_id=b.role_id INNER JOIN mint_app c on b.app_id=c.id  WHERE a.id = '1'  [ RunTime:0.0325s ]
SQL: SHOW COLUMNS FROM `mint_user` [ RunTime:0.0336s ]
SQL: SELECT COUNT(*) AS tp_count FROM `mint_user` WHERE `identity_id` = '2' LIMIT 1   [ RunTime:0.0322s ]
SQL: SELECT `id`,`account`,`photo`,`name`,`real_name`,`card_id`,`birthyear`,`birthmonth`,`birthday`,`sex`,`phone`,`email`,`country`,`province`,`city`,`county`,`company_name`,`position`,`hospital`,`context`,`field`,`label_id`,`label`,`job_age`,`clinic_id`,`work_time`,`invite_code`,`company_code`,`role_id`,`identity_id`,`is_use`,`is_show`,`remark`,`create_time` FROM `mint_user` WHERE `identity_id` = '2' ORDER BY id desc LIMIT 0,10   [ RunTime:0.0337s ]
SQL: SELECT COUNT(*) AS tp_count FROM `mint_user` LIMIT 1   [ RunTime:0.0326s ]
INFO: [ app_end ] --START--
INFO: Run Behavior\ShowPageTraceBehavior [ RunTime:0.000795s ]
INFO: [ app_end ] --END-- [ RunTime:0.000880s ]

[ 2016-10-11T12:02:56+08:00 ] ::1 /mintAdmin/index.php/Admin/Index/getUserInfo
INFO: [ app_init ] --START--
INFO: Run Behavior\BuildLiteBehavior [ RunTime:0.000023s ]
INFO: [ app_init ] --END-- [ RunTime:0.000626s ]
INFO: [ app_begin ] --START--
INFO: Run Behavior\ReadHtmlCacheBehavior [ RunTime:0.001444s ]
INFO: [ app_begin ] --END-- [ RunTime:0.001585s ]
SQL: SHOW COLUMNS FROM `mint_user` [ RunTime:0.0340s ]
SQL: SELECT * FROM `mint_user` WHERE `id` = 1 LIMIT 1   [ RunTime:0.0326s ]
SQL: SHOW COLUMNS FROM `mint_app` [ RunTime:0.0322s ]
SQL: SELECT `id`,`app_name`,`app_uri`,`app_url`,`parent_id` FROM `mint_app` ORDER BY sort  [ RunTime:0.0323s ]

[ 2016-10-11T12:02:57+08:00 ] ::1 /mintAdmin/index.php/Admin/Appointment/userLst?identity_id=2
INFO: [ app_init ] --START--
INFO: Run Behavior\BuildLiteBehavior [ RunTime:0.000080s ]
INFO: [ app_init ] --END-- [ RunTime:0.007575s ]
INFO: [ app_begin ] --START--
INFO: Run Behavior\ReadHtmlCacheBehavior [ RunTime:0.001475s ]
INFO: [ app_begin ] --END-- [ RunTime:0.001604s ]
SQL: SHOW COLUMNS FROM `mint_user` [ RunTime:0.0348s ]
SQL: SELECT c.app_uri as uri FROM mint_user a INNER JOIN mint_role_app b on a.role_id=b.role_id INNER JOIN mint_app c on b.app_id=c.id  WHERE a.id = '1'  [ RunTime:0.0338s ]
SQL: SHOW COLUMNS FROM `mint_user` [ RunTime:0.0345s ]
SQL: SELECT `id`,`name`,`account` FROM `mint_user` WHERE ( identity_id=2 )  [ RunTime:0.0337s ]
INFO: [ app_end ] --START--
INFO: Run Behavior\ShowPageTraceBehavior [ RunTime:0.001109s ]
INFO: [ app_end ] --END-- [ RunTime:0.001379s ]

[ 2016-10-11T12:02:57+08:00 ] ::1 /mintAdmin/index.php/Admin/Record/index
INFO: [ app_init ] --START--
INFO: Run Behavior\BuildLiteBehavior [ RunTime:0.000024s ]
INFO: [ app_init ] --END-- [ RunTime:0.000593s ]
INFO: [ app_begin ] --START--
INFO: Run Behavior\ReadHtmlCacheBehavior [ RunTime:0.002086s ]
INFO: [ app_begin ] --END-- [ RunTime:0.002199s ]
SQL: SHOW COLUMNS FROM `mint_user` [ RunTime:0.0345s ]
SQL: SELECT c.app_uri as uri FROM mint_user a INNER JOIN mint_role_app b on a.role_id=b.role_id INNER JOIN mint_app c on b.app_id=c.id  WHERE a.id = '1'  [ RunTime:0.0335s ]
SQL: SHOW COLUMNS FROM `mint_record` [ RunTime:0.0341s ]
NOTIC: [8] Undefined variable: where /Applications/MAMP/htdocs/mintAdmin/Application/Admin/Controller/RecordController.class.php 第 49 行.
SQL: SELECT COUNT(*) AS tp_count FROM mint_record a left join mint_user as b on a.patient_id=b.id left join mint_user as c on a.doctor_id=c.id left join mint_clinic as d on a.clinic_id=d.id  LIMIT 1   [ RunTime:0.0337s ]
NOTIC: [8] Undefined variable: where /Applications/MAMP/htdocs/mintAdmin/Application/Admin/Controller/RecordController.class.php 第 50 行.
SQL: SELECT a.*,b.account,b.real_name as patient_name,c.name as doctor_name,d.clinic_name FROM mint_record a left join mint_user as b on a.patient_id=b.id left join mint_user as c on a.doctor_id=c.id left join mint_clinic as d on a.clinic_id=d.id  ORDER BY id desc LIMIT 0,10   [ RunTime:0.0338s ]
INFO: [ app_end ] --START--
INFO: Run Behavior\ShowPageTraceBehavior [ RunTime:0.000808s ]
INFO: [ app_end ] --END-- [ RunTime:0.000897s ]

[ 2016-10-11T12:02:57+08:00 ] ::1 /mintAdmin/index.php/Admin/Appointment/clinicLst
INFO: [ app_init ] --START--
INFO: Run Behavior\BuildLiteBehavior [ RunTime:0.000016s ]
INFO: [ app_init ] --END-- [ RunTime:0.000394s ]
INFO: [ app_begin ] --START--
INFO: Run Behavior\ReadHtmlCacheBehavior [ RunTime:0.000466s ]
INFO: [ app_begin ] --END-- [ RunTime:0.000519s ]
SQL: SHOW COLUMNS FROM `mint_user` [ RunTime:0.0334s ]
SQL: SELECT c.app_uri as uri FROM mint_user a INNER JOIN mint_role_app b on a.role_id=b.role_id INNER JOIN mint_app c on b.app_id=c.id  WHERE a.id = '1'  [ RunTime:0.0321s ]
SQL: SHOW COLUMNS FROM `mint_clinic` [ RunTime:0.0321s ]
SQL: SELECT `id`,`clinic_name` FROM `mint_clinic`  [ RunTime:0.0316s ]
INFO: [ app_end ] --START--
INFO: Run Behavior\ShowPageTraceBehavior [ RunTime:0.000868s ]
INFO: [ app_end ] --END-- [ RunTime:0.000973s ]

[ 2016-10-11T12:03:03+08:00 ] ::1 /mintAdmin/index.php/Admin/Index/getUserInfo
INFO: [ app_init ] --START--
INFO: Run Behavior\BuildLiteBehavior [ RunTime:0.000026s ]
INFO: [ app_init ] --END-- [ RunTime:0.000589s ]
INFO: [ app_begin ] --START--
INFO: Run Behavior\ReadHtmlCacheBehavior [ RunTime:0.000779s ]
INFO: [ app_begin ] --END-- [ RunTime:0.000890s ]
SQL: SHOW COLUMNS FROM `mint_user` [ RunTime:0.0357s ]
SQL: SELECT * FROM `mint_user` WHERE `id` = 1 LIMIT 1   [ RunTime:0.0340s ]
SQL: SHOW COLUMNS FROM `mint_app` [ RunTime:0.0341s ]
SQL: SELECT `id`,`app_name`,`app_uri`,`app_url`,`parent_id` FROM `mint_app` ORDER BY sort  [ RunTime:0.0339s ]

[ 2016-10-11T12:03:03+08:00 ] ::1 /mintAdmin/index.php/Admin/Clinic/index
INFO: [ app_init ] --START--
INFO: Run Behavior\BuildLiteBehavior [ RunTime:0.000028s ]
INFO: [ app_init ] --END-- [ RunTime:0.000581s ]
INFO: [ app_begin ] --START--
INFO: Run Behavior\ReadHtmlCacheBehavior [ RunTime:0.000784s ]
INFO: [ app_begin ] --END-- [ RunTime:0.000916s ]
SQL: SHOW COLUMNS FROM `mint_user` [ RunTime:0.0334s ]
SQL: SELECT c.app_uri as uri FROM mint_user a INNER JOIN mint_role_app b on a.role_id=b.role_id INNER JOIN mint_app c on b.app_id=c.id  WHERE a.id = '1'  [ RunTime:0.0324s ]
SQL: SHOW COLUMNS FROM `mint_clinic` [ RunTime:0.0330s ]
NOTIC: [8] Undefined variable: where /Applications/MAMP/htdocs/mintAdmin/Application/Admin/Controller/ClinicController.class.php 第 22 行.
SQL: SELECT COUNT(*) AS tp_count FROM `mint_clinic` LIMIT 1   [ RunTime:0.0326s ]
NOTIC: [8] Undefined variable: where /Applications/MAMP/htdocs/mintAdmin/Application/Admin/Controller/ClinicController.class.php 第 23 行.
SQL: SELECT * FROM `mint_clinic` ORDER BY id desc LIMIT 0,10   [ RunTime:0.0328s ]
INFO: [ app_end ] --START--
INFO: Run Behavior\ShowPageTraceBehavior [ RunTime:0.000845s ]
INFO: [ app_end ] --END-- [ RunTime:0.000992s ]

[ 2016-10-11T12:03:12+08:00 ] ::1 /mintAdmin/index.php/Admin/Clinic/index
INFO: [ app_init ] --START--
INFO: Run Behavior\BuildLiteBehavior [ RunTime:0.000051s ]
INFO: [ app_init ] --END-- [ RunTime:0.000676s ]
INFO: [ app_begin ] --START--
INFO: Run Behavior\ReadHtmlCacheBehavior [ RunTime:0.000494s ]
INFO: [ app_begin ] --END-- [ RunTime:0.000557s ]
SQL: SHOW COLUMNS FROM `mint_user` [ RunTime:0.0345s ]
SQL: SELECT c.app_uri as uri FROM mint_user a INNER JOIN mint_role_app b on a.role_id=b.role_id INNER JOIN mint_app c on b.app_id=c.id  WHERE a.id = '1'  [ RunTime:0.0331s ]
SQL: SHOW COLUMNS FROM `mint_clinic` [ RunTime:0.0336s ]
SQL: SELECT COUNT(*) AS tp_count FROM `mint_clinic` WHERE `clinic_brand` LIKE '%固%' LIMIT 1   [ RunTime:0.0327s ]
SQL: SELECT * FROM `mint_clinic` WHERE `clinic_brand` LIKE '%固%' ORDER BY id desc LIMIT 0,10   [ RunTime:0.0330s ]
INFO: [ app_end ] --START--
INFO: Run Behavior\ShowPageTraceBehavior [ RunTime:0.000674s ]
INFO: [ app_end ] --END-- [ RunTime:0.000739s ]

[ 2016-10-11T12:03:17+08:00 ] ::1 /mintAdmin/index.php/Admin/Index/getUserInfo
INFO: [ app_init ] --START--
INFO: Run Behavior\BuildLiteBehavior [ RunTime:0.000029s ]
INFO: [ app_init ] --END-- [ RunTime:0.000847s ]
INFO: [ app_begin ] --START--
INFO: Run Behavior\ReadHtmlCacheBehavior [ RunTime:0.000781s ]
INFO: [ app_begin ] --END-- [ RunTime:0.000901s ]
SQL: SHOW COLUMNS FROM `mint_user` [ RunTime:0.0353s ]
SQL: SELECT * FROM `mint_user` WHERE `id` = 1 LIMIT 1   [ RunTime:0.0346s ]
SQL: SHOW COLUMNS FROM `mint_app` [ RunTime:0.0343s ]
SQL: SELECT `id`,`app_name`,`app_uri`,`app_url`,`parent_id` FROM `mint_app` ORDER BY sort  [ RunTime:0.0339s ]

[ 2016-10-11T12:03:18+08:00 ] ::1 /mintAdmin/index.php/Admin/ClinicSurvey/getClinicSurvey
INFO: [ app_init ] --START--
INFO: Run Behavior\BuildLiteBehavior [ RunTime:0.000039s ]
INFO: [ app_init ] --END-- [ RunTime:0.001389s ]
INFO: [ app_begin ] --START--
INFO: Run Behavior\ReadHtmlCacheBehavior [ RunTime:0.001062s ]
INFO: [ app_begin ] --END-- [ RunTime:0.001202s ]
SQL: SHOW COLUMNS FROM `mint_user` [ RunTime:0.0357s ]
SQL: SELECT c.app_uri as uri FROM mint_user a INNER JOIN mint_role_app b on a.role_id=b.role_id INNER JOIN mint_app c on b.app_id=c.id  WHERE a.id = '1'  [ RunTime:0.0332s ]
SQL: SHOW COLUMNS FROM `mint_clinic` [ RunTime:0.0339s ]
NOTIC: [8] Undefined variable: where /Applications/MAMP/htdocs/mintAdmin/Application/Admin/Controller/ClinicSurveyController.class.php 第 19 行.
SQL: SELECT COUNT(*) AS tp_count FROM `mint_clinic` LIMIT 1   [ RunTime:0.0334s ]
NOTIC: [8] Undefined variable: where /Applications/MAMP/htdocs/mintAdmin/Application/Admin/Controller/ClinicSurveyController.class.php 第 20 行.
SQL: SELECT `id`,`clinic_brand`,`clinic_name`,`chair_nums` FROM `mint_clinic` ORDER BY id desc LIMIT 0,10   [ RunTime:0.0335s ]
SQL: SHOW COLUMNS FROM `mint_appointment` [ RunTime:0.0344s ]
SQL: SELECT `clinic_id`,`visit_date`,COUNT(id) AS COUNT FROM `mint_appointment` WHERE `status` <> 4 AND `visit_date` BETWEEN '1476115199' AND '1476720001' GROUP BY clinic_id,visit_date  [ RunTime:0.0333s ]
SQL: SHOW COLUMNS FROM `mint_dttime` [ RunTime:0.0341s ]
SQL: SELECT GROUP_CONCAT(doctor_id) as doctor_ids,`visit_date`,`clinic_id` FROM `mint_dttime` WHERE `visit_date` BETWEEN '2016-10-11' AND '2016-10-18' GROUP BY clinic_id,visit_date  [ RunTime:0.0334s ]
SQL: SELECT `visit_date`,`start_time`,`end_time`,`time_span` FROM `mint_dttime` WHERE `doctor_id` IN ('158') AND `visit_date` = '2016-10-11'  [ RunTime:0.0333s ]
SQL: SELECT `visit_date`,`start_time`,`end_time`,`time_span` FROM `mint_dttime` WHERE `doctor_id` IN ('158','143') AND `visit_date` = '2016-10-14'  [ RunTime:0.0333s ]
SQL: SELECT `visit_date`,`start_time`,`end_time`,`time_span` FROM `mint_dttime` WHERE `doctor_id` IN ('16') AND `visit_date` = '2016-10-15'  [ RunTime:0.0331s ]
SQL: SELECT `visit_date`,`start_time`,`end_time`,`time_span` FROM `mint_dttime` WHERE `doctor_id` IN ('141') AND `visit_date` = '2016-10-16'  [ RunTime:0.0332s ]
SQL: SELECT `visit_date`,`start_time`,`end_time`,`time_span` FROM `mint_dttime` WHERE `doctor_id` IN ('139') AND `visit_date` = '2016-10-17'  [ RunTime:0.0330s ]
SQL: SELECT `visit_date`,`start_time`,`end_time`,`time_span` FROM `mint_dttime` WHERE `doctor_id` IN ('255') AND `visit_date` = '2016-10-11'  [ RunTime:0.0332s ]
SQL: SHOW COLUMNS FROM `mint_chairnum` [ RunTime:0.0336s ]
SQL: SELECT `clinic_id`,`chair_nums`,`chair_date` FROM `mint_chairnum` WHERE `chair_date` BETWEEN '1476115199' AND '1476720001'  [ RunTime:0.0332s ]
INFO: [ app_end ] --START--
INFO: Run Behavior\ShowPageTraceBehavior [ RunTime:0.000987s ]
INFO: [ app_end ] --END-- [ RunTime:0.001127s ]

[ 2016-10-11T12:03:31+08:00 ] ::1 /mintAdmin/index.php/Admin/ClinicSurvey/getClinicSurvey
INFO: [ app_init ] --START--
INFO: Run Behavior\BuildLiteBehavior [ RunTime:0.000019s ]
INFO: [ app_init ] --END-- [ RunTime:0.000575s ]
INFO: [ app_begin ] --START--
INFO: Run Behavior\ReadHtmlCacheBehavior [ RunTime:0.000763s ]
INFO: [ app_begin ] --END-- [ RunTime:0.000834s ]
SQL: SHOW COLUMNS FROM `mint_user` [ RunTime:0.0336s ]
SQL: SELECT c.app_uri as uri FROM mint_user a INNER JOIN mint_role_app b on a.role_id=b.role_id INNER JOIN mint_app c on b.app_id=c.id  WHERE a.id = '1'  [ RunTime:0.0322s ]
SQL: SHOW COLUMNS FROM `mint_clinic` [ RunTime:0.0327s ]
SQL: SELECT COUNT(*) AS tp_count FROM `mint_clinic` WHERE `clinic_brand` LIKE '%欢%' LIMIT 1   [ RunTime:0.0320s ]
SQL: SELECT `id`,`clinic_brand`,`clinic_name`,`chair_nums` FROM `mint_clinic` WHERE `clinic_brand` LIKE '%欢%' ORDER BY id desc LIMIT 0,10   [ RunTime:0.0322s ]
SQL: SHOW COLUMNS FROM `mint_appointment` [ RunTime:0.0329s ]
SQL: SELECT `clinic_id`,`visit_date`,COUNT(id) AS COUNT FROM `mint_appointment` WHERE `status` <> 4 AND `visit_date` BETWEEN '1476115199' AND '1476720001' GROUP BY clinic_id,visit_date  [ RunTime:0.0324s ]
SQL: SHOW COLUMNS FROM `mint_dttime` [ RunTime:0.0323s ]
SQL: SELECT GROUP_CONCAT(doctor_id) as doctor_ids,`visit_date`,`clinic_id` FROM `mint_dttime` WHERE `visit_date` BETWEEN '2016-10-11' AND '2016-10-18' GROUP BY clinic_id,visit_date  [ RunTime:0.0321s ]
SQL: SELECT `visit_date`,`start_time`,`end_time`,`time_span` FROM `mint_dttime` WHERE `doctor_id` IN ('158') AND `visit_date` = '2016-10-11'  [ RunTime:0.0321s ]
SQL: SELECT `visit_date`,`start_time`,`end_time`,`time_span` FROM `mint_dttime` WHERE `doctor_id` IN ('158','143') AND `visit_date` = '2016-10-14'  [ RunTime:0.0324s ]
SQL: SELECT `visit_date`,`start_time`,`end_time`,`time_span` FROM `mint_dttime` WHERE `doctor_id` IN ('16') AND `visit_date` = '2016-10-15'  [ RunTime:0.0321s ]
SQL: SELECT `visit_date`,`start_time`,`end_time`,`time_span` FROM `mint_dttime` WHERE `doctor_id` IN ('141') AND `visit_date` = '2016-10-16'  [ RunTime:0.0320s ]
SQL: SELECT `visit_date`,`start_time`,`end_time`,`time_span` FROM `mint_dttime` WHERE `doctor_id` IN ('139') AND `visit_date` = '2016-10-17'  [ RunTime:0.0321s ]
SQL: SELECT `visit_date`,`start_time`,`end_time`,`time_span` FROM `mint_dttime` WHERE `doctor_id` IN ('255') AND `visit_date` = '2016-10-11'  [ RunTime:0.0323s ]
SQL: SHOW COLUMNS FROM `mint_chairnum` [ RunTime:0.0331s ]
SQL: SELECT `clinic_id`,`chair_nums`,`chair_date` FROM `mint_chairnum` WHERE `chair_date` BETWEEN '1476115199' AND '1476720001'  [ RunTime:0.0320s ]
INFO: [ app_end ] --START--
INFO: Run Behavior\ShowPageTraceBehavior [ RunTime:0.013894s ]
INFO: [ app_end ] --END-- [ RunTime:0.014003s ]

[ 2016-10-11T12:03:39+08:00 ] ::1 /mintAdmin/index.php/Admin/ClinicSurvey/getClinicSurvey
INFO: [ app_init ] --START--
INFO: Run Behavior\BuildLiteBehavior [ RunTime:0.000022s ]
INFO: [ app_init ] --END-- [ RunTime:0.000649s ]
INFO: [ app_begin ] --START--
INFO: Run Behavior\ReadHtmlCacheBehavior [ RunTime:0.000973s ]
INFO: [ app_begin ] --END-- [ RunTime:0.001102s ]
SQL: SHOW COLUMNS FROM `mint_user` [ RunTime:0.0353s ]
SQL: SELECT c.app_uri as uri FROM mint_user a INNER JOIN mint_role_app b on a.role_id=b.role_id INNER JOIN mint_app c on b.app_id=c.id  WHERE a.id = '1'  [ RunTime:0.0344s ]
SQL: SHOW COLUMNS FROM `mint_clinic` [ RunTime:0.0347s ]
SQL: SELECT COUNT(*) AS tp_count FROM `mint_clinic` WHERE `clinic_brand` LIKE '%欢店%' LIMIT 1   [ RunTime:0.0341s ]
SQL: SELECT `id`,`clinic_brand`,`clinic_name`,`chair_nums` FROM `mint_clinic` WHERE `clinic_brand` LIKE '%欢店%' ORDER BY id desc LIMIT 0,10   [ RunTime:0.0341s ]
INFO: [ app_end ] --START--
INFO: Run Behavior\ShowPageTraceBehavior [ RunTime:0.000604s ]
INFO: [ app_end ] --END-- [ RunTime:0.000679s ]

[ 2016-10-11T12:03:45+08:00 ] ::1 /mintAdmin/index.php/Admin/ClinicSurvey/getClinicSurvey
INFO: [ app_init ] --START--
INFO: Run Behavior\BuildLiteBehavior [ RunTime:0.000028s ]
INFO: [ app_init ] --END-- [ RunTime:0.000626s ]
INFO: [ app_begin ] --START--
INFO: Run Behavior\ReadHtmlCacheBehavior [ RunTime:0.000970s ]
INFO: [ app_begin ] --END-- [ RunTime:0.001112s ]
SQL: SHOW COLUMNS FROM `mint_user` [ RunTime:0.0434s ]
SQL: SELECT c.app_uri as uri FROM mint_user a INNER JOIN mint_role_app b on a.role_id=b.role_id INNER JOIN mint_app c on b.app_id=c.id  WHERE a.id = '1'  [ RunTime:0.0323s ]
SQL: SHOW COLUMNS FROM `mint_clinic` [ RunTime:0.0327s ]
NOTIC: [8] Undefined variable: where /Applications/MAMP/htdocs/mintAdmin/Application/Admin/Controller/ClinicSurveyController.class.php 第 19 行.
SQL: SELECT COUNT(*) AS tp_count FROM `mint_clinic` LIMIT 1   [ RunTime:0.0323s ]
NOTIC: [8] Undefined variable: where /Applications/MAMP/htdocs/mintAdmin/Application/Admin/Controller/ClinicSurveyController.class.php 第 20 行.
SQL: SELECT `id`,`clinic_brand`,`clinic_name`,`chair_nums` FROM `mint_clinic` ORDER BY id desc LIMIT 0,10   [ RunTime:0.0323s ]
SQL: SHOW COLUMNS FROM `mint_appointment` [ RunTime:0.0330s ]
SQL: SELECT `clinic_id`,`visit_date`,COUNT(id) AS COUNT FROM `mint_appointment` WHERE `status` <> 4 AND `visit_date` BETWEEN '1476115199' AND '1476720001' GROUP BY clinic_id,visit_date  [ RunTime:0.0324s ]
SQL: SHOW COLUMNS FROM `mint_dttime` [ RunTime:0.0328s ]
SQL: SELECT GROUP_CONCAT(doctor_id) as doctor_ids,`visit_date`,`clinic_id` FROM `mint_dttime` WHERE `visit_date` BETWEEN '2016-10-11' AND '2016-10-18' GROUP BY clinic_id,visit_date  [ RunTime:0.0324s ]
SQL: SELECT `visit_date`,`start_time`,`end_time`,`time_span` FROM `mint_dttime` WHERE `doctor_id` IN ('158') AND `visit_date` = '2016-10-11'  [ RunTime:0.0325s ]
SQL: SELECT `visit_date`,`start_time`,`end_time`,`time_span` FROM `mint_dttime` WHERE `doctor_id` IN ('158','143') AND `visit_date` = '2016-10-14'  [ RunTime:0.0323s ]
SQL: SELECT `visit_date`,`start_time`,`end_time`,`time_span` FROM `mint_dttime` WHERE `doctor_id` IN ('16') AND `visit_date` = '2016-10-15'  [ RunTime:0.0324s ]
SQL: SELECT `visit_date`,`start_time`,`end_time`,`time_span` FROM `mint_dttime` WHERE `doctor_id` IN ('141') AND `visit_date` = '2016-10-16'  [ RunTime:0.0324s ]
SQL: SELECT `visit_date`,`start_time`,`end_time`,`time_span` FROM `mint_dttime` WHERE `doctor_id` IN ('139') AND `visit_date` = '2016-10-17'  [ RunTime:0.0325s ]
SQL: SELECT `visit_date`,`start_time`,`end_time`,`time_span` FROM `mint_dttime` WHERE `doctor_id` IN ('255') AND `visit_date` = '2016-10-11'  [ RunTime:0.0325s ]
SQL: SHOW COLUMNS FROM `mint_chairnum` [ RunTime:0.0327s ]
SQL: SELECT `clinic_id`,`chair_nums`,`chair_date` FROM `mint_chairnum` WHERE `chair_date` BETWEEN '1476115199' AND '1476720001'  [ RunTime:0.0324s ]
INFO: [ app_end ] --START--
INFO: Run Behavior\ShowPageTraceBehavior [ RunTime:0.000608s ]
INFO: [ app_end ] --END-- [ RunTime:0.000673s ]

[ 2016-10-11T12:03:50+08:00 ] ::1 /mintAdmin/index.php/Admin/Index/getUserInfo
INFO: [ app_init ] --START--
INFO: Run Behavior\BuildLiteBehavior [ RunTime:0.000031s ]
INFO: [ app_init ] --END-- [ RunTime:0.000787s ]
INFO: [ app_begin ] --START--
INFO: Run Behavior\ReadHtmlCacheBehavior [ RunTime:0.001396s ]
INFO: [ app_begin ] --END-- [ RunTime:0.001512s ]
SQL: SHOW COLUMNS FROM `mint_user` [ RunTime:0.0339s ]
SQL: SELECT * FROM `mint_user` WHERE `id` = 1 LIMIT 1   [ RunTime:0.0331s ]
SQL: SHOW COLUMNS FROM `mint_app` [ RunTime:0.0327s ]
SQL: SELECT `id`,`app_name`,`app_uri`,`app_url`,`parent_id` FROM `mint_app` ORDER BY sort  [ RunTime:0.0330s ]

[ 2016-10-11T12:03:51+08:00 ] ::1 /mintAdmin/index.php/Admin/Doctor/index
INFO: [ app_init ] --START--
INFO: Run Behavior\BuildLiteBehavior [ RunTime:0.000029s ]
INFO: [ app_init ] --END-- [ RunTime:0.000645s ]
INFO: [ app_begin ] --START--
INFO: Run Behavior\ReadHtmlCacheBehavior [ RunTime:0.000874s ]
INFO: [ app_begin ] --END-- [ RunTime:0.001001s ]
SQL: SHOW COLUMNS FROM `mint_user` [ RunTime:0.0354s ]
SQL: SELECT c.app_uri as uri FROM mint_user a INNER JOIN mint_role_app b on a.role_id=b.role_id INNER JOIN mint_app c on b.app_id=c.id  WHERE a.id = '1'  [ RunTime:0.0333s ]
SQL: SHOW COLUMNS FROM `mint_user` [ RunTime:0.0346s ]
SQL: SELECT COUNT(*) AS tp_count FROM `mint_user` WHERE `identity_id` = '2' LIMIT 1   [ RunTime:0.0335s ]
SQL: SELECT `id`,`account`,`photo`,`name`,`real_name`,`card_id`,`birthyear`,`birthmonth`,`birthday`,`sex`,`phone`,`email`,`country`,`province`,`city`,`county`,`company_name`,`position`,`hospital`,`context`,`field`,`label_id`,`label`,`job_age`,`clinic_id`,`work_time`,`invite_code`,`company_code`,`role_id`,`identity_id`,`is_use`,`is_show`,`remark`,`create_time` FROM `mint_user` WHERE `identity_id` = '2' ORDER BY id desc LIMIT 0,10   [ RunTime:0.0342s ]
SQL: SELECT COUNT(*) AS tp_count FROM `mint_user` LIMIT 1   [ RunTime:0.0335s ]
INFO: [ app_end ] --START--
INFO: Run Behavior\ShowPageTraceBehavior [ RunTime:0.000825s ]
INFO: [ app_end ] --END-- [ RunTime:0.000912s ]

[ 2016-10-11T12:03:57+08:00 ] ::1 /mintAdmin/index.php/Admin/Doctor/index
INFO: [ app_init ] --START--
INFO: Run Behavior\BuildLiteBehavior [ RunTime:0.000016s ]
INFO: [ app_init ] --END-- [ RunTime:0.000367s ]
INFO: [ app_begin ] --START--
INFO: Run Behavior\ReadHtmlCacheBehavior [ RunTime:0.000506s ]
INFO: [ app_begin ] --END-- [ RunTime:0.000573s ]
SQL: SHOW COLUMNS FROM `mint_user` [ RunTime:0.0354s ]
SQL: SELECT c.app_uri as uri FROM mint_user a INNER JOIN mint_role_app b on a.role_id=b.role_id INNER JOIN mint_app c on b.app_id=c.id  WHERE a.id = '1'  [ RunTime:0.0338s ]
SQL: SHOW COLUMNS FROM `mint_user` [ RunTime:0.0347s ]
SQL: SELECT COUNT(*) AS tp_count FROM `mint_user` WHERE `name` LIKE '%bai%' AND `identity_id` = '2' LIMIT 1   [ RunTime:0.0337s ]
SQL: SELECT `id`,`account`,`photo`,`name`,`real_name`,`card_id`,`birthyear`,`birthmonth`,`birthday`,`sex`,`phone`,`email`,`country`,`province`,`city`,`county`,`company_name`,`position`,`hospital`,`context`,`field`,`label_id`,`label`,`job_age`,`clinic_id`,`work_time`,`invite_code`,`company_code`,`role_id`,`identity_id`,`is_use`,`is_show`,`remark`,`create_time` FROM `mint_user` WHERE `name` LIKE '%bai%' AND `identity_id` = '2' ORDER BY id desc LIMIT 0,10   [ RunTime:0.0345s ]
SQL: SELECT COUNT(*) AS tp_count FROM `mint_user` LIMIT 1   [ RunTime:0.0337s ]
INFO: [ app_end ] --START--
INFO: Run Behavior\ShowPageTraceBehavior [ RunTime:0.000573s ]
INFO: [ app_end ] --END-- [ RunTime:0.000629s ]

[ 2016-10-11T12:04:02+08:00 ] ::1 /mintAdmin/index.php/Admin/Doctor/index
INFO: [ app_init ] --START--
INFO: Run Behavior\BuildLiteBehavior [ RunTime:0.000016s ]
INFO: [ app_init ] --END-- [ RunTime:0.000372s ]
INFO: [ app_begin ] --START--
INFO: Run Behavior\ReadHtmlCacheBehavior [ RunTime:0.000681s ]
INFO: [ app_begin ] --END-- [ RunTime:0.000757s ]
SQL: SHOW COLUMNS FROM `mint_user` [ RunTime:0.0353s ]
SQL: SELECT c.app_uri as uri FROM mint_user a INNER JOIN mint_role_app b on a.role_id=b.role_id INNER JOIN mint_app c on b.app_id=c.id  WHERE a.id = '1'  [ RunTime:0.0336s ]
SQL: SHOW COLUMNS FROM `mint_user` [ RunTime:0.0349s ]
SQL: SELECT COUNT(*) AS tp_count FROM `mint_user` WHERE `identity_id` = '2' LIMIT 1   [ RunTime:0.0336s ]
SQL: SELECT `id`,`account`,`photo`,`name`,`real_name`,`card_id`,`birthyear`,`birthmonth`,`birthday`,`sex`,`phone`,`email`,`country`,`province`,`city`,`county`,`company_name`,`position`,`hospital`,`context`,`field`,`label_id`,`label`,`job_age`,`clinic_id`,`work_time`,`invite_code`,`company_code`,`role_id`,`identity_id`,`is_use`,`is_show`,`remark`,`create_time` FROM `mint_user` WHERE `identity_id` = '2' ORDER BY id desc LIMIT 0,10   [ RunTime:0.0346s ]
SQL: SELECT COUNT(*) AS tp_count FROM `mint_user` LIMIT 1   [ RunTime:0.0336s ]
INFO: [ app_end ] --START--
INFO: Run Behavior\ShowPageTraceBehavior [ RunTime:0.000845s ]
INFO: [ app_end ] --END-- [ RunTime:0.000921s ]

[ 2016-10-11T12:04:07+08:00 ] ::1 /mintAdmin/index.php/Admin/Doctor/index
INFO: [ app_init ] --START--
INFO: Run Behavior\BuildLiteBehavior [ RunTime:0.000020s ]
INFO: [ app_init ] --END-- [ RunTime:0.000642s ]
INFO: [ app_begin ] --START--
INFO: Run Behavior\ReadHtmlCacheBehavior [ RunTime:0.000639s ]
INFO: [ app_begin ] --END-- [ RunTime:0.000729s ]
SQL: SHOW COLUMNS FROM `mint_user` [ RunTime:0.0335s ]
SQL: SELECT c.app_uri as uri FROM mint_user a INNER JOIN mint_role_app b on a.role_id=b.role_id INNER JOIN mint_app c on b.app_id=c.id  WHERE a.id = '1'  [ RunTime:0.0321s ]
SQL: SHOW COLUMNS FROM `mint_user` [ RunTime:0.0331s ]
SQL: SELECT COUNT(*) AS tp_count FROM `mint_user` WHERE `account` LIKE '%133%' AND `identity_id` = '2' LIMIT 1   [ RunTime:0.0321s ]
SQL: SELECT `id`,`account`,`photo`,`name`,`real_name`,`card_id`,`birthyear`,`birthmonth`,`birthday`,`sex`,`phone`,`email`,`country`,`province`,`city`,`county`,`company_name`,`position`,`hospital`,`context`,`field`,`label_id`,`label`,`job_age`,`clinic_id`,`work_time`,`invite_code`,`company_code`,`role_id`,`identity_id`,`is_use`,`is_show`,`remark`,`create_time` FROM `mint_user` WHERE `account` LIKE '%133%' AND `identity_id` = '2' ORDER BY id desc LIMIT 0,10   [ RunTime:0.0332s ]
SQL: SELECT COUNT(*) AS tp_count FROM `mint_user` LIMIT 1   [ RunTime:0.0320s ]
INFO: [ app_end ] --START--
INFO: Run Behavior\ShowPageTraceBehavior [ RunTime:0.002794s ]
INFO: [ app_end ] --END-- [ RunTime:0.002914s ]

[ 2016-10-11T12:04:16+08:00 ] ::1 /mintAdmin/index.php/Admin/Doctor/index
INFO: [ app_init ] --START--
INFO: Run Behavior\BuildLiteBehavior [ RunTime:0.000015s ]
INFO: [ app_init ] --END-- [ RunTime:0.000352s ]
INFO: [ app_begin ] --START--
INFO: Run Behavior\ReadHtmlCacheBehavior [ RunTime:0.000460s ]
INFO: [ app_begin ] --END-- [ RunTime:0.000513s ]
SQL: SHOW COLUMNS FROM `mint_user` [ RunTime:0.0346s ]
SQL: SELECT c.app_uri as uri FROM mint_user a INNER JOIN mint_role_app b on a.role_id=b.role_id INNER JOIN mint_app c on b.app_id=c.id  WHERE a.id = '1'  [ RunTime:0.0336s ]
SQL: SHOW COLUMNS FROM `mint_user` [ RunTime:0.0342s ]
SQL: SELECT COUNT(*) AS tp_count FROM `mint_user` WHERE `identity_id` = '2' LIMIT 1   [ RunTime:0.0334s ]
SQL: SELECT `id`,`account`,`photo`,`name`,`real_name`,`card_id`,`birthyear`,`birthmonth`,`birthday`,`sex`,`phone`,`email`,`country`,`province`,`city`,`county`,`company_name`,`position`,`hospital`,`context`,`field`,`label_id`,`label`,`job_age`,`clinic_id`,`work_time`,`invite_code`,`company_code`,`role_id`,`identity_id`,`is_use`,`is_show`,`remark`,`create_time` FROM `mint_user` WHERE `identity_id` = '2' ORDER BY id desc LIMIT 0,10   [ RunTime:0.0343s ]
SQL: SELECT COUNT(*) AS tp_count FROM `mint_user` LIMIT 1   [ RunTime:0.0333s ]
INFO: [ app_end ] --START--
INFO: Run Behavior\ShowPageTraceBehavior [ RunTime:0.001062s ]
INFO: [ app_end ] --END-- [ RunTime:0.001193s ]

[ 2016-10-11T14:58:06+08:00 ] ::1 /mintAdmin/index.php/Admin/Doctor/index
INFO: [ app_init ] --START--
INFO: Run Behavior\BuildLiteBehavior [ RunTime:0.000019s ]
INFO: [ app_init ] --END-- [ RunTime:0.001029s ]
INFO: [ app_begin ] --START--
INFO: Run Behavior\ReadHtmlCacheBehavior [ RunTime:0.000953s ]
INFO: [ app_begin ] --END-- [ RunTime:0.001028s ]
SQL: SHOW COLUMNS FROM `mint_user` [ RunTime:0.0336s ]
SQL: SELECT c.app_uri as uri FROM mint_user a INNER JOIN mint_role_app b on a.role_id=b.role_id INNER JOIN mint_app c on b.app_id=c.id  WHERE a.id = '1'  [ RunTime:0.0324s ]
SQL: SHOW COLUMNS FROM `mint_user` [ RunTime:0.0509s ]
SQL: SELECT COUNT(*) AS tp_count FROM `mint_user` WHERE `identity_id` = '2' LIMIT 1   [ RunTime:0.0319s ]
SQL: SELECT `id`,`account`,`photo`,`name`,`real_name`,`card_id`,`birthyear`,`birthmonth`,`birthday`,`sex`,`phone`,`email`,`country`,`province`,`city`,`county`,`company_name`,`position`,`hospital`,`context`,`field`,`label_id`,`label`,`job_age`,`clinic_id`,`work_time`,`invite_code`,`company_code`,`role_id`,`identity_id`,`is_use`,`is_show`,`remark`,`create_time` FROM `mint_user` WHERE `identity_id` = '2' ORDER BY id desc LIMIT 10,10   [ RunTime:0.0332s ]
SQL: SELECT COUNT(*) AS tp_count FROM `mint_user` LIMIT 1   [ RunTime:0.0322s ]
INFO: [ app_end ] --START--
INFO: Run Behavior\ShowPageTraceBehavior [ RunTime:0.008886s ]
INFO: [ app_end ] --END-- [ RunTime:0.008980s ]

[ 2016-10-11T14:58:52+08:00 ] ::1 /mintAdmin/index.php/Admin/Doctor/index
INFO: [ app_init ] --START--
INFO: Run Behavior\BuildLiteBehavior [ RunTime:0.000017s ]
INFO: [ app_init ] --END-- [ RunTime:0.000690s ]
INFO: [ app_begin ] --START--
INFO: Run Behavior\ReadHtmlCacheBehavior [ RunTime:0.000991s ]
INFO: [ app_begin ] --END-- [ RunTime:0.001077s ]
SQL: SHOW COLUMNS FROM `mint_user` [ RunTime:0.0343s ]
SQL: SELECT c.app_uri as uri FROM mint_user a INNER JOIN mint_role_app b on a.role_id=b.role_id INNER JOIN mint_app c on b.app_id=c.id  WHERE a.id = '1'  [ RunTime:0.0320s ]
SQL: SHOW COLUMNS FROM `mint_user` [ RunTime:0.0331s ]
SQL: SELECT COUNT(*) AS tp_count FROM `mint_user` WHERE `identity_id` = '2' LIMIT 1   [ RunTime:0.0319s ]
SQL: SELECT `id`,`account`,`photo`,`name`,`real_name`,`card_id`,`birthyear`,`birthmonth`,`birthday`,`sex`,`phone`,`email`,`country`,`province`,`city`,`county`,`company_name`,`position`,`hospital`,`context`,`field`,`label_id`,`label`,`job_age`,`clinic_id`,`work_time`,`invite_code`,`company_code`,`role_id`,`identity_id`,`is_use`,`is_show`,`remark`,`create_time` FROM `mint_user` WHERE `identity_id` = '2' ORDER BY id desc LIMIT 0,10   [ RunTime:0.0327s ]
SQL: SELECT COUNT(*) AS tp_count FROM `mint_user` LIMIT 1   [ RunTime:0.0316s ]
INFO: [ app_end ] --START--
INFO: Run Behavior\ShowPageTraceBehavior [ RunTime:0.001102s ]
INFO: [ app_end ] --END-- [ RunTime:0.001185s ]

[ 2016-10-11T14:58:52+08:00 ] ::1 /mintAdmin/index.php/Admin/Doctor/index
INFO: [ app_init ] --START--
INFO: Run Behavior\BuildLiteBehavior [ RunTime:0.000017s ]
INFO: [ app_init ] --END-- [ RunTime:0.000539s ]
INFO: [ app_begin ] --START--
INFO: Run Behavior\ReadHtmlCacheBehavior [ RunTime:0.000942s ]
INFO: [ app_begin ] --END-- [ RunTime:0.001021s ]
SQL: SHOW COLUMNS FROM `mint_user` [ RunTime:0.0340s ]
SQL: SELECT c.app_uri as uri FROM mint_user a INNER JOIN mint_role_app b on a.role_id=b.role_id INNER JOIN mint_app c on b.app_id=c.id  WHERE a.id = '1'  [ RunTime:0.0334s ]
SQL: SHOW COLUMNS FROM `mint_user` [ RunTime:0.0340s ]
SQL: SELECT COUNT(*) AS tp_count FROM `mint_user` WHERE `identity_id` = '2' LIMIT 1   [ RunTime:0.0327s ]
SQL: SELECT `id`,`account`,`photo`,`name`,`real_name`,`card_id`,`birthyear`,`birthmonth`,`birthday`,`sex`,`phone`,`email`,`country`,`province`,`city`,`county`,`company_name`,`position`,`hospital`,`context`,`field`,`label_id`,`label`,`job_age`,`clinic_id`,`work_time`,`invite_code`,`company_code`,`role_id`,`identity_id`,`is_use`,`is_show`,`remark`,`create_time` FROM `mint_user` WHERE `identity_id` = '2' ORDER BY id desc LIMIT 10,10   [ RunTime:0.0337s ]
SQL: SELECT COUNT(*) AS tp_count FROM `mint_user` LIMIT 1   [ RunTime:0.0326s ]
INFO: [ app_end ] --START--
INFO: Run Behavior\ShowPageTraceBehavior [ RunTime:0.000649s ]
INFO: [ app_end ] --END-- [ RunTime:0.000725s ]

[ 2016-10-11T14:58:52+08:00 ] ::1 /mintAdmin/index.php/Admin/Doctor/index
INFO: [ app_init ] --START--
INFO: Run Behavior\BuildLiteBehavior [ RunTime:0.000051s ]
INFO: [ app_init ] --END-- [ RunTime:0.000655s ]
INFO: [ app_begin ] --START--
INFO: Run Behavior\ReadHtmlCacheBehavior [ RunTime:0.000645s ]
INFO: [ app_begin ] --END-- [ RunTime:0.000713s ]
SQL: SHOW COLUMNS FROM `mint_user` [ RunTime:0.0339s ]
SQL: SELECT c.app_uri as uri FROM mint_user a INNER JOIN mint_role_app b on a.role_id=b.role_id INNER JOIN mint_app c on b.app_id=c.id  WHERE a.id = '1'  [ RunTime:0.0324s ]
SQL: SHOW COLUMNS FROM `mint_user` [ RunTime:0.0333s ]
SQL: SELECT COUNT(*) AS tp_count FROM `mint_user` WHERE `identity_id` = '2' LIMIT 1   [ RunTime:0.0323s ]
SQL: SELECT `id`,`account`,`photo`,`name`,`real_name`,`card_id`,`birthyear`,`birthmonth`,`birthday`,`sex`,`phone`,`email`,`country`,`province`,`city`,`county`,`company_name`,`position`,`hospital`,`context`,`field`,`label_id`,`label`,`job_age`,`clinic_id`,`work_time`,`invite_code`,`company_code`,`role_id`,`identity_id`,`is_use`,`is_show`,`remark`,`create_time` FROM `mint_user` WHERE `identity_id` = '2' ORDER BY id desc LIMIT 0,10   [ RunTime:0.0330s ]
SQL: SELECT COUNT(*) AS tp_count FROM `mint_user` LIMIT 1   [ RunTime:0.0324s ]
INFO: [ app_end ] --START--
INFO: Run Behavior\ShowPageTraceBehavior [ RunTime:0.000870s ]
INFO: [ app_end ] --END-- [ RunTime:0.000947s ]

[ 2016-10-11T14:58:56+08:00 ] ::1 /mintAdmin/index.php/Admin/Doctor/index
INFO: [ app_init ] --START--
INFO: Run Behavior\BuildLiteBehavior [ RunTime:0.000026s ]
INFO: [ app_init ] --END-- [ RunTime:0.000600s ]
INFO: [ app_begin ] --START--
INFO: Run Behavior\ReadHtmlCacheBehavior [ RunTime:0.001131s ]
INFO: [ app_begin ] --END-- [ RunTime:0.001226s ]
SQL: SHOW COLUMNS FROM `mint_user` [ RunTime:0.0337s ]
SQL: SELECT c.app_uri as uri FROM mint_user a INNER JOIN mint_role_app b on a.role_id=b.role_id INNER JOIN mint_app c on b.app_id=c.id  WHERE a.id = '1'  [ RunTime:0.0323s ]
SQL: SHOW COLUMNS FROM `mint_user` [ RunTime:0.0331s ]
SQL: SELECT COUNT(*) AS tp_count FROM `mint_user` WHERE `identity_id` = '2' LIMIT 1   [ RunTime:0.0322s ]
SQL: SELECT `id`,`account`,`photo`,`name`,`real_name`,`card_id`,`birthyear`,`birthmonth`,`birthday`,`sex`,`phone`,`email`,`country`,`province`,`city`,`county`,`company_name`,`position`,`hospital`,`context`,`field`,`label_id`,`label`,`job_age`,`clinic_id`,`work_time`,`invite_code`,`company_code`,`role_id`,`identity_id`,`is_use`,`is_show`,`remark`,`create_time` FROM `mint_user` WHERE `identity_id` = '2' ORDER BY id desc LIMIT 10,10   [ RunTime:0.0338s ]
SQL: SELECT COUNT(*) AS tp_count FROM `mint_user` LIMIT 1   [ RunTime:0.0323s ]
INFO: [ app_end ] --START--
INFO: Run Behavior\ShowPageTraceBehavior [ RunTime:0.001012s ]
INFO: [ app_end ] --END-- [ RunTime:0.001216s ]

[ 2016-10-11T14:59:08+08:00 ] ::1 /mintAdmin/index.php/Admin/Doctor/index
INFO: [ app_init ] --START--
INFO: Run Behavior\BuildLiteBehavior [ RunTime:0.000067s ]
INFO: [ app_init ] --END-- [ RunTime:0.000765s ]
INFO: [ app_begin ] --START--
INFO: Run Behavior\ReadHtmlCacheBehavior [ RunTime:0.001444s ]
INFO: [ app_begin ] --END-- [ RunTime:0.001633s ]
SQL: SHOW COLUMNS FROM `mint_user` [ RunTime:0.0353s ]
SQL: SELECT c.app_uri as uri FROM mint_user a INNER JOIN mint_role_app b on a.role_id=b.role_id INNER JOIN mint_app c on b.app_id=c.id  WHERE a.id = '1'  [ RunTime:0.0342s ]
SQL: SHOW COLUMNS FROM `mint_user` [ RunTime:0.0351s ]
SQL: SELECT COUNT(*) AS tp_count FROM `mint_user` WHERE `identity_id` = '2' LIMIT 1   [ RunTime:0.0340s ]
SQL: SELECT `id`,`account`,`photo`,`name`,`real_name`,`card_id`,`birthyear`,`birthmonth`,`birthday`,`sex`,`phone`,`email`,`country`,`province`,`city`,`county`,`company_name`,`position`,`hospital`,`context`,`field`,`label_id`,`label`,`job_age`,`clinic_id`,`work_time`,`invite_code`,`company_code`,`role_id`,`identity_id`,`is_use`,`is_show`,`remark`,`create_time` FROM `mint_user` WHERE `identity_id` = '2' ORDER BY id desc LIMIT 0,10   [ RunTime:0.0356s ]
SQL: SELECT COUNT(*) AS tp_count FROM `mint_user` LIMIT 1   [ RunTime:0.0338s ]
INFO: [ app_end ] --START--
INFO: Run Behavior\ShowPageTraceBehavior [ RunTime:0.001871s ]
INFO: [ app_end ] --END-- [ RunTime:0.002098s ]

[ 2016-10-11T14:59:13+08:00 ] ::1 /mintAdmin/index.php/Admin/Doctor/index
INFO: [ app_init ] --START--
INFO: Run Behavior\BuildLiteBehavior [ RunTime:0.000015s ]
INFO: [ app_init ] --END-- [ RunTime:0.000350s ]
INFO: [ app_begin ] --START--
INFO: Run Behavior\ReadHtmlCacheBehavior [ RunTime:0.000458s ]
INFO: [ app_begin ] --END-- [ RunTime:0.000512s ]
SQL: SHOW COLUMNS FROM `mint_user` [ RunTime:0.0348s ]
SQL: SELECT c.app_uri as uri FROM mint_user a INNER JOIN mint_role_app b on a.role_id=b.role_id INNER JOIN mint_app c on b.app_id=c.id  WHERE a.id = '1'  [ RunTime:0.0336s ]
SQL: SHOW COLUMNS FROM `mint_user` [ RunTime:0.0347s ]
SQL: SELECT COUNT(*) AS tp_count FROM `mint_user` WHERE `identity_id` = '2' LIMIT 1   [ RunTime:0.0334s ]
SQL: SELECT `id`,`account`,`photo`,`name`,`real_name`,`card_id`,`birthyear`,`birthmonth`,`birthday`,`sex`,`phone`,`email`,`country`,`province`,`city`,`county`,`company_name`,`position`,`hospital`,`context`,`field`,`label_id`,`label`,`job_age`,`clinic_id`,`work_time`,`invite_code`,`company_code`,`role_id`,`identity_id`,`is_use`,`is_show`,`remark`,`create_time` FROM `mint_user` WHERE `identity_id` = '2' ORDER BY id desc LIMIT 10,10   [ RunTime:0.0344s ]
SQL: SELECT COUNT(*) AS tp_count FROM `mint_user` LIMIT 1   [ RunTime:0.0335s ]
INFO: [ app_end ] --START--
INFO: Run Behavior\ShowPageTraceBehavior [ RunTime:0.001245s ]
INFO: [ app_end ] --END-- [ RunTime:0.001415s ]

[ 2016-10-11T14:59:14+08:00 ] ::1 /mintAdmin/index.php/Admin/Doctor/index
INFO: [ app_init ] --START--
INFO: Run Behavior\BuildLiteBehavior [ RunTime:0.000016s ]
INFO: [ app_init ] --END-- [ RunTime:0.000374s ]
INFO: [ app_begin ] --START--
INFO: Run Behavior\ReadHtmlCacheBehavior [ RunTime:0.000469s ]
INFO: [ app_begin ] --END-- [ RunTime:0.000523s ]
SQL: SHOW COLUMNS FROM `mint_user` [ RunTime:0.0346s ]
SQL: SELECT c.app_uri as uri FROM mint_user a INNER JOIN mint_role_app b on a.role_id=b.role_id INNER JOIN mint_app c on b.app_id=c.id  WHERE a.id = '1'  [ RunTime:0.0333s ]
SQL: SHOW COLUMNS FROM `mint_user` [ RunTime:0.0338s ]
SQL: SELECT COUNT(*) AS tp_count FROM `mint_user` WHERE `identity_id` = '2' LIMIT 1   [ RunTime:0.0327s ]
SQL: SELECT `id`,`account`,`photo`,`name`,`real_name`,`card_id`,`birthyear`,`birthmonth`,`birthday`,`sex`,`phone`,`email`,`country`,`province`,`city`,`county`,`company_name`,`position`,`hospital`,`context`,`field`,`label_id`,`label`,`job_age`,`clinic_id`,`work_time`,`invite_code`,`company_code`,`role_id`,`identity_id`,`is_use`,`is_show`,`remark`,`create_time` FROM `mint_user` WHERE `identity_id` = '2' ORDER BY id desc LIMIT 0,10   [ RunTime:0.0341s ]
SQL: SELECT COUNT(*) AS tp_count FROM `mint_user` LIMIT 1   [ RunTime:0.0327s ]
INFO: [ app_end ] --START--
INFO: Run Behavior\ShowPageTraceBehavior [ RunTime:0.000800s ]
INFO: [ app_end ] --END-- [ RunTime:0.000891s ]

[ 2016-10-11T15:00:20+08:00 ] ::1 /mintAdmin/index.php/Admin/Index/getUserInfo
INFO: [ app_init ] --START--
INFO: Run Behavior\BuildLiteBehavior [ RunTime:0.000020s ]
INFO: [ app_init ] --END-- [ RunTime:0.000626s ]
INFO: [ app_begin ] --START--
INFO: Run Behavior\ReadHtmlCacheBehavior [ RunTime:0.001004s ]
INFO: [ app_begin ] --END-- [ RunTime:0.001111s ]
SQL: SHOW COLUMNS FROM `mint_user` [ RunTime:0.0347s ]
SQL: SELECT * FROM `mint_user` WHERE `id` = 1 LIMIT 1   [ RunTime:0.0341s ]
SQL: SHOW COLUMNS FROM `mint_app` [ RunTime:0.0338s ]
SQL: SELECT `id`,`app_name`,`app_uri`,`app_url`,`parent_id` FROM `mint_app` ORDER BY sort  [ RunTime:0.0341s ]

[ 2016-10-11T15:00:21+08:00 ] ::1 /mintAdmin/index.php/Admin/Doctor/clinicLst
INFO: [ app_init ] --START--
INFO: Run Behavior\BuildLiteBehavior [ RunTime:0.001069s ]
INFO: [ app_init ] --END-- [ RunTime:0.002679s ]
INFO: [ app_begin ] --START--
INFO: Run Behavior\ReadHtmlCacheBehavior [ RunTime:0.001002s ]
INFO: [ app_begin ] --END-- [ RunTime:0.001132s ]
SQL: SHOW COLUMNS FROM `mint_user` [ RunTime:0.0330s ]
SQL: SELECT c.app_uri as uri FROM mint_user a INNER JOIN mint_role_app b on a.role_id=b.role_id INNER JOIN mint_app c on b.app_id=c.id  WHERE a.id = '1'  [ RunTime:0.0318s ]
SQL: SHOW COLUMNS FROM `mint_clinic` [ RunTime:0.0323s ]
SQL: SELECT `id`,`clinic_name` FROM `mint_clinic`  [ RunTime:0.0317s ]
INFO: [ app_end ] --START--
INFO: Run Behavior\ShowPageTraceBehavior [ RunTime:0.001099s ]
INFO: [ app_end ] --END-- [ RunTime:0.001169s ]

[ 2016-10-11T15:00:21+08:00 ] ::1 /mintAdmin/index.php/Admin/User/tagLst
INFO: [ app_init ] --START--
INFO: Run Behavior\BuildLiteBehavior [ RunTime:0.000023s ]
INFO: [ app_init ] --END-- [ RunTime:0.000606s ]
INFO: [ app_begin ] --START--
INFO: Run Behavior\ReadHtmlCacheBehavior [ RunTime:0.000873s ]
INFO: [ app_begin ] --END-- [ RunTime:0.000993s ]
SQL: SHOW COLUMNS FROM `mint_user` [ RunTime:0.0345s ]
SQL: SELECT c.app_uri as uri FROM mint_user a INNER JOIN mint_role_app b on a.role_id=b.role_id INNER JOIN mint_app c on b.app_id=c.id  WHERE a.id = '1'  [ RunTime:0.0330s ]
SQL: SHOW COLUMNS FROM `mint_tag` [ RunTime:0.0329s ]
SQL: SELECT * FROM `mint_tag` WHERE ( type=1 )  [ RunTime:0.0331s ]
INFO: [ app_end ] --START--
INFO: Run Behavior\ShowPageTraceBehavior [ RunTime:0.000896s ]
INFO: [ app_end ] --END-- [ RunTime:0.000995s ]

[ 2016-10-11T15:00:21+08:00 ] ::1 /mintAdmin/index.php/Admin/Doctor/serviceLst
INFO: [ app_init ] --START--
INFO: Run Behavior\BuildLiteBehavior [ RunTime:0.000020s ]
INFO: [ app_init ] --END-- [ RunTime:0.000568s ]
INFO: [ app_begin ] --START--
INFO: Run Behavior\ReadHtmlCacheBehavior [ RunTime:0.000850s ]
INFO: [ app_begin ] --END-- [ RunTime:0.000950s ]
SQL: SHOW COLUMNS FROM `mint_user` [ RunTime:0.0348s ]
SQL: SELECT c.app_uri as uri FROM mint_user a INNER JOIN mint_role_app b on a.role_id=b.role_id INNER JOIN mint_app c on b.app_id=c.id  WHERE a.id = '1'  [ RunTime:0.0335s ]
SQL: SHOW COLUMNS FROM `mint_service` [ RunTime:0.0336s ]
SQL: SELECT * FROM `mint_service`  [ RunTime:0.0334s ]
INFO: [ app_end ] --START--
INFO: Run Behavior\ShowPageTraceBehavior [ RunTime:0.000757s ]
INFO: [ app_end ] --END-- [ RunTime:0.000837s ]

[ 2016-10-11T15:00:21+08:00 ] ::1 /mintAdmin/index.php/Admin/Appointment/visitDateQuery?visit_date=2016-10
INFO: [ app_init ] --START--
INFO: Run Behavior\BuildLiteBehavior [ RunTime:0.000069s ]
INFO: [ app_init ] --END-- [ RunTime:0.000604s ]
INFO: [ app_begin ] --START--
INFO: Run Behavior\ReadHtmlCacheBehavior [ RunTime:0.004190s ]
INFO: [ app_begin ] --END-- [ RunTime:0.004500s ]
SQL: SHOW COLUMNS FROM `mint_user` [ RunTime:0.0334s ]
SQL: SELECT c.app_uri as uri FROM mint_user a INNER JOIN mint_role_app b on a.role_id=b.role_id INNER JOIN mint_app c on b.app_id=c.id  WHERE a.id = '1'  [ RunTime:0.0323s ]
SQL: SHOW COLUMNS FROM `mint_dttime` [ RunTime:0.0323s ]
SQL: SELECT a.*,b.clinic_name FROM mint_dttime a left join mint_clinic as b on a.clinic_id=b.id  WHERE a.visit_date LIKE '%2016-10%' AND a.doctor_id = '1'  [ RunTime:0.0324s ]
INFO: [ app_end ] --START--
INFO: Run Behavior\ShowPageTraceBehavior [ RunTime:0.001061s ]
INFO: [ app_end ] --END-- [ RunTime:0.001155s ]

[ 2016-10-11T15:00:28+08:00 ] ::1 /mintAdmin/index.php/Admin/Index/getUserInfo
INFO: [ app_init ] --START--
INFO: Run Behavior\BuildLiteBehavior [ RunTime:0.000030s ]
INFO: [ app_init ] --END-- [ RunTime:0.000647s ]
INFO: [ app_begin ] --START--
INFO: Run Behavior\ReadHtmlCacheBehavior [ RunTime:0.000817s ]
INFO: [ app_begin ] --END-- [ RunTime:0.000927s ]
SQL: SHOW COLUMNS FROM `mint_user` [ RunTime:0.0334s ]
SQL: SELECT * FROM `mint_user` WHERE `id` = 1 LIMIT 1   [ RunTime:0.0325s ]
SQL: SHOW COLUMNS FROM `mint_app` [ RunTime:0.0327s ]
SQL: SELECT `id`,`app_name`,`app_uri`,`app_url`,`parent_id` FROM `mint_app` ORDER BY sort  [ RunTime:0.0325s ]

[ 2016-10-11T15:00:28+08:00 ] ::1 /mintAdmin/index.php/Admin/Appointment/userLst?identity_id=2
INFO: [ app_init ] --START--
INFO: Run Behavior\BuildLiteBehavior [ RunTime:0.000059s ]
INFO: [ app_init ] --END-- [ RunTime:0.001019s ]
INFO: [ app_begin ] --START--
INFO: Run Behavior\ReadHtmlCacheBehavior [ RunTime:0.000858s ]
INFO: [ app_begin ] --END-- [ RunTime:0.000967s ]
SQL: SHOW COLUMNS FROM `mint_user` [ RunTime:0.0339s ]
SQL: SELECT c.app_uri as uri FROM mint_user a INNER JOIN mint_role_app b on a.role_id=b.role_id INNER JOIN mint_app c on b.app_id=c.id  WHERE a.id = '1'  [ RunTime:0.0327s ]
SQL: SHOW COLUMNS FROM `mint_user` [ RunTime:0.0337s ]
SQL: SELECT `id`,`name`,`account` FROM `mint_user` WHERE ( identity_id=2 )  [ RunTime:0.0332s ]
INFO: [ app_end ] --START--
INFO: Run Behavior\ShowPageTraceBehavior [ RunTime:0.000577s ]
INFO: [ app_end ] --END-- [ RunTime:0.000633s ]

[ 2016-10-11T15:00:29+08:00 ] ::1 /mintAdmin/index.php/Admin/Appointment/index
INFO: [ app_init ] --START--
INFO: Run Behavior\BuildLiteBehavior [ RunTime:0.000030s ]
INFO: [ app_init ] --END-- [ RunTime:0.001197s ]
INFO: [ app_begin ] --START--
INFO: Run Behavior\ReadHtmlCacheBehavior [ RunTime:0.001598s ]
INFO: [ app_begin ] --END-- [ RunTime:0.001726s ]
SQL: SHOW COLUMNS FROM `mint_user` [ RunTime:0.0345s ]
SQL: SELECT c.app_uri as uri FROM mint_user a INNER JOIN mint_role_app b on a.role_id=b.role_id INNER JOIN mint_app c on b.app_id=c.id  WHERE a.id = '1'  [ RunTime:0.0331s ]
SQL: SHOW COLUMNS FROM `mint_appointment` [ RunTime:0.0339s ]
SQL: UPDATE `mint_appointment` SET `status`='3' WHERE ( visit_time<1476082828 and status = 1 ) [ RunTime:0.0476s ]
SQL: UPDATE `mint_appointment` SET `status`='3' WHERE ( visit_time<1475996429 and status = 5 ) [ RunTime:0.0330s ]
NOTIC: [8] Undefined variable: where /Applications/MAMP/htdocs/mintAdmin/Application/Admin/Controller/AppointmentController.class.php 第 51 行.
SQL: SELECT COUNT(*) AS tp_count FROM mint_appointment a left join mint_user as b on a.doctor_id=b.id left join mint_clinic as d on a.clinic_id=d.id left join mint_company as e on a.invite_code=e.company_code  LIMIT 1   [ RunTime:0.0332s ]
NOTIC: [8] Undefined variable: where /Applications/MAMP/htdocs/mintAdmin/Application/Admin/Controller/AppointmentController.class.php 第 52 行.
SQL: SELECT a.*,b.name as doctor_name,d.clinic_name,e.company_name FROM mint_appointment a left join mint_user as b on a.doctor_id=b.id left join mint_clinic as d on a.clinic_id=d.id left join mint_company as e on a.invite_code=e.company_code  ORDER BY id desc LIMIT 0,10   [ RunTime:0.0338s ]
INFO: [ app_end ] --START--
INFO: Run Behavior\ShowPageTraceBehavior [ RunTime:0.000633s ]
INFO: [ app_end ] --END-- [ RunTime:0.000699s ]

[ 2016-10-11T15:00:29+08:00 ] ::1 /mintAdmin/index.php/Admin/Appointment/clinicLst
INFO: [ app_init ] --START--
INFO: Run Behavior\BuildLiteBehavior [ RunTime:0.000025s ]
INFO: [ app_init ] --END-- [ RunTime:0.000978s ]
INFO: [ app_begin ] --START--
INFO: Run Behavior\ReadHtmlCacheBehavior [ RunTime:0.000481s ]
INFO: [ app_begin ] --END-- [ RunTime:0.000534s ]
SQL: SHOW COLUMNS FROM `mint_user` [ RunTime:0.0336s ]
SQL: SELECT c.app_uri as uri FROM mint_user a INNER JOIN mint_role_app b on a.role_id=b.role_id INNER JOIN mint_app c on b.app_id=c.id  WHERE a.id = '1'  [ RunTime:0.0324s ]
SQL: SHOW COLUMNS FROM `mint_clinic` [ RunTime:0.0327s ]
SQL: SELECT `id`,`clinic_name` FROM `mint_clinic`  [ RunTime:0.0318s ]
INFO: [ app_end ] --START--
INFO: Run Behavior\ShowPageTraceBehavior [ RunTime:0.001080s ]
INFO: [ app_end ] --END-- [ RunTime:0.001274s ]

[ 2016-10-11T15:00:31+08:00 ] ::1 /mintAdmin/index.php/Admin/Index/getUserInfo
INFO: [ app_init ] --START--
INFO: Run Behavior\BuildLiteBehavior [ RunTime:0.000028s ]
INFO: [ app_init ] --END-- [ RunTime:0.000666s ]
INFO: [ app_begin ] --START--
INFO: Run Behavior\ReadHtmlCacheBehavior [ RunTime:0.001184s ]
INFO: [ app_begin ] --END-- [ RunTime:0.001299s ]
SQL: SHOW COLUMNS FROM `mint_user` [ RunTime:0.0349s ]
SQL: SELECT * FROM `mint_user` WHERE `id` = 1 LIMIT 1   [ RunTime:0.0338s ]
SQL: SHOW COLUMNS FROM `mint_app` [ RunTime:0.0335s ]
SQL: SELECT `id`,`app_name`,`app_uri`,`app_url`,`parent_id` FROM `mint_app` ORDER BY sort  [ RunTime:0.0337s ]

[ 2016-10-11T15:00:31+08:00 ] ::1 /mintAdmin/index.php/Admin/Appointment/userLst?identity_id=1
INFO: [ app_init ] --START--
INFO: Run Behavior\BuildLiteBehavior [ RunTime:0.000022s ]
INFO: [ app_init ] --END-- [ RunTime:0.000520s ]
INFO: [ app_begin ] --START--
INFO: Run Behavior\ReadHtmlCacheBehavior [ RunTime:0.000720s ]
INFO: [ app_begin ] --END-- [ RunTime:0.000812s ]
SQL: SHOW COLUMNS FROM `mint_user` [ RunTime:0.0333s ]
SQL: SELECT c.app_uri as uri FROM mint_user a INNER JOIN mint_role_app b on a.role_id=b.role_id INNER JOIN mint_app c on b.app_id=c.id  WHERE a.id = '1'  [ RunTime:0.0320s ]
SQL: SHOW COLUMNS FROM `mint_user` [ RunTime:0.0333s ]
SQL: SELECT `id`,`name`,`account` FROM `mint_user` WHERE ( identity_id=1 )  [ RunTime:0.0330s ]
INFO: [ app_end ] --START--
INFO: Run Behavior\ShowPageTraceBehavior [ RunTime:0.001382s ]
INFO: [ app_end ] --END-- [ RunTime:0.001702s ]

[ 2016-10-11T15:00:31+08:00 ] ::1 /mintAdmin/index.php/Admin/Appointment/serviceLst
INFO: [ app_init ] --START--
INFO: Run Behavior\BuildLiteBehavior [ RunTime:0.000026s ]
INFO: [ app_init ] --END-- [ RunTime:0.000843s ]
INFO: [ app_begin ] --START--
INFO: Run Behavior\ReadHtmlCacheBehavior [ RunTime:0.001163s ]
INFO: [ app_begin ] --END-- [ RunTime:0.002107s ]
SQL: SHOW COLUMNS FROM `mint_user` [ RunTime:0.0332s ]
SQL: SELECT c.app_uri as uri FROM mint_user a INNER JOIN mint_role_app b on a.role_id=b.role_id INNER JOIN mint_app c on b.app_id=c.id  WHERE a.id = '1'  [ RunTime:0.0319s ]
SQL: SHOW COLUMNS FROM `mint_service` [ RunTime:0.0318s ]
SQL: SELECT * FROM `mint_service`  [ RunTime:0.0320s ]
INFO: [ app_end ] --START--
INFO: Run Behavior\ShowPageTraceBehavior [ RunTime:0.000638s ]
INFO: [ app_end ] --END-- [ RunTime:0.000702s ]

[ 2016-10-11T15:00:32+08:00 ] ::1 /mintAdmin/index.php/Admin/Appointment/companyLst
INFO: [ app_init ] --START--
INFO: Run Behavior\BuildLiteBehavior [ RunTime:0.000018s ]
INFO: [ app_init ] --END-- [ RunTime:0.000441s ]
INFO: [ app_begin ] --START--
INFO: Run Behavior\ReadHtmlCacheBehavior [ RunTime:0.000651s ]
INFO: [ app_begin ] --END-- [ RunTime:0.000786s ]
SQL: SHOW COLUMNS FROM `mint_user` [ RunTime:0.0334s ]
SQL: SELECT c.app_uri as uri FROM mint_user a INNER JOIN mint_role_app b on a.role_id=b.role_id INNER JOIN mint_app c on b.app_id=c.id  WHERE a.id = '1'  [ RunTime:0.0324s ]
SQL: SHOW COLUMNS FROM `mint_company` [ RunTime:0.0326s ]
SQL: SELECT `id`,`company_name`,`company_code` FROM `mint_company`  [ RunTime:0.0320s ]
INFO: [ app_end ] --START--
INFO: Run Behavior\ShowPageTraceBehavior [ RunTime:0.000608s ]
INFO: [ app_end ] --END-- [ RunTime:0.000665s ]

[ 2016-10-11T19:46:03+08:00 ] ::1 /mintAdmin/index.php/Admin/Index/getUserInfo
INFO: [ app_init ] --START--
INFO: Run Behavior\BuildLiteBehavior [ RunTime:0.000017s ]
INFO: [ app_init ] --END-- [ RunTime:0.000858s ]
INFO: [ app_begin ] --START--
INFO: Run Behavior\ReadHtmlCacheBehavior [ RunTime:0.001143s ]
INFO: [ app_begin ] --END-- [ RunTime:0.001247s ]
SQL: SHOW COLUMNS FROM `mint_user` [ RunTime:0.0339s ]
SQL: SELECT * FROM `mint_user` WHERE `id` = 1 LIMIT 1   [ RunTime:0.0334s ]
SQL: SHOW COLUMNS FROM `mint_app` [ RunTime:0.0329s ]
SQL: SELECT `id`,`app_name`,`app_uri`,`app_url`,`parent_id` FROM `mint_app` ORDER BY sort  [ RunTime:0.0331s ]

[ 2016-10-11T19:46:03+08:00 ] ::1 /mintAdmin/index.php/Admin/User/index
INFO: [ app_init ] --START--
INFO: Run Behavior\BuildLiteBehavior [ RunTime:0.000026s ]
INFO: [ app_init ] --END-- [ RunTime:0.000850s ]
INFO: [ app_begin ] --START--
INFO: Run Behavior\ReadHtmlCacheBehavior [ RunTime:0.001099s ]
INFO: [ app_begin ] --END-- [ RunTime:0.001192s ]
SQL: SHOW COLUMNS FROM `mint_user` [ RunTime:0.0340s ]
SQL: SELECT c.app_uri as uri FROM mint_user a INNER JOIN mint_role_app b on a.role_id=b.role_id INNER JOIN mint_app c on b.app_id=c.id  WHERE a.id = '1'  [ RunTime:0.0326s ]
SQL: SHOW COLUMNS FROM `mint_user` [ RunTime:0.0344s ]
SQL: SELECT COUNT(*) AS tp_count FROM `mint_user` WHERE `identity_id` = '1' LIMIT 1   [ RunTime:0.0325s ]
SQL: SELECT `id`,`account`,`photo`,`name`,`real_name`,`card_id`,`birthyear`,`birthmonth`,`birthday`,`sex`,`phone`,`email`,`country`,`province`,`city`,`county`,`company_name`,`position`,`hospital`,`context`,`field`,`label_id`,`label`,`job_age`,`clinic_id`,`work_time`,`invite_code`,`company_code`,`role_id`,`identity_id`,`is_use`,`is_show`,`remark`,`create_time` FROM `mint_user` WHERE `identity_id` = '1' ORDER BY id desc LIMIT 0,10   [ RunTime:0.0333s ]
SQL: SELECT COUNT(*) AS tp_count FROM `mint_user` LIMIT 1   [ RunTime:0.0323s ]
INFO: [ app_end ] --START--
INFO: Run Behavior\ShowPageTraceBehavior [ RunTime:0.013103s ]
INFO: [ app_end ] --END-- [ RunTime:0.013222s ]

[ 2016-10-11T19:46:07+08:00 ] ::1 /mintAdmin/index.php/Admin/User/index
INFO: [ app_init ] --START--
INFO: Run Behavior\BuildLiteBehavior [ RunTime:0.000015s ]
INFO: [ app_init ] --END-- [ RunTime:0.000354s ]
INFO: [ app_begin ] --START--
INFO: Run Behavior\ReadHtmlCacheBehavior [ RunTime:0.000522s ]
INFO: [ app_begin ] --END-- [ RunTime:0.000587s ]
SQL: SHOW COLUMNS FROM `mint_user` [ RunTime:0.0350s ]
SQL: SELECT c.app_uri as uri FROM mint_user a INNER JOIN mint_role_app b on a.role_id=b.role_id INNER JOIN mint_app c on b.app_id=c.id  WHERE a.id = '1'  [ RunTime:0.0336s ]
SQL: SHOW COLUMNS FROM `mint_user` [ RunTime:0.0344s ]
SQL: SELECT COUNT(*) AS tp_count FROM `mint_user` WHERE `identity_id` = '1' LIMIT 1   [ RunTime:0.0429s ]
SQL: SELECT `id`,`account`,`photo`,`name`,`real_name`,`card_id`,`birthyear`,`birthmonth`,`birthday`,`sex`,`phone`,`email`,`country`,`province`,`city`,`county`,`company_name`,`position`,`hospital`,`context`,`field`,`label_id`,`label`,`job_age`,`clinic_id`,`work_time`,`invite_code`,`company_code`,`role_id`,`identity_id`,`is_use`,`is_show`,`remark`,`create_time` FROM `mint_user` WHERE `identity_id` = '1' ORDER BY id desc LIMIT 10,10   [ RunTime:0.0345s ]
SQL: SELECT COUNT(*) AS tp_count FROM `mint_user` LIMIT 1   [ RunTime:0.0335s ]
INFO: [ app_end ] --START--
INFO: Run Behavior\ShowPageTraceBehavior [ RunTime:0.001046s ]
INFO: [ app_end ] --END-- [ RunTime:0.001165s ]

[ 2016-10-11T19:46:09+08:00 ] ::1 /mintAdmin/index.php/Admin/User/index
INFO: [ app_init ] --START--
INFO: Run Behavior\BuildLiteBehavior [ RunTime:0.000017s ]
INFO: [ app_init ] --END-- [ RunTime:0.000407s ]
INFO: [ app_begin ] --START--
INFO: Run Behavior\ReadHtmlCacheBehavior [ RunTime:0.000479s ]
INFO: [ app_begin ] --END-- [ RunTime:0.000535s ]
SQL: SHOW COLUMNS FROM `mint_user` [ RunTime:0.0340s ]
SQL: SELECT c.app_uri as uri FROM mint_user a INNER JOIN mint_role_app b on a.role_id=b.role_id INNER JOIN mint_app c on b.app_id=c.id  WHERE a.id = '1'  [ RunTime:0.0328s ]
SQL: SHOW COLUMNS FROM `mint_user` [ RunTime:0.0339s ]
SQL: SELECT COUNT(*) AS tp_count FROM `mint_user` WHERE `identity_id` = '1' LIMIT 1   [ RunTime:0.0325s ]
SQL: SELECT `id`,`account`,`photo`,`name`,`real_name`,`card_id`,`birthyear`,`birthmonth`,`birthday`,`sex`,`phone`,`email`,`country`,`province`,`city`,`county`,`company_name`,`position`,`hospital`,`context`,`field`,`label_id`,`label`,`job_age`,`clinic_id`,`work_time`,`invite_code`,`company_code`,`role_id`,`identity_id`,`is_use`,`is_show`,`remark`,`create_time` FROM `mint_user` WHERE `identity_id` = '1' ORDER BY id desc LIMIT 20,10   [ RunTime:0.0338s ]
SQL: SELECT COUNT(*) AS tp_count FROM `mint_user` LIMIT 1   [ RunTime:0.0326s ]
INFO: [ app_end ] --START--
INFO: Run Behavior\ShowPageTraceBehavior [ RunTime:0.000589s ]
INFO: [ app_end ] --END-- [ RunTime:0.000669s ]

