[ 2016-09-13T11:37:04+08:00 ] ::1 /mintAdmin/up/images/20160824/photo_57bd2fbe9132e.png
INFO: [ app_init ] --START--
INFO: Run Behavior\BuildLiteBehavior [ RunTime:0.000051s ]
INFO: [ app_init ] --END-- [ RunTime:0.001015s ]
ERR: 无法加载模块:Up

[ 2016-09-13T11:37:04+08:00 ] ::1 /mintAdmin/up/images/20160830/photo_57c4f16874b5b.jpeg
INFO: [ app_init ] --START--
INFO: Run Behavior\BuildLiteBehavior [ RunTime:0.000025s ]
INFO: [ app_init ] --END-- [ RunTime:0.000940s ]
ERR: 无法加载模块:Up

[ 2016-09-13T11:37:04+08:00 ] ::1 /mintAdmin/up/images/20160907/photo_57cf94c83ce5e.jpeg
INFO: [ app_init ] --START--
INFO: Run Behavior\BuildLiteBehavior [ RunTime:0.001347s ]
INFO: [ app_init ] --END-- [ RunTime:0.001859s ]
ERR: 无法加载模块:Up

[ 2016-09-13T11:37:04+08:00 ] ::1 /mintAdmin/up/images/20160901/photo_57c7f89f0e798.png
INFO: [ app_init ] --START--
INFO: Run Behavior\BuildLiteBehavior [ RunTime:0.000026s ]
INFO: [ app_init ] --END-- [ RunTime:0.000640s ]
ERR: 无法加载模块:Up

[ 2016-09-13T11:37:04+08:00 ] ::1 /mintAdmin/up/images/20160909/photo_57d21f08e6d8f.jpeg
INFO: [ app_init ] --START--
INFO: Run Behavior\BuildLiteBehavior [ RunTime:0.000023s ]
INFO: [ app_init ] --END-- [ RunTime:0.001299s ]
ERR: 无法加载模块:Up

[ 2016-09-13T11:37:38+08:00 ] ::1 /mintAdmin/up/images/20160825/photo_57be9e93f0c12.png
INFO: [ app_init ] --START--
INFO: Run Behavior\BuildLiteBehavior [ RunTime:0.000024s ]
INFO: [ app_init ] --END-- [ RunTime:0.000519s ]
ERR: 无法加载模块:Up

[ 2016-09-13T11:37:38+08:00 ] ::1 /mintAdmin/up/images/20160825/photo_57be9e858699b.png
INFO: [ app_init ] --START--
INFO: Run Behavior\BuildLiteBehavior [ RunTime:0.000020s ]
INFO: [ app_init ] --END-- [ RunTime:0.000925s ]
ERR: 无法加载模块:Up

[ 2016-09-13T11:37:38+08:00 ] ::1 /mintAdmin/up/images/20160825/photo_57be9eaa5fc3c.png
INFO: [ app_init ] --START--
INFO: Run Behavior\BuildLiteBehavior [ RunTime:0.000028s ]
INFO: [ app_init ] --END-- [ RunTime:0.000576s ]
ERR: 无法加载模块:Up

[ 2016-09-13T11:37:38+08:00 ] ::1 /mintAdmin/up/images/20160825/photo_57bea091593eb.png
INFO: [ app_init ] --START--
INFO: Run Behavior\BuildLiteBehavior [ RunTime:0.000016s ]
INFO: [ app_init ] --END-- [ RunTime:0.000382s ]
ERR: 无法加载模块:Up

[ 2016-09-13T11:37:39+08:00 ] ::1 /mintAdmin/up/images/20160825/photo_57bea0accf299.png
INFO: [ app_init ] --START--
INFO: Run Behavior\BuildLiteBehavior [ RunTime:0.000016s ]
INFO: [ app_init ] --END-- [ RunTime:0.000378s ]
ERR: 无法加载模块:Up

[ 2016-09-13T11:37:39+08:00 ] ::1 /mintAdmin/up/images/20160825/photo_57be9e503e7ea.png
INFO: [ app_init ] --START--
INFO: Run Behavior\BuildLiteBehavior [ RunTime:0.000015s ]
INFO: [ app_init ] --END-- [ RunTime:0.000347s ]
ERR: 无法加载模块:Up

