[ 2016-09-08T18:25:39+08:00 ] ::1 /mintAdmin/up/images/20160825/photo_57be9e858699b.png
INFO: [ app_init ] --START--
INFO: Run Behavior\BuildLiteBehavior [ RunTime:0.000022s ]
INFO: [ app_init ] --END-- [ RunTime:0.000525s ]
ERR: 无法加载模块:Up

[ 2016-09-08T18:25:39+08:00 ] ::1 /mintAdmin/up/images/20160825/photo_57bea091593eb.png
INFO: [ app_init ] --START--
INFO: Run Behavior\BuildLiteBehavior [ RunTime:0.000023s ]
INFO: [ app_init ] --END-- [ RunTime:0.000559s ]
ERR: 无法加载模块:Up

[ 2016-09-08T18:25:39+08:00 ] ::1 /mintAdmin/up/images/20160825/photo_57be9eaa5fc3c.png
INFO: [ app_init ] --START--
INFO: Run Behavior\BuildLiteBehavior [ RunTime:0.000024s ]
INFO: [ app_init ] --END-- [ RunTime:0.000516s ]
ERR: 无法加载模块:Up

[ 2016-09-08T18:25:39+08:00 ] ::1 /mintAdmin/up/images/20160825/photo_57be9e503e7ea.png
INFO: [ app_init ] --START--
INFO: Run Behavior\BuildLiteBehavior [ RunTime:0.000015s ]
INFO: [ app_init ] --END-- [ RunTime:0.000352s ]
ERR: 无法加载模块:Up

[ 2016-09-08T18:25:39+08:00 ] ::1 /mintAdmin/up/images/20160825/photo_57be9e93f0c12.png
INFO: [ app_init ] --START--
INFO: Run Behavior\BuildLiteBehavior [ RunTime:0.000026s ]
INFO: [ app_init ] --END-- [ RunTime:0.000797s ]
ERR: 无法加载模块:Up

[ 2016-09-08T18:25:39+08:00 ] ::1 /mintAdmin/up/images/20160825/photo_57bea0accf299.png
INFO: [ app_init ] --START--
INFO: Run Behavior\BuildLiteBehavior [ RunTime:0.000017s ]
INFO: [ app_init ] --END-- [ RunTime:0.000529s ]
ERR: 无法加载模块:Up

[ 2016-09-08T18:25:44+08:00 ] ::1 /mintAdmin/up/images/20160825/photo_57be9eaa5fc3c.png
INFO: [ app_init ] --START--
INFO: Run Behavior\BuildLiteBehavior [ RunTime:0.000023s ]
INFO: [ app_init ] --END-- [ RunTime:0.000940s ]
ERR: 无法加载模块:Up

[ 2016-09-08T18:25:44+08:00 ] ::1 /mintAdmin/up/images/20160825/photo_57be9e93f0c12.png
INFO: [ app_init ] --START--
INFO: Run Behavior\BuildLiteBehavior [ RunTime:0.000017s ]
INFO: [ app_init ] --END-- [ RunTime:0.000455s ]
ERR: 无法加载模块:Up

[ 2016-09-08T18:25:44+08:00 ] ::1 /mintAdmin/up/images/20160825/photo_57be9e503e7ea.png
INFO: [ app_init ] --START--
INFO: Run Behavior\BuildLiteBehavior [ RunTime:0.000026s ]
INFO: [ app_init ] --END-- [ RunTime:0.002774s ]
ERR: 无法加载模块:Up

[ 2016-09-08T18:25:44+08:00 ] ::1 /mintAdmin/up/images/20160825/photo_57bea091593eb.png
INFO: [ app_init ] --START--
INFO: Run Behavior\BuildLiteBehavior [ RunTime:0.000030s ]
INFO: [ app_init ] --END-- [ RunTime:0.002495s ]
ERR: 无法加载模块:Up

[ 2016-09-08T18:25:44+08:00 ] ::1 /mintAdmin/up/images/20160825/photo_57be9e858699b.png
INFO: [ app_init ] --START--
INFO: Run Behavior\BuildLiteBehavior [ RunTime:0.000031s ]
INFO: [ app_init ] --END-- [ RunTime:0.001521s ]
ERR: 无法加载模块:Up

[ 2016-09-08T18:25:44+08:00 ] ::1 /mintAdmin/up/images/20160825/photo_57bea0accf299.png
INFO: [ app_init ] --START--
INFO: Run Behavior\BuildLiteBehavior [ RunTime:0.000018s ]
INFO: [ app_init ] --END-- [ RunTime:0.000491s ]
ERR: 无法加载模块:Up

[ 2016-09-08T18:26:15+08:00 ] ::1 /mintAdmin/up/images/20160907/photo_57cfbfef0ee59.jpeg
INFO: [ app_init ] --START--
INFO: Run Behavior\BuildLiteBehavior [ RunTime:0.000016s ]
INFO: [ app_init ] --END-- [ RunTime:0.000351s ]
ERR: 无法加载模块:Up

[ 2016-09-08T18:26:17+08:00 ] ::1 /mintAdmin/up/images/20160907/photo_57cfbfef0ee59.jpeg
INFO: [ app_init ] --START--
INFO: Run Behavior\BuildLiteBehavior [ RunTime:0.000016s ]
INFO: [ app_init ] --END-- [ RunTime:0.000347s ]
ERR: 无法加载模块:Up

[ 2016-09-08T18:26:34+08:00 ] ::1 /mintAdmin/up/images/20160907/photo_57cfbfef0ee59.jpeg
INFO: [ app_init ] --START--
INFO: Run Behavior\BuildLiteBehavior [ RunTime:0.000016s ]
INFO: [ app_init ] --END-- [ RunTime:0.000344s ]
ERR: 无法加载模块:Up

