[ 2016-09-26T15:11:30+08:00 ] ::1 /mintAdmin/up/images/20160921/photo_57e270738b520.jpeg
INFO: [ app_init ] --START--
INFO: Run Behavior\BuildLiteBehavior [ RunTime:0.000015s ]
INFO: [ app_init ] --END-- [ RunTime:0.000371s ]
ERR: 无法加载模块:Up

[ 2016-09-26T15:11:30+08:00 ] ::1 /mintAdmin/up/images/20160921/photo_57e2685551521.jpeg
INFO: [ app_init ] --START--
INFO: Run Behavior\BuildLiteBehavior [ RunTime:0.000015s ]
INFO: [ app_init ] --END-- [ RunTime:0.000364s ]
ERR: 无法加载模块:Up

[ 2016-09-26T15:11:37+08:00 ] ::1 /mintAdmin/up/images/20160919/photo_57dfaa4c17790.jpeg
INFO: [ app_init ] --START--
INFO: Run Behavior\BuildLiteBehavior [ RunTime:0.000022s ]
INFO: [ app_init ] --END-- [ RunTime:0.000547s ]
ERR: 无法加载模块:Up

[ 2016-09-26T15:11:37+08:00 ] ::1 /mintAdmin/up/images/20160920/photo_57e0da069a80f.jpeg
INFO: [ app_init ] --START--
INFO: Run Behavior\BuildLiteBehavior [ RunTime:0.000022s ]
INFO: [ app_init ] --END-- [ RunTime:0.000547s ]
ERR: 无法加载模块:Up

[ 2016-09-26T15:11:37+08:00 ] ::1 /mintAdmin/up/images/20160824/photo_57bd2fbe9132e.png
INFO: [ app_init ] --START--
INFO: Run Behavior\BuildLiteBehavior [ RunTime:0.000034s ]
INFO: [ app_init ] --END-- [ RunTime:0.000904s ]
ERR: 无法加载模块:Up

[ 2016-09-26T15:11:37+08:00 ] ::1 /mintAdmin/up/images/20160901/photo_57c7f89f0e798.png
INFO: [ app_init ] --START--
INFO: Run Behavior\BuildLiteBehavior [ RunTime:0.000039s ]
INFO: [ app_init ] --END-- [ RunTime:0.001483s ]
ERR: 无法加载模块:Up

[ 2016-09-26T15:12:13+08:00 ] ::1 /mintAdmin/up/images/20160625/photo_576d629e40d6d.png
INFO: [ app_init ] --START--
INFO: Run Behavior\BuildLiteBehavior [ RunTime:0.000093s ]
INFO: [ app_init ] --END-- [ RunTime:0.001090s ]
ERR: 无法加载模块:Up

[ 2016-09-26T15:12:13+08:00 ] ::1 /mintAdmin/up/images/20160708/photo_577f44e44d934.png
INFO: [ app_init ] --START--
INFO: Run Behavior\BuildLiteBehavior [ RunTime:0.000018s ]
INFO: [ app_init ] --END-- [ RunTime:0.000510s ]
ERR: 无法加载模块:Up

[ 2016-09-26T15:12:13+08:00 ] ::1 /mintAdmin/up/images/20160625/photo_576d6279588d1.png
INFO: [ app_init ] --START--
INFO: Run Behavior\BuildLiteBehavior [ RunTime:0.000022s ]
INFO: [ app_init ] --END-- [ RunTime:0.000510s ]
ERR: 无法加载模块:Up

[ 2016-09-26T15:12:13+08:00 ] ::1 /mintAdmin/up/images/20160708/photo_577f474118c32.png
INFO: [ app_init ] --START--
INFO: Run Behavior\BuildLiteBehavior [ RunTime:0.000017s ]
INFO: [ app_init ] --END-- [ RunTime:0.000511s ]
ERR: 无法加载模块:Up

[ 2016-09-26T15:12:13+08:00 ] ::1 /mintAdmin/up/images/20160708/photo_577f44a4b88dd.png
INFO: [ app_init ] --START--
INFO: Run Behavior\BuildLiteBehavior [ RunTime:0.000032s ]
INFO: [ app_init ] --END-- [ RunTime:0.001305s ]
ERR: 无法加载模块:Up

[ 2016-09-26T15:12:13+08:00 ] ::1 /mintAdmin/up/images/20160625/photo_576d62be44712.png
INFO: [ app_init ] --START--
INFO: Run Behavior\BuildLiteBehavior [ RunTime:0.000023s ]
INFO: [ app_init ] --END-- [ RunTime:0.000477s ]
ERR: 无法加载模块:Up

[ 2016-09-26T15:12:13+08:00 ] ::1 /mintAdmin/up/images/20160625/photo_576d62d219f8c.png
INFO: [ app_init ] --START--
INFO: Run Behavior\BuildLiteBehavior [ RunTime:0.000015s ]
INFO: [ app_init ] --END-- [ RunTime:0.000444s ]
ERR: 无法加载模块:Up

[ 2016-09-26T15:12:14+08:00 ] ::1 /mintAdmin/up/images/20160706/photo_577cd679a3b4e.png
INFO: [ app_init ] --START--
INFO: Run Behavior\BuildLiteBehavior [ RunTime:0.000019s ]
INFO: [ app_init ] --END-- [ RunTime:0.000434s ]
ERR: 无法加载模块:Up

[ 2016-09-26T15:12:18+08:00 ] ::1 /mintAdmin/up/images/20160708/photo_577f4b8450e90.png
INFO: [ app_init ] --START--
INFO: Run Behavior\BuildLiteBehavior [ RunTime:0.000022s ]
INFO: [ app_init ] --END-- [ RunTime:0.000557s ]
ERR: 无法加载模块:Up

[ 2016-09-26T15:12:18+08:00 ] ::1 /mintAdmin/up/images/20160919/photo_57dfabbf17bcd.jpeg
INFO: [ app_init ] --START--
INFO: Run Behavior\BuildLiteBehavior [ RunTime:0.000022s ]
INFO: [ app_init ] --END-- [ RunTime:0.000522s ]
ERR: 无法加载模块:Up

[ 2016-09-26T15:12:18+08:00 ] ::1 /mintAdmin/up/images/20160708/photo_577f4902a2ac2.png
INFO: [ app_init ] --START--
INFO: Run Behavior\BuildLiteBehavior [ RunTime:0.000051s ]
INFO: [ app_init ] --END-- [ RunTime:0.002120s ]
ERR: 无法加载模块:Up

[ 2016-09-26T15:12:18+08:00 ] ::1 /mintAdmin/up/images/20160830/photo_57c4f16874b5b.jpeg
INFO: [ app_init ] --START--
INFO: Run Behavior\BuildLiteBehavior [ RunTime:0.000026s ]
INFO: [ app_init ] --END-- [ RunTime:0.000832s ]
ERR: 无法加载模块:Up

[ 2016-09-26T15:12:18+08:00 ] ::1 /mintAdmin/up/images/20160823/photo_57bbf5af1dd21.png
INFO: [ app_init ] --START--
INFO: Run Behavior\BuildLiteBehavior [ RunTime:0.000024s ]
INFO: [ app_init ] --END-- [ RunTime:0.002923s ]
ERR: 无法加载模块:Up

[ 2016-09-26T15:12:18+08:00 ] ::1 /mintAdmin/up/images/20160708/photo_577f480a8bb5f.png
INFO: [ app_init ] --START--
INFO: Run Behavior\BuildLiteBehavior [ RunTime:0.000021s ]
INFO: [ app_init ] --END-- [ RunTime:0.000600s ]
ERR: 无法加载模块:Up

[ 2016-09-26T15:12:18+08:00 ] ::1 /mintAdmin/up/images/20160708/photo_577f4539d48da.png
INFO: [ app_init ] --START--
INFO: Run Behavior\BuildLiteBehavior [ RunTime:0.000033s ]
INFO: [ app_init ] --END-- [ RunTime:0.000519s ]
ERR: 无法加载模块:Up

[ 2016-09-26T15:12:18+08:00 ] ::1 /mintAdmin/up/images/20160708/photo_577f433268e5e.png
INFO: [ app_init ] --START--
INFO: Run Behavior\BuildLiteBehavior [ RunTime:0.000217s ]
INFO: [ app_init ] --END-- [ RunTime:0.002029s ]
ERR: 无法加载模块:Up

[ 2016-09-26T15:12:18+08:00 ] ::1 /mintAdmin/up/images/20160708/photo_577f441c5650c.png
INFO: [ app_init ] --START--
INFO: Run Behavior\BuildLiteBehavior [ RunTime:0.000025s ]
INFO: [ app_init ] --END-- [ RunTime:0.000939s ]
ERR: 无法加载模块:Up

[ 2016-09-26T15:12:20+08:00 ] ::1 /mintAdmin/up/images/20160625/photo_576d6279588d1.png
INFO: [ app_init ] --START--
INFO: Run Behavior\BuildLiteBehavior [ RunTime:0.000023s ]
INFO: [ app_init ] --END-- [ RunTime:0.000544s ]
ERR: 无法加载模块:Up

[ 2016-09-26T15:12:20+08:00 ] ::1 /mintAdmin/up/images/20160708/photo_577f44a4b88dd.png
INFO: [ app_init ] --START--
INFO: Run Behavior\BuildLiteBehavior [ RunTime:0.000020s ]
INFO: [ app_init ] --END-- [ RunTime:0.000491s ]
ERR: 无法加载模块:Up

[ 2016-09-26T15:12:20+08:00 ] ::1 /mintAdmin/up/images/20160625/photo_576d629e40d6d.png
INFO: [ app_init ] --START--
INFO: Run Behavior\BuildLiteBehavior [ RunTime:0.000028s ]
INFO: [ app_init ] --END-- [ RunTime:0.001387s ]
ERR: 无法加载模块:Up

[ 2016-09-26T15:12:20+08:00 ] ::1 /mintAdmin/up/images/20160708/photo_577f474118c32.png
INFO: [ app_init ] --START--
INFO: Run Behavior\BuildLiteBehavior [ RunTime:0.000024s ]
INFO: [ app_init ] --END-- [ RunTime:0.000625s ]
ERR: 无法加载模块:Up

[ 2016-09-26T15:12:20+08:00 ] ::1 /mintAdmin/up/images/20160708/photo_577f44e44d934.png
INFO: [ app_init ] --START--
INFO: Run Behavior\BuildLiteBehavior [ RunTime:0.000034s ]
INFO: [ app_init ] --END-- [ RunTime:0.000823s ]
ERR: 无法加载模块:Up

[ 2016-09-26T15:12:21+08:00 ] ::1 /mintAdmin/up/images/20160625/photo_576d62be44712.png
INFO: [ app_init ] --START--
INFO: Run Behavior\BuildLiteBehavior [ RunTime:0.000027s ]
INFO: [ app_init ] --END-- [ RunTime:0.000641s ]
ERR: 无法加载模块:Up

[ 2016-09-26T15:12:21+08:00 ] ::1 /mintAdmin/up/images/20160706/photo_577cd679a3b4e.png
INFO: [ app_init ] --START--
INFO: Run Behavior\BuildLiteBehavior [ RunTime:0.000024s ]
INFO: [ app_init ] --END-- [ RunTime:0.000527s ]
ERR: 无法加载模块:Up

[ 2016-09-26T15:12:21+08:00 ] ::1 /mintAdmin/up/images/20160625/photo_576d62d219f8c.png
INFO: [ app_init ] --START--
INFO: Run Behavior\BuildLiteBehavior [ RunTime:0.000028s ]
INFO: [ app_init ] --END-- [ RunTime:0.000642s ]
ERR: 无法加载模块:Up

[ 2016-09-26T15:12:39+08:00 ] ::1 /mintAdmin/up/images/20160919/photo_57dfaa4c17790.jpeg
INFO: [ app_init ] --START--
INFO: Run Behavior\BuildLiteBehavior [ RunTime:0.000027s ]
INFO: [ app_init ] --END-- [ RunTime:0.000651s ]
ERR: 无法加载模块:Up

[ 2016-09-26T15:12:39+08:00 ] ::1 /mintAdmin/up/images/20160901/photo_57c7f89f0e798.png
INFO: [ app_init ] --START--
INFO: Run Behavior\BuildLiteBehavior [ RunTime:0.000024s ]
INFO: [ app_init ] --END-- [ RunTime:0.000545s ]
ERR: 无法加载模块:Up

[ 2016-09-26T15:12:39+08:00 ] ::1 /mintAdmin/up/images/20160920/photo_57e0da069a80f.jpeg
INFO: [ app_init ] --START--
INFO: Run Behavior\BuildLiteBehavior [ RunTime:0.000025s ]
INFO: [ app_init ] --END-- [ RunTime:0.000672s ]
ERR: 无法加载模块:Up

[ 2016-09-26T15:12:39+08:00 ] ::1 /mintAdmin/up/images/20160824/photo_57bd2fbe9132e.png
INFO: [ app_init ] --START--
INFO: Run Behavior\BuildLiteBehavior [ RunTime:0.000074s ]
INFO: [ app_init ] --END-- [ RunTime:0.012318s ]
ERR: 无法加载模块:Up

[ 2016-09-26T15:12:43+08:00 ] ::1 /mintAdmin/up/images/20160830/photo_57c4f16874b5b.jpeg
INFO: [ app_init ] --START--
INFO: Run Behavior\BuildLiteBehavior [ RunTime:0.000023s ]
INFO: [ app_init ] --END-- [ RunTime:0.000508s ]
ERR: 无法加载模块:Up

[ 2016-09-26T15:12:43+08:00 ] ::1 /mintAdmin/up/images/20160823/photo_57bbf5af1dd21.png
INFO: [ app_init ] --START--
INFO: Run Behavior\BuildLiteBehavior [ RunTime:0.000020s ]
INFO: [ app_init ] --END-- [ RunTime:0.000507s ]
ERR: 无法加载模块:Up

[ 2016-09-26T15:12:43+08:00 ] ::1 /mintAdmin/up/images/20160919/photo_57dfabbf17bcd.jpeg
INFO: [ app_init ] --START--
INFO: Run Behavior\BuildLiteBehavior [ RunTime:0.000031s ]
INFO: [ app_init ] --END-- [ RunTime:0.000880s ]
ERR: 无法加载模块:Up

[ 2016-09-26T15:12:43+08:00 ] ::1 /mintAdmin/up/images/20160708/photo_577f4b8450e90.png
INFO: [ app_init ] --START--
INFO: Run Behavior\BuildLiteBehavior [ RunTime:0.000025s ]
INFO: [ app_init ] --END-- [ RunTime:0.000575s ]
ERR: 无法加载模块:Up

[ 2016-09-26T15:12:43+08:00 ] ::1 /mintAdmin/up/images/20160708/photo_577f4902a2ac2.png
INFO: [ app_init ] --START--
INFO: Run Behavior\BuildLiteBehavior [ RunTime:0.000030s ]
INFO: [ app_init ] --END-- [ RunTime:0.000671s ]
ERR: 无法加载模块:Up

[ 2016-09-26T15:12:43+08:00 ] ::1 /mintAdmin/up/images/20160708/photo_577f480a8bb5f.png
INFO: [ app_init ] --START--
INFO: Run Behavior\BuildLiteBehavior [ RunTime:0.000029s ]
INFO: [ app_init ] --END-- [ RunTime:0.000677s ]
ERR: 无法加载模块:Up

[ 2016-09-26T15:12:43+08:00 ] ::1 /mintAdmin/up/images/20160708/photo_577f4539d48da.png
INFO: [ app_init ] --START--
INFO: Run Behavior\BuildLiteBehavior [ RunTime:0.000026s ]
INFO: [ app_init ] --END-- [ RunTime:0.000571s ]
ERR: 无法加载模块:Up

[ 2016-09-26T15:12:43+08:00 ] ::1 /mintAdmin/up/images/20160708/photo_577f433268e5e.png
INFO: [ app_init ] --START--
INFO: Run Behavior\BuildLiteBehavior [ RunTime:0.000023s ]
INFO: [ app_init ] --END-- [ RunTime:0.000635s ]
ERR: 无法加载模块:Up

[ 2016-09-26T15:12:43+08:00 ] ::1 /mintAdmin/up/images/20160708/photo_577f441c5650c.png
INFO: [ app_init ] --START--
INFO: Run Behavior\BuildLiteBehavior [ RunTime:0.000028s ]
INFO: [ app_init ] --END-- [ RunTime:0.000657s ]
ERR: 无法加载模块:Up

[ 2016-09-26T15:12:46+08:00 ] ::1 /mintAdmin/up/images/20160919/photo_57dfaa4c17790.jpeg
INFO: [ app_init ] --START--
INFO: Run Behavior\BuildLiteBehavior [ RunTime:0.000024s ]
INFO: [ app_init ] --END-- [ RunTime:0.000607s ]
ERR: 无法加载模块:Up

[ 2016-09-26T15:12:46+08:00 ] ::1 /mintAdmin/up/images/20160920/photo_57e0da069a80f.jpeg
INFO: [ app_init ] --START--
INFO: Run Behavior\BuildLiteBehavior [ RunTime:0.000028s ]
INFO: [ app_init ] --END-- [ RunTime:0.000854s ]
ERR: 无法加载模块:Up

[ 2016-09-26T15:12:46+08:00 ] ::1 /mintAdmin/up/images/20160901/photo_57c7f89f0e798.png
INFO: [ app_init ] --START--
INFO: Run Behavior\BuildLiteBehavior [ RunTime:0.000029s ]
INFO: [ app_init ] --END-- [ RunTime:0.000850s ]
ERR: 无法加载模块:Up

[ 2016-09-26T15:12:46+08:00 ] ::1 /mintAdmin/up/images/20160824/photo_57bd2fbe9132e.png
INFO: [ app_init ] --START--
INFO: Run Behavior\BuildLiteBehavior [ RunTime:0.000059s ]
INFO: [ app_init ] --END-- [ RunTime:0.000798s ]
ERR: 无法加载模块:Up

[ 2016-09-26T15:13:58+08:00 ] ::1 /mintAdmin/up/images/20160823/photo_57bbf5af1dd21.png
INFO: [ app_init ] --START--
INFO: Run Behavior\BuildLiteBehavior [ RunTime:0.000022s ]
INFO: [ app_init ] --END-- [ RunTime:0.000513s ]
ERR: 无法加载模块:Up

[ 2016-09-26T15:13:58+08:00 ] ::1 /mintAdmin/up/images/20160708/photo_577f4b8450e90.png
INFO: [ app_init ] --START--
INFO: Run Behavior\BuildLiteBehavior [ RunTime:0.000024s ]
INFO: [ app_init ] --END-- [ RunTime:0.000513s ]
ERR: 无法加载模块:Up

[ 2016-09-26T15:13:58+08:00 ] ::1 /mintAdmin/up/images/20160708/photo_577f4902a2ac2.png
INFO: [ app_init ] --START--
INFO: Run Behavior\BuildLiteBehavior [ RunTime:0.000014s ]
INFO: [ app_init ] --END-- [ RunTime:0.000393s ]
ERR: 无法加载模块:Up

[ 2016-09-26T15:13:58+08:00 ] ::1 /mintAdmin/up/images/20160919/photo_57dfabbf17bcd.jpeg
INFO: [ app_init ] --START--
INFO: Run Behavior\BuildLiteBehavior [ RunTime:0.000021s ]
INFO: [ app_init ] --END-- [ RunTime:0.000532s ]
ERR: 无法加载模块:Up

[ 2016-09-26T15:13:58+08:00 ] ::1 /mintAdmin/up/images/20160830/photo_57c4f16874b5b.jpeg
INFO: [ app_init ] --START--
INFO: Run Behavior\BuildLiteBehavior [ RunTime:0.000022s ]
INFO: [ app_init ] --END-- [ RunTime:0.000529s ]
ERR: 无法加载模块:Up

[ 2016-09-26T15:13:58+08:00 ] ::1 /mintAdmin/up/images/20160708/photo_577f480a8bb5f.png
INFO: [ app_init ] --START--
INFO: Run Behavior\BuildLiteBehavior [ RunTime:0.000021s ]
INFO: [ app_init ] --END-- [ RunTime:0.000520s ]
ERR: 无法加载模块:Up

[ 2016-09-26T15:13:58+08:00 ] ::1 /mintAdmin/up/images/20160708/photo_577f433268e5e.png
INFO: [ app_init ] --START--
INFO: Run Behavior\BuildLiteBehavior [ RunTime:0.000018s ]
INFO: [ app_init ] --END-- [ RunTime:0.000509s ]
ERR: 无法加载模块:Up

[ 2016-09-26T15:13:58+08:00 ] ::1 /mintAdmin/up/images/20160708/photo_577f441c5650c.png
INFO: [ app_init ] --START--
INFO: Run Behavior\BuildLiteBehavior [ RunTime:0.000027s ]
INFO: [ app_init ] --END-- [ RunTime:0.000753s ]
ERR: 无法加载模块:Up

[ 2016-09-26T15:13:58+08:00 ] ::1 /mintAdmin/up/images/20160708/photo_577f4539d48da.png
INFO: [ app_init ] --START--
INFO: Run Behavior\BuildLiteBehavior [ RunTime:0.000015s ]
INFO: [ app_init ] --END-- [ RunTime:0.000367s ]
ERR: 无法加载模块:Up

[ 2016-09-26T15:14:05+08:00 ] ::1 /mintAdmin/up/images/20160919/photo_57dfaa4c17790.jpeg
INFO: [ app_init ] --START--
INFO: Run Behavior\BuildLiteBehavior [ RunTime:0.000027s ]
INFO: [ app_init ] --END-- [ RunTime:0.001425s ]
ERR: 无法加载模块:Up

[ 2016-09-26T15:14:05+08:00 ] ::1 /mintAdmin/up/images/20160920/photo_57e0da069a80f.jpeg
INFO: [ app_init ] --START--
INFO: Run Behavior\BuildLiteBehavior [ RunTime:0.004267s ]
INFO: [ app_init ] --END-- [ RunTime:0.020783s ]
ERR: 无法加载模块:Up

[ 2016-09-26T15:14:05+08:00 ] ::1 /mintAdmin/up/images/20160901/photo_57c7f89f0e798.png
INFO: [ app_init ] --START--
INFO: Run Behavior\BuildLiteBehavior [ RunTime:0.000027s ]
INFO: [ app_init ] --END-- [ RunTime:0.000797s ]
ERR: 无法加载模块:Up

[ 2016-09-26T15:14:05+08:00 ] ::1 /mintAdmin/up/images/20160824/photo_57bd2fbe9132e.png
INFO: [ app_init ] --START--
INFO: Run Behavior\BuildLiteBehavior [ RunTime:0.000022s ]
INFO: [ app_init ] --END-- [ RunTime:0.001415s ]
ERR: 无法加载模块:Up

[ 2016-09-26T15:15:12+08:00 ] ::1 /mintAdmin/up/images/20160919/photo_57dfaa4c17790.jpeg
INFO: [ app_init ] --START--
INFO: Run Behavior\BuildLiteBehavior [ RunTime:0.000031s ]
INFO: [ app_init ] --END-- [ RunTime:0.001055s ]
ERR: 无法加载模块:Up

[ 2016-09-26T15:15:12+08:00 ] ::1 /mintAdmin/up/images/20160901/photo_57c7f89f0e798.png
INFO: [ app_init ] --START--
INFO: Run Behavior\BuildLiteBehavior [ RunTime:0.000029s ]
INFO: [ app_init ] --END-- [ RunTime:0.000632s ]
ERR: 无法加载模块:Up

[ 2016-09-26T15:15:12+08:00 ] ::1 /mintAdmin/up/images/20160920/photo_57e0da069a80f.jpeg
INFO: [ app_init ] --START--
INFO: Run Behavior\BuildLiteBehavior [ RunTime:0.000026s ]
INFO: [ app_init ] --END-- [ RunTime:0.000520s ]
ERR: 无法加载模块:Up

[ 2016-09-26T15:15:12+08:00 ] ::1 /mintAdmin/up/images/20160824/photo_57bd2fbe9132e.png
INFO: [ app_init ] --START--
INFO: Run Behavior\BuildLiteBehavior [ RunTime:0.000026s ]
INFO: [ app_init ] --END-- [ RunTime:0.000583s ]
ERR: 无法加载模块:Up

[ 2016-09-26T18:10:11+08:00 ] ::1 /mintAdmin/up/images/20160926/photo_57e8f32f71f34.jpeg
INFO: [ app_init ] --START--
INFO: Run Behavior\BuildLiteBehavior [ RunTime:0.000024s ]
INFO: [ app_init ] --END-- [ RunTime:0.000527s ]
ERR: 无法加载模块:Up

[ 2016-09-26T18:10:11+08:00 ] ::1 /mintAdmin/up/images/20160901/photo_57c7f89f0e798.png
INFO: [ app_init ] --START--
INFO: Run Behavior\BuildLiteBehavior [ RunTime:0.000032s ]
INFO: [ app_init ] --END-- [ RunTime:0.000686s ]
ERR: 无法加载模块:Up

[ 2016-09-26T18:10:11+08:00 ] ::1 /mintAdmin/up/images/20160919/photo_57dfaa4c17790.jpeg
INFO: [ app_init ] --START--
INFO: Run Behavior\BuildLiteBehavior [ RunTime:0.000026s ]
INFO: [ app_init ] --END-- [ RunTime:0.000563s ]
ERR: 无法加载模块:Up

[ 2016-09-26T18:10:11+08:00 ] ::1 /mintAdmin/up/images/20160824/photo_57bd2fbe9132e.png
INFO: [ app_init ] --START--
INFO: Run Behavior\BuildLiteBehavior [ RunTime:0.000023s ]
INFO: [ app_init ] --END-- [ RunTime:0.002475s ]
ERR: 无法加载模块:Up

[ 2016-09-26T18:10:11+08:00 ] ::1 /mintAdmin/up/images/20160920/photo_57e0da069a80f.jpeg
INFO: [ app_init ] --START--
INFO: Run Behavior\BuildLiteBehavior [ RunTime:0.000031s ]
INFO: [ app_init ] --END-- [ RunTime:0.000802s ]
ERR: 无法加载模块:Up

[ 2016-09-26T18:13:39+08:00 ] ::1 /mintAdmin/up/images/20160926/photo_57e8f32f71f34.jpeg
INFO: [ app_init ] --START--
INFO: Run Behavior\BuildLiteBehavior [ RunTime:0.000024s ]
INFO: [ app_init ] --END-- [ RunTime:0.000538s ]
ERR: 无法加载模块:Up

[ 2016-09-26T18:13:39+08:00 ] ::1 /mintAdmin/up/images/20160919/photo_57dfaa4c17790.jpeg
INFO: [ app_init ] --START--
INFO: Run Behavior\BuildLiteBehavior [ RunTime:0.000025s ]
INFO: [ app_init ] --END-- [ RunTime:0.003137s ]
ERR: 无法加载模块:Up

[ 2016-09-26T18:13:39+08:00 ] ::1 /mintAdmin/up/images/20160901/photo_57c7f89f0e798.png
INFO: [ app_init ] --START--
INFO: Run Behavior\BuildLiteBehavior [ RunTime:0.000023s ]
INFO: [ app_init ] --END-- [ RunTime:0.000567s ]
ERR: 无法加载模块:Up

[ 2016-09-26T18:13:39+08:00 ] ::1 /mintAdmin/up/images/20160920/photo_57e0da069a80f.jpeg
INFO: [ app_init ] --START--
INFO: Run Behavior\BuildLiteBehavior [ RunTime:0.000101s ]
INFO: [ app_init ] --END-- [ RunTime:0.003386s ]
ERR: 无法加载模块:Up

[ 2016-09-26T18:13:39+08:00 ] ::1 /mintAdmin/up/images/20160824/photo_57bd2fbe9132e.png
INFO: [ app_init ] --START--
INFO: Run Behavior\BuildLiteBehavior [ RunTime:0.000019s ]
INFO: [ app_init ] --END-- [ RunTime:0.000484s ]
ERR: 无法加载模块:Up

