[ 2016-09-09T10:17:18+08:00 ] ::1 /mintAdmin/up/images/20160907/photo_57cf94c83ce5e.jpeg
INFO: [ app_init ] --START--
INFO: Run Behavior\BuildLiteBehavior [ RunTime:0.000025s ]
INFO: [ app_init ] --END-- [ RunTime:0.002483s ]
ERR: 无法加载模块:Up

[ 2016-09-09T10:17:18+08:00 ] ::1 /mintAdmin/up/images/20160830/photo_57c4f16874b5b.jpeg
INFO: [ app_init ] --START--
INFO: Run Behavior\BuildLiteBehavior [ RunTime:0.000026s ]
INFO: [ app_init ] --END-- [ RunTime:0.002037s ]
ERR: 无法加载模块:Up

[ 2016-09-09T10:17:18+08:00 ] ::1 /mintAdmin/up/images/20160901/photo_57c7f89f0e798.png
INFO: [ app_init ] --START--
INFO: Run Behavior\BuildLiteBehavior [ RunTime:0.000014s ]
INFO: [ app_init ] --END-- [ RunTime:0.000375s ]
ERR: 无法加载模块:Up

[ 2016-09-09T10:17:18+08:00 ] ::1 /mintAdmin/up/images/20160824/photo_57bd2fbe9132e.png
INFO: [ app_init ] --START--
INFO: Run Behavior\BuildLiteBehavior [ RunTime:0.000016s ]
INFO: [ app_init ] --END-- [ RunTime:0.000395s ]
ERR: 无法加载模块:Up

[ 2016-09-09T10:17:18+08:00 ] ::1 /mintAdmin/up/images/20160907/photo_57cfbfef0ee59.jpeg
INFO: [ app_init ] --START--
INFO: Run Behavior\BuildLiteBehavior [ RunTime:0.000023s ]
INFO: [ app_init ] --END-- [ RunTime:0.002117s ]
ERR: 无法加载模块:Up

[ 2016-09-09T10:50:04+08:00 ] ::1 /mintAdmin/up/images/20160901/photo_57c7f89f0e798.png
INFO: [ app_init ] --START--
INFO: Run Behavior\BuildLiteBehavior [ RunTime:0.000024s ]
INFO: [ app_init ] --END-- [ RunTime:0.001843s ]
ERR: 无法加载模块:Up

[ 2016-09-09T10:50:04+08:00 ] ::1 /mintAdmin/up/images/20160907/photo_57cf94c83ce5e.jpeg
INFO: [ app_init ] --START--
INFO: Run Behavior\BuildLiteBehavior [ RunTime:0.000024s ]
INFO: [ app_init ] --END-- [ RunTime:0.004536s ]
ERR: 无法加载模块:Up

[ 2016-09-09T10:50:04+08:00 ] ::1 /mintAdmin/up/images/20160830/photo_57c4f16874b5b.jpeg
INFO: [ app_init ] --START--
INFO: Run Behavior\BuildLiteBehavior [ RunTime:0.000023s ]
INFO: [ app_init ] --END-- [ RunTime:0.000611s ]
ERR: 无法加载模块:Up

[ 2016-09-09T10:50:04+08:00 ] ::1 /mintAdmin/up/images/20160824/photo_57bd2fbe9132e.png
INFO: [ app_init ] --START--
INFO: Run Behavior\BuildLiteBehavior [ RunTime:0.000017s ]
INFO: [ app_init ] --END-- [ RunTime:0.000401s ]
ERR: 无法加载模块:Up

[ 2016-09-09T10:50:04+08:00 ] ::1 /mintAdmin/up/images/20160909/photo_57d21f08e6d8f.jpeg
INFO: [ app_init ] --START--
INFO: Run Behavior\BuildLiteBehavior [ RunTime:0.000022s ]
INFO: [ app_init ] --END-- [ RunTime:0.000510s ]
ERR: 无法加载模块:Up

[ 2016-09-09T14:14:35+08:00 ] ::1 /mintAdmin/up/images/20160824/photo_57bd2fbe9132e.png
INFO: [ app_init ] --START--
INFO: Run Behavior\BuildLiteBehavior [ RunTime:0.000021s ]
INFO: [ app_init ] --END-- [ RunTime:0.001039s ]
ERR: 无法加载模块:Up

[ 2016-09-09T14:14:35+08:00 ] ::1 /mintAdmin/up/images/20160909/photo_57d21f08e6d8f.jpeg
INFO: [ app_init ] --START--
INFO: Run Behavior\BuildLiteBehavior [ RunTime:0.000021s ]
INFO: [ app_init ] --END-- [ RunTime:0.000560s ]
ERR: 无法加载模块:Up

[ 2016-09-09T14:14:35+08:00 ] ::1 /mintAdmin/up/images/20160901/photo_57c7f89f0e798.png
INFO: [ app_init ] --START--
INFO: Run Behavior\BuildLiteBehavior [ RunTime:0.000035s ]
INFO: [ app_init ] --END-- [ RunTime:0.000724s ]
ERR: 无法加载模块:Up

[ 2016-09-09T14:14:35+08:00 ] ::1 /mintAdmin/up/images/20160907/photo_57cf94c83ce5e.jpeg
INFO: [ app_init ] --START--
INFO: Run Behavior\BuildLiteBehavior [ RunTime:0.000024s ]
INFO: [ app_init ] --END-- [ RunTime:0.006453s ]
ERR: 无法加载模块:Up

[ 2016-09-09T14:14:35+08:00 ] ::1 /mintAdmin/up/images/20160830/photo_57c4f16874b5b.jpeg
INFO: [ app_init ] --START--
INFO: Run Behavior\BuildLiteBehavior [ RunTime:0.000017s ]
INFO: [ app_init ] --END-- [ RunTime:0.000526s ]
ERR: 无法加载模块:Up

[ 2016-09-09T14:56:40+08:00 ] ::1 /mintAdmin/up/images/20160825/photo_57bea091593eb.png
INFO: [ app_init ] --START--
INFO: Run Behavior\BuildLiteBehavior [ RunTime:0.000023s ]
INFO: [ app_init ] --END-- [ RunTime:0.005800s ]
ERR: 无法加载模块:Up

[ 2016-09-09T14:56:40+08:00 ] ::1 /mintAdmin/up/images/20160825/photo_57be9e503e7ea.png
INFO: [ app_init ] --START--
INFO: Run Behavior\BuildLiteBehavior [ RunTime:0.000021s ]
INFO: [ app_init ] --END-- [ RunTime:0.006247s ]
ERR: 无法加载模块:Up

[ 2016-09-09T14:56:40+08:00 ] ::1 /mintAdmin/up/images/20160825/photo_57be9e858699b.png
INFO: [ app_init ] --START--
INFO: Run Behavior\BuildLiteBehavior [ RunTime:0.000025s ]
INFO: [ app_init ] --END-- [ RunTime:0.000545s ]
ERR: 无法加载模块:Up

[ 2016-09-09T14:56:40+08:00 ] ::1 /mintAdmin/up/images/20160825/photo_57be9eaa5fc3c.png
INFO: [ app_init ] --START--
INFO: Run Behavior\BuildLiteBehavior [ RunTime:0.000025s ]
INFO: [ app_init ] --END-- [ RunTime:0.000549s ]
ERR: 无法加载模块:Up

[ 2016-09-09T14:56:40+08:00 ] ::1 /mintAdmin/up/images/20160825/photo_57be9e93f0c12.png
INFO: [ app_init ] --START--
INFO: Run Behavior\BuildLiteBehavior [ RunTime:0.000017s ]
INFO: [ app_init ] --END-- [ RunTime:0.000392s ]
ERR: 无法加载模块:Up

[ 2016-09-09T14:56:40+08:00 ] ::1 /mintAdmin/up/images/20160825/photo_57bea0accf299.png
INFO: [ app_init ] --START--
INFO: Run Behavior\BuildLiteBehavior [ RunTime:0.000027s ]
INFO: [ app_init ] --END-- [ RunTime:0.000653s ]
ERR: 无法加载模块:Up

[ 2016-09-09T20:54:55+08:00 ] ::1 /mintAdmin/up/images/20160825/photo_57be9e93f0c12.png
INFO: [ app_init ] --START--
INFO: Run Behavior\BuildLiteBehavior [ RunTime:0.000035s ]
INFO: [ app_init ] --END-- [ RunTime:0.001227s ]
ERR: 无法加载模块:Up

[ 2016-09-09T20:54:55+08:00 ] ::1 /mintAdmin/up/images/20160825/photo_57be9e503e7ea.png
INFO: [ app_init ] --START--
INFO: Run Behavior\BuildLiteBehavior [ RunTime:0.000021s ]
INFO: [ app_init ] --END-- [ RunTime:0.000464s ]
ERR: 无法加载模块:Up

[ 2016-09-09T20:54:55+08:00 ] ::1 /mintAdmin/up/images/20160825/photo_57be9e858699b.png
INFO: [ app_init ] --START--
INFO: Run Behavior\BuildLiteBehavior [ RunTime:0.000024s ]
INFO: [ app_init ] --END-- [ RunTime:0.003476s ]
ERR: 无法加载模块:Up

[ 2016-09-09T20:54:55+08:00 ] ::1 /mintAdmin/up/images/20160825/photo_57bea091593eb.png
INFO: [ app_init ] --START--
INFO: Run Behavior\BuildLiteBehavior [ RunTime:0.000024s ]
INFO: [ app_init ] --END-- [ RunTime:0.000591s ]
ERR: 无法加载模块:Up

[ 2016-09-09T20:54:55+08:00 ] ::1 /mintAdmin/up/images/20160825/photo_57be9eaa5fc3c.png
INFO: [ app_init ] --START--
INFO: Run Behavior\BuildLiteBehavior [ RunTime:0.000033s ]
INFO: [ app_init ] --END-- [ RunTime:0.000705s ]
ERR: 无法加载模块:Up

[ 2016-09-09T20:54:55+08:00 ] ::1 /mintAdmin/up/images/20160825/photo_57bea0accf299.png
INFO: [ app_init ] --START--
INFO: Run Behavior\BuildLiteBehavior [ RunTime:0.000027s ]
INFO: [ app_init ] --END-- [ RunTime:0.000602s ]
ERR: 无法加载模块:Up

