[ 2016-09-21T16:07:13+08:00 ] ::1 /mintAdmin/up/images/20160919/photo_57dfabc610c27.jpeg
INFO: [ app_init ] --START--
INFO: Run Behavior\BuildLiteBehavior [ RunTime:0.000015s ]
INFO: [ app_init ] --END-- [ RunTime:0.000342s ]
ERR: 无法加载模块:Up

[ 2016-09-21T16:11:31+08:00 ] ::1 /mintAdmin/up/images/20160919/photo_57dfabc610c27.jpeg
INFO: [ app_init ] --START--
INFO: Run Behavior\BuildLiteBehavior [ RunTime:0.000028s ]
INFO: [ app_init ] --END-- [ RunTime:0.000654s ]
ERR: 无法加载模块:Up

[ 2016-09-21T16:14:46+08:00 ] ::1 /mintAdmin/up/images/20160919/photo_57dfabc610c27.jpeg
INFO: [ app_init ] --START--
INFO: Run Behavior\BuildLiteBehavior [ RunTime:0.000014s ]
INFO: [ app_init ] --END-- [ RunTime:0.000346s ]
ERR: 无法加载模块:Up

[ 2016-09-21T16:15:05+08:00 ] ::1 /mintAdmin/up/images/20160919/photo_57dfabc610c27.jpeg
INFO: [ app_init ] --START--
INFO: Run Behavior\BuildLiteBehavior [ RunTime:0.000015s ]
INFO: [ app_init ] --END-- [ RunTime:0.000348s ]
ERR: 无法加载模块:Up

[ 2016-09-21T16:16:22+08:00 ] ::1 /mintAdmin/up/images/20160919/photo_57dfabc610c27.jpeg
INFO: [ app_init ] --START--
INFO: Run Behavior\BuildLiteBehavior [ RunTime:0.000019s ]
INFO: [ app_init ] --END-- [ RunTime:0.000493s ]
ERR: 无法加载模块:Up

[ 2016-09-21T16:28:05+08:00 ] ::1 /mintAdmin/up/images/20160919/photo_57dfabc610c27.jpeg
INFO: [ app_init ] --START--
INFO: Run Behavior\BuildLiteBehavior [ RunTime:0.000015s ]
INFO: [ app_init ] --END-- [ RunTime:0.000345s ]
ERR: 无法加载模块:Up

[ 2016-09-21T16:28:20+08:00 ] ::1 /mintAdmin/up/images/20160919/photo_57dfabc610c27.jpeg
INFO: [ app_init ] --START--
INFO: Run Behavior\BuildLiteBehavior [ RunTime:0.000015s ]
INFO: [ app_init ] --END-- [ RunTime:0.000343s ]
ERR: 无法加载模块:Up

[ 2016-09-21T16:29:31+08:00 ] ::1 /mintAdmin/up/images/20160919/photo_57dfabc610c27.jpeg
INFO: [ app_init ] --START--
INFO: Run Behavior\BuildLiteBehavior [ RunTime:0.000015s ]
INFO: [ app_init ] --END-- [ RunTime:0.000355s ]
ERR: 无法加载模块:Up

[ 2016-09-21T16:29:46+08:00 ] ::1 /mintAdmin/up/images/20160919/photo_57dfabc610c27.jpeg
INFO: [ app_init ] --START--
INFO: Run Behavior\BuildLiteBehavior [ RunTime:0.000015s ]
INFO: [ app_init ] --END-- [ RunTime:0.000365s ]
ERR: 无法加载模块:Up

[ 2016-09-21T16:30:57+08:00 ] ::1 /mintAdmin/up/images/20160919/photo_57dfabc610c27.jpeg
INFO: [ app_init ] --START--
INFO: Run Behavior\BuildLiteBehavior [ RunTime:0.000015s ]
INFO: [ app_init ] --END-- [ RunTime:0.000353s ]
ERR: 无法加载模块:Up

[ 2016-09-21T16:31:48+08:00 ] ::1 /mintAdmin/up/images/20160919/photo_57dfabc610c27.jpeg
INFO: [ app_init ] --START--
INFO: Run Behavior\BuildLiteBehavior [ RunTime:0.000015s ]
INFO: [ app_init ] --END-- [ RunTime:0.000352s ]
ERR: 无法加载模块:Up

[ 2016-09-21T16:32:01+08:00 ] ::1 /mintAdmin/up/images/20160919/photo_57dfabc610c27.jpeg
INFO: [ app_init ] --START--
INFO: Run Behavior\BuildLiteBehavior [ RunTime:0.000016s ]
INFO: [ app_init ] --END-- [ RunTime:0.000346s ]
ERR: 无法加载模块:Up

[ 2016-09-21T16:36:21+08:00 ] 172.16.33.212 /mintAdmin/up/images/20160919/photo_57dfabc610c27.jpeg
INFO: [ app_init ] --START--
INFO: Run Behavior\BuildLiteBehavior [ RunTime:0.000015s ]
INFO: [ app_init ] --END-- [ RunTime:0.000342s ]
ERR: 无法加载模块:Up

[ 2016-09-21T16:36:24+08:00 ] 172.16.33.212 /mintAdmin/up/images/20160919/photo_57dfabc610c27.jpeg
INFO: [ app_init ] --START--
INFO: Run Behavior\BuildLiteBehavior [ RunTime:0.000015s ]
INFO: [ app_init ] --END-- [ RunTime:0.000344s ]
ERR: 无法加载模块:Up

[ 2016-09-21T16:39:42+08:00 ] 172.16.13.165 /mintAdmin/up/images/20160825/photo_57be9e858699b.png
INFO: [ app_init ] --START--
INFO: Run Behavior\BuildLiteBehavior [ RunTime:0.000022s ]
INFO: [ app_init ] --END-- [ RunTime:0.000504s ]
ERR: 无法加载模块:Up

[ 2016-09-21T16:39:42+08:00 ] 172.16.13.165 /mintAdmin/up/images/20160825/photo_57be9e93f0c12.png
INFO: [ app_init ] --START--
INFO: Run Behavior\BuildLiteBehavior [ RunTime:0.000025s ]
INFO: [ app_init ] --END-- [ RunTime:0.001544s ]
ERR: 无法加载模块:Up

[ 2016-09-21T16:39:42+08:00 ] 172.16.13.165 /mintAdmin/up/images/20160825/photo_57be9e503e7ea.png
INFO: [ app_init ] --START--
INFO: Run Behavior\BuildLiteBehavior [ RunTime:0.000023s ]
INFO: [ app_init ] --END-- [ RunTime:0.000529s ]
ERR: 无法加载模块:Up

[ 2016-09-21T16:39:42+08:00 ] 172.16.13.165 /mintAdmin/up/images/20160825/photo_57bea091593eb.png
INFO: [ app_init ] --START--
INFO: Run Behavior\BuildLiteBehavior [ RunTime:0.000023s ]
INFO: [ app_init ] --END-- [ RunTime:0.000529s ]
ERR: 无法加载模块:Up

[ 2016-09-21T16:39:42+08:00 ] 172.16.13.165 /mintAdmin/up/images/20160825/photo_57be9eaa5fc3c.png
INFO: [ app_init ] --START--
INFO: Run Behavior\BuildLiteBehavior [ RunTime:0.000015s ]
INFO: [ app_init ] --END-- [ RunTime:0.000370s ]
ERR: 无法加载模块:Up

[ 2016-09-21T16:39:42+08:00 ] 172.16.13.165 /mintAdmin/up/images/20160825/photo_57bea0accf299.png
INFO: [ app_init ] --START--
INFO: Run Behavior\BuildLiteBehavior [ RunTime:0.000015s ]
INFO: [ app_init ] --END-- [ RunTime:0.000341s ]
ERR: 无法加载模块:Up

[ 2016-09-21T16:39:54+08:00 ] 172.16.13.165 /mintAdmin/up/images/20160825/photo_57be9e858699b.png
INFO: [ app_init ] --START--
INFO: Run Behavior\BuildLiteBehavior [ RunTime:0.000023s ]
INFO: [ app_init ] --END-- [ RunTime:0.000516s ]
ERR: 无法加载模块:Up

[ 2016-09-21T16:39:54+08:00 ] 172.16.13.165 /mintAdmin/up/images/20160825/photo_57be9e93f0c12.png
INFO: [ app_init ] --START--
INFO: Run Behavior\BuildLiteBehavior [ RunTime:0.000030s ]
INFO: [ app_init ] --END-- [ RunTime:0.000690s ]
ERR: 无法加载模块:Up

[ 2016-09-21T16:39:54+08:00 ] 172.16.13.165 /mintAdmin/up/images/20160825/photo_57be9e503e7ea.png
INFO: [ app_init ] --START--
INFO: Run Behavior\BuildLiteBehavior [ RunTime:0.000026s ]
INFO: [ app_init ] --END-- [ RunTime:0.000648s ]
ERR: 无法加载模块:Up

[ 2016-09-21T16:39:54+08:00 ] 172.16.13.165 /mintAdmin/up/images/20160825/photo_57bea091593eb.png
INFO: [ app_init ] --START--
INFO: Run Behavior\BuildLiteBehavior [ RunTime:0.000025s ]
INFO: [ app_init ] --END-- [ RunTime:0.000718s ]
ERR: 无法加载模块:Up

[ 2016-09-21T16:39:54+08:00 ] 172.16.13.165 /mintAdmin/up/images/20160825/photo_57be9eaa5fc3c.png
INFO: [ app_init ] --START--
INFO: Run Behavior\BuildLiteBehavior [ RunTime:0.000019s ]
INFO: [ app_init ] --END-- [ RunTime:0.008710s ]
ERR: 无法加载模块:Up

[ 2016-09-21T16:39:54+08:00 ] 172.16.13.165 /mintAdmin/up/images/20160825/photo_57bea0accf299.png
INFO: [ app_init ] --START--
INFO: Run Behavior\BuildLiteBehavior [ RunTime:0.000015s ]
INFO: [ app_init ] --END-- [ RunTime:0.000442s ]
ERR: 无法加载模块:Up

[ 2016-09-21T16:44:03+08:00 ] 172.16.33.212 /mintAdmin/up/images/20160919/photo_57dfabc610c27.jpeg
INFO: [ app_init ] --START--
INFO: Run Behavior\BuildLiteBehavior [ RunTime:0.000014s ]
INFO: [ app_init ] --END-- [ RunTime:0.000341s ]
ERR: 无法加载模块:Up

[ 2016-09-21T16:44:08+08:00 ] 172.16.33.212 /mintAdmin/up/images/20160919/photo_57dfabc610c27.jpeg
INFO: [ app_init ] --START--
INFO: Run Behavior\BuildLiteBehavior [ RunTime:0.000014s ]
INFO: [ app_init ] --END-- [ RunTime:0.000344s ]
ERR: 无法加载模块:Up

[ 2016-09-21T16:44:10+08:00 ] 172.16.33.212 /mintAdmin/up/images/20160825/photo_57be9e858699b.png
INFO: [ app_init ] --START--
INFO: Run Behavior\BuildLiteBehavior [ RunTime:0.000015s ]
INFO: [ app_init ] --END-- [ RunTime:0.000355s ]
ERR: 无法加载模块:Up

[ 2016-09-21T16:44:10+08:00 ] 172.16.33.212 /mintAdmin/up/images/20160825/photo_57be9eaa5fc3c.png
INFO: [ app_init ] --START--
INFO: Run Behavior\BuildLiteBehavior [ RunTime:0.000017s ]
INFO: [ app_init ] --END-- [ RunTime:0.000374s ]
ERR: 无法加载模块:Up

[ 2016-09-21T16:44:10+08:00 ] 172.16.33.212 /mintAdmin/up/images/20160825/photo_57be9e503e7ea.png
INFO: [ app_init ] --START--
INFO: Run Behavior\BuildLiteBehavior [ RunTime:0.000023s ]
INFO: [ app_init ] --END-- [ RunTime:0.000542s ]
ERR: 无法加载模块:Up

[ 2016-09-21T16:44:10+08:00 ] 172.16.33.212 /mintAdmin/up/images/20160825/photo_57be9e93f0c12.png
INFO: [ app_init ] --START--
INFO: Run Behavior\BuildLiteBehavior [ RunTime:0.000021s ]
INFO: [ app_init ] --END-- [ RunTime:0.000471s ]
ERR: 无法加载模块:Up

[ 2016-09-21T16:44:10+08:00 ] 172.16.33.212 /mintAdmin/up/images/20160825/photo_57bea091593eb.png
INFO: [ app_init ] --START--
INFO: Run Behavior\BuildLiteBehavior [ RunTime:0.000016s ]
INFO: [ app_init ] --END-- [ RunTime:0.000374s ]
ERR: 无法加载模块:Up

[ 2016-09-21T16:44:10+08:00 ] 172.16.33.212 /mintAdmin/up/images/20160825/photo_57bea0accf299.png
INFO: [ app_init ] --START--
INFO: Run Behavior\BuildLiteBehavior [ RunTime:0.000015s ]
INFO: [ app_init ] --END-- [ RunTime:0.000364s ]
ERR: 无法加载模块:Up

[ 2016-09-21T16:44:26+08:00 ] 172.16.33.212 /mintAdmin/up/images/20160919/photo_57dfabc610c27.jpeg
INFO: [ app_init ] --START--
INFO: Run Behavior\BuildLiteBehavior [ RunTime:0.000015s ]
INFO: [ app_init ] --END-- [ RunTime:0.000346s ]
ERR: 无法加载模块:Up

[ 2016-09-21T16:56:04+08:00 ] ::1 /mintAdmin/up/images/20160919/photo_57dfabc610c27.jpeg
INFO: [ app_init ] --START--
INFO: Run Behavior\BuildLiteBehavior [ RunTime:0.000053s ]
INFO: [ app_init ] --END-- [ RunTime:0.000526s ]
ERR: 无法加载模块:Up

[ 2016-09-21T16:56:05+08:00 ] ::1 /mintAdmin/up/images/20160919/photo_57dfabc610c27.jpeg
INFO: [ app_init ] --START--
INFO: Run Behavior\BuildLiteBehavior [ RunTime:0.000014s ]
INFO: [ app_init ] --END-- [ RunTime:0.000346s ]
ERR: 无法加载模块:Up

[ 2016-09-21T16:56:12+08:00 ] ::1 /mintAdmin/up/images/20160919/photo_57dfabc610c27.jpeg
INFO: [ app_init ] --START--
INFO: Run Behavior\BuildLiteBehavior [ RunTime:0.000015s ]
INFO: [ app_init ] --END-- [ RunTime:0.000354s ]
ERR: 无法加载模块:Up

[ 2016-09-21T17:01:07+08:00 ] ::1 /mintAdmin/up/images/20160919/photo_57dfabc610c27.jpeg
INFO: [ app_init ] --START--
INFO: Run Behavior\BuildLiteBehavior [ RunTime:0.000015s ]
INFO: [ app_init ] --END-- [ RunTime:0.000345s ]
ERR: 无法加载模块:Up

[ 2016-09-21T17:01:48+08:00 ] ::1 /mintAdmin/up/images/20160919/photo_57dfabc610c27.jpeg
INFO: [ app_init ] --START--
INFO: Run Behavior\BuildLiteBehavior [ RunTime:0.000017s ]
INFO: [ app_init ] --END-- [ RunTime:0.000438s ]
ERR: 无法加载模块:Up

[ 2016-09-21T17:03:36+08:00 ] ::1 /mintAdmin/up/images/20160919/photo_57dfabc610c27.jpeg
INFO: [ app_init ] --START--
INFO: Run Behavior\BuildLiteBehavior [ RunTime:0.000015s ]
INFO: [ app_init ] --END-- [ RunTime:0.000346s ]
ERR: 无法加载模块:Up

[ 2016-09-21T17:03:44+08:00 ] ::1 /mintAdmin/up/images/20160919/photo_57dfabc610c27.jpeg
INFO: [ app_init ] --START--
INFO: Run Behavior\BuildLiteBehavior [ RunTime:0.000017s ]
INFO: [ app_init ] --END-- [ RunTime:0.000393s ]
ERR: 无法加载模块:Up

[ 2016-09-21T17:03:47+08:00 ] ::1 /mintAdmin/up/images/20160919/photo_57dfabc610c27.jpeg
INFO: [ app_init ] --START--
INFO: Run Behavior\BuildLiteBehavior [ RunTime:0.000032s ]
INFO: [ app_init ] --END-- [ RunTime:0.001126s ]
ERR: 无法加载模块:Up

[ 2016-09-21T17:04:21+08:00 ] ::1 /mintAdmin/up/images/20160919/photo_57dfabc610c27.jpeg
INFO: [ app_init ] --START--
INFO: Run Behavior\BuildLiteBehavior [ RunTime:0.000020s ]
INFO: [ app_init ] --END-- [ RunTime:0.000424s ]
ERR: 无法加载模块:Up

[ 2016-09-21T17:06:41+08:00 ] ::1 /mintAdmin/up/images/20160919/photo_57dfabc610c27.jpeg
INFO: [ app_init ] --START--
INFO: Run Behavior\BuildLiteBehavior [ RunTime:0.000016s ]
INFO: [ app_init ] --END-- [ RunTime:0.000371s ]
ERR: 无法加载模块:Up

[ 2016-09-21T17:08:48+08:00 ] ::1 /mintAdmin/up/images/20160919/photo_57dfabc610c27.jpeg
INFO: [ app_init ] --START--
INFO: Run Behavior\BuildLiteBehavior [ RunTime:0.000015s ]
INFO: [ app_init ] --END-- [ RunTime:0.000362s ]
ERR: 无法加载模块:Up

[ 2016-09-21T17:10:14+08:00 ] ::1 /mintAdmin/up/images/20160919/photo_57dfabc610c27.jpeg
INFO: [ app_init ] --START--
INFO: Run Behavior\BuildLiteBehavior [ RunTime:0.000023s ]
INFO: [ app_init ] --END-- [ RunTime:0.000668s ]
ERR: 无法加载模块:Up

[ 2016-09-21T17:17:53+08:00 ] ::1 /mintAdmin/up/images/20160919/photo_57dfabc610c27.jpeg
INFO: [ app_init ] --START--
INFO: Run Behavior\BuildLiteBehavior [ RunTime:0.000016s ]
INFO: [ app_init ] --END-- [ RunTime:0.000372s ]
ERR: 无法加载模块:Up

[ 2016-09-21T17:19:37+08:00 ] ::1 /mintAdmin/up/images/20160919/photo_57dfabc610c27.jpeg
INFO: [ app_init ] --START--
INFO: Run Behavior\BuildLiteBehavior [ RunTime:0.000015s ]
INFO: [ app_init ] --END-- [ RunTime:0.000369s ]
ERR: 无法加载模块:Up

[ 2016-09-21T17:19:39+08:00 ] ::1 /mintAdmin/up/images/20160919/photo_57dfabc610c27.jpeg
INFO: [ app_init ] --START--
INFO: Run Behavior\BuildLiteBehavior [ RunTime:0.000017s ]
INFO: [ app_init ] --END-- [ RunTime:0.000382s ]
ERR: 无法加载模块:Up

[ 2016-09-21T17:25:33+08:00 ] ::1 /mintAdmin/up/images/20160919/photo_57dfabc610c27.jpeg
INFO: [ app_init ] --START--
INFO: Run Behavior\BuildLiteBehavior [ RunTime:0.000042s ]
INFO: [ app_init ] --END-- [ RunTime:0.000692s ]
ERR: 无法加载模块:Up

[ 2016-09-21T17:53:35+08:00 ] ::1 /mintAdmin/up/images/20160919/photo_57dfabc610c27.jpeg
INFO: [ app_init ] --START--
INFO: Run Behavior\BuildLiteBehavior [ RunTime:0.000016s ]
INFO: [ app_init ] --END-- [ RunTime:0.000345s ]
ERR: 无法加载模块:Up

[ 2016-09-21T18:15:48+08:00 ] ::1 /mintAdmin/up/images/20160919/photo_57dfabc610c27.jpeg
INFO: [ app_init ] --START--
INFO: Run Behavior\BuildLiteBehavior [ RunTime:0.000027s ]
INFO: [ app_init ] --END-- [ RunTime:0.000619s ]
ERR: 无法加载模块:Up

[ 2016-09-21T18:30:56+08:00 ] ::1 /mintAdmin/up/images/20160919/photo_57dfabc610c27.jpeg
INFO: [ app_init ] --START--
INFO: Run Behavior\BuildLiteBehavior [ RunTime:0.000016s ]
INFO: [ app_init ] --END-- [ RunTime:0.000347s ]
ERR: 无法加载模块:Up

[ 2016-09-21T18:34:56+08:00 ] ::1 /mintAdmin/up/images/20160919/photo_57dfabc610c27.jpeg
INFO: [ app_init ] --START--
INFO: Run Behavior\BuildLiteBehavior [ RunTime:0.000016s ]
INFO: [ app_init ] --END-- [ RunTime:0.000357s ]
ERR: 无法加载模块:Up

[ 2016-09-21T18:36:30+08:00 ] ::1 /mintAdmin/up/images/20160919/photo_57dfabc610c27.jpeg
INFO: [ app_init ] --START--
INFO: Run Behavior\BuildLiteBehavior [ RunTime:0.000015s ]
INFO: [ app_init ] --END-- [ RunTime:0.000355s ]
ERR: 无法加载模块:Up

[ 2016-09-21T18:45:47+08:00 ] ::1 /mintAdmin/up/images/20160919/photo_57dfabc610c27.jpeg
INFO: [ app_init ] --START--
INFO: Run Behavior\BuildLiteBehavior [ RunTime:0.000015s ]
INFO: [ app_init ] --END-- [ RunTime:0.000344s ]
ERR: 无法加载模块:Up

[ 2016-09-21T19:07:48+08:00 ] ::1 /mintAdmin/up/images/20160919/photo_57dfabc610c27.jpeg
INFO: [ app_init ] --START--
INFO: Run Behavior\BuildLiteBehavior [ RunTime:0.000019s ]
INFO: [ app_init ] --END-- [ RunTime:0.000595s ]
ERR: 无法加载模块:Up

[ 2016-09-21T19:07:59+08:00 ] ::1 /mintAdmin/up/images/20160919/photo_57dfabc610c27.jpeg
INFO: [ app_init ] --START--
INFO: Run Behavior\BuildLiteBehavior [ RunTime:0.000016s ]
INFO: [ app_init ] --END-- [ RunTime:0.000366s ]
ERR: 无法加载模块:Up

[ 2016-09-21T19:16:44+08:00 ] ::1 /mintAdmin/up/images/20160919/photo_57dfabc610c27.jpeg
INFO: [ app_init ] --START--
INFO: Run Behavior\BuildLiteBehavior [ RunTime:0.000019s ]
INFO: [ app_init ] --END-- [ RunTime:0.000996s ]
ERR: 无法加载模块:Up

[ 2016-09-21T19:20:47+08:00 ] ::1 /mintAdmin/up/images/20160919/photo_57dfabc610c27.jpeg
INFO: [ app_init ] --START--
INFO: Run Behavior\BuildLiteBehavior [ RunTime:0.000030s ]
INFO: [ app_init ] --END-- [ RunTime:0.000679s ]
ERR: 无法加载模块:Up

[ 2016-09-21T19:21:17+08:00 ] ::1 /mintAdmin/up/images/20160919/photo_57dfabc610c27.jpeg
INFO: [ app_init ] --START--
INFO: Run Behavior\BuildLiteBehavior [ RunTime:0.000024s ]
INFO: [ app_init ] --END-- [ RunTime:0.000412s ]
ERR: 无法加载模块:Up

