[ 2016-12-06T10:13:19+08:00 ] ::1 /mintAdmin/up/images/20161101/photo_58184fa59287d.png
INFO: [ app_init ] --START--
INFO: Run Behavior\BuildLiteBehavior [ RunTime:0.000045s ]
INFO: [ app_init ] --END-- [ RunTime:0.015201s ]
ERR: 无法加载模块:Up

[ 2016-12-06T10:13:19+08:00 ] ::1 /mintAdmin/up/images/20161019/photo_58078d55abb43.png
INFO: [ app_init ] --START--
INFO: Run Behavior\BuildLiteBehavior [ RunTime:0.000016s ]
INFO: [ app_init ] --END-- [ RunTime:0.000550s ]
ERR: 无法加载模块:Up

[ 2016-12-06T10:13:19+08:00 ] ::1 /mintAdmin/up/images/20161101/photo_5818500069aee.png
INFO: [ app_init ] --START--
INFO: Run Behavior\BuildLiteBehavior [ RunTime:0.000016s ]
INFO: [ app_init ] --END-- [ RunTime:0.000504s ]
ERR: 无法加载模块:Up

[ 2016-12-06T10:13:19+08:00 ] ::1 /mintAdmin/up/images/20161009/photo_57f9c132c71e0.png
INFO: [ app_init ] --START--
INFO: Run Behavior\BuildLiteBehavior [ RunTime:0.000025s ]
INFO: [ app_init ] --END-- [ RunTime:0.000802s ]
ERR: 无法加载模块:Up

[ 2016-12-06T10:13:19+08:00 ] ::1 /mintAdmin/up/images/20161104/photo_581ca5d5cdaa7.jpeg
INFO: [ app_init ] --START--
INFO: Run Behavior\BuildLiteBehavior [ RunTime:0.000028s ]
INFO: [ app_init ] --END-- [ RunTime:0.007254s ]
ERR: 无法加载模块:Up

[ 2016-12-06T10:13:19+08:00 ] ::1 /mintAdmin/up/images/20161009/photo_57f9cf159e42c.png
INFO: [ app_init ] --START--
INFO: Run Behavior\BuildLiteBehavior [ RunTime:0.000026s ]
INFO: [ app_init ] --END-- [ RunTime:0.000604s ]
ERR: 无法加载模块:Up

[ 2016-12-06T10:13:19+08:00 ] ::1 /mintAdmin/up/images/20160708/photo_577f4902a2ac2.png
INFO: [ app_init ] --START--
INFO: Run Behavior\BuildLiteBehavior [ RunTime:0.000018s ]
INFO: [ app_init ] --END-- [ RunTime:0.000393s ]
ERR: 无法加载模块:Up

[ 2016-12-06T10:13:19+08:00 ] ::1 /mintAdmin/up/images/20160708/photo_577f480a8bb5f.png
INFO: [ app_init ] --START--
INFO: Run Behavior\BuildLiteBehavior [ RunTime:0.000016s ]
INFO: [ app_init ] --END-- [ RunTime:0.000410s ]
ERR: 无法加载模块:Up

[ 2016-12-06T10:13:19+08:00 ] ::1 /mintAdmin/up/images/20161009/photo_57f9d59ca0c63.png
INFO: [ app_init ] --START--
INFO: Run Behavior\BuildLiteBehavior [ RunTime:0.000014s ]
INFO: [ app_init ] --END-- [ RunTime:0.000342s ]
ERR: 无法加载模块:Up

[ 2016-12-06T14:16:14+08:00 ] ::1 /mintAdmin/up/images/20161101/photo_5818500069aee.png
INFO: [ app_init ] --START--
INFO: Run Behavior\BuildLiteBehavior [ RunTime:0.000022s ]
INFO: [ app_init ] --END-- [ RunTime:0.000524s ]
ERR: 无法加载模块:Up

[ 2016-12-06T14:16:14+08:00 ] ::1 /mintAdmin/up/images/20161104/photo_581ca5d5cdaa7.jpeg
INFO: [ app_init ] --START--
INFO: Run Behavior\BuildLiteBehavior [ RunTime:0.000025s ]
INFO: [ app_init ] --END-- [ RunTime:0.000904s ]
ERR: 无法加载模块:Up

[ 2016-12-06T14:16:14+08:00 ] ::1 /mintAdmin/up/images/20161101/photo_58184fa59287d.png
INFO: [ app_init ] --START--
INFO: Run Behavior\BuildLiteBehavior [ RunTime:0.000023s ]
INFO: [ app_init ] --END-- [ RunTime:0.000519s ]
ERR: 无法加载模块:Up

[ 2016-12-06T14:16:14+08:00 ] ::1 /mintAdmin/up/images/20161019/photo_58078d55abb43.png
INFO: [ app_init ] --START--
INFO: Run Behavior\BuildLiteBehavior [ RunTime:0.000022s ]
INFO: [ app_init ] --END-- [ RunTime:0.000706s ]
ERR: 无法加载模块:Up

[ 2016-12-06T14:16:14+08:00 ] ::1 /mintAdmin/up/images/20161009/photo_57f9c132c71e0.png
INFO: [ app_init ] --START--
INFO: Run Behavior\BuildLiteBehavior [ RunTime:0.000023s ]
INFO: [ app_init ] --END-- [ RunTime:0.001524s ]
ERR: 无法加载模块:Up

[ 2016-12-06T14:16:14+08:00 ] ::1 /mintAdmin/up/images/20161009/photo_57f9cf159e42c.png
INFO: [ app_init ] --START--
INFO: Run Behavior\BuildLiteBehavior [ RunTime:0.000025s ]
INFO: [ app_init ] --END-- [ RunTime:0.000854s ]
ERR: 无法加载模块:Up

[ 2016-12-06T14:16:14+08:00 ] ::1 /mintAdmin/up/images/20160708/photo_577f480a8bb5f.png
INFO: [ app_init ] --START--
INFO: Run Behavior\BuildLiteBehavior [ RunTime:0.000025s ]
INFO: [ app_init ] --END-- [ RunTime:0.000592s ]
ERR: 无法加载模块:Up

[ 2016-12-06T14:16:14+08:00 ] ::1 /mintAdmin/up/images/20160708/photo_577f4902a2ac2.png
INFO: [ app_init ] --START--
INFO: Run Behavior\BuildLiteBehavior [ RunTime:0.000028s ]
INFO: [ app_init ] --END-- [ RunTime:0.002292s ]
ERR: 无法加载模块:Up

[ 2016-12-06T14:16:14+08:00 ] ::1 /mintAdmin/up/images/20161009/photo_57f9d59ca0c63.png
INFO: [ app_init ] --START--
INFO: Run Behavior\BuildLiteBehavior [ RunTime:0.000021s ]
INFO: [ app_init ] --END-- [ RunTime:0.000625s ]
ERR: 无法加载模块:Up

[ 2016-12-06T15:31:09+08:00 ] ::1 /mintAdmin/up/images/20161101/photo_58184fa59287d.png
INFO: [ app_init ] --START--
INFO: Run Behavior\BuildLiteBehavior [ RunTime:0.000025s ]
INFO: [ app_init ] --END-- [ RunTime:0.000540s ]
ERR: 无法加载模块:Up

[ 2016-12-06T15:31:09+08:00 ] ::1 /mintAdmin/up/images/20161101/photo_5818500069aee.png
INFO: [ app_init ] --START--
INFO: Run Behavior\BuildLiteBehavior [ RunTime:0.000023s ]
INFO: [ app_init ] --END-- [ RunTime:0.000627s ]
ERR: 无法加载模块:Up

[ 2016-12-06T15:31:09+08:00 ] ::1 /mintAdmin/up/images/20161009/photo_57f9cf159e42c.png
INFO: [ app_init ] --START--
INFO: Run Behavior\BuildLiteBehavior [ RunTime:0.000025s ]
INFO: [ app_init ] --END-- [ RunTime:0.001270s ]
ERR: 无法加载模块:Up

[ 2016-12-06T15:31:09+08:00 ] ::1 /mintAdmin/up/images/20161009/photo_57f9c132c71e0.png
INFO: [ app_init ] --START--
INFO: Run Behavior\BuildLiteBehavior [ RunTime:0.000029s ]
INFO: [ app_init ] --END-- [ RunTime:0.001159s ]
ERR: 无法加载模块:Up

[ 2016-12-06T15:31:09+08:00 ] ::1 /mintAdmin/up/images/20161019/photo_58078d55abb43.png
INFO: [ app_init ] --START--
INFO: Run Behavior\BuildLiteBehavior [ RunTime:0.000045s ]
INFO: [ app_init ] --END-- [ RunTime:0.001069s ]
ERR: 无法加载模块:Up

[ 2016-12-06T15:31:09+08:00 ] ::1 /mintAdmin/up/images/20161104/photo_581ca5d5cdaa7.jpeg
INFO: [ app_init ] --START--
INFO: Run Behavior\BuildLiteBehavior [ RunTime:0.000025s ]
INFO: [ app_init ] --END-- [ RunTime:0.001087s ]
ERR: 无法加载模块:Up

[ 2016-12-06T15:31:09+08:00 ] ::1 /mintAdmin/up/images/20160708/photo_577f4902a2ac2.png
INFO: [ app_init ] --START--
INFO: Run Behavior\BuildLiteBehavior [ RunTime:0.000024s ]
INFO: [ app_init ] --END-- [ RunTime:0.000560s ]
ERR: 无法加载模块:Up

[ 2016-12-06T15:31:09+08:00 ] ::1 /mintAdmin/up/images/20160708/photo_577f480a8bb5f.png
INFO: [ app_init ] --START--
INFO: Run Behavior\BuildLiteBehavior [ RunTime:0.000026s ]
INFO: [ app_init ] --END-- [ RunTime:0.000587s ]
ERR: 无法加载模块:Up

[ 2016-12-06T15:31:09+08:00 ] ::1 /mintAdmin/up/images/20161009/photo_57f9d59ca0c63.png
INFO: [ app_init ] --START--
INFO: Run Behavior\BuildLiteBehavior [ RunTime:0.000048s ]
INFO: [ app_init ] --END-- [ RunTime:0.000765s ]
ERR: 无法加载模块:Up

[ 2016-12-06T16:48:49+08:00 ] ::1 /mintAdmin/up/images/20161009/photo_57f9c132c71e0.png
INFO: [ app_init ] --START--
INFO: Run Behavior\BuildLiteBehavior [ RunTime:0.000027s ]
INFO: [ app_init ] --END-- [ RunTime:0.001068s ]
ERR: 无法加载模块:Up

[ 2016-12-06T16:48:49+08:00 ] ::1 /mintAdmin/up/images/20161101/photo_58184fa59287d.png
INFO: [ app_init ] --START--
INFO: Run Behavior\BuildLiteBehavior [ RunTime:0.000025s ]
INFO: [ app_init ] --END-- [ RunTime:0.000579s ]
ERR: 无法加载模块:Up

[ 2016-12-06T16:48:49+08:00 ] ::1 /mintAdmin/up/images/20161101/photo_5818500069aee.png
INFO: [ app_init ] --START--
INFO: Run Behavior\BuildLiteBehavior [ RunTime:0.000029s ]
INFO: [ app_init ] --END-- [ RunTime:0.002377s ]
ERR: 无法加载模块:Up

[ 2016-12-06T16:48:49+08:00 ] ::1 /mintAdmin/up/images/20161019/photo_58078d55abb43.png
INFO: [ app_init ] --START--
INFO: Run Behavior\BuildLiteBehavior [ RunTime:0.000019s ]
INFO: [ app_init ] --END-- [ RunTime:0.000729s ]
ERR: 无法加载模块:Up

[ 2016-12-06T16:48:49+08:00 ] ::1 /mintAdmin/up/images/20161104/photo_581ca5d5cdaa7.jpeg
INFO: [ app_init ] --START--
INFO: Run Behavior\BuildLiteBehavior [ RunTime:0.000034s ]
INFO: [ app_init ] --END-- [ RunTime:0.000781s ]
ERR: 无法加载模块:Up

[ 2016-12-06T16:48:49+08:00 ] ::1 /mintAdmin/up/images/20161009/photo_57f9cf159e42c.png
INFO: [ app_init ] --START--
INFO: Run Behavior\BuildLiteBehavior [ RunTime:0.000026s ]
INFO: [ app_init ] --END-- [ RunTime:0.000905s ]
ERR: 无法加载模块:Up

[ 2016-12-06T16:48:49+08:00 ] ::1 /mintAdmin/up/images/20160708/photo_577f480a8bb5f.png
INFO: [ app_init ] --START--
INFO: Run Behavior\BuildLiteBehavior [ RunTime:0.000027s ]
INFO: [ app_init ] --END-- [ RunTime:0.000619s ]
ERR: 无法加载模块:Up

[ 2016-12-06T16:48:49+08:00 ] ::1 /mintAdmin/up/images/20160708/photo_577f4902a2ac2.png
INFO: [ app_init ] --START--
INFO: Run Behavior\BuildLiteBehavior [ RunTime:0.000027s ]
INFO: [ app_init ] --END-- [ RunTime:0.000910s ]
ERR: 无法加载模块:Up

[ 2016-12-06T16:48:49+08:00 ] ::1 /mintAdmin/up/images/20161009/photo_57f9d59ca0c63.png
INFO: [ app_init ] --START--
INFO: Run Behavior\BuildLiteBehavior [ RunTime:0.000017s ]
INFO: [ app_init ] --END-- [ RunTime:0.000398s ]
ERR: 无法加载模块:Up

[ 2016-12-06T16:48:52+08:00 ] ::1 /mintAdmin/up/images/20161101/photo_58184fa59287d.png
INFO: [ app_init ] --START--
INFO: Run Behavior\BuildLiteBehavior [ RunTime:0.000019s ]
INFO: [ app_init ] --END-- [ RunTime:0.000399s ]
ERR: 无法加载模块:Up

[ 2016-12-06T16:48:59+08:00 ] ::1 /mintAdmin/up/images/20161101/photo_58184fa59287d.png
INFO: [ app_init ] --START--
INFO: Run Behavior\BuildLiteBehavior [ RunTime:0.000018s ]
INFO: [ app_init ] --END-- [ RunTime:0.000429s ]
ERR: 无法加载模块:Up

[ 2016-12-06T21:02:58+08:00 ] ::1 /mintAdmin/up/data/20161009/57f9ced2d4fc6.jpg
INFO: [ app_init ] --START--
INFO: Run Behavior\BuildLiteBehavior [ RunTime:0.000016s ]
INFO: [ app_init ] --END-- [ RunTime:0.000402s ]
ERR: 无法加载模块:Up

[ 2016-12-06T21:02:58+08:00 ] ::1 /mintAdmin/up/data/20161009/57f9ced7a8c3f.jpg
INFO: [ app_init ] --START--
INFO: Run Behavior\BuildLiteBehavior [ RunTime:0.000017s ]
INFO: [ app_init ] --END-- [ RunTime:0.000376s ]
ERR: 无法加载模块:Up

[ 2016-12-06T21:03:02+08:00 ] ::1 /mintAdmin/up/data/20161009/57f9ced7a8c3f.jpg
INFO: [ app_init ] --START--
INFO: Run Behavior\BuildLiteBehavior [ RunTime:0.000031s ]
INFO: [ app_init ] --END-- [ RunTime:0.000628s ]
ERR: 无法加载模块:Up

[ 2016-12-06T21:03:02+08:00 ] ::1 /mintAdmin/up/data/20161009/57f9ced2d4fc6.jpg
INFO: [ app_init ] --START--
INFO: Run Behavior\BuildLiteBehavior [ RunTime:0.000025s ]
INFO: [ app_init ] --END-- [ RunTime:0.000577s ]
ERR: 无法加载模块:Up

