[ 2016-10-26T09:50:51+08:00 ] ::1 /mintAdmin/up/images/20161019/photo_58071846e811c.png
INFO: [ app_init ] --START--
INFO: Run Behavior\BuildLiteBehavior [ RunTime:0.000019s ]
INFO: [ app_init ] --END-- [ RunTime:0.000499s ]
ERR: 无法加载模块:Up

[ 2016-10-26T10:02:42+08:00 ] ::1 /mintAdmin/up/images/20161019/photo_58071846e811c.png
INFO: [ app_init ] --START--
INFO: Run Behavior\BuildLiteBehavior [ RunTime:0.000032s ]
INFO: [ app_init ] --END-- [ RunTime:0.000761s ]
ERR: 无法加载模块:Up

[ 2016-10-26T10:08:12+08:00 ] ::1 /mintAdmin/up/images/20161019/photo_58071846e811c.png
INFO: [ app_init ] --START--
INFO: Run Behavior\BuildLiteBehavior [ RunTime:0.000029s ]
INFO: [ app_init ] --END-- [ RunTime:0.000673s ]
ERR: 无法加载模块:Up

[ 2016-10-26T10:09:15+08:00 ] ::1 /mintAdmin/up/images/20161019/photo_58071846e811c.png
INFO: [ app_init ] --START--
INFO: Run Behavior\BuildLiteBehavior [ RunTime:0.000033s ]
INFO: [ app_init ] --END-- [ RunTime:0.000706s ]
ERR: 无法加载模块:Up

[ 2016-10-26T10:10:37+08:00 ] ::1 /mintAdmin/up/images/20161019/photo_58071846e811c.png
INFO: [ app_init ] --START--
INFO: Run Behavior\BuildLiteBehavior [ RunTime:0.000031s ]
INFO: [ app_init ] --END-- [ RunTime:0.001207s ]
ERR: 无法加载模块:Up

[ 2016-10-26T10:25:18+08:00 ] ::1 /mintAdmin/up/images/20161019/photo_58071846e811c.png
INFO: [ app_init ] --START--
INFO: Run Behavior\BuildLiteBehavior [ RunTime:0.000029s ]
INFO: [ app_init ] --END-- [ RunTime:0.000690s ]
ERR: 无法加载模块:Up

[ 2016-10-26T10:26:10+08:00 ] ::1 /mintAdmin/up/images/20161019/photo_58071846e811c.png
INFO: [ app_init ] --START--
INFO: Run Behavior\BuildLiteBehavior [ RunTime:0.000032s ]
INFO: [ app_init ] --END-- [ RunTime:0.000858s ]
ERR: 无法加载模块:Up

[ 2016-10-26T10:27:01+08:00 ] ::1 /mintAdmin/up/images/20161019/photo_58071846e811c.png
INFO: [ app_init ] --START--
INFO: Run Behavior\BuildLiteBehavior [ RunTime:0.000032s ]
INFO: [ app_init ] --END-- [ RunTime:0.000777s ]
ERR: 无法加载模块:Up

[ 2016-10-26T10:27:33+08:00 ] ::1 /mintAdmin/up/images/20161019/photo_58071846e811c.png
INFO: [ app_init ] --START--
INFO: Run Behavior\BuildLiteBehavior [ RunTime:0.000032s ]
INFO: [ app_init ] --END-- [ RunTime:0.000710s ]
ERR: 无法加载模块:Up

[ 2016-10-26T10:28:20+08:00 ] ::1 /mintAdmin/up/images/20161019/photo_58071846e811c.png
INFO: [ app_init ] --START--
INFO: Run Behavior\BuildLiteBehavior [ RunTime:0.000031s ]
INFO: [ app_init ] --END-- [ RunTime:0.000724s ]
ERR: 无法加载模块:Up

[ 2016-10-26T10:30:05+08:00 ] ::1 /mintAdmin/up/images/20161019/photo_58071846e811c.png
INFO: [ app_init ] --START--
INFO: Run Behavior\BuildLiteBehavior [ RunTime:0.000029s ]
INFO: [ app_init ] --END-- [ RunTime:0.000641s ]
ERR: 无法加载模块:Up

[ 2016-10-26T10:30:33+08:00 ] ::1 /mintAdmin/up/images/20161019/photo_58071846e811c.png
INFO: [ app_init ] --START--
INFO: Run Behavior\BuildLiteBehavior [ RunTime:0.000027s ]
INFO: [ app_init ] --END-- [ RunTime:0.000621s ]
ERR: 无法加载模块:Up

[ 2016-10-26T10:32:20+08:00 ] ::1 /mintAdmin/up/images/20161019/photo_58071846e811c.png
INFO: [ app_init ] --START--
INFO: Run Behavior\BuildLiteBehavior [ RunTime:0.000030s ]
INFO: [ app_init ] --END-- [ RunTime:0.000706s ]
ERR: 无法加载模块:Up

[ 2016-10-26T10:35:13+08:00 ] ::1 /mintAdmin/up/images/20161019/photo_58071846e811c.png
INFO: [ app_init ] --START--
INFO: Run Behavior\BuildLiteBehavior [ RunTime:0.000027s ]
INFO: [ app_init ] --END-- [ RunTime:0.000766s ]
ERR: 无法加载模块:Up

[ 2016-10-26T10:36:11+08:00 ] ::1 /mintAdmin/up/images/20161019/photo_58071846e811c.png
INFO: [ app_init ] --START--
INFO: Run Behavior\BuildLiteBehavior [ RunTime:0.000031s ]
INFO: [ app_init ] --END-- [ RunTime:0.000695s ]
ERR: 无法加载模块:Up

[ 2016-10-26T10:37:37+08:00 ] ::1 /mintAdmin/up/images/20161019/photo_58071846e811c.png
INFO: [ app_init ] --START--
INFO: Run Behavior\BuildLiteBehavior [ RunTime:0.000027s ]
INFO: [ app_init ] --END-- [ RunTime:0.000594s ]
ERR: 无法加载模块:Up

[ 2016-10-26T10:41:47+08:00 ] ::1 /mintAdmin/up/images/20161019/photo_58071846e811c.png
INFO: [ app_init ] --START--
INFO: Run Behavior\BuildLiteBehavior [ RunTime:0.000029s ]
INFO: [ app_init ] --END-- [ RunTime:0.000647s ]
ERR: 无法加载模块:Up

[ 2016-10-26T10:43:25+08:00 ] ::1 /mintAdmin/up/images/20161019/photo_58071846e811c.png
INFO: [ app_init ] --START--
INFO: Run Behavior\BuildLiteBehavior [ RunTime:0.000029s ]
INFO: [ app_init ] --END-- [ RunTime:0.000701s ]
ERR: 无法加载模块:Up

[ 2016-10-26T10:44:23+08:00 ] ::1 /mintAdmin/up/images/20161019/photo_58071846e811c.png
INFO: [ app_init ] --START--
INFO: Run Behavior\BuildLiteBehavior [ RunTime:0.000027s ]
INFO: [ app_init ] --END-- [ RunTime:0.000575s ]
ERR: 无法加载模块:Up

[ 2016-10-26T10:45:09+08:00 ] ::1 /mintAdmin/up/images/20161019/photo_58071846e811c.png
INFO: [ app_init ] --START--
INFO: Run Behavior\BuildLiteBehavior [ RunTime:0.000027s ]
INFO: [ app_init ] --END-- [ RunTime:0.000618s ]
ERR: 无法加载模块:Up

[ 2016-10-26T10:47:42+08:00 ] ::1 /mintAdmin/up/images/20161019/photo_58071846e811c.png
INFO: [ app_init ] --START--
INFO: Run Behavior\BuildLiteBehavior [ RunTime:0.000025s ]
INFO: [ app_init ] --END-- [ RunTime:0.000588s ]
ERR: 无法加载模块:Up

[ 2016-10-26T10:48:35+08:00 ] ::1 /mintAdmin/up/images/20161019/photo_58071846e811c.png
INFO: [ app_init ] --START--
INFO: Run Behavior\BuildLiteBehavior [ RunTime:0.000022s ]
INFO: [ app_init ] --END-- [ RunTime:0.000569s ]
ERR: 无法加载模块:Up

[ 2016-10-26T10:57:19+08:00 ] ::1 /mintAdmin/up/images/20161019/photo_58071846e811c.png
INFO: [ app_init ] --START--
INFO: Run Behavior\BuildLiteBehavior [ RunTime:0.000035s ]
INFO: [ app_init ] --END-- [ RunTime:0.000743s ]
ERR: 无法加载模块:Up

[ 2016-10-26T11:00:40+08:00 ] ::1 /mintAdmin/up/images/20161019/photo_58071846e811c.png
INFO: [ app_init ] --START--
INFO: Run Behavior\BuildLiteBehavior [ RunTime:0.000034s ]
INFO: [ app_init ] --END-- [ RunTime:0.000714s ]
ERR: 无法加载模块:Up

[ 2016-10-26T11:19:41+08:00 ] ::1 /mintAdmin/up/images/20161019/photo_58071846e811c.png
INFO: [ app_init ] --START--
INFO: Run Behavior\BuildLiteBehavior [ RunTime:0.000029s ]
INFO: [ app_init ] --END-- [ RunTime:0.001058s ]
ERR: 无法加载模块:Up

[ 2016-10-26T11:19:56+08:00 ] ::1 /mintAdmin/up/images/20161019/photo_58071846e811c.png
INFO: [ app_init ] --START--
INFO: Run Behavior\BuildLiteBehavior [ RunTime:0.000031s ]
INFO: [ app_init ] --END-- [ RunTime:0.000760s ]
ERR: 无法加载模块:Up

[ 2016-10-26T11:29:24+08:00 ] ::1 /mintAdmin/up/images/20161019/photo_58071846e811c.png
INFO: [ app_init ] --START--
INFO: Run Behavior\BuildLiteBehavior [ RunTime:0.000027s ]
INFO: [ app_init ] --END-- [ RunTime:0.000642s ]
ERR: 无法加载模块:Up

[ 2016-10-26T11:31:29+08:00 ] ::1 /mintAdmin/up/images/20161019/photo_58071846e811c.png
INFO: [ app_init ] --START--
INFO: Run Behavior\BuildLiteBehavior [ RunTime:0.000031s ]
INFO: [ app_init ] --END-- [ RunTime:0.000722s ]
ERR: 无法加载模块:Up

[ 2016-10-26T11:35:45+08:00 ] ::1 /mintAdmin/up/images/20161019/photo_58071846e811c.png
INFO: [ app_init ] --START--
INFO: Run Behavior\BuildLiteBehavior [ RunTime:0.000030s ]
INFO: [ app_init ] --END-- [ RunTime:0.000672s ]
ERR: 无法加载模块:Up

[ 2016-10-26T11:36:48+08:00 ] ::1 /mintAdmin/up/images/20161019/photo_58071846e811c.png
INFO: [ app_init ] --START--
INFO: Run Behavior\BuildLiteBehavior [ RunTime:0.000029s ]
INFO: [ app_init ] --END-- [ RunTime:0.000664s ]
ERR: 无法加载模块:Up

[ 2016-10-26T11:37:08+08:00 ] ::1 /mintAdmin/up/images/20161019/photo_58071846e811c.png
INFO: [ app_init ] --START--
INFO: Run Behavior\BuildLiteBehavior [ RunTime:0.000028s ]
INFO: [ app_init ] --END-- [ RunTime:0.000646s ]
ERR: 无法加载模块:Up

[ 2016-10-26T11:38:50+08:00 ] ::1 /mintAdmin/up/images/20161019/photo_58071846e811c.png
INFO: [ app_init ] --START--
INFO: Run Behavior\BuildLiteBehavior [ RunTime:0.000032s ]
INFO: [ app_init ] --END-- [ RunTime:0.000693s ]
ERR: 无法加载模块:Up

[ 2016-10-26T11:40:12+08:00 ] ::1 /mintAdmin/up/images/20161019/photo_58071846e811c.png
INFO: [ app_init ] --START--
INFO: Run Behavior\BuildLiteBehavior [ RunTime:0.000031s ]
INFO: [ app_init ] --END-- [ RunTime:0.000720s ]
ERR: 无法加载模块:Up

[ 2016-10-26T11:43:28+08:00 ] ::1 /mintAdmin/up/images/20161019/photo_58071846e811c.png
INFO: [ app_init ] --START--
INFO: Run Behavior\BuildLiteBehavior [ RunTime:0.000033s ]
INFO: [ app_init ] --END-- [ RunTime:0.000816s ]
ERR: 无法加载模块:Up

[ 2016-10-26T11:49:26+08:00 ] ::1 /mintAdmin/up/images/20161019/photo_58071846e811c.png
INFO: [ app_init ] --START--
INFO: Run Behavior\BuildLiteBehavior [ RunTime:0.000036s ]
INFO: [ app_init ] --END-- [ RunTime:0.000738s ]
ERR: 无法加载模块:Up

[ 2016-10-26T11:50:21+08:00 ] ::1 /mintAdmin/up/images/20161019/photo_58071846e811c.png
INFO: [ app_init ] --START--
INFO: Run Behavior\BuildLiteBehavior [ RunTime:0.000029s ]
INFO: [ app_init ] --END-- [ RunTime:0.000681s ]
ERR: 无法加载模块:Up

[ 2016-10-26T11:50:30+08:00 ] ::1 /mintAdmin/up/images/20161019/photo_58071846e811c.png
INFO: [ app_init ] --START--
INFO: Run Behavior\BuildLiteBehavior [ RunTime:0.000030s ]
INFO: [ app_init ] --END-- [ RunTime:0.000687s ]
ERR: 无法加载模块:Up

[ 2016-10-26T11:55:22+08:00 ] ::1 /mintAdmin/up/images/20161019/photo_58071846e811c.png
INFO: [ app_init ] --START--
INFO: Run Behavior\BuildLiteBehavior [ RunTime:0.000039s ]
INFO: [ app_init ] --END-- [ RunTime:0.000850s ]
ERR: 无法加载模块:Up

[ 2016-10-26T11:56:56+08:00 ] ::1 /mintAdmin/up/images/20161019/photo_58071846e811c.png
INFO: [ app_init ] --START--
INFO: Run Behavior\BuildLiteBehavior [ RunTime:0.000031s ]
INFO: [ app_init ] --END-- [ RunTime:0.000691s ]
ERR: 无法加载模块:Up

[ 2016-10-26T12:02:40+08:00 ] ::1 /mintAdmin/up/images/20161019/photo_58071846e811c.png
INFO: [ app_init ] --START--
INFO: Run Behavior\BuildLiteBehavior [ RunTime:0.000028s ]
INFO: [ app_init ] --END-- [ RunTime:0.000620s ]
ERR: 无法加载模块:Up

[ 2016-10-26T12:03:32+08:00 ] ::1 /mintAdmin/up/images/20161019/photo_58071846e811c.png
INFO: [ app_init ] --START--
INFO: Run Behavior\BuildLiteBehavior [ RunTime:0.000025s ]
INFO: [ app_init ] --END-- [ RunTime:0.000605s ]
ERR: 无法加载模块:Up

[ 2016-10-26T12:09:54+08:00 ] ::1 /mintAdmin/up/images/20161019/photo_58071846e811c.png
INFO: [ app_init ] --START--
INFO: Run Behavior\BuildLiteBehavior [ RunTime:0.000031s ]
INFO: [ app_init ] --END-- [ RunTime:0.000687s ]
ERR: 无法加载模块:Up

[ 2016-10-26T12:10:21+08:00 ] ::1 /mintAdmin/up/images/20161019/photo_58071846e811c.png
INFO: [ app_init ] --START--
INFO: Run Behavior\BuildLiteBehavior [ RunTime:0.000028s ]
INFO: [ app_init ] --END-- [ RunTime:0.000668s ]
ERR: 无法加载模块:Up

[ 2016-10-26T12:15:46+08:00 ] ::1 /mintAdmin/up/images/20161019/photo_58071846e811c.png
INFO: [ app_init ] --START--
INFO: Run Behavior\BuildLiteBehavior [ RunTime:0.000034s ]
INFO: [ app_init ] --END-- [ RunTime:0.000933s ]
ERR: 无法加载模块:Up

[ 2016-10-26T13:23:30+08:00 ] ::1 /mintAdmin/up/images/20161019/photo_58071846e811c.png
INFO: [ app_init ] --START--
INFO: Run Behavior\BuildLiteBehavior [ RunTime:0.000029s ]
INFO: [ app_init ] --END-- [ RunTime:0.000689s ]
ERR: 无法加载模块:Up

[ 2016-10-26T13:24:26+08:00 ] ::1 /mintAdmin/up/images/20161019/photo_58071846e811c.png
INFO: [ app_init ] --START--
INFO: Run Behavior\BuildLiteBehavior [ RunTime:0.000028s ]
INFO: [ app_init ] --END-- [ RunTime:0.000622s ]
ERR: 无法加载模块:Up

[ 2016-10-26T13:45:43+08:00 ] ::1 /mintAdmin/up/images/20161019/photo_58071846e811c.png
INFO: [ app_init ] --START--
INFO: Run Behavior\BuildLiteBehavior [ RunTime:0.000029s ]
INFO: [ app_init ] --END-- [ RunTime:0.000688s ]
ERR: 无法加载模块:Up

[ 2016-10-26T13:46:05+08:00 ] ::1 /mintAdmin/up/images/20161019/photo_58071846e811c.png
INFO: [ app_init ] --START--
INFO: Run Behavior\BuildLiteBehavior [ RunTime:0.000030s ]
INFO: [ app_init ] --END-- [ RunTime:0.000646s ]
ERR: 无法加载模块:Up

[ 2016-10-26T13:49:36+08:00 ] ::1 /mintAdmin/up/images/20161019/photo_58071846e811c.png
INFO: [ app_init ] --START--
INFO: Run Behavior\BuildLiteBehavior [ RunTime:0.000030s ]
INFO: [ app_init ] --END-- [ RunTime:0.000809s ]
ERR: 无法加载模块:Up

[ 2016-10-26T13:55:23+08:00 ] ::1 /mintAdmin/up/images/20161019/photo_58071846e811c.png
INFO: [ app_init ] --START--
INFO: Run Behavior\BuildLiteBehavior [ RunTime:0.000029s ]
INFO: [ app_init ] --END-- [ RunTime:0.000817s ]
ERR: 无法加载模块:Up

[ 2016-10-26T14:02:14+08:00 ] ::1 /mintAdmin/up/images/20161019/photo_58071846e811c.png
INFO: [ app_init ] --START--
INFO: Run Behavior\BuildLiteBehavior [ RunTime:0.000029s ]
INFO: [ app_init ] --END-- [ RunTime:0.000789s ]
ERR: 无法加载模块:Up

[ 2016-10-26T14:39:30+08:00 ] ::1 /mintAdmin/up/images/20161019/photo_58071846e811c.png
INFO: [ app_init ] --START--
INFO: Run Behavior\BuildLiteBehavior [ RunTime:0.000033s ]
INFO: [ app_init ] --END-- [ RunTime:0.000726s ]
ERR: 无法加载模块:Up

[ 2016-10-26T14:46:13+08:00 ] ::1 /mintAdmin/up/images/20161019/photo_58071846e811c.png
INFO: [ app_init ] --START--
INFO: Run Behavior\BuildLiteBehavior [ RunTime:0.000027s ]
INFO: [ app_init ] --END-- [ RunTime:0.000649s ]
ERR: 无法加载模块:Up

[ 2016-10-26T14:48:49+08:00 ] ::1 /mintAdmin/up/images/20161019/photo_58071846e811c.png
INFO: [ app_init ] --START--
INFO: Run Behavior\BuildLiteBehavior [ RunTime:0.000026s ]
INFO: [ app_init ] --END-- [ RunTime:0.000585s ]
ERR: 无法加载模块:Up

[ 2016-10-26T14:49:05+08:00 ] ::1 /mintAdmin/up/images/20161019/photo_58071846e811c.png
INFO: [ app_init ] --START--
INFO: Run Behavior\BuildLiteBehavior [ RunTime:0.000030s ]
INFO: [ app_init ] --END-- [ RunTime:0.000662s ]
ERR: 无法加载模块:Up

[ 2016-10-26T15:02:58+08:00 ] ::1 /mintAdmin/up/images/20161019/photo_58071846e811c.png
INFO: [ app_init ] --START--
INFO: Run Behavior\BuildLiteBehavior [ RunTime:0.000018s ]
INFO: [ app_init ] --END-- [ RunTime:0.000532s ]
ERR: 无法加载模块:Up

[ 2016-10-26T17:19:17+08:00 ] ::1 /mintAdmin/up/images/20161019/photo_58071846e811c.png
INFO: [ app_init ] --START--
INFO: Run Behavior\BuildLiteBehavior [ RunTime:0.000030s ]
INFO: [ app_init ] --END-- [ RunTime:0.000688s ]
ERR: 无法加载模块:Up

[ 2016-10-26T17:21:09+08:00 ] ::1 /mintAdmin/up/images/20161019/photo_58071846e811c.png
INFO: [ app_init ] --START--
INFO: Run Behavior\BuildLiteBehavior [ RunTime:0.000029s ]
INFO: [ app_init ] --END-- [ RunTime:0.000660s ]
ERR: 无法加载模块:Up

[ 2016-10-26T17:26:17+08:00 ] ::1 /mintAdmin/up/images/20161019/photo_58071846e811c.png
INFO: [ app_init ] --START--
INFO: Run Behavior\BuildLiteBehavior [ RunTime:0.000021s ]
INFO: [ app_init ] --END-- [ RunTime:0.000537s ]
ERR: 无法加载模块:Up

[ 2016-10-26T17:31:30+08:00 ] ::1 /mintAdmin/up/images/20161019/photo_58071846e811c.png
INFO: [ app_init ] --START--
INFO: Run Behavior\BuildLiteBehavior [ RunTime:0.000079s ]
INFO: [ app_init ] --END-- [ RunTime:0.000975s ]
ERR: 无法加载模块:Up

[ 2016-10-26T17:34:58+08:00 ] ::1 /mintAdmin/up/images/20161019/photo_58071846e811c.png
INFO: [ app_init ] --START--
INFO: Run Behavior\BuildLiteBehavior [ RunTime:0.000033s ]
INFO: [ app_init ] --END-- [ RunTime:0.000744s ]
ERR: 无法加载模块:Up

[ 2016-10-26T17:38:44+08:00 ] ::1 /mintAdmin/up/images/20161019/photo_58071846e811c.png
INFO: [ app_init ] --START--
INFO: Run Behavior\BuildLiteBehavior [ RunTime:0.000031s ]
INFO: [ app_init ] --END-- [ RunTime:0.000731s ]
ERR: 无法加载模块:Up

[ 2016-10-26T17:39:30+08:00 ] ::1 /mintAdmin/up/images/20161019/photo_58071846e811c.png
INFO: [ app_init ] --START--
INFO: Run Behavior\BuildLiteBehavior [ RunTime:0.000029s ]
INFO: [ app_init ] --END-- [ RunTime:0.000947s ]
ERR: 无法加载模块:Up

[ 2016-10-26T17:39:32+08:00 ] ::1 /mintAdmin/up/images/20161019/photo_58071846e811c.png
INFO: [ app_init ] --START--
INFO: Run Behavior\BuildLiteBehavior [ RunTime:0.000025s ]
INFO: [ app_init ] --END-- [ RunTime:0.000593s ]
ERR: 无法加载模块:Up

[ 2016-10-26T17:43:58+08:00 ] ::1 /mintAdmin/up/images/20161019/photo_58071846e811c.png
INFO: [ app_init ] --START--
INFO: Run Behavior\BuildLiteBehavior [ RunTime:0.000032s ]
INFO: [ app_init ] --END-- [ RunTime:0.002107s ]
ERR: 无法加载模块:Up

[ 2016-10-26T17:44:41+08:00 ] ::1 /mintAdmin/up/images/20161019/photo_58071846e811c.png
INFO: [ app_init ] --START--
INFO: Run Behavior\BuildLiteBehavior [ RunTime:0.000031s ]
INFO: [ app_init ] --END-- [ RunTime:0.000889s ]
ERR: 无法加载模块:Up

[ 2016-10-26T17:48:33+08:00 ] ::1 /mintAdmin/up/images/20161019/photo_58071846e811c.png
INFO: [ app_init ] --START--
INFO: Run Behavior\BuildLiteBehavior [ RunTime:0.000034s ]
INFO: [ app_init ] --END-- [ RunTime:0.000810s ]
ERR: 无法加载模块:Up

[ 2016-10-26T17:59:36+08:00 ] ::1 /mintAdmin/up/images/20161019/photo_58071846e811c.png
INFO: [ app_init ] --START--
INFO: Run Behavior\BuildLiteBehavior [ RunTime:0.000033s ]
INFO: [ app_init ] --END-- [ RunTime:0.000902s ]
ERR: 无法加载模块:Up

[ 2016-10-26T18:02:05+08:00 ] ::1 /mintAdmin/up/images/20161019/photo_58071846e811c.png
INFO: [ app_init ] --START--
INFO: Run Behavior\BuildLiteBehavior [ RunTime:0.000029s ]
INFO: [ app_init ] --END-- [ RunTime:0.000731s ]
ERR: 无法加载模块:Up

[ 2016-10-26T18:02:45+08:00 ] ::1 /mintAdmin/up/images/20161019/photo_58071846e811c.png
INFO: [ app_init ] --START--
INFO: Run Behavior\BuildLiteBehavior [ RunTime:0.000031s ]
INFO: [ app_init ] --END-- [ RunTime:0.000701s ]
ERR: 无法加载模块:Up

[ 2016-10-26T18:04:04+08:00 ] ::1 /mintAdmin/up/images/20161019/photo_58071846e811c.png
INFO: [ app_init ] --START--
INFO: Run Behavior\BuildLiteBehavior [ RunTime:0.000033s ]
INFO: [ app_init ] --END-- [ RunTime:0.000907s ]
ERR: 无法加载模块:Up

[ 2016-10-26T18:06:58+08:00 ] ::1 /mintAdmin/up/images/20161019/photo_58071846e811c.png
INFO: [ app_init ] --START--
INFO: Run Behavior\BuildLiteBehavior [ RunTime:0.000030s ]
INFO: [ app_init ] --END-- [ RunTime:0.000688s ]
ERR: 无法加载模块:Up

[ 2016-10-26T18:07:18+08:00 ] ::1 /mintAdmin/up/images/20161019/photo_58071846e811c.png
INFO: [ app_init ] --START--
INFO: Run Behavior\BuildLiteBehavior [ RunTime:0.000033s ]
INFO: [ app_init ] --END-- [ RunTime:0.001012s ]
ERR: 无法加载模块:Up

[ 2016-10-26T18:15:51+08:00 ] ::1 /mintAdmin/up/images/20161019/photo_58071846e811c.png
INFO: [ app_init ] --START--
INFO: Run Behavior\BuildLiteBehavior [ RunTime:0.000032s ]
INFO: [ app_init ] --END-- [ RunTime:0.000866s ]
ERR: 无法加载模块:Up

[ 2016-10-26T18:17:09+08:00 ] ::1 /mintAdmin/up/images/20161019/photo_58071846e811c.png
INFO: [ app_init ] --START--
INFO: Run Behavior\BuildLiteBehavior [ RunTime:0.000034s ]
INFO: [ app_init ] --END-- [ RunTime:0.000705s ]
ERR: 无法加载模块:Up

[ 2016-10-26T18:18:13+08:00 ] ::1 /mintAdmin/up/images/20161019/photo_58071846e811c.png
INFO: [ app_init ] --START--
INFO: Run Behavior\BuildLiteBehavior [ RunTime:0.000027s ]
INFO: [ app_init ] --END-- [ RunTime:0.000614s ]
ERR: 无法加载模块:Up

[ 2016-10-26T18:20:37+08:00 ] ::1 /mintAdmin/up/images/20161019/photo_58071846e811c.png
INFO: [ app_init ] --START--
INFO: Run Behavior\BuildLiteBehavior [ RunTime:0.000017s ]
INFO: [ app_init ] --END-- [ RunTime:0.000388s ]
ERR: 无法加载模块:Up

[ 2016-10-26T18:21:15+08:00 ] ::1 /mintAdmin/up/images/20161019/photo_58071846e811c.png
INFO: [ app_init ] --START--
INFO: Run Behavior\BuildLiteBehavior [ RunTime:0.000028s ]
INFO: [ app_init ] --END-- [ RunTime:0.000675s ]
ERR: 无法加载模块:Up

[ 2016-10-26T18:24:42+08:00 ] ::1 /mintAdmin/up/images/20161019/photo_58071846e811c.png
INFO: [ app_init ] --START--
INFO: Run Behavior\BuildLiteBehavior [ RunTime:0.000017s ]
INFO: [ app_init ] --END-- [ RunTime:0.000391s ]
ERR: 无法加载模块:Up

[ 2016-10-26T18:24:50+08:00 ] ::1 /mintAdmin/up/images/20161019/photo_58071846e811c.png
INFO: [ app_init ] --START--
INFO: Run Behavior\BuildLiteBehavior [ RunTime:0.000018s ]
INFO: [ app_init ] --END-- [ RunTime:0.000399s ]
ERR: 无法加载模块:Up

[ 2016-10-26T18:24:58+08:00 ] ::1 /mintAdmin/up/images/20161019/photo_58071846e811c.png
INFO: [ app_init ] --START--
INFO: Run Behavior\BuildLiteBehavior [ RunTime:0.000017s ]
INFO: [ app_init ] --END-- [ RunTime:0.000391s ]
ERR: 无法加载模块:Up

[ 2016-10-26T19:57:28+08:00 ] ::1 /mintAdmin/up/images/20161019/photo_58071846e811c.png
INFO: [ app_init ] --START--
INFO: Run Behavior\BuildLiteBehavior [ RunTime:0.000026s ]
INFO: [ app_init ] --END-- [ RunTime:0.000840s ]
ERR: 无法加载模块:Up

[ 2016-10-26T20:01:08+08:00 ] ::1 /mintAdmin/up/images/20161019/photo_58071846e811c.png
INFO: [ app_init ] --START--
INFO: Run Behavior\BuildLiteBehavior [ RunTime:0.000029s ]
INFO: [ app_init ] --END-- [ RunTime:0.000691s ]
ERR: 无法加载模块:Up

[ 2016-10-26T20:01:31+08:00 ] ::1 /mintAdmin/up/images/20161019/photo_58071846e811c.png
INFO: [ app_init ] --START--
INFO: Run Behavior\BuildLiteBehavior [ RunTime:0.000028s ]
INFO: [ app_init ] --END-- [ RunTime:0.000678s ]
ERR: 无法加载模块:Up

[ 2016-10-26T21:47:38+08:00 ] ::1 /mintAdmin/up/images/20161019/photo_58071846e811c.png
INFO: [ app_init ] --START--
INFO: Run Behavior\BuildLiteBehavior [ RunTime:0.000025s ]
INFO: [ app_init ] --END-- [ RunTime:0.000641s ]
ERR: 无法加载模块:Up

[ 2016-10-26T21:47:53+08:00 ] ::1 /mintAdmin/up/images/20161019/photo_58071846e811c.png
INFO: [ app_init ] --START--
INFO: Run Behavior\BuildLiteBehavior [ RunTime:0.000239s ]
INFO: [ app_init ] --END-- [ RunTime:0.000932s ]
ERR: 无法加载模块:Up

