[ 2016-11-18T15:03:11+08:00 ] ::1 /mintAdmin/up/images/20161115/photo_582ac115083bb.png
INFO: [ app_init ] --START--
INFO: Run Behavior\BuildLiteBehavior [ RunTime:0.000020s ]
INFO: [ app_init ] --END-- [ RunTime:0.000558s ]
ERR: 无法加载模块:Up

[ 2016-11-18T15:08:11+08:00 ] ::1 /mintAdmin/up/images/20161115/photo_582ac115083bb.png
INFO: [ app_init ] --START--
INFO: Run Behavior\BuildLiteBehavior [ RunTime:0.000021s ]
INFO: [ app_init ] --END-- [ RunTime:0.000573s ]
ERR: 无法加载模块:Up

[ 2016-11-18T15:10:02+08:00 ] ::1 /mintAdmin/up/images/20161115/photo_582ac115083bb.png
INFO: [ app_init ] --START--
INFO: Run Behavior\BuildLiteBehavior [ RunTime:0.000029s ]
INFO: [ app_init ] --END-- [ RunTime:0.000669s ]
ERR: 无法加载模块:Up

[ 2016-11-18T15:39:25+08:00 ] ::1 /mintAdmin/up/images/20161115/photo_582ac115083bb.png
INFO: [ app_init ] --START--
INFO: Run Behavior\BuildLiteBehavior [ RunTime:0.000023s ]
INFO: [ app_init ] --END-- [ RunTime:0.000671s ]
ERR: 无法加载模块:Up

