[ 2016-10-08T15:12:43+08:00 ] ::1 /mintAdmin/up/images/20160901/photo_57c7f89f0e798.png
INFO: [ app_init ] --START--
INFO: Run Behavior\BuildLiteBehavior [ RunTime:0.000015s ]
INFO: [ app_init ] --END-- [ RunTime:0.000346s ]
ERR: 无法加载模块:Up

[ 2016-10-08T15:12:48+08:00 ] ::1 /mintAdmin/up/images/20160901/photo_57c7f89f0e798.png
INFO: [ app_init ] --START--
INFO: Run Behavior\BuildLiteBehavior [ RunTime:0.000016s ]
INFO: [ app_init ] --END-- [ RunTime:0.000355s ]
ERR: 无法加载模块:Up

[ 2016-10-08T15:12:50+08:00 ] ::1 /mintAdmin/up/images/20160901/photo_57c7f89f0e798.png
INFO: [ app_init ] --START--
INFO: Run Behavior\BuildLiteBehavior [ RunTime:0.000028s ]
INFO: [ app_init ] --END-- [ RunTime:0.000692s ]
ERR: 无法加载模块:Up

[ 2016-10-08T15:12:52+08:00 ] ::1 /mintAdmin/up/images/20160901/photo_57c7f89f0e798.png
INFO: [ app_init ] --START--
INFO: Run Behavior\BuildLiteBehavior [ RunTime:0.000018s ]
INFO: [ app_init ] --END-- [ RunTime:0.000411s ]
ERR: 无法加载模块:Up

[ 2016-10-08T15:14:21+08:00 ] ::1 /mintAdmin/up/images/20160919/photo_57dfabc610c27.jpeg
INFO: [ app_init ] --START--
INFO: Run Behavior\BuildLiteBehavior [ RunTime:0.000015s ]
INFO: [ app_init ] --END-- [ RunTime:0.000366s ]
ERR: 无法加载模块:Up

[ 2016-10-08T15:14:23+08:00 ] ::1 /mintAdmin/up/images/20160919/photo_57dfabc610c27.jpeg
INFO: [ app_init ] --START--
INFO: Run Behavior\BuildLiteBehavior [ RunTime:0.000015s ]
INFO: [ app_init ] --END-- [ RunTime:0.000348s ]
ERR: 无法加载模块:Up

[ 2016-10-08T15:14:30+08:00 ] ::1 /mintAdmin/up/images/20160919/photo_57dfabc610c27.jpeg
INFO: [ app_init ] --START--
INFO: Run Behavior\BuildLiteBehavior [ RunTime:0.000016s ]
INFO: [ app_init ] --END-- [ RunTime:0.000344s ]
ERR: 无法加载模块:Up

[ 2016-10-08T15:15:30+08:00 ] ::1 /mintAdmin/up/images/20160919/photo_57dfabc610c27.jpeg
INFO: [ app_init ] --START--
INFO: Run Behavior\BuildLiteBehavior [ RunTime:0.000020s ]
INFO: [ app_init ] --END-- [ RunTime:0.000503s ]
ERR: 无法加载模块:Up

