[ 2016-12-07T13:31:55+08:00 ] ::1 /mintAdmin/up/images/20161101/photo_58184fa59287d.png
INFO: [ app_init ] --START--
INFO: Run Behavior\BuildLiteBehavior [ RunTime:0.000026s ]
INFO: [ app_init ] --END-- [ RunTime:0.000780s ]
ERR: 无法加载模块:Up

[ 2016-12-07T13:31:55+08:00 ] ::1 /mintAdmin/up/images/20161019/photo_58078d55abb43.png
INFO: [ app_init ] --START--
INFO: Run Behavior\BuildLiteBehavior [ RunTime:0.000029s ]
INFO: [ app_init ] --END-- [ RunTime:0.001041s ]
ERR: 无法加载模块:Up

[ 2016-12-07T13:31:55+08:00 ] ::1 /mintAdmin/up/images/20161104/photo_581ca5d5cdaa7.jpeg
INFO: [ app_init ] --START--
INFO: Run Behavior\BuildLiteBehavior [ RunTime:0.000032s ]
INFO: [ app_init ] --END-- [ RunTime:0.000818s ]
ERR: 无法加载模块:Up

[ 2016-12-07T13:31:55+08:00 ] ::1 /mintAdmin/up/images/20160708/photo_577f480a8bb5f.png
INFO: [ app_init ] --START--
INFO: Run Behavior\BuildLiteBehavior [ RunTime:0.000040s ]
INFO: [ app_init ] --END-- [ RunTime:0.000898s ]
ERR: 无法加载模块:Up

[ 2016-12-07T13:31:55+08:00 ] ::1 /mintAdmin/up/images/20160708/photo_577f4902a2ac2.png
INFO: [ app_init ] --START--
INFO: Run Behavior\BuildLiteBehavior [ RunTime:0.000025s ]
INFO: [ app_init ] --END-- [ RunTime:0.000655s ]
ERR: 无法加载模块:Up

[ 2016-12-07T13:31:55+08:00 ] ::1 /mintAdmin/up/images/20161009/photo_57f9d59ca0c63.png
INFO: [ app_init ] --START--
INFO: Run Behavior\BuildLiteBehavior [ RunTime:0.000051s ]
INFO: [ app_init ] --END-- [ RunTime:0.001519s ]
ERR: 无法加载模块:Up

[ 2016-12-07T13:31:55+08:00 ] ::1 /mintAdmin/up/images/20161009/photo_57f9cf159e42c.png
INFO: [ app_init ] --START--
INFO: Run Behavior\BuildLiteBehavior [ RunTime:0.000023s ]
INFO: [ app_init ] --END-- [ RunTime:0.000563s ]
ERR: 无法加载模块:Up

[ 2016-12-07T13:31:55+08:00 ] ::1 /mintAdmin/up/images/20161009/photo_57f9c132c71e0.png
INFO: [ app_init ] --START--
INFO: Run Behavior\BuildLiteBehavior [ RunTime:0.000022s ]
INFO: [ app_init ] --END-- [ RunTime:0.000528s ]
ERR: 无法加载模块:Up

[ 2016-12-07T13:31:55+08:00 ] ::1 /mintAdmin/up/images/20161101/photo_5818500069aee.png
INFO: [ app_init ] --START--
INFO: Run Behavior\BuildLiteBehavior [ RunTime:0.000015s ]
INFO: [ app_init ] --END-- [ RunTime:0.000351s ]
ERR: 无法加载模块:Up

[ 2016-12-07T13:37:28+08:00 ] ::1 /mintAdmin/up/images/20161009/photo_57f9c132c71e0.png
INFO: [ app_init ] --START--
INFO: Run Behavior\BuildLiteBehavior [ RunTime:0.000025s ]
INFO: [ app_init ] --END-- [ RunTime:0.000588s ]
ERR: 无法加载模块:Up

[ 2016-12-07T13:37:28+08:00 ] ::1 /mintAdmin/up/images/20161104/photo_581ca5d5cdaa7.jpeg
INFO: [ app_init ] --START--
INFO: Run Behavior\BuildLiteBehavior [ RunTime:0.000022s ]
INFO: [ app_init ] --END-- [ RunTime:0.000528s ]
ERR: 无法加载模块:Up

[ 2016-12-07T13:37:28+08:00 ] ::1 /mintAdmin/up/images/20161101/photo_58184fa59287d.png
INFO: [ app_init ] --START--
INFO: Run Behavior\BuildLiteBehavior [ RunTime:0.000030s ]
INFO: [ app_init ] --END-- [ RunTime:0.000726s ]
ERR: 无法加载模块:Up

[ 2016-12-07T13:37:28+08:00 ] ::1 /mintAdmin/up/images/20161019/photo_58078d55abb43.png
INFO: [ app_init ] --START--
INFO: Run Behavior\BuildLiteBehavior [ RunTime:0.000026s ]
INFO: [ app_init ] --END-- [ RunTime:0.000621s ]
ERR: 无法加载模块:Up

[ 2016-12-07T13:37:28+08:00 ] ::1 /mintAdmin/up/images/20161009/photo_57f9cf159e42c.png
INFO: [ app_init ] --START--
INFO: Run Behavior\BuildLiteBehavior [ RunTime:0.000027s ]
INFO: [ app_init ] --END-- [ RunTime:0.000633s ]
ERR: 无法加载模块:Up

[ 2016-12-07T13:37:28+08:00 ] ::1 /mintAdmin/up/images/20160708/photo_577f4902a2ac2.png
INFO: [ app_init ] --START--
INFO: Run Behavior\BuildLiteBehavior [ RunTime:0.000024s ]
INFO: [ app_init ] --END-- [ RunTime:0.000553s ]
ERR: 无法加载模块:Up

[ 2016-12-07T13:37:28+08:00 ] ::1 /mintAdmin/up/images/20160708/photo_577f480a8bb5f.png
INFO: [ app_init ] --START--
INFO: Run Behavior\BuildLiteBehavior [ RunTime:0.000027s ]
INFO: [ app_init ] --END-- [ RunTime:0.000612s ]
ERR: 无法加载模块:Up

[ 2016-12-07T13:37:28+08:00 ] ::1 /mintAdmin/up/images/20161009/photo_57f9d59ca0c63.png
INFO: [ app_init ] --START--
INFO: Run Behavior\BuildLiteBehavior [ RunTime:0.000026s ]
INFO: [ app_init ] --END-- [ RunTime:0.000820s ]
ERR: 无法加载模块:Up

[ 2016-12-07T13:37:28+08:00 ] ::1 /mintAdmin/up/images/20161101/photo_5818500069aee.png
INFO: [ app_init ] --START--
INFO: Run Behavior\BuildLiteBehavior [ RunTime:0.000037s ]
INFO: [ app_init ] --END-- [ RunTime:0.000999s ]
ERR: 无法加载模块:Up

[ 2016-12-07T13:38:35+08:00 ] ::1 /mintAdmin/up/images/20161101/photo_58184fa59287d.png
INFO: [ app_init ] --START--
INFO: Run Behavior\BuildLiteBehavior [ RunTime:0.000025s ]
INFO: [ app_init ] --END-- [ RunTime:0.000572s ]
ERR: 无法加载模块:Up

[ 2016-12-07T13:38:35+08:00 ] ::1 /mintAdmin/up/images/20161101/photo_5818500069aee.png
INFO: [ app_init ] --START--
INFO: Run Behavior\BuildLiteBehavior [ RunTime:0.000034s ]
INFO: [ app_init ] --END-- [ RunTime:0.001080s ]
ERR: 无法加载模块:Up

[ 2016-12-07T13:38:35+08:00 ] ::1 /mintAdmin/up/images/20161009/photo_57f9c132c71e0.png
INFO: [ app_init ] --START--
INFO: Run Behavior\BuildLiteBehavior [ RunTime:0.000025s ]
INFO: [ app_init ] --END-- [ RunTime:0.000572s ]
ERR: 无法加载模块:Up

[ 2016-12-07T13:38:35+08:00 ] ::1 /mintAdmin/up/images/20161104/photo_581ca5d5cdaa7.jpeg
INFO: [ app_init ] --START--
INFO: Run Behavior\BuildLiteBehavior [ RunTime:0.000025s ]
INFO: [ app_init ] --END-- [ RunTime:0.001424s ]
ERR: 无法加载模块:Up

[ 2016-12-07T13:38:35+08:00 ] ::1 /mintAdmin/up/images/20161009/photo_57f9cf159e42c.png
INFO: [ app_init ] --START--
INFO: Run Behavior\BuildLiteBehavior [ RunTime:0.000025s ]
INFO: [ app_init ] --END-- [ RunTime:0.006584s ]
ERR: 无法加载模块:Up

[ 2016-12-07T13:38:35+08:00 ] ::1 /mintAdmin/up/images/20161019/photo_58078d55abb43.png
INFO: [ app_init ] --START--
INFO: Run Behavior\BuildLiteBehavior [ RunTime:0.000026s ]
INFO: [ app_init ] --END-- [ RunTime:0.005551s ]
ERR: 无法加载模块:Up

[ 2016-12-07T13:38:35+08:00 ] ::1 /mintAdmin/up/images/20160708/photo_577f4902a2ac2.png
INFO: [ app_init ] --START--
INFO: Run Behavior\BuildLiteBehavior [ RunTime:0.000028s ]
INFO: [ app_init ] --END-- [ RunTime:0.000638s ]
ERR: 无法加载模块:Up

[ 2016-12-07T13:38:35+08:00 ] ::1 /mintAdmin/up/images/20160708/photo_577f480a8bb5f.png
INFO: [ app_init ] --START--
INFO: Run Behavior\BuildLiteBehavior [ RunTime:0.000028s ]
INFO: [ app_init ] --END-- [ RunTime:0.000660s ]
ERR: 无法加载模块:Up

[ 2016-12-07T13:38:35+08:00 ] ::1 /mintAdmin/up/images/20161009/photo_57f9d59ca0c63.png
INFO: [ app_init ] --START--
INFO: Run Behavior\BuildLiteBehavior [ RunTime:0.000031s ]
INFO: [ app_init ] --END-- [ RunTime:0.005706s ]
ERR: 无法加载模块:Up

[ 2016-12-07T13:38:38+08:00 ] ::1 /mintAdmin/up/images/20161104/photo_581ca5d5cdaa7.jpeg
INFO: [ app_init ] --START--
INFO: Run Behavior\BuildLiteBehavior [ RunTime:0.000022s ]
INFO: [ app_init ] --END-- [ RunTime:0.000588s ]
ERR: 无法加载模块:Up

[ 2016-12-07T13:38:43+08:00 ] ::1 /mintAdmin/up/images/20161104/photo_581ca5d5cdaa7.jpeg
INFO: [ app_init ] --START--
INFO: Run Behavior\BuildLiteBehavior [ RunTime:0.000029s ]
INFO: [ app_init ] --END-- [ RunTime:0.000662s ]
ERR: 无法加载模块:Up

[ 2016-12-07T13:48:57+08:00 ] ::1 /mintAdmin/up/images/20161104/photo_581ca5d5cdaa7.jpeg
INFO: [ app_init ] --START--
INFO: Run Behavior\BuildLiteBehavior [ RunTime:0.000027s ]
INFO: [ app_init ] --END-- [ RunTime:0.000630s ]
ERR: 无法加载模块:Up

[ 2016-12-07T13:49:11+08:00 ] ::1 /mintAdmin/up/images/20161104/photo_581ca5d5cdaa7.jpeg
INFO: [ app_init ] --START--
INFO: Run Behavior\BuildLiteBehavior [ RunTime:0.000018s ]
INFO: [ app_init ] --END-- [ RunTime:0.000404s ]
ERR: 无法加载模块:Up

