[ 2016-10-30T17:32:17+08:00 ] ::1 /mintAdmin/up/images/20161028/photo_5813002ad3172.png
INFO: [ app_init ] --START--
INFO: Run Behavior\BuildLiteBehavior [ RunTime:0.000019s ]
INFO: [ app_init ] --END-- [ RunTime:0.000503s ]
ERR: 无法加载模块:Up

[ 2016-10-30T17:32:17+08:00 ] ::1 /mintAdmin/up/images/20161028/photo_58130957065e4.png
INFO: [ app_init ] --START--
INFO: Run Behavior\BuildLiteBehavior [ RunTime:0.000064s ]
INFO: [ app_init ] --END-- [ RunTime:0.001004s ]
ERR: 无法加载模块:Up

[ 2016-10-30T17:32:20+08:00 ] ::1 /mintAdmin/up/images/20161028/photo_5813002ad3172.png
INFO: [ app_init ] --START--
INFO: Run Behavior\BuildLiteBehavior [ RunTime:0.000019s ]
INFO: [ app_init ] --END-- [ RunTime:0.000517s ]
ERR: 无法加载模块:Up

[ 2016-10-30T17:32:23+08:00 ] ::1 /mintAdmin/up/images/20161028/photo_5813002ad3172.png
INFO: [ app_init ] --START--
INFO: Run Behavior\BuildLiteBehavior [ RunTime:0.000028s ]
INFO: [ app_init ] --END-- [ RunTime:0.001279s ]
ERR: 无法加载模块:Up

[ 2016-10-30T17:32:34+08:00 ] ::1 /mintAdmin/up/images/20161028/photo_5813002ad3172.png
INFO: [ app_init ] --START--
INFO: Run Behavior\BuildLiteBehavior [ RunTime:0.000023s ]
INFO: [ app_init ] --END-- [ RunTime:0.000591s ]
ERR: 无法加载模块:Up

[ 2016-10-30T20:18:03+08:00 ] ::1 /mintAdmin/up/images/20161028/photo_5812c7ab7991e.png
INFO: [ app_init ] --START--
INFO: Run Behavior\BuildLiteBehavior [ RunTime:0.000028s ]
INFO: [ app_init ] --END-- [ RunTime:0.000652s ]
ERR: 无法加载模块:Up

[ 2016-10-30T20:18:09+08:00 ] ::1 /mintAdmin/up/images/20161028/photo_5812b4e9e84cd.png
INFO: [ app_init ] --START--
INFO: Run Behavior\BuildLiteBehavior [ RunTime:0.000034s ]
INFO: [ app_init ] --END-- [ RunTime:0.000416s ]
ERR: 无法加载模块:Up

[ 2016-10-30T20:18:15+08:00 ] ::1 /mintAdmin/up/images/20161027/photo_5811fc66a7d86.png
INFO: [ app_init ] --START--
INFO: Run Behavior\BuildLiteBehavior [ RunTime:0.000024s ]
INFO: [ app_init ] --END-- [ RunTime:0.000554s ]
ERR: 无法加载模块:Up

[ 2016-10-30T20:18:15+08:00 ] ::1 /mintAdmin/up/images/20161027/photo_5811fc3a005fd.png
INFO: [ app_init ] --START--
INFO: Run Behavior\BuildLiteBehavior [ RunTime:0.000025s ]
INFO: [ app_init ] --END-- [ RunTime:0.000799s ]
ERR: 无法加载模块:Up

[ 2016-10-30T20:18:15+08:00 ] ::1 /mintAdmin/up/images/20161027/photo_5811fd030da2f.png
INFO: [ app_init ] --START--
INFO: Run Behavior\BuildLiteBehavior [ RunTime:0.000025s ]
INFO: [ app_init ] --END-- [ RunTime:0.000814s ]
ERR: 无法加载模块:Up

[ 2016-10-30T20:18:15+08:00 ] ::1 /mintAdmin/up/images/20161027/photo_5811ea7262565.png
INFO: [ app_init ] --START--
INFO: Run Behavior\BuildLiteBehavior [ RunTime:0.000169s ]
INFO: [ app_init ] --END-- [ RunTime:0.002236s ]
ERR: 无法加载模块:Up

[ 2016-10-30T20:18:19+08:00 ] ::1 /mintAdmin/up/images/20161019/photo_58071846e811c.png
INFO: [ app_init ] --START--
INFO: Run Behavior\BuildLiteBehavior [ RunTime:0.000029s ]
INFO: [ app_init ] --END-- [ RunTime:0.000665s ]
ERR: 无法加载模块:Up

