[ 2016-10-25T11:10:18+08:00 ] ::1 /mintAdmin/up/images/20161019/photo_58071846e811c.png
INFO: [ app_init ] --START--
INFO: Run Behavior\BuildLiteBehavior [ RunTime:0.000029s ]
INFO: [ app_init ] --END-- [ RunTime:0.000655s ]
ERR: 无法加载模块:Up

[ 2016-10-25T11:10:21+08:00 ] ::1 /mintAdmin/up/images/20161019/photo_58071846e811c.png
INFO: [ app_init ] --START--
INFO: Run Behavior\BuildLiteBehavior [ RunTime:0.000051s ]
INFO: [ app_init ] --END-- [ RunTime:0.000659s ]
ERR: 无法加载模块:Up

[ 2016-10-25T11:10:25+08:00 ] ::1 /mintAdmin/up/images/20161019/photo_58071846e811c.png
INFO: [ app_init ] --START--
INFO: Run Behavior\BuildLiteBehavior [ RunTime:0.000025s ]
INFO: [ app_init ] --END-- [ RunTime:0.000633s ]
ERR: 无法加载模块:Up

[ 2016-10-25T11:10:43+08:00 ] ::1 /mintAdmin/up/images/20161019/photo_58071846e811c.png
INFO: [ app_init ] --START--
INFO: Run Behavior\BuildLiteBehavior [ RunTime:0.000024s ]
INFO: [ app_init ] --END-- [ RunTime:0.000677s ]
ERR: 无法加载模块:Up

[ 2016-10-25T11:34:20+08:00 ] ::1 /mintAdmin/up/images/20161019/photo_58071846e811c.png
INFO: [ app_init ] --START--
INFO: Run Behavior\BuildLiteBehavior [ RunTime:0.000030s ]
INFO: [ app_init ] --END-- [ RunTime:0.017151s ]
ERR: 无法加载模块:Up

[ 2016-10-25T16:12:00+08:00 ] ::1 /mintAdmin/up/images/20161019/photo_58071846e811c.png
INFO: [ app_init ] --START--
INFO: Run Behavior\BuildLiteBehavior [ RunTime:0.000019s ]
INFO: [ app_init ] --END-- [ RunTime:0.000637s ]
ERR: 无法加载模块:Up

[ 2016-10-25T16:12:04+08:00 ] ::1 /mintAdmin/up/images/20161019/photo_58071846e811c.png
INFO: [ app_init ] --START--
INFO: Run Behavior\BuildLiteBehavior [ RunTime:0.000028s ]
INFO: [ app_init ] --END-- [ RunTime:0.000641s ]
ERR: 无法加载模块:Up

[ 2016-10-25T16:16:40+08:00 ] ::1 /mintAdmin/up/images/20161019/photo_58071846e811c.png
INFO: [ app_init ] --START--
INFO: Run Behavior\BuildLiteBehavior [ RunTime:0.000032s ]
INFO: [ app_init ] --END-- [ RunTime:0.000732s ]
ERR: 无法加载模块:Up

[ 2016-10-25T16:17:54+08:00 ] ::1 /mintAdmin/up/images/20161019/photo_58071846e811c.png
INFO: [ app_init ] --START--
INFO: Run Behavior\BuildLiteBehavior [ RunTime:0.000020s ]
INFO: [ app_init ] --END-- [ RunTime:0.000665s ]
ERR: 无法加载模块:Up

[ 2016-10-25T16:17:57+08:00 ] ::1 /mintAdmin/up/images/20161019/photo_58071846e811c.png
INFO: [ app_init ] --START--
INFO: Run Behavior\BuildLiteBehavior [ RunTime:0.000018s ]
INFO: [ app_init ] --END-- [ RunTime:0.000504s ]
ERR: 无法加载模块:Up

[ 2016-10-25T16:25:03+08:00 ] ::1 /mintAdmin/up/images/20161019/photo_58071846e811c.png
INFO: [ app_init ] --START--
INFO: Run Behavior\BuildLiteBehavior [ RunTime:0.000030s ]
INFO: [ app_init ] --END-- [ RunTime:0.000858s ]
ERR: 无法加载模块:Up

[ 2016-10-25T16:30:59+08:00 ] ::1 /mintAdmin/up/images/20161019/photo_58071846e811c.png
INFO: [ app_init ] --START--
INFO: Run Behavior\BuildLiteBehavior [ RunTime:0.000021s ]
INFO: [ app_init ] --END-- [ RunTime:0.000544s ]
ERR: 无法加载模块:Up

[ 2016-10-25T17:04:13+08:00 ] ::1 /mintAdmin/up/images/20161019/photo_58071846e811c.png
INFO: [ app_init ] --START--
INFO: Run Behavior\BuildLiteBehavior [ RunTime:0.000024s ]
INFO: [ app_init ] --END-- [ RunTime:0.000683s ]
ERR: 无法加载模块:Up

[ 2016-10-25T17:04:17+08:00 ] ::1 /mintAdmin/up/images/20161019/photo_58071846e811c.png
INFO: [ app_init ] --START--
INFO: Run Behavior\BuildLiteBehavior [ RunTime:0.000026s ]
INFO: [ app_init ] --END-- [ RunTime:0.000643s ]
ERR: 无法加载模块:Up

[ 2016-10-25T17:39:15+08:00 ] ::1 /mintAdmin/up/images/20161019/photo_58071846e811c.png
INFO: [ app_init ] --START--
INFO: Run Behavior\BuildLiteBehavior [ RunTime:0.000030s ]
INFO: [ app_init ] --END-- [ RunTime:0.000672s ]
ERR: 无法加载模块:Up

[ 2016-10-25T17:39:17+08:00 ] ::1 /mintAdmin/up/images/20161019/photo_58071846e811c.png
INFO: [ app_init ] --START--
INFO: Run Behavior\BuildLiteBehavior [ RunTime:0.000024s ]
INFO: [ app_init ] --END-- [ RunTime:0.000525s ]
ERR: 无法加载模块:Up

[ 2016-10-25T17:53:56+08:00 ] ::1 /mintAdmin/up/images/20161019/photo_58071846e811c.png
INFO: [ app_init ] --START--
INFO: Run Behavior\BuildLiteBehavior [ RunTime:0.000017s ]
INFO: [ app_init ] --END-- [ RunTime:0.000395s ]
ERR: 无法加载模块:Up

[ 2016-10-25T18:08:13+08:00 ] ::1 /mintAdmin/up/images/20161019/photo_58071846e811c.png
INFO: [ app_init ] --START--
INFO: Run Behavior\BuildLiteBehavior [ RunTime:0.000027s ]
INFO: [ app_init ] --END-- [ RunTime:0.000618s ]
ERR: 无法加载模块:Up

[ 2016-10-25T18:08:40+08:00 ] ::1 /mintAdmin/up/images/20161019/photo_58071846e811c.png
INFO: [ app_init ] --START--
INFO: Run Behavior\BuildLiteBehavior [ RunTime:0.000028s ]
INFO: [ app_init ] --END-- [ RunTime:0.000559s ]
ERR: 无法加载模块:Up

[ 2016-10-25T18:08:52+08:00 ] ::1 /mintAdmin/up/images/20161019/photo_58071846e811c.png
INFO: [ app_init ] --START--
INFO: Run Behavior\BuildLiteBehavior [ RunTime:0.000469s ]
INFO: [ app_init ] --END-- [ RunTime:0.003885s ]
ERR: 无法加载模块:Up

[ 2016-10-25T18:09:28+08:00 ] ::1 /mintAdmin/up/images/20161019/photo_58071846e811c.png
INFO: [ app_init ] --START--
INFO: Run Behavior\BuildLiteBehavior [ RunTime:0.000017s ]
INFO: [ app_init ] --END-- [ RunTime:0.000398s ]
ERR: 无法加载模块:Up

[ 2016-10-25T18:09:49+08:00 ] ::1 /mintAdmin/up/images/20161019/photo_58071846e811c.png
INFO: [ app_init ] --START--
INFO: Run Behavior\BuildLiteBehavior [ RunTime:0.000028s ]
INFO: [ app_init ] --END-- [ RunTime:0.000619s ]
ERR: 无法加载模块:Up

[ 2016-10-25T18:10:33+08:00 ] ::1 /mintAdmin/up/images/20161019/photo_58071846e811c.png
INFO: [ app_init ] --START--
INFO: Run Behavior\BuildLiteBehavior [ RunTime:0.000021s ]
INFO: [ app_init ] --END-- [ RunTime:0.000445s ]
ERR: 无法加载模块:Up

[ 2016-10-25T18:16:31+08:00 ] ::1 /mintAdmin/up/images/20161019/photo_58071846e811c.png
INFO: [ app_init ] --START--
INFO: Run Behavior\BuildLiteBehavior [ RunTime:0.000031s ]
INFO: [ app_init ] --END-- [ RunTime:0.000946s ]
ERR: 无法加载模块:Up

[ 2016-10-25T18:16:35+08:00 ] ::1 /mintAdmin/up/images/20161019/photo_58071846e811c.png
INFO: [ app_init ] --START--
INFO: Run Behavior\BuildLiteBehavior [ RunTime:0.000027s ]
INFO: [ app_init ] --END-- [ RunTime:0.000623s ]
ERR: 无法加载模块:Up

[ 2016-10-25T18:17:25+08:00 ] ::1 /mintAdmin/up/images/20161019/photo_58071846e811c.png
INFO: [ app_init ] --START--
INFO: Run Behavior\BuildLiteBehavior [ RunTime:0.000029s ]
INFO: [ app_init ] --END-- [ RunTime:0.007737s ]
ERR: 无法加载模块:Up

[ 2016-10-25T18:40:14+08:00 ] ::1 /mintAdmin/up/images/20161019/photo_58071846e811c.png
INFO: [ app_init ] --START--
INFO: Run Behavior\BuildLiteBehavior [ RunTime:0.000020s ]
INFO: [ app_init ] --END-- [ RunTime:0.000569s ]
ERR: 无法加载模块:Up

[ 2016-10-25T18:40:20+08:00 ] ::1 /mintAdmin/up/images/20161019/photo_58071846e811c.png
INFO: [ app_init ] --START--
INFO: Run Behavior\BuildLiteBehavior [ RunTime:0.000016s ]
INFO: [ app_init ] --END-- [ RunTime:0.000380s ]
ERR: 无法加载模块:Up

[ 2016-10-25T18:40:21+08:00 ] ::1 /mintAdmin/up/images/20161019/photo_58071846e811c.png
INFO: [ app_init ] --START--
INFO: Run Behavior\BuildLiteBehavior [ RunTime:0.000030s ]
INFO: [ app_init ] --END-- [ RunTime:0.000964s ]
ERR: 无法加载模块:Up

[ 2016-10-25T19:18:17+08:00 ] ::1 /mintAdmin/up/images/20161019/photo_58071846e811c.png
INFO: [ app_init ] --START--
INFO: Run Behavior\BuildLiteBehavior [ RunTime:0.000031s ]
INFO: [ app_init ] --END-- [ RunTime:0.001155s ]
ERR: 无法加载模块:Up

[ 2016-10-25T20:00:24+08:00 ] ::1 /mintAdmin/up/images/20161019/photo_58071846e811c.png
INFO: [ app_init ] --START--
INFO: Run Behavior\BuildLiteBehavior [ RunTime:0.000032s ]
INFO: [ app_init ] --END-- [ RunTime:0.000840s ]
ERR: 无法加载模块:Up

