[ 2016-11-01T10:34:04+08:00 ] ::1 /mintAdmin/up/images/20160708/photo_577f4902a2ac2.png
INFO: [ app_init ] --START--
INFO: Run Behavior\BuildLiteBehavior [ RunTime:0.000022s ]
INFO: [ app_init ] --END-- [ RunTime:0.004149s ]
ERR: 无法加载模块:Up

[ 2016-11-01T10:34:04+08:00 ] ::1 /mintAdmin/up/images/20161009/photo_57f9c132c71e0.png
INFO: [ app_init ] --START--
INFO: Run Behavior\BuildLiteBehavior [ RunTime:0.000021s ]
INFO: [ app_init ] --END-- [ RunTime:0.000531s ]
ERR: 无法加载模块:Up

[ 2016-11-01T10:34:04+08:00 ] ::1 /mintAdmin/up/images/20160708/photo_577f433268e5e.png
INFO: [ app_init ] --START--
INFO: Run Behavior\BuildLiteBehavior [ RunTime:0.000021s ]
INFO: [ app_init ] --END-- [ RunTime:0.001708s ]
ERR: 无法加载模块:Up

[ 2016-11-01T10:34:04+08:00 ] ::1 /mintAdmin/up/images/20161009/photo_57f9d59ca0c63.png
INFO: [ app_init ] --START--
INFO: Run Behavior\BuildLiteBehavior [ RunTime:0.000024s ]
INFO: [ app_init ] --END-- [ RunTime:0.005344s ]
ERR: 无法加载模块:Up

[ 2016-11-01T10:34:04+08:00 ] ::1 /mintAdmin/up/images/20161009/photo_57f9cf159e42c.png
INFO: [ app_init ] --START--
INFO: Run Behavior\BuildLiteBehavior [ RunTime:0.000018s ]
INFO: [ app_init ] --END-- [ RunTime:0.000429s ]
ERR: 无法加载模块:Up

[ 2016-11-01T10:34:04+08:00 ] ::1 /mintAdmin/up/images/20160708/photo_577f480a8bb5f.png
INFO: [ app_init ] --START--
INFO: Run Behavior\BuildLiteBehavior [ RunTime:0.000021s ]
INFO: [ app_init ] --END-- [ RunTime:0.000470s ]
ERR: 无法加载模块:Up

[ 2016-11-01T10:34:04+08:00 ] ::1 /mintAdmin/up/images/20160708/photo_577f441c5650c.png
INFO: [ app_init ] --START--
INFO: Run Behavior\BuildLiteBehavior [ RunTime:0.000015s ]
INFO: [ app_init ] --END-- [ RunTime:0.000369s ]
ERR: 无法加载模块:Up

[ 2016-11-01T10:34:04+08:00 ] ::1 /mintAdmin/up/images/20160708/photo_577f4539d48da.png
INFO: [ app_init ] --START--
INFO: Run Behavior\BuildLiteBehavior [ RunTime:0.000015s ]
INFO: [ app_init ] --END-- [ RunTime:0.000363s ]
ERR: 无法加载模块:Up

[ 2016-11-01T10:35:56+08:00 ] ::1 /mintAdmin/up/images/20161031/photo_581743e93dd57.png
INFO: [ app_init ] --START--
INFO: Run Behavior\BuildLiteBehavior [ RunTime:0.000033s ]
INFO: [ app_init ] --END-- [ RunTime:0.000642s ]
ERR: 无法加载模块:Up

[ 2016-11-01T10:35:56+08:00 ] ::1 /mintAdmin/up/images/20161031/photo_581743b1322c0.png
INFO: [ app_init ] --START--
INFO: Run Behavior\BuildLiteBehavior [ RunTime:0.000028s ]
INFO: [ app_init ] --END-- [ RunTime:0.000592s ]
ERR: 无法加载模块:Up

[ 2016-11-01T10:37:25+08:00 ] ::1 /mintAdmin/up/images/20161031/photo_581743e93dd57.png
INFO: [ app_init ] --START--
INFO: Run Behavior\BuildLiteBehavior [ RunTime:0.000016s ]
INFO: [ app_init ] --END-- [ RunTime:0.000383s ]
ERR: 无法加载模块:Up

[ 2016-11-01T10:37:27+08:00 ] ::1 /mintAdmin/up/images/20161031/photo_581743b1322c0.png
INFO: [ app_init ] --START--
INFO: Run Behavior\BuildLiteBehavior [ RunTime:0.000025s ]
INFO: [ app_init ] --END-- [ RunTime:0.000589s ]
ERR: 无法加载模块:Up

[ 2016-11-01T10:37:27+08:00 ] ::1 /mintAdmin/up/images/20161031/photo_581743e93dd57.png
INFO: [ app_init ] --START--
INFO: Run Behavior\BuildLiteBehavior [ RunTime:0.000025s ]
INFO: [ app_init ] --END-- [ RunTime:0.000570s ]
ERR: 无法加载模块:Up

[ 2016-11-01T10:49:49+08:00 ] ::1 /mintAdmin/up/images/20161031/photo_581743b1322c0.png
INFO: [ app_init ] --START--
INFO: Run Behavior\BuildLiteBehavior [ RunTime:0.000028s ]
INFO: [ app_init ] --END-- [ RunTime:0.000667s ]
ERR: 无法加载模块:Up

[ 2016-11-01T10:49:49+08:00 ] ::1 /mintAdmin/up/images/20161031/photo_581743e93dd57.png
INFO: [ app_init ] --START--
INFO: Run Behavior\BuildLiteBehavior [ RunTime:0.000029s ]
INFO: [ app_init ] --END-- [ RunTime:0.001262s ]
ERR: 无法加载模块:Up

[ 2016-11-01T10:49:52+08:00 ] ::1 /mintAdmin/up/images/20161031/photo_581743e93dd57.png
INFO: [ app_init ] --START--
INFO: Run Behavior\BuildLiteBehavior [ RunTime:0.000052s ]
INFO: [ app_init ] --END-- [ RunTime:0.000828s ]
ERR: 无法加载模块:Up

[ 2016-11-01T10:49:53+08:00 ] ::1 /mintAdmin/up/images/20161031/photo_581743e93dd57.png
INFO: [ app_init ] --START--
INFO: Run Behavior\BuildLiteBehavior [ RunTime:0.000025s ]
INFO: [ app_init ] --END-- [ RunTime:0.000555s ]
ERR: 无法加载模块:Up

[ 2016-11-01T10:49:55+08:00 ] ::1 /mintAdmin/up/images/20161031/photo_581743e93dd57.png
INFO: [ app_init ] --START--
INFO: Run Behavior\BuildLiteBehavior [ RunTime:0.000027s ]
INFO: [ app_init ] --END-- [ RunTime:0.000638s ]
ERR: 无法加载模块:Up

[ 2016-11-01T10:49:57+08:00 ] ::1 /mintAdmin/up/images/20161031/photo_581743e93dd57.png
INFO: [ app_init ] --START--
INFO: Run Behavior\BuildLiteBehavior [ RunTime:0.000115s ]
INFO: [ app_init ] --END-- [ RunTime:0.001099s ]
ERR: 无法加载模块:Up

[ 2016-11-01T10:50:02+08:00 ] ::1 /mintAdmin/up/images/20161031/photo_581743e93dd57.png
INFO: [ app_init ] --START--
INFO: Run Behavior\BuildLiteBehavior [ RunTime:0.000026s ]
INFO: [ app_init ] --END-- [ RunTime:0.000571s ]
ERR: 无法加载模块:Up

[ 2016-11-01T10:50:05+08:00 ] ::1 /mintAdmin/up/images/20161031/photo_581743e93dd57.png
INFO: [ app_init ] --START--
INFO: Run Behavior\BuildLiteBehavior [ RunTime:0.000031s ]
INFO: [ app_init ] --END-- [ RunTime:0.000881s ]
ERR: 无法加载模块:Up

[ 2016-11-01T10:52:39+08:00 ] ::1 /mintAdmin/up/images/20161031/photo_581743e93dd57.png
INFO: [ app_init ] --START--
INFO: Run Behavior\BuildLiteBehavior [ RunTime:0.000035s ]
INFO: [ app_init ] --END-- [ RunTime:0.001139s ]
ERR: 无法加载模块:Up

[ 2016-11-01T10:58:28+08:00 ] ::1 /mintAdmin/up/images/20161031/photo_581743e93dd57.png
INFO: [ app_init ] --START--
INFO: Run Behavior\BuildLiteBehavior [ RunTime:0.000027s ]
INFO: [ app_init ] --END-- [ RunTime:0.000640s ]
ERR: 无法加载模块:Up

[ 2016-11-01T10:58:28+08:00 ] ::1 /mintAdmin/up/images/20161031/photo_581743b1322c0.png
INFO: [ app_init ] --START--
INFO: Run Behavior\BuildLiteBehavior [ RunTime:0.000029s ]
INFO: [ app_init ] --END-- [ RunTime:0.000658s ]
ERR: 无法加载模块:Up

[ 2016-11-01T10:58:31+08:00 ] ::1 /mintAdmin/up/images/20161031/photo_581743e93dd57.png
INFO: [ app_init ] --START--
INFO: Run Behavior\BuildLiteBehavior [ RunTime:0.000019s ]
INFO: [ app_init ] --END-- [ RunTime:0.000525s ]
ERR: 无法加载模块:Up

[ 2016-11-01T10:58:31+08:00 ] ::1 /mintAdmin/up/images/20161031/photo_581743e93dd57.png
INFO: [ app_init ] --START--
INFO: Run Behavior\BuildLiteBehavior [ RunTime:0.000024s ]
INFO: [ app_init ] --END-- [ RunTime:0.000544s ]
ERR: 无法加载模块:Up

[ 2016-11-01T11:08:50+08:00 ] ::1 /mintAdmin/up/images/20161031/photo_581743e93dd57.png
INFO: [ app_init ] --START--
INFO: Run Behavior\BuildLiteBehavior [ RunTime:0.000025s ]
INFO: [ app_init ] --END-- [ RunTime:0.000571s ]
ERR: 无法加载模块:Up

[ 2016-11-01T11:27:37+08:00 ] ::1 /mintAdmin/up/images/20161031/photo_581743e93dd57.png
INFO: [ app_init ] --START--
INFO: Run Behavior\BuildLiteBehavior [ RunTime:0.000031s ]
INFO: [ app_init ] --END-- [ RunTime:0.000725s ]
ERR: 无法加载模块:Up

[ 2016-11-01T11:27:41+08:00 ] ::1 /mintAdmin/up/images/20161031/photo_581743e93dd57.png
INFO: [ app_init ] --START--
INFO: Run Behavior\BuildLiteBehavior [ RunTime:0.000029s ]
INFO: [ app_init ] --END-- [ RunTime:0.001040s ]
ERR: 无法加载模块:Up

[ 2016-11-01T11:27:45+08:00 ] ::1 /mintAdmin/up/images/20161031/photo_581743e93dd57.png
INFO: [ app_init ] --START--
INFO: Run Behavior\BuildLiteBehavior [ RunTime:0.000033s ]
INFO: [ app_init ] --END-- [ RunTime:0.001194s ]
ERR: 无法加载模块:Up

[ 2016-11-01T11:28:13+08:00 ] ::1 /mintAdmin/up/images/20161031/photo_581743e93dd57.png
INFO: [ app_init ] --START--
INFO: Run Behavior\BuildLiteBehavior [ RunTime:0.000039s ]
INFO: [ app_init ] --END-- [ RunTime:0.000910s ]
ERR: 无法加载模块:Up

[ 2016-11-01T11:30:10+08:00 ] ::1 /mintAdmin/up/images/20161031/photo_581743e93dd57.png
INFO: [ app_init ] --START--
INFO: Run Behavior\BuildLiteBehavior [ RunTime:0.000034s ]
INFO: [ app_init ] --END-- [ RunTime:0.001653s ]
ERR: 无法加载模块:Up

[ 2016-11-01T11:31:07+08:00 ] ::1 /mintAdmin/up/images/20161031/photo_581743e93dd57.png
INFO: [ app_init ] --START--
INFO: Run Behavior\BuildLiteBehavior [ RunTime:0.000019s ]
INFO: [ app_init ] --END-- [ RunTime:0.000443s ]
ERR: 无法加载模块:Up

[ 2016-11-01T11:31:12+08:00 ] ::1 /mintAdmin/up/images/20161031/photo_581743e93dd57.png
INFO: [ app_init ] --START--
INFO: Run Behavior\BuildLiteBehavior [ RunTime:0.000023s ]
INFO: [ app_init ] --END-- [ RunTime:0.000647s ]
ERR: 无法加载模块:Up

[ 2016-11-01T11:31:35+08:00 ] ::1 /mintAdmin/up/images/20161031/photo_581743e93dd57.png
INFO: [ app_init ] --START--
INFO: Run Behavior\BuildLiteBehavior [ RunTime:0.000030s ]
INFO: [ app_init ] --END-- [ RunTime:0.000755s ]
ERR: 无法加载模块:Up

[ 2016-11-01T11:33:02+08:00 ] ::1 /mintAdmin/up/images/20161031/photo_581743e93dd57.png
INFO: [ app_init ] --START--
INFO: Run Behavior\BuildLiteBehavior [ RunTime:0.000034s ]
INFO: [ app_init ] --END-- [ RunTime:0.000710s ]
ERR: 无法加载模块:Up

[ 2016-11-01T11:34:20+08:00 ] ::1 /mintAdmin/up/images/20161031/photo_581743e93dd57.png
INFO: [ app_init ] --START--
INFO: Run Behavior\BuildLiteBehavior [ RunTime:0.000028s ]
INFO: [ app_init ] --END-- [ RunTime:0.001365s ]
ERR: 无法加载模块:Up

[ 2016-11-01T11:34:45+08:00 ] ::1 /mintAdmin/up/images/20161031/photo_581743e93dd57.png
INFO: [ app_init ] --START--
INFO: Run Behavior\BuildLiteBehavior [ RunTime:0.000028s ]
INFO: [ app_init ] --END-- [ RunTime:0.000594s ]
ERR: 无法加载模块:Up

[ 2016-11-01T11:35:32+08:00 ] ::1 /mintAdmin/up/images/20161031/photo_581743e93dd57.png
INFO: [ app_init ] --START--
INFO: Run Behavior\BuildLiteBehavior [ RunTime:0.000025s ]
INFO: [ app_init ] --END-- [ RunTime:0.000596s ]
ERR: 无法加载模块:Up

[ 2016-11-01T11:35:50+08:00 ] ::1 /mintAdmin/up/images/20161031/photo_581743e93dd57.png
INFO: [ app_init ] --START--
INFO: Run Behavior\BuildLiteBehavior [ RunTime:0.000028s ]
INFO: [ app_init ] --END-- [ RunTime:0.000678s ]
ERR: 无法加载模块:Up

[ 2016-11-01T11:36:40+08:00 ] ::1 /mintAdmin/up/images/20161031/photo_581743e93dd57.png
INFO: [ app_init ] --START--
INFO: Run Behavior\BuildLiteBehavior [ RunTime:0.000040s ]
INFO: [ app_init ] --END-- [ RunTime:0.001376s ]
ERR: 无法加载模块:Up

[ 2016-11-01T11:38:19+08:00 ] ::1 /mintAdmin/up/images/20161031/photo_581743e93dd57.png
INFO: [ app_init ] --START--
INFO: Run Behavior\BuildLiteBehavior [ RunTime:0.000028s ]
INFO: [ app_init ] --END-- [ RunTime:0.000649s ]
ERR: 无法加载模块:Up

[ 2016-11-01T11:43:34+08:00 ] ::1 /mintAdmin/up/images/20161031/photo_581743e93dd57.png
INFO: [ app_init ] --START--
INFO: Run Behavior\BuildLiteBehavior [ RunTime:0.000028s ]
INFO: [ app_init ] --END-- [ RunTime:0.000589s ]
ERR: 无法加载模块:Up

[ 2016-11-01T11:46:00+08:00 ] ::1 /mintAdmin/up/images/20161031/photo_581743b1322c0.png
INFO: [ app_init ] --START--
INFO: Run Behavior\BuildLiteBehavior [ RunTime:0.000029s ]
INFO: [ app_init ] --END-- [ RunTime:0.000628s ]
ERR: 无法加载模块:Up

[ 2016-11-01T11:46:00+08:00 ] ::1 /mintAdmin/up/images/20161031/photo_581743e93dd57.png
INFO: [ app_init ] --START--
INFO: Run Behavior\BuildLiteBehavior [ RunTime:0.000027s ]
INFO: [ app_init ] --END-- [ RunTime:0.000651s ]
ERR: 无法加载模块:Up

[ 2016-11-01T11:52:37+08:00 ] ::1 /mintAdmin/up/images/20161031/photo_581743e93dd57.png
INFO: [ app_init ] --START--
INFO: Run Behavior\BuildLiteBehavior [ RunTime:0.000026s ]
INFO: [ app_init ] --END-- [ RunTime:0.000668s ]
ERR: 无法加载模块:Up

[ 2016-11-01T11:52:37+08:00 ] ::1 /mintAdmin/up/images/20161031/photo_581743b1322c0.png
INFO: [ app_init ] --START--
INFO: Run Behavior\BuildLiteBehavior [ RunTime:0.000024s ]
INFO: [ app_init ] --END-- [ RunTime:0.000640s ]
ERR: 无法加载模块:Up

[ 2016-11-01T11:54:40+08:00 ] ::1 /mintAdmin/up/images/20161031/photo_581743b1322c0.png
INFO: [ app_init ] --START--
INFO: Run Behavior\BuildLiteBehavior [ RunTime:0.000026s ]
INFO: [ app_init ] --END-- [ RunTime:0.000602s ]
ERR: 无法加载模块:Up

[ 2016-11-01T11:54:40+08:00 ] ::1 /mintAdmin/up/images/20161031/photo_581743e93dd57.png
INFO: [ app_init ] --START--
INFO: Run Behavior\BuildLiteBehavior [ RunTime:0.000028s ]
INFO: [ app_init ] --END-- [ RunTime:0.000613s ]
ERR: 无法加载模块:Up

[ 2016-11-01T13:11:42+08:00 ] ::1 /mintAdmin/up/images/20161031/photo_581743b1322c0.png
INFO: [ app_init ] --START--
INFO: Run Behavior\BuildLiteBehavior [ RunTime:0.000028s ]
INFO: [ app_init ] --END-- [ RunTime:0.000661s ]
ERR: 无法加载模块:Up

[ 2016-11-01T13:11:42+08:00 ] ::1 /mintAdmin/up/images/20161031/photo_581743e93dd57.png
INFO: [ app_init ] --START--
INFO: Run Behavior\BuildLiteBehavior [ RunTime:0.000022s ]
INFO: [ app_init ] --END-- [ RunTime:0.000423s ]
ERR: 无法加载模块:Up

[ 2016-11-01T13:11:49+08:00 ] ::1 /mintAdmin/up/images/20161031/photo_581743e93dd57.png
INFO: [ app_init ] --START--
INFO: Run Behavior\BuildLiteBehavior [ RunTime:0.000028s ]
INFO: [ app_init ] --END-- [ RunTime:0.000667s ]
ERR: 无法加载模块:Up

[ 2016-11-01T13:11:49+08:00 ] ::1 /mintAdmin/up/images/20161031/photo_581743b1322c0.png
INFO: [ app_init ] --START--
INFO: Run Behavior\BuildLiteBehavior [ RunTime:0.000019s ]
INFO: [ app_init ] --END-- [ RunTime:0.000628s ]
ERR: 无法加载模块:Up

[ 2016-11-01T13:12:14+08:00 ] ::1 /mintAdmin/up/images/20161031/photo_581743e93dd57.png
INFO: [ app_init ] --START--
INFO: Run Behavior\BuildLiteBehavior [ RunTime:0.000032s ]
INFO: [ app_init ] --END-- [ RunTime:0.000742s ]
ERR: 无法加载模块:Up

[ 2016-11-01T13:12:14+08:00 ] ::1 /mintAdmin/up/images/20161031/photo_581743b1322c0.png
INFO: [ app_init ] --START--
INFO: Run Behavior\BuildLiteBehavior [ RunTime:0.000094s ]
INFO: [ app_init ] --END-- [ RunTime:0.000813s ]
ERR: 无法加载模块:Up

[ 2016-11-01T13:13:04+08:00 ] ::1 /mintAdmin/up/images/20161031/photo_581743b1322c0.png
INFO: [ app_init ] --START--
INFO: Run Behavior\BuildLiteBehavior [ RunTime:0.000024s ]
INFO: [ app_init ] --END-- [ RunTime:0.000585s ]
ERR: 无法加载模块:Up

[ 2016-11-01T13:13:04+08:00 ] ::1 /mintAdmin/up/images/20161031/photo_581743e93dd57.png
INFO: [ app_init ] --START--
INFO: Run Behavior\BuildLiteBehavior [ RunTime:0.000016s ]
INFO: [ app_init ] --END-- [ RunTime:0.000468s ]
ERR: 无法加载模块:Up

[ 2016-11-01T13:13:07+08:00 ] ::1 /mintAdmin/up/images/20161031/photo_581743e93dd57.png
INFO: [ app_init ] --START--
INFO: Run Behavior\BuildLiteBehavior [ RunTime:0.000022s ]
INFO: [ app_init ] --END-- [ RunTime:0.000564s ]
ERR: 无法加载模块:Up

[ 2016-11-01T13:13:07+08:00 ] ::1 /mintAdmin/up/images/20161031/photo_581743e93dd57.png
INFO: [ app_init ] --START--
INFO: Run Behavior\BuildLiteBehavior [ RunTime:0.000026s ]
INFO: [ app_init ] --END-- [ RunTime:0.000581s ]
ERR: 无法加载模块:Up

[ 2016-11-01T13:13:15+08:00 ] ::1 /mintAdmin/up/images/20161031/photo_581743e93dd57.png
INFO: [ app_init ] --START--
INFO: Run Behavior\BuildLiteBehavior [ RunTime:0.000027s ]
INFO: [ app_init ] --END-- [ RunTime:0.000791s ]
ERR: 无法加载模块:Up

[ 2016-11-01T13:13:17+08:00 ] ::1 /mintAdmin/up/images/20161031/photo_581743e93dd57.png
INFO: [ app_init ] --START--
INFO: Run Behavior\BuildLiteBehavior [ RunTime:0.000026s ]
INFO: [ app_init ] --END-- [ RunTime:0.000547s ]
ERR: 无法加载模块:Up

[ 2016-11-01T13:14:47+08:00 ] ::1 /mintAdmin/up/images/20161031/photo_581743e93dd57.png
INFO: [ app_init ] --START--
INFO: Run Behavior\BuildLiteBehavior [ RunTime:0.000027s ]
INFO: [ app_init ] --END-- [ RunTime:0.001140s ]
ERR: 无法加载模块:Up

[ 2016-11-01T13:14:51+08:00 ] ::1 /mintAdmin/up/images/20161031/photo_581743b1322c0.png
INFO: [ app_init ] --START--
INFO: Run Behavior\BuildLiteBehavior [ RunTime:0.000017s ]
INFO: [ app_init ] --END-- [ RunTime:0.000410s ]
ERR: 无法加载模块:Up

[ 2016-11-01T13:14:51+08:00 ] ::1 /mintAdmin/up/images/20161031/photo_581743e93dd57.png
INFO: [ app_init ] --START--
INFO: Run Behavior\BuildLiteBehavior [ RunTime:0.000023s ]
INFO: [ app_init ] --END-- [ RunTime:0.000559s ]
ERR: 无法加载模块:Up

[ 2016-11-01T13:17:31+08:00 ] ::1 /mintAdmin/up/images/20161031/photo_581743e93dd57.png
INFO: [ app_init ] --START--
INFO: Run Behavior\BuildLiteBehavior [ RunTime:0.000025s ]
INFO: [ app_init ] --END-- [ RunTime:0.000651s ]
ERR: 无法加载模块:Up

[ 2016-11-01T13:17:31+08:00 ] ::1 /mintAdmin/up/images/20161031/photo_581743b1322c0.png
INFO: [ app_init ] --START--
INFO: Run Behavior\BuildLiteBehavior [ RunTime:0.000020s ]
INFO: [ app_init ] --END-- [ RunTime:0.000573s ]
ERR: 无法加载模块:Up

[ 2016-11-01T13:17:39+08:00 ] ::1 /mintAdmin/up/images/20161031/photo_581743e93dd57.png
INFO: [ app_init ] --START--
INFO: Run Behavior\BuildLiteBehavior [ RunTime:0.000063s ]
INFO: [ app_init ] --END-- [ RunTime:0.001102s ]
ERR: 无法加载模块:Up

[ 2016-11-01T13:17:39+08:00 ] ::1 /mintAdmin/up/images/20161031/photo_581743b1322c0.png
INFO: [ app_init ] --START--
INFO: Run Behavior\BuildLiteBehavior [ RunTime:0.000096s ]
INFO: [ app_init ] --END-- [ RunTime:0.000787s ]
ERR: 无法加载模块:Up

[ 2016-11-01T13:18:28+08:00 ] ::1 /mintAdmin/up/images/20161031/photo_581743e93dd57.png
INFO: [ app_init ] --START--
INFO: Run Behavior\BuildLiteBehavior [ RunTime:0.000196s ]
INFO: [ app_init ] --END-- [ RunTime:0.000828s ]
ERR: 无法加载模块:Up

[ 2016-11-01T13:18:28+08:00 ] ::1 /mintAdmin/up/images/20161031/photo_581743b1322c0.png
INFO: [ app_init ] --START--
INFO: Run Behavior\BuildLiteBehavior [ RunTime:0.000027s ]
INFO: [ app_init ] --END-- [ RunTime:0.000611s ]
ERR: 无法加载模块:Up

[ 2016-11-01T13:19:03+08:00 ] ::1 /mintAdmin/up/images/20161031/photo_581743b1322c0.png
INFO: [ app_init ] --START--
INFO: Run Behavior\BuildLiteBehavior [ RunTime:0.000029s ]
INFO: [ app_init ] --END-- [ RunTime:0.000723s ]
ERR: 无法加载模块:Up

[ 2016-11-01T13:19:03+08:00 ] ::1 /mintAdmin/up/images/20161031/photo_581743e93dd57.png
INFO: [ app_init ] --START--
INFO: Run Behavior\BuildLiteBehavior [ RunTime:0.000018s ]
INFO: [ app_init ] --END-- [ RunTime:0.000407s ]
ERR: 无法加载模块:Up

[ 2016-11-01T17:27:46+08:00 ] ::1 /mintAdmin/up/images/20161031/photo_581743e93dd57.png
INFO: [ app_init ] --START--
INFO: Run Behavior\BuildLiteBehavior [ RunTime:0.000052s ]
INFO: [ app_init ] --END-- [ RunTime:0.000929s ]
ERR: 无法加载模块:Up

[ 2016-11-01T17:31:40+08:00 ] ::1 /mintAdmin/up/images/20161031/photo_581743e93dd57.png
INFO: [ app_init ] --START--
INFO: Run Behavior\BuildLiteBehavior [ RunTime:0.000016s ]
INFO: [ app_init ] --END-- [ RunTime:0.000357s ]
ERR: 无法加载模块:Up

[ 2016-11-01T17:55:38+08:00 ] ::1 /mintAdmin/up/images/20161031/photo_581743e93dd57.png
INFO: [ app_init ] --START--
INFO: Run Behavior\BuildLiteBehavior [ RunTime:0.000030s ]
INFO: [ app_init ] --END-- [ RunTime:0.001046s ]
ERR: 无法加载模块:Up

[ 2016-11-01T17:56:56+08:00 ] ::1 /mintAdmin/up/images/20161031/photo_581743e93dd57.png
INFO: [ app_init ] --START--
INFO: Run Behavior\BuildLiteBehavior [ RunTime:0.000029s ]
INFO: [ app_init ] --END-- [ RunTime:0.000723s ]
ERR: 无法加载模块:Up

[ 2016-11-01T18:05:27+08:00 ] ::1 /mintAdmin/up/images/20161031/photo_581743e93dd57.png
INFO: [ app_init ] --START--
INFO: Run Behavior\BuildLiteBehavior [ RunTime:0.000019s ]
INFO: [ app_init ] --END-- [ RunTime:0.000617s ]
ERR: 无法加载模块:Up

[ 2016-11-01T18:05:45+08:00 ] ::1 /mintAdmin/up/images/20161031/photo_581743e93dd57.png
INFO: [ app_init ] --START--
INFO: Run Behavior\BuildLiteBehavior [ RunTime:0.000015s ]
INFO: [ app_init ] --END-- [ RunTime:0.000358s ]
ERR: 无法加载模块:Up

[ 2016-11-01T20:38:57+08:00 ] ::1 /mintAdmin/up/images/20161031/photo_581743e93dd57.png
INFO: [ app_init ] --START--
INFO: Run Behavior\BuildLiteBehavior [ RunTime:0.000037s ]
INFO: [ app_init ] --END-- [ RunTime:0.001350s ]
ERR: 无法加载模块:Up

[ 2016-11-01T20:41:06+08:00 ] ::1 /mintAdmin/up/images/20161031/photo_581743e93dd57.png
INFO: [ app_init ] --START--
INFO: Run Behavior\BuildLiteBehavior [ RunTime:0.000034s ]
INFO: [ app_init ] --END-- [ RunTime:0.000706s ]
ERR: 无法加载模块:Up

[ 2016-11-01T20:43:11+08:00 ] ::1 /mintAdmin/up/images/20161031/photo_581743e93dd57.png
INFO: [ app_init ] --START--
INFO: Run Behavior\BuildLiteBehavior [ RunTime:0.000020s ]
INFO: [ app_init ] --END-- [ RunTime:0.000453s ]
ERR: 无法加载模块:Up

[ 2016-11-01T20:47:16+08:00 ] ::1 /mintAdmin/up/images/20161031/photo_581743e93dd57.png
INFO: [ app_init ] --START--
INFO: Run Behavior\BuildLiteBehavior [ RunTime:0.000019s ]
INFO: [ app_init ] --END-- [ RunTime:0.000557s ]
ERR: 无法加载模块:Up

[ 2016-11-01T21:32:31+08:00 ] ::1 /mintAdmin/up/images/20161031/photo_581743e93dd57.png
INFO: [ app_init ] --START--
INFO: Run Behavior\BuildLiteBehavior [ RunTime:0.000030s ]
INFO: [ app_init ] --END-- [ RunTime:0.002547s ]
ERR: 无法加载模块:Up

[ 2016-11-01T21:55:59+08:00 ] ::1 /mintAdmin/up/images/20161031/photo_581743e93dd57.png
INFO: [ app_init ] --START--
INFO: Run Behavior\BuildLiteBehavior [ RunTime:0.000027s ]
INFO: [ app_init ] --END-- [ RunTime:0.000610s ]
ERR: 无法加载模块:Up

[ 2016-11-01T22:02:07+08:00 ] ::1 /mintAdmin/up/images/20161031/photo_581743e93dd57.png
INFO: [ app_init ] --START--
INFO: Run Behavior\BuildLiteBehavior [ RunTime:0.000027s ]
INFO: [ app_init ] --END-- [ RunTime:0.000937s ]
ERR: 无法加载模块:Up

[ 2016-11-01T22:02:21+08:00 ] ::1 /mintAdmin/up/images/20161031/photo_581743e93dd57.png
INFO: [ app_init ] --START--
INFO: Run Behavior\BuildLiteBehavior [ RunTime:0.000031s ]
INFO: [ app_init ] --END-- [ RunTime:0.000679s ]
ERR: 无法加载模块:Up

[ 2016-11-01T22:03:59+08:00 ] ::1 /mintAdmin/up/images/20161031/photo_581743e93dd57.png
INFO: [ app_init ] --START--
INFO: Run Behavior\BuildLiteBehavior [ RunTime:0.000033s ]
INFO: [ app_init ] --END-- [ RunTime:0.001046s ]
ERR: 无法加载模块:Up

[ 2016-11-01T22:05:04+08:00 ] ::1 /mintAdmin/up/images/20161031/photo_581743e93dd57.png
INFO: [ app_init ] --START--
INFO: Run Behavior\BuildLiteBehavior [ RunTime:0.000028s ]
INFO: [ app_init ] --END-- [ RunTime:0.000786s ]
ERR: 无法加载模块:Up

