[ 2016-11-07T16:28:58+08:00 ] ::1 /mintAdmin/up/images/20161107/photo_58203b3535252.png
INFO: [ app_init ] --START--
INFO: Run Behavior\BuildLiteBehavior [ RunTime:0.000015s ]
INFO: [ app_init ] --END-- [ RunTime:0.000345s ]
ERR: 无法加载模块:Up

[ 2016-11-07T16:29:35+08:00 ] ::1 /mintAdmin/up/images/20161107/photo_58203b3535252.png
INFO: [ app_init ] --START--
INFO: Run Behavior\BuildLiteBehavior [ RunTime:0.000030s ]
INFO: [ app_init ] --END-- [ RunTime:0.000811s ]
ERR: 无法加载模块:Up

[ 2016-11-07T16:29:58+08:00 ] ::1 /mintAdmin/up/images/20161107/photo_58203b3535252.png
INFO: [ app_init ] --START--
INFO: Run Behavior\BuildLiteBehavior [ RunTime:0.000016s ]
INFO: [ app_init ] --END-- [ RunTime:0.000408s ]
ERR: 无法加载模块:Up

[ 2016-11-07T16:30:05+08:00 ] ::1 /mintAdmin/up/images/20161107/photo_58203b3535252.png
INFO: [ app_init ] --START--
INFO: Run Behavior\BuildLiteBehavior [ RunTime:0.000028s ]
INFO: [ app_init ] --END-- [ RunTime:0.000633s ]
ERR: 无法加载模块:Up

[ 2016-11-07T16:30:27+08:00 ] ::1 /mintAdmin/up/images/20161107/photo_58203b3535252.png
INFO: [ app_init ] --START--
INFO: Run Behavior\BuildLiteBehavior [ RunTime:0.000020s ]
INFO: [ app_init ] --END-- [ RunTime:0.000512s ]
ERR: 无法加载模块:Up

[ 2016-11-07T16:30:55+08:00 ] ::1 /mintAdmin/up/images/20161107/photo_58203b3535252.png
INFO: [ app_init ] --START--
INFO: Run Behavior\BuildLiteBehavior [ RunTime:0.000020s ]
INFO: [ app_init ] --END-- [ RunTime:0.000463s ]
ERR: 无法加载模块:Up

[ 2016-11-07T16:31:38+08:00 ] ::1 /mintAdmin/up/images/20161107/photo_58203b3535252.png
INFO: [ app_init ] --START--
INFO: Run Behavior\BuildLiteBehavior [ RunTime:0.000017s ]
INFO: [ app_init ] --END-- [ RunTime:0.000401s ]
ERR: 无法加载模块:Up

[ 2016-11-07T16:33:57+08:00 ] ::1 /mintAdmin/up/images/20161107/photo_58203b3535252.png
INFO: [ app_init ] --START--
INFO: Run Behavior\BuildLiteBehavior [ RunTime:0.000030s ]
INFO: [ app_init ] --END-- [ RunTime:0.000838s ]
ERR: 无法加载模块:Up

[ 2016-11-07T16:34:50+08:00 ] ::1 /mintAdmin/up/images/20161107/photo_58203b3535252.png
INFO: [ app_init ] --START--
INFO: Run Behavior\BuildLiteBehavior [ RunTime:0.000016s ]
INFO: [ app_init ] --END-- [ RunTime:0.000366s ]
ERR: 无法加载模块:Up

[ 2016-11-07T16:40:31+08:00 ] ::1 /mintAdmin/up/images/20161107/photo_58203b3535252.png
INFO: [ app_init ] --START--
INFO: Run Behavior\BuildLiteBehavior [ RunTime:0.000015s ]
INFO: [ app_init ] --END-- [ RunTime:0.000354s ]
ERR: 无法加载模块:Up

[ 2016-11-07T16:40:48+08:00 ] ::1 /mintAdmin/up/images/20161107/photo_58203b3535252.png
INFO: [ app_init ] --START--
INFO: Run Behavior\BuildLiteBehavior [ RunTime:0.000031s ]
INFO: [ app_init ] --END-- [ RunTime:0.000668s ]
ERR: 无法加载模块:Up

[ 2016-11-07T16:56:10+08:00 ] ::1 /mintAdmin/up/images/20161107/photo_58203b3535252.png
INFO: [ app_init ] --START--
INFO: Run Behavior\BuildLiteBehavior [ RunTime:0.000020s ]
INFO: [ app_init ] --END-- [ RunTime:0.000506s ]
ERR: 无法加载模块:Up

[ 2016-11-07T16:56:27+08:00 ] ::1 /mintAdmin/up/images/20161107/photo_58203b3535252.png
INFO: [ app_init ] --START--
INFO: Run Behavior\BuildLiteBehavior [ RunTime:0.000032s ]
INFO: [ app_init ] --END-- [ RunTime:0.000673s ]
ERR: 无法加载模块:Up

[ 2016-11-07T16:57:18+08:00 ] ::1 /mintAdmin/up/images/20161107/photo_58203b3535252.png
INFO: [ app_init ] --START--
INFO: Run Behavior\BuildLiteBehavior [ RunTime:0.000015s ]
INFO: [ app_init ] --END-- [ RunTime:0.000365s ]
ERR: 无法加载模块:Up

[ 2016-11-07T17:26:51+08:00 ] ::1 /mintAdmin/up/images/20161107/photo_58203b3535252.png
INFO: [ app_init ] --START--
INFO: Run Behavior\BuildLiteBehavior [ RunTime:0.000026s ]
INFO: [ app_init ] --END-- [ RunTime:0.000618s ]
ERR: 无法加载模块:Up

[ 2016-11-07T17:33:12+08:00 ] ::1 /mintAdmin/up/images/20161107/photo_58203b3535252.png
INFO: [ app_init ] --START--
INFO: Run Behavior\BuildLiteBehavior [ RunTime:0.000025s ]
INFO: [ app_init ] --END-- [ RunTime:0.000505s ]
ERR: 无法加载模块:Up

[ 2016-11-07T17:39:35+08:00 ] ::1 /mintAdmin/up/images/20161107/photo_58203b3535252.png
INFO: [ app_init ] --START--
INFO: Run Behavior\BuildLiteBehavior [ RunTime:0.000016s ]
INFO: [ app_init ] --END-- [ RunTime:0.000356s ]
ERR: 无法加载模块:Up

[ 2016-11-07T17:39:59+08:00 ] ::1 /mintAdmin/up/images/20161107/photo_58203b3535252.png
INFO: [ app_init ] --START--
INFO: Run Behavior\BuildLiteBehavior [ RunTime:0.000025s ]
INFO: [ app_init ] --END-- [ RunTime:0.000625s ]
ERR: 无法加载模块:Up

[ 2016-11-07T17:40:10+08:00 ] ::1 /mintAdmin/up/images/20161107/photo_58203b3535252.png
INFO: [ app_init ] --START--
INFO: Run Behavior\BuildLiteBehavior [ RunTime:0.000016s ]
INFO: [ app_init ] --END-- [ RunTime:0.000361s ]
ERR: 无法加载模块:Up

