[ 2016-12-14T20:45:04+08:00 ] ::1 /mintAdmin/up/images/20161214/photo_585139b1aa3c0.png
INFO: [ app_init ] --START--
INFO: Run Behavior\BuildLiteBehavior [ RunTime:0.000026s ]
INFO: [ app_init ] --END-- [ RunTime:0.000600s ]
ERR: 无法加载模块:Up

[ 2016-12-14T20:46:50+08:00 ] ::1 /mintAdmin/up/images/20161214/photo_585139b1aa3c0.png
INFO: [ app_init ] --START--
INFO: Run Behavior\BuildLiteBehavior [ RunTime:0.000032s ]
INFO: [ app_init ] --END-- [ RunTime:0.000811s ]
ERR: 无法加载模块:Up

[ 2016-12-14T21:55:26+08:00 ] ::1 /mintAdmin/up/images/20161214/photo_585139b1aa3c0.png
INFO: [ app_init ] --START--
INFO: Run Behavior\BuildLiteBehavior [ RunTime:0.000032s ]
INFO: [ app_init ] --END-- [ RunTime:0.000693s ]
ERR: 无法加载模块:Up

[ 2016-12-14T21:55:29+08:00 ] ::1 /mintAdmin/up/images/20161214/photo_585139b1aa3c0.png
INFO: [ app_init ] --START--
INFO: Run Behavior\BuildLiteBehavior [ RunTime:0.000021s ]
INFO: [ app_init ] --END-- [ RunTime:0.000619s ]
ERR: 无法加载模块:Up

