[ 2016-12-09T10:11:32+08:00 ] ::1 /mintAdmin/up/images/20160825/photo_57bea0accf299.png
INFO: [ app_init ] --START--
INFO: Run Behavior\BuildLiteBehavior [ RunTime:0.000017s ]
INFO: [ app_init ] --END-- [ RunTime:0.000668s ]
ERR: 无法加载模块:Up

[ 2016-12-09T10:11:32+08:00 ] ::1 /mintAdmin/up/images/20160825/photo_57be9e93f0c12.png
INFO: [ app_init ] --START--
INFO: Run Behavior\BuildLiteBehavior [ RunTime:0.000024s ]
INFO: [ app_init ] --END-- [ RunTime:0.000664s ]
ERR: 无法加载模块:Up

[ 2016-12-09T10:11:32+08:00 ] ::1 /mintAdmin/up/images/20160825/photo_57be9e858699b.png
INFO: [ app_init ] --START--
INFO: Run Behavior\BuildLiteBehavior [ RunTime:0.000016s ]
INFO: [ app_init ] --END-- [ RunTime:0.000374s ]
ERR: 无法加载模块:Up

[ 2016-12-09T10:11:32+08:00 ] ::1 /mintAdmin/up/images/20160825/photo_57be9e503e7ea.png
INFO: [ app_init ] --START--
INFO: Run Behavior\BuildLiteBehavior [ RunTime:0.000024s ]
INFO: [ app_init ] --END-- [ RunTime:0.001431s ]
ERR: 无法加载模块:Up

[ 2016-12-09T10:11:32+08:00 ] ::1 /mintAdmin/up/images/20161010/photo_57fb82514d671.png
INFO: [ app_init ] --START--
INFO: Run Behavior\BuildLiteBehavior [ RunTime:0.001150s ]
INFO: [ app_init ] --END-- [ RunTime:0.001958s ]
ERR: 无法加载模块:Up

[ 2016-12-09T10:11:32+08:00 ] ::1 /mintAdmin/up/images/20161022/photo_580ad5e869c10.png
INFO: [ app_init ] --START--
INFO: Run Behavior\BuildLiteBehavior [ RunTime:0.000025s ]
INFO: [ app_init ] --END-- [ RunTime:0.001716s ]
ERR: 无法加载模块:Up

[ 2016-12-09T10:11:32+08:00 ] ::1 /mintAdmin/up/images/20160825/photo_57bea091593eb.png
INFO: [ app_init ] --START--
INFO: Run Behavior\BuildLiteBehavior [ RunTime:0.000025s ]
INFO: [ app_init ] --END-- [ RunTime:0.000537s ]
ERR: 无法加载模块:Up

[ 2016-12-09T10:11:32+08:00 ] ::1 /mintAdmin/up/images/20161101/photo_581816bf1e8a5.png
INFO: [ app_init ] --START--
INFO: Run Behavior\BuildLiteBehavior [ RunTime:0.000016s ]
INFO: [ app_init ] --END-- [ RunTime:0.000379s ]
ERR: 无法加载模块:Up

[ 2016-12-09T10:11:32+08:00 ] ::1 /mintAdmin/up/images/20161010/photo_57fb81ddea70c.png
INFO: [ app_init ] --START--
INFO: Run Behavior\BuildLiteBehavior [ RunTime:0.000019s ]
INFO: [ app_init ] --END-- [ RunTime:0.000442s ]
ERR: 无法加载模块:Up

[ 2016-12-09T10:29:04+08:00 ] ::1 /mintAdmin/up/images/20161101/photo_5818500069aee.png
INFO: [ app_init ] --START--
INFO: Run Behavior\BuildLiteBehavior [ RunTime:0.000036s ]
INFO: [ app_init ] --END-- [ RunTime:0.001405s ]
ERR: 无法加载模块:Up

[ 2016-12-09T10:29:04+08:00 ] ::1 /mintAdmin/up/images/20161101/photo_58184fa59287d.png
INFO: [ app_init ] --START--
INFO: Run Behavior\BuildLiteBehavior [ RunTime:0.000028s ]
INFO: [ app_init ] --END-- [ RunTime:0.000789s ]
ERR: 无法加载模块:Up

[ 2016-12-09T10:29:04+08:00 ] ::1 /mintAdmin/up/images/20161009/photo_57f9c132c71e0.png
INFO: [ app_init ] --START--
INFO: Run Behavior\BuildLiteBehavior [ RunTime:0.001439s ]
INFO: [ app_init ] --END-- [ RunTime:0.002311s ]
ERR: 无法加载模块:Up

[ 2016-12-09T10:29:04+08:00 ] ::1 /mintAdmin/up/images/20161009/photo_57f9cf159e42c.png
INFO: [ app_init ] --START--
INFO: Run Behavior\BuildLiteBehavior [ RunTime:0.000029s ]
INFO: [ app_init ] --END-- [ RunTime:0.000700s ]
ERR: 无法加载模块:Up

[ 2016-12-09T10:29:04+08:00 ] ::1 /mintAdmin/up/images/20161019/photo_58078d55abb43.png
INFO: [ app_init ] --START--
INFO: Run Behavior\BuildLiteBehavior [ RunTime:0.000028s ]
INFO: [ app_init ] --END-- [ RunTime:0.000588s ]
ERR: 无法加载模块:Up

[ 2016-12-09T10:29:04+08:00 ] ::1 /mintAdmin/up/images/20161104/photo_581ca5d5cdaa7.jpeg
INFO: [ app_init ] --START--
INFO: Run Behavior\BuildLiteBehavior [ RunTime:0.000028s ]
INFO: [ app_init ] --END-- [ RunTime:0.000655s ]
ERR: 无法加载模块:Up

[ 2016-12-09T10:29:04+08:00 ] ::1 /mintAdmin/up/images/20160708/photo_577f480a8bb5f.png
INFO: [ app_init ] --START--
INFO: Run Behavior\BuildLiteBehavior [ RunTime:0.000023s ]
INFO: [ app_init ] --END-- [ RunTime:0.000548s ]
ERR: 无法加载模块:Up

[ 2016-12-09T10:29:04+08:00 ] ::1 /mintAdmin/up/images/20160708/photo_577f4902a2ac2.png
INFO: [ app_init ] --START--
INFO: Run Behavior\BuildLiteBehavior [ RunTime:0.000024s ]
INFO: [ app_init ] --END-- [ RunTime:0.000708s ]
ERR: 无法加载模块:Up

[ 2016-12-09T10:29:04+08:00 ] ::1 /mintAdmin/up/images/20161009/photo_57f9d59ca0c63.png
INFO: [ app_init ] --START--
INFO: Run Behavior\BuildLiteBehavior [ RunTime:0.000042s ]
INFO: [ app_init ] --END-- [ RunTime:0.001112s ]
ERR: 无法加载模块:Up

[ 2016-12-09T17:14:18+08:00 ] ::1 /mintAdmin/up/data/20161115/582aabd3b8446.jpg
INFO: [ app_init ] --START--
INFO: Run Behavior\BuildLiteBehavior [ RunTime:0.000016s ]
INFO: [ app_init ] --END-- [ RunTime:0.000350s ]
ERR: 无法加载模块:Up

[ 2016-12-09T17:14:18+08:00 ] ::1 /mintAdmin/up/data/20161115/582aabe0e613e.jpg
INFO: [ app_init ] --START--
INFO: Run Behavior\BuildLiteBehavior [ RunTime:0.000019s ]
INFO: [ app_init ] --END-- [ RunTime:0.000510s ]
ERR: 无法加载模块:Up

[ 2016-12-09T17:14:23+08:00 ] ::1 /mintAdmin/up/data/20161115/582aabd3b8446.jpg
INFO: [ app_init ] --START--
INFO: Run Behavior\BuildLiteBehavior [ RunTime:0.000033s ]
INFO: [ app_init ] --END-- [ RunTime:0.000675s ]
ERR: 无法加载模块:Up

[ 2016-12-09T17:14:23+08:00 ] ::1 /mintAdmin/up/data/20161115/582aabe0e613e.jpg
INFO: [ app_init ] --START--
INFO: Run Behavior\BuildLiteBehavior [ RunTime:0.000030s ]
INFO: [ app_init ] --END-- [ RunTime:0.000672s ]
ERR: 无法加载模块:Up

[ 2016-12-09T17:22:04+08:00 ] ::1 /mintAdmin/up/data/20161115/582aabd3b8446.jpg
INFO: [ app_init ] --START--
INFO: Run Behavior\BuildLiteBehavior [ RunTime:0.000033s ]
INFO: [ app_init ] --END-- [ RunTime:0.000658s ]
ERR: 无法加载模块:Up

[ 2016-12-09T17:22:04+08:00 ] ::1 /mintAdmin/up/data/20161115/582aabe0e613e.jpg
INFO: [ app_init ] --START--
INFO: Run Behavior\BuildLiteBehavior [ RunTime:0.000018s ]
INFO: [ app_init ] --END-- [ RunTime:0.000602s ]
ERR: 无法加载模块:Up

