[ 2016-10-23T15:21:00+08:00 ] ::1 /mintAdmin/up/images/20161019/photo_58071846e811c.png
INFO: [ app_init ] --START--
INFO: Run Behavior\BuildLiteBehavior [ RunTime:0.000017s ]
INFO: [ app_init ] --END-- [ RunTime:0.000424s ]
ERR: 无法加载模块:Up

[ 2016-10-23T15:21:06+08:00 ] ::1 /mintAdmin/up/images/20161019/photo_58071846e811c.png
INFO: [ app_init ] --START--
INFO: Run Behavior\BuildLiteBehavior [ RunTime:0.000021s ]
INFO: [ app_init ] --END-- [ RunTime:0.000504s ]
ERR: 无法加载模块:Up

[ 2016-10-23T15:21:36+08:00 ] ::1 /mintAdmin/up/images/20161019/photo_58071846e811c.png
INFO: [ app_init ] --START--
INFO: Run Behavior\BuildLiteBehavior [ RunTime:0.000017s ]
INFO: [ app_init ] --END-- [ RunTime:0.000403s ]
ERR: 无法加载模块:Up

[ 2016-10-23T15:21:46+08:00 ] ::1 /mintAdmin/up/images/20161019/photo_58071846e811c.png
INFO: [ app_init ] --START--
INFO: Run Behavior\BuildLiteBehavior [ RunTime:0.000030s ]
INFO: [ app_init ] --END-- [ RunTime:0.000707s ]
ERR: 无法加载模块:Up

[ 2016-10-23T15:22:39+08:00 ] ::1 /mintAdmin/up/images/20161019/photo_58071846e811c.png
INFO: [ app_init ] --START--
INFO: Run Behavior\BuildLiteBehavior [ RunTime:0.000029s ]
INFO: [ app_init ] --END-- [ RunTime:0.000734s ]
ERR: 无法加载模块:Up

