[ 2016-11-02T11:30:52+08:00 ] ::1 /mintAdmin/up/images/20161031/photo_581743e93dd57.png
INFO: [ app_init ] --START--
INFO: Run Behavior\BuildLiteBehavior [ RunTime:0.000062s ]
INFO: [ app_init ] --END-- [ RunTime:0.000794s ]
ERR: 无法加载模块:Up

[ 2016-11-02T11:31:01+08:00 ] ::1 /mintAdmin/up/images/20161031/photo_581743e93dd57.png
INFO: [ app_init ] --START--
INFO: Run Behavior\BuildLiteBehavior [ RunTime:0.000030s ]
INFO: [ app_init ] --END-- [ RunTime:0.000857s ]
ERR: 无法加载模块:Up

[ 2016-11-02T13:43:01+08:00 ] ::1 /mintAdmin/up/images/20161031/photo_581743e93dd57.png
INFO: [ app_init ] --START--
INFO: Run Behavior\BuildLiteBehavior [ RunTime:0.000060s ]
INFO: [ app_init ] --END-- [ RunTime:0.000797s ]
ERR: 无法加载模块:Up

[ 2016-11-02T13:43:01+08:00 ] ::1 /mintAdmin/up/images/20161031/photo_581743b1322c0.png
INFO: [ app_init ] --START--
INFO: Run Behavior\BuildLiteBehavior [ RunTime:0.000054s ]
INFO: [ app_init ] --END-- [ RunTime:0.001339s ]
ERR: 无法加载模块:Up

[ 2016-11-02T14:05:10+08:00 ] ::1 /mintAdmin/up/images/20161031/photo_581743b1322c0.png
INFO: [ app_init ] --START--
INFO: Run Behavior\BuildLiteBehavior [ RunTime:0.000027s ]
INFO: [ app_init ] --END-- [ RunTime:0.000602s ]
ERR: 无法加载模块:Up

[ 2016-11-02T14:05:10+08:00 ] ::1 /mintAdmin/up/images/20161031/photo_581743e93dd57.png
INFO: [ app_init ] --START--
INFO: Run Behavior\BuildLiteBehavior [ RunTime:0.000029s ]
INFO: [ app_init ] --END-- [ RunTime:0.000666s ]
ERR: 无法加载模块:Up

[ 2016-11-02T14:05:13+08:00 ] ::1 /mintAdmin/up/images/20161031/photo_581743e93dd57.png
INFO: [ app_init ] --START--
INFO: Run Behavior\BuildLiteBehavior [ RunTime:0.000027s ]
INFO: [ app_init ] --END-- [ RunTime:0.000588s ]
ERR: 无法加载模块:Up

[ 2016-11-02T14:05:13+08:00 ] ::1 /mintAdmin/up/images/20161031/photo_581743b1322c0.png
INFO: [ app_init ] --START--
INFO: Run Behavior\BuildLiteBehavior [ RunTime:0.000026s ]
INFO: [ app_init ] --END-- [ RunTime:0.000592s ]
ERR: 无法加载模块:Up

[ 2016-11-02T14:07:44+08:00 ] ::1 /mintAdmin/up/images/20161031/photo_581743b1322c0.png
INFO: [ app_init ] --START--
INFO: Run Behavior\BuildLiteBehavior [ RunTime:0.000027s ]
INFO: [ app_init ] --END-- [ RunTime:0.000610s ]
ERR: 无法加载模块:Up

[ 2016-11-02T14:07:44+08:00 ] ::1 /mintAdmin/up/images/20161031/photo_581743e93dd57.png
INFO: [ app_init ] --START--
INFO: Run Behavior\BuildLiteBehavior [ RunTime:0.000033s ]
INFO: [ app_init ] --END-- [ RunTime:0.000673s ]
ERR: 无法加载模块:Up

[ 2016-11-02T14:09:18+08:00 ] ::1 /mintAdmin/up/images/20161031/photo_581743e93dd57.png
INFO: [ app_init ] --START--
INFO: Run Behavior\BuildLiteBehavior [ RunTime:0.000026s ]
INFO: [ app_init ] --END-- [ RunTime:0.000596s ]
ERR: 无法加载模块:Up

[ 2016-11-02T14:09:18+08:00 ] ::1 /mintAdmin/up/images/20161031/photo_581743b1322c0.png
INFO: [ app_init ] --START--
INFO: Run Behavior\BuildLiteBehavior [ RunTime:0.000032s ]
INFO: [ app_init ] --END-- [ RunTime:0.000615s ]
ERR: 无法加载模块:Up

[ 2016-11-02T14:14:21+08:00 ] ::1 /mintAdmin/up/images/20161031/photo_581743e93dd57.png
INFO: [ app_init ] --START--
INFO: Run Behavior\BuildLiteBehavior [ RunTime:0.000029s ]
INFO: [ app_init ] --END-- [ RunTime:0.000642s ]
ERR: 无法加载模块:Up

[ 2016-11-02T14:14:21+08:00 ] ::1 /mintAdmin/up/images/20161031/photo_581743b1322c0.png
INFO: [ app_init ] --START--
INFO: Run Behavior\BuildLiteBehavior [ RunTime:0.000021s ]
INFO: [ app_init ] --END-- [ RunTime:0.000616s ]
ERR: 无法加载模块:Up

[ 2016-11-02T14:14:26+08:00 ] ::1 /mintAdmin/up/images/20161031/photo_581743e93dd57.png
INFO: [ app_init ] --START--
INFO: Run Behavior\BuildLiteBehavior [ RunTime:0.000027s ]
INFO: [ app_init ] --END-- [ RunTime:0.000647s ]
ERR: 无法加载模块:Up

[ 2016-11-02T14:14:26+08:00 ] ::1 /mintAdmin/up/images/20161031/photo_581743b1322c0.png
INFO: [ app_init ] --START--
INFO: Run Behavior\BuildLiteBehavior [ RunTime:0.000028s ]
INFO: [ app_init ] --END-- [ RunTime:0.000608s ]
ERR: 无法加载模块:Up

[ 2016-11-02T14:19:06+08:00 ] ::1 /mintAdmin/up/images/20161031/photo_581743e93dd57.png
INFO: [ app_init ] --START--
INFO: Run Behavior\BuildLiteBehavior [ RunTime:0.000028s ]
INFO: [ app_init ] --END-- [ RunTime:0.000619s ]
ERR: 无法加载模块:Up

[ 2016-11-02T14:19:06+08:00 ] ::1 /mintAdmin/up/images/20161031/photo_581743b1322c0.png
INFO: [ app_init ] --START--
INFO: Run Behavior\BuildLiteBehavior [ RunTime:0.000028s ]
INFO: [ app_init ] --END-- [ RunTime:0.000616s ]
ERR: 无法加载模块:Up

[ 2016-11-02T14:19:12+08:00 ] ::1 /mintAdmin/up/images/20161031/photo_581743b1322c0.png
INFO: [ app_init ] --START--
INFO: Run Behavior\BuildLiteBehavior [ RunTime:0.000023s ]
INFO: [ app_init ] --END-- [ RunTime:0.000417s ]
ERR: 无法加载模块:Up

[ 2016-11-02T14:19:12+08:00 ] ::1 /mintAdmin/up/images/20161031/photo_581743e93dd57.png
INFO: [ app_init ] --START--
INFO: Run Behavior\BuildLiteBehavior [ RunTime:0.000031s ]
INFO: [ app_init ] --END-- [ RunTime:0.000720s ]
ERR: 无法加载模块:Up

[ 2016-11-02T14:21:00+08:00 ] ::1 /mintAdmin/up/images/20161031/photo_581743e93dd57.png
INFO: [ app_init ] --START--
INFO: Run Behavior\BuildLiteBehavior [ RunTime:0.000028s ]
INFO: [ app_init ] --END-- [ RunTime:0.000635s ]
ERR: 无法加载模块:Up

[ 2016-11-02T14:21:00+08:00 ] ::1 /mintAdmin/up/images/20161031/photo_581743b1322c0.png
INFO: [ app_init ] --START--
INFO: Run Behavior\BuildLiteBehavior [ RunTime:0.000033s ]
INFO: [ app_init ] --END-- [ RunTime:0.000792s ]
ERR: 无法加载模块:Up

[ 2016-11-02T14:21:07+08:00 ] ::1 /mintAdmin/up/images/20161031/photo_581743b1322c0.png
INFO: [ app_init ] --START--
INFO: Run Behavior\BuildLiteBehavior [ RunTime:0.000030s ]
INFO: [ app_init ] --END-- [ RunTime:0.000995s ]
ERR: 无法加载模块:Up

[ 2016-11-02T14:21:07+08:00 ] ::1 /mintAdmin/up/images/20161031/photo_581743e93dd57.png
INFO: [ app_init ] --START--
INFO: Run Behavior\BuildLiteBehavior [ RunTime:0.000143s ]
INFO: [ app_init ] --END-- [ RunTime:0.000933s ]
ERR: 无法加载模块:Up

[ 2016-11-02T14:28:53+08:00 ] ::1 /mintAdmin/up/images/20161031/photo_581743e93dd57.png
INFO: [ app_init ] --START--
INFO: Run Behavior\BuildLiteBehavior [ RunTime:0.000060s ]
INFO: [ app_init ] --END-- [ RunTime:0.000816s ]
ERR: 无法加载模块:Up

[ 2016-11-02T14:28:53+08:00 ] ::1 /mintAdmin/up/images/20161031/photo_581743b1322c0.png
INFO: [ app_init ] --START--
INFO: Run Behavior\BuildLiteBehavior [ RunTime:0.000026s ]
INFO: [ app_init ] --END-- [ RunTime:0.000643s ]
ERR: 无法加载模块:Up

[ 2016-11-02T14:28:57+08:00 ] ::1 /mintAdmin/up/images/20161031/photo_581743e93dd57.png
INFO: [ app_init ] --START--
INFO: Run Behavior\BuildLiteBehavior [ RunTime:0.000025s ]
INFO: [ app_init ] --END-- [ RunTime:0.000577s ]
ERR: 无法加载模块:Up

[ 2016-11-02T14:28:57+08:00 ] ::1 /mintAdmin/up/images/20161031/photo_581743b1322c0.png
INFO: [ app_init ] --START--
INFO: Run Behavior\BuildLiteBehavior [ RunTime:0.000026s ]
INFO: [ app_init ] --END-- [ RunTime:0.000594s ]
ERR: 无法加载模块:Up

[ 2016-11-02T14:43:31+08:00 ] ::1 /mintAdmin/up/images/20161031/photo_581743e93dd57.png
INFO: [ app_init ] --START--
INFO: Run Behavior\BuildLiteBehavior [ RunTime:0.000033s ]
INFO: [ app_init ] --END-- [ RunTime:0.000740s ]
ERR: 无法加载模块:Up

[ 2016-11-02T14:43:31+08:00 ] ::1 /mintAdmin/up/images/20161031/photo_581743b1322c0.png
INFO: [ app_init ] --START--
INFO: Run Behavior\BuildLiteBehavior [ RunTime:0.000037s ]
INFO: [ app_init ] --END-- [ RunTime:0.000691s ]
ERR: 无法加载模块:Up

[ 2016-11-02T14:44:10+08:00 ] ::1 /mintAdmin/up/images/20161031/photo_581743e93dd57.png
INFO: [ app_init ] --START--
INFO: Run Behavior\BuildLiteBehavior [ RunTime:0.000027s ]
INFO: [ app_init ] --END-- [ RunTime:0.000642s ]
ERR: 无法加载模块:Up

[ 2016-11-02T14:44:10+08:00 ] ::1 /mintAdmin/up/images/20161031/photo_581743b1322c0.png
INFO: [ app_init ] --START--
INFO: Run Behavior\BuildLiteBehavior [ RunTime:0.000030s ]
INFO: [ app_init ] --END-- [ RunTime:0.000633s ]
ERR: 无法加载模块:Up

[ 2016-11-02T16:41:45+08:00 ] ::1 /mintAdmin/up/images/20161102/photo_5819a59472f62.png
INFO: [ app_init ] --START--
INFO: Run Behavior\BuildLiteBehavior [ RunTime:0.000028s ]
INFO: [ app_init ] --END-- [ RunTime:0.000685s ]
ERR: 无法加载模块:Up

[ 2016-11-02T16:42:54+08:00 ] ::1 /mintAdmin/up/images/20161102/photo_5819a59472f62.png
INFO: [ app_init ] --START--
INFO: Run Behavior\BuildLiteBehavior [ RunTime:0.000037s ]
INFO: [ app_init ] --END-- [ RunTime:0.000707s ]
ERR: 无法加载模块:Up

[ 2016-11-02T16:42:59+08:00 ] ::1 /mintAdmin/up/images/20161102/photo_5819a59472f62.png
INFO: [ app_init ] --START--
INFO: Run Behavior\BuildLiteBehavior [ RunTime:0.000031s ]
INFO: [ app_init ] --END-- [ RunTime:0.000697s ]
ERR: 无法加载模块:Up

[ 2016-11-02T16:47:30+08:00 ] ::1 /mintAdmin/up/images/20161102/photo_5819a59472f62.png
INFO: [ app_init ] --START--
INFO: Run Behavior\BuildLiteBehavior [ RunTime:0.000029s ]
INFO: [ app_init ] --END-- [ RunTime:0.000789s ]
ERR: 无法加载模块:Up

[ 2016-11-02T16:58:35+08:00 ] ::1 /mintAdmin/up/images/20161102/photo_5819a59472f62.png
INFO: [ app_init ] --START--
INFO: Run Behavior\BuildLiteBehavior [ RunTime:0.000036s ]
INFO: [ app_init ] --END-- [ RunTime:0.001139s ]
ERR: 无法加载模块:Up

[ 2016-11-02T16:59:58+08:00 ] ::1 /mintAdmin/up/images/20161102/photo_5819a59472f62.png
INFO: [ app_init ] --START--
INFO: Run Behavior\BuildLiteBehavior [ RunTime:0.000027s ]
INFO: [ app_init ] --END-- [ RunTime:0.000611s ]
ERR: 无法加载模块:Up

[ 2016-11-02T17:00:02+08:00 ] ::1 /mintAdmin/up/images/20161102/photo_5819a59472f62.png
INFO: [ app_init ] --START--
INFO: Run Behavior\BuildLiteBehavior [ RunTime:0.000033s ]
INFO: [ app_init ] --END-- [ RunTime:0.000908s ]
ERR: 无法加载模块:Up

[ 2016-11-02T17:04:51+08:00 ] ::1 /mintAdmin/up/images/20161102/photo_5819a59472f62.png
INFO: [ app_init ] --START--
INFO: Run Behavior\BuildLiteBehavior [ RunTime:0.000030s ]
INFO: [ app_init ] --END-- [ RunTime:0.000682s ]
ERR: 无法加载模块:Up

[ 2016-11-02T17:05:00+08:00 ] ::1 /mintAdmin/up/images/20161102/photo_5819a59472f62.png
INFO: [ app_init ] --START--
INFO: Run Behavior\BuildLiteBehavior [ RunTime:0.000036s ]
INFO: [ app_init ] --END-- [ RunTime:0.000684s ]
ERR: 无法加载模块:Up

[ 2016-11-02T17:05:58+08:00 ] ::1 /mintAdmin/up/images/20161102/photo_5819a59472f62.png
INFO: [ app_init ] --START--
INFO: Run Behavior\BuildLiteBehavior [ RunTime:0.000018s ]
INFO: [ app_init ] --END-- [ RunTime:0.000392s ]
ERR: 无法加载模块:Up

[ 2016-11-02T17:06:34+08:00 ] ::1 /mintAdmin/up/images/20161102/photo_5819a59472f62.png
INFO: [ app_init ] --START--
INFO: Run Behavior\BuildLiteBehavior [ RunTime:0.000019s ]
INFO: [ app_init ] --END-- [ RunTime:0.000425s ]
ERR: 无法加载模块:Up

[ 2016-11-02T17:31:17+08:00 ] ::1 /mintAdmin/up/images/20161102/photo_5819a59472f62.png
INFO: [ app_init ] --START--
INFO: Run Behavior\BuildLiteBehavior [ RunTime:0.000014s ]
INFO: [ app_init ] --END-- [ RunTime:0.000343s ]
ERR: 无法加载模块:Up

[ 2016-11-02T17:45:24+08:00 ] ::1 /mintAdmin/up/images/20161102/photo_5819a59472f62.png
INFO: [ app_init ] --START--
INFO: Run Behavior\BuildLiteBehavior [ RunTime:0.000035s ]
INFO: [ app_init ] --END-- [ RunTime:0.000770s ]
ERR: 无法加载模块:Up

[ 2016-11-02T18:11:27+08:00 ] ::1 /mintAdmin/up/images/20161102/photo_5819a59472f62.png
INFO: [ app_init ] --START--
INFO: Run Behavior\BuildLiteBehavior [ RunTime:0.000023s ]
INFO: [ app_init ] --END-- [ RunTime:0.000718s ]
ERR: 无法加载模块:Up

[ 2016-11-02T18:20:09+08:00 ] ::1 /mintAdmin/up/images/20161102/photo_5819a59472f62.png
INFO: [ app_init ] --START--
INFO: Run Behavior\BuildLiteBehavior [ RunTime:0.000029s ]
INFO: [ app_init ] --END-- [ RunTime:0.000728s ]
ERR: 无法加载模块:Up

[ 2016-11-02T18:22:37+08:00 ] ::1 /mintAdmin/up/images/20161102/photo_5819a59472f62.png
INFO: [ app_init ] --START--
INFO: Run Behavior\BuildLiteBehavior [ RunTime:0.000028s ]
INFO: [ app_init ] --END-- [ RunTime:0.000611s ]
ERR: 无法加载模块:Up

[ 2016-11-02T18:25:15+08:00 ] ::1 /mintAdmin/up/images/20161102/photo_5819a59472f62.png
INFO: [ app_init ] --START--
INFO: Run Behavior\BuildLiteBehavior [ RunTime:0.000020s ]
INFO: [ app_init ] --END-- [ RunTime:0.000592s ]
ERR: 无法加载模块:Up

[ 2016-11-02T18:25:49+08:00 ] ::1 /mintAdmin/up/images/20161102/photo_5819a59472f62.png
INFO: [ app_init ] --START--
INFO: Run Behavior\BuildLiteBehavior [ RunTime:0.000016s ]
INFO: [ app_init ] --END-- [ RunTime:0.000367s ]
ERR: 无法加载模块:Up

[ 2016-11-02T18:35:34+08:00 ] ::1 /mintAdmin/up/images/20161102/photo_5819a59472f62.png
INFO: [ app_init ] --START--
INFO: Run Behavior\BuildLiteBehavior [ RunTime:0.000015s ]
INFO: [ app_init ] --END-- [ RunTime:0.000347s ]
ERR: 无法加载模块:Up

[ 2016-11-02T18:51:56+08:00 ] ::1 /mintAdmin/up/images/20161102/photo_5819a59472f62.png
INFO: [ app_init ] --START--
INFO: Run Behavior\BuildLiteBehavior [ RunTime:0.000016s ]
INFO: [ app_init ] --END-- [ RunTime:0.000350s ]
ERR: 无法加载模块:Up

[ 2016-11-02T18:54:58+08:00 ] ::1 /mintAdmin/up/images/20161102/photo_5819a59472f62.png
INFO: [ app_init ] --START--
INFO: Run Behavior\BuildLiteBehavior [ RunTime:0.000020s ]
INFO: [ app_init ] --END-- [ RunTime:0.000479s ]
ERR: 无法加载模块:Up

[ 2016-11-02T20:31:59+08:00 ] ::1 /mintAdmin/up/images/20161102/photo_5819a59472f62.png
INFO: [ app_init ] --START--
INFO: Run Behavior\BuildLiteBehavior [ RunTime:0.000015s ]
INFO: [ app_init ] --END-- [ RunTime:0.000343s ]
ERR: 无法加载模块:Up

[ 2016-11-02T20:32:09+08:00 ] ::1 /mintAdmin/up/images/20161102/photo_5819a59472f62.png
INFO: [ app_init ] --START--
INFO: Run Behavior\BuildLiteBehavior [ RunTime:0.000029s ]
INFO: [ app_init ] --END-- [ RunTime:0.000722s ]
ERR: 无法加载模块:Up

[ 2016-11-02T20:38:40+08:00 ] ::1 /mintAdmin/up/images/20161102/photo_5819a59472f62.png
INFO: [ app_init ] --START--
INFO: Run Behavior\BuildLiteBehavior [ RunTime:0.000016s ]
INFO: [ app_init ] --END-- [ RunTime:0.000373s ]
ERR: 无法加载模块:Up

