[ 2016-11-08T10:33:28+08:00 ] ::1 /mintAdmin/up/images/20161107/photo_58203b3535252.png
INFO: [ app_init ] --START--
INFO: Run Behavior\BuildLiteBehavior [ RunTime:0.000021s ]
INFO: [ app_init ] --END-- [ RunTime:0.000554s ]
ERR: 无法加载模块:Up

[ 2016-11-08T10:33:31+08:00 ] ::1 /mintAdmin/up/images/20161107/photo_58203b3535252.png
INFO: [ app_init ] --START--
INFO: Run Behavior\BuildLiteBehavior [ RunTime:0.000030s ]
INFO: [ app_init ] --END-- [ RunTime:0.000437s ]
ERR: 无法加载模块:Up

[ 2016-11-08T11:46:21+08:00 ] ::1 /mintAdmin/up/images/20161108/photo_582139c074fe3.png
INFO: [ app_init ] --START--
INFO: Run Behavior\BuildLiteBehavior [ RunTime:0.000026s ]
INFO: [ app_init ] --END-- [ RunTime:0.000762s ]
ERR: 无法加载模块:Up

[ 2016-11-08T11:46:45+08:00 ] ::1 /mintAdmin/up/images/20161108/photo_582139c074fe3.png
INFO: [ app_init ] --START--
INFO: Run Behavior\BuildLiteBehavior [ RunTime:0.000016s ]
INFO: [ app_init ] --END-- [ RunTime:0.000353s ]
ERR: 无法加载模块:Up

[ 2016-11-08T11:47:30+08:00 ] ::1 /mintAdmin/up/images/20161108/photo_582139c074fe3.png
INFO: [ app_init ] --START--
INFO: Run Behavior\BuildLiteBehavior [ RunTime:0.000028s ]
INFO: [ app_init ] --END-- [ RunTime:0.000667s ]
ERR: 无法加载模块:Up

[ 2016-11-08T11:47:47+08:00 ] ::1 /mintAdmin/up/images/20161108/photo_582139c074fe3.png
INFO: [ app_init ] --START--
INFO: Run Behavior\BuildLiteBehavior [ RunTime:0.000032s ]
INFO: [ app_init ] --END-- [ RunTime:0.001020s ]
ERR: 无法加载模块:Up

[ 2016-11-08T11:48:24+08:00 ] ::1 /mintAdmin/up/images/20161108/photo_582139c074fe3.png
INFO: [ app_init ] --START--
INFO: Run Behavior\BuildLiteBehavior [ RunTime:0.000034s ]
INFO: [ app_init ] --END-- [ RunTime:0.000703s ]
ERR: 无法加载模块:Up

[ 2016-11-08T11:48:47+08:00 ] ::1 /mintAdmin/up/images/20161108/photo_582139c074fe3.png
INFO: [ app_init ] --START--
INFO: Run Behavior\BuildLiteBehavior [ RunTime:0.000016s ]
INFO: [ app_init ] --END-- [ RunTime:0.000407s ]
ERR: 无法加载模块:Up

[ 2016-11-08T11:52:19+08:00 ] ::1 /mintAdmin/up/images/20161108/photo_582139c074fe3.png
INFO: [ app_init ] --START--
INFO: Run Behavior\BuildLiteBehavior [ RunTime:0.000015s ]
INFO: [ app_init ] --END-- [ RunTime:0.000349s ]
ERR: 无法加载模块:Up

[ 2016-11-08T11:53:54+08:00 ] ::1 /mintAdmin/up/images/20161108/photo_582139c074fe3.png
INFO: [ app_init ] --START--
INFO: Run Behavior\BuildLiteBehavior [ RunTime:0.000028s ]
INFO: [ app_init ] --END-- [ RunTime:0.000814s ]
ERR: 无法加载模块:Up

[ 2016-11-08T11:54:28+08:00 ] ::1 /mintAdmin/up/images/20161108/photo_582139c074fe3.png
INFO: [ app_init ] --START--
INFO: Run Behavior\BuildLiteBehavior [ RunTime:0.000029s ]
INFO: [ app_init ] --END-- [ RunTime:0.000648s ]
ERR: 无法加载模块:Up

[ 2016-11-08T11:55:07+08:00 ] ::1 /mintAdmin/up/images/20161108/photo_582139c074fe3.png
INFO: [ app_init ] --START--
INFO: Run Behavior\BuildLiteBehavior [ RunTime:0.000015s ]
INFO: [ app_init ] --END-- [ RunTime:0.000389s ]
ERR: 无法加载模块:Up

[ 2016-11-08T11:59:24+08:00 ] ::1 /mintAdmin/up/images/20161108/photo_582139c074fe3.png
INFO: [ app_init ] --START--
INFO: Run Behavior\BuildLiteBehavior [ RunTime:0.000014s ]
INFO: [ app_init ] --END-- [ RunTime:0.000348s ]
ERR: 无法加载模块:Up

[ 2016-11-08T12:01:09+08:00 ] ::1 /mintAdmin/up/images/20161108/photo_582139c074fe3.png
INFO: [ app_init ] --START--
INFO: Run Behavior\BuildLiteBehavior [ RunTime:0.000017s ]
INFO: [ app_init ] --END-- [ RunTime:0.000454s ]
ERR: 无法加载模块:Up

[ 2016-11-08T12:01:23+08:00 ] ::1 /mintAdmin/up/images/20161108/photo_582139c074fe3.png
INFO: [ app_init ] --START--
INFO: Run Behavior\BuildLiteBehavior [ RunTime:0.000031s ]
INFO: [ app_init ] --END-- [ RunTime:0.000794s ]
ERR: 无法加载模块:Up

[ 2016-11-08T12:01:29+08:00 ] ::1 /mintAdmin/up/images/20161108/photo_582139c074fe3.png
INFO: [ app_init ] --START--
INFO: Run Behavior\BuildLiteBehavior [ RunTime:0.000036s ]
INFO: [ app_init ] --END-- [ RunTime:0.000865s ]
ERR: 无法加载模块:Up

[ 2016-11-08T12:01:44+08:00 ] ::1 /mintAdmin/up/images/20161108/photo_582139c074fe3.png
INFO: [ app_init ] --START--
INFO: Run Behavior\BuildLiteBehavior [ RunTime:0.000041s ]
INFO: [ app_init ] --END-- [ RunTime:0.000813s ]
ERR: 无法加载模块:Up

[ 2016-11-08T12:02:57+08:00 ] ::1 /mintAdmin/up/images/20161108/photo_582139c074fe3.png
INFO: [ app_init ] --START--
INFO: Run Behavior\BuildLiteBehavior [ RunTime:0.000020s ]
INFO: [ app_init ] --END-- [ RunTime:0.000608s ]
ERR: 无法加载模块:Up

[ 2016-11-08T12:03:08+08:00 ] ::1 /mintAdmin/up/images/20161108/photo_582139c074fe3.png
INFO: [ app_init ] --START--
INFO: Run Behavior\BuildLiteBehavior [ RunTime:0.000028s ]
INFO: [ app_init ] --END-- [ RunTime:0.000653s ]
ERR: 无法加载模块:Up

[ 2016-11-08T12:03:21+08:00 ] ::1 /mintAdmin/up/images/20161108/photo_582139c074fe3.png
INFO: [ app_init ] --START--
INFO: Run Behavior\BuildLiteBehavior [ RunTime:0.000020s ]
INFO: [ app_init ] --END-- [ RunTime:0.000560s ]
ERR: 无法加载模块:Up

[ 2016-11-08T12:03:28+08:00 ] ::1 /mintAdmin/up/images/20161108/photo_582139c074fe3.png
INFO: [ app_init ] --START--
INFO: Run Behavior\BuildLiteBehavior [ RunTime:0.000059s ]
INFO: [ app_init ] --END-- [ RunTime:0.000575s ]
ERR: 无法加载模块:Up

[ 2016-11-08T12:03:35+08:00 ] ::1 /mintAdmin/up/images/20161108/photo_582139c074fe3.png
INFO: [ app_init ] --START--
INFO: Run Behavior\BuildLiteBehavior [ RunTime:0.000029s ]
INFO: [ app_init ] --END-- [ RunTime:0.001031s ]
ERR: 无法加载模块:Up

[ 2016-11-08T12:03:41+08:00 ] ::1 /mintAdmin/up/images/20161108/photo_582139c074fe3.png
INFO: [ app_init ] --START--
INFO: Run Behavior\BuildLiteBehavior [ RunTime:0.000027s ]
INFO: [ app_init ] --END-- [ RunTime:0.000384s ]
ERR: 无法加载模块:Up

[ 2016-11-08T12:03:51+08:00 ] ::1 /mintAdmin/up/images/20161108/photo_582139c074fe3.png
INFO: [ app_init ] --START--
INFO: Run Behavior\BuildLiteBehavior [ RunTime:0.000026s ]
INFO: [ app_init ] --END-- [ RunTime:0.000735s ]
ERR: 无法加载模块:Up

[ 2016-11-08T14:31:26+08:00 ] ::1 /mintAdmin/up/images/20161108/photo_582139c074fe3.png
INFO: [ app_init ] --START--
INFO: Run Behavior\BuildLiteBehavior [ RunTime:0.000029s ]
INFO: [ app_init ] --END-- [ RunTime:0.000703s ]
ERR: 无法加载模块:Up

[ 2016-11-08T14:32:28+08:00 ] ::1 /mintAdmin/up/images/20161108/photo_582139c074fe3.png
INFO: [ app_init ] --START--
INFO: Run Behavior\BuildLiteBehavior [ RunTime:0.000027s ]
INFO: [ app_init ] --END-- [ RunTime:0.000381s ]
ERR: 无法加载模块:Up

[ 2016-11-08T14:33:28+08:00 ] ::1 /mintAdmin/up/images/20161108/photo_582139c074fe3.png
INFO: [ app_init ] --START--
INFO: Run Behavior\BuildLiteBehavior [ RunTime:0.000027s ]
INFO: [ app_init ] --END-- [ RunTime:0.000598s ]
ERR: 无法加载模块:Up

[ 2016-11-08T14:33:28+08:00 ] ::1 /mintAdmin/up/images/20161108/photo_5821718302d1b.png
INFO: [ app_init ] --START--
INFO: Run Behavior\BuildLiteBehavior [ RunTime:0.000025s ]
INFO: [ app_init ] --END-- [ RunTime:0.000595s ]
ERR: 无法加载模块:Up

[ 2016-11-08T14:47:19+08:00 ] ::1 /mintAdmin/up/images/20161108/photo_5821718302d1b.png
INFO: [ app_init ] --START--
INFO: Run Behavior\BuildLiteBehavior [ RunTime:0.000027s ]
INFO: [ app_init ] --END-- [ RunTime:0.000667s ]
ERR: 无法加载模块:Up

[ 2016-11-08T14:58:25+08:00 ] ::1 /mintAdmin/up/images/20161108/photo_5821718302d1b.png
INFO: [ app_init ] --START--
INFO: Run Behavior\BuildLiteBehavior [ RunTime:0.000027s ]
INFO: [ app_init ] --END-- [ RunTime:0.000626s ]
ERR: 无法加载模块:Up

[ 2016-11-08T14:58:25+08:00 ] ::1 /mintAdmin/up/images/20161108/photo_582175fe09168.png
INFO: [ app_init ] --START--
INFO: Run Behavior\BuildLiteBehavior [ RunTime:0.000026s ]
INFO: [ app_init ] --END-- [ RunTime:0.000621s ]
ERR: 无法加载模块:Up

[ 2016-11-08T14:58:38+08:00 ] ::1 /mintAdmin/up/images/20161108/photo_5821718302d1b.png
INFO: [ app_init ] --START--
INFO: Run Behavior\BuildLiteBehavior [ RunTime:0.000025s ]
INFO: [ app_init ] --END-- [ RunTime:0.000597s ]
ERR: 无法加载模块:Up

[ 2016-11-08T14:58:38+08:00 ] ::1 /mintAdmin/up/images/20161108/photo_582175fe09168.png
INFO: [ app_init ] --START--
INFO: Run Behavior\BuildLiteBehavior [ RunTime:0.000028s ]
INFO: [ app_init ] --END-- [ RunTime:0.000656s ]
ERR: 无法加载模块:Up

[ 2016-11-08T17:20:53+08:00 ] ::1 /mintAdmin/up/images/20161108/photo_582175fe09168.png
INFO: [ app_init ] --START--
INFO: Run Behavior\BuildLiteBehavior [ RunTime:0.000017s ]
INFO: [ app_init ] --END-- [ RunTime:0.000438s ]
ERR: 无法加载模块:Up

[ 2016-11-08T17:25:18+08:00 ] ::1 /mintAdmin/up/images/20161108/photo_582175fe09168.png
INFO: [ app_init ] --START--
INFO: Run Behavior\BuildLiteBehavior [ RunTime:0.000017s ]
INFO: [ app_init ] --END-- [ RunTime:0.000405s ]
ERR: 无法加载模块:Up

[ 2016-11-08T17:27:42+08:00 ] ::1 /mintAdmin/up/images/20161108/photo_582175fe09168.png
INFO: [ app_init ] --START--
INFO: Run Behavior\BuildLiteBehavior [ RunTime:0.000030s ]
INFO: [ app_init ] --END-- [ RunTime:0.000648s ]
ERR: 无法加载模块:Up

[ 2016-11-08T17:46:47+08:00 ] ::1 /mintAdmin/up/images/20161108/photo_582175fe09168.png
INFO: [ app_init ] --START--
INFO: Run Behavior\BuildLiteBehavior [ RunTime:0.000052s ]
INFO: [ app_init ] --END-- [ RunTime:0.000698s ]
ERR: 无法加载模块:Up

[ 2016-11-08T17:52:01+08:00 ] ::1 /mintAdmin/up/images/20161108/photo_582175fe09168.png
INFO: [ app_init ] --START--
INFO: Run Behavior\BuildLiteBehavior [ RunTime:0.000015s ]
INFO: [ app_init ] --END-- [ RunTime:0.000368s ]
ERR: 无法加载模块:Up

[ 2016-11-08T17:52:09+08:00 ] ::1 /mintAdmin/up/images/20161108/photo_582175fe09168.png
INFO: [ app_init ] --START--
INFO: Run Behavior\BuildLiteBehavior [ RunTime:0.000028s ]
INFO: [ app_init ] --END-- [ RunTime:0.000716s ]
ERR: 无法加载模块:Up

[ 2016-11-08T17:52:54+08:00 ] ::1 /mintAdmin/up/images/20161108/photo_582175fe09168.png
INFO: [ app_init ] --START--
INFO: Run Behavior\BuildLiteBehavior [ RunTime:0.000017s ]
INFO: [ app_init ] --END-- [ RunTime:0.000422s ]
ERR: 无法加载模块:Up

[ 2016-11-08T17:58:17+08:00 ] ::1 /mintAdmin/up/images/20161108/photo_582175fe09168.png
INFO: [ app_init ] --START--
INFO: Run Behavior\BuildLiteBehavior [ RunTime:0.000027s ]
INFO: [ app_init ] --END-- [ RunTime:0.000653s ]
ERR: 无法加载模块:Up

[ 2016-11-08T17:58:17+08:00 ] ::1 /mintAdmin/up/images/20161108/photo_5821a083bfd63.png
INFO: [ app_init ] --START--
INFO: Run Behavior\BuildLiteBehavior [ RunTime:0.000028s ]
INFO: [ app_init ] --END-- [ RunTime:0.000581s ]
ERR: 无法加载模块:Up

[ 2016-11-08T17:58:20+08:00 ] ::1 /mintAdmin/up/images/20161108/photo_5821a083bfd63.png
INFO: [ app_init ] --START--
INFO: Run Behavior\BuildLiteBehavior [ RunTime:0.000015s ]
INFO: [ app_init ] --END-- [ RunTime:0.000342s ]
ERR: 无法加载模块:Up

[ 2016-11-08T17:58:22+08:00 ] ::1 /mintAdmin/up/images/20161108/photo_5821a083bfd63.png
INFO: [ app_init ] --START--
INFO: Run Behavior\BuildLiteBehavior [ RunTime:0.000029s ]
INFO: [ app_init ] --END-- [ RunTime:0.000550s ]
ERR: 无法加载模块:Up

[ 2016-11-08T17:58:23+08:00 ] ::1 /mintAdmin/up/images/20161108/photo_5821a083bfd63.png
INFO: [ app_init ] --START--
INFO: Run Behavior\BuildLiteBehavior [ RunTime:0.000021s ]
INFO: [ app_init ] --END-- [ RunTime:0.000690s ]
ERR: 无法加载模块:Up

[ 2016-11-08T17:58:38+08:00 ] ::1 /mintAdmin/up/images/20161108/photo_5821a083bfd63.png
INFO: [ app_init ] --START--
INFO: Run Behavior\BuildLiteBehavior [ RunTime:0.000025s ]
INFO: [ app_init ] --END-- [ RunTime:0.000621s ]
ERR: 无法加载模块:Up

[ 2016-11-08T17:58:40+08:00 ] ::1 /mintAdmin/up/images/20161108/photo_5821a083bfd63.png
INFO: [ app_init ] --START--
INFO: Run Behavior\BuildLiteBehavior [ RunTime:0.000030s ]
INFO: [ app_init ] --END-- [ RunTime:0.000726s ]
ERR: 无法加载模块:Up

[ 2016-11-08T17:59:01+08:00 ] ::1 /mintAdmin/up/images/20161108/photo_5821a083bfd63.png
INFO: [ app_init ] --START--
INFO: Run Behavior\BuildLiteBehavior [ RunTime:0.000026s ]
INFO: [ app_init ] --END-- [ RunTime:0.000601s ]
ERR: 无法加载模块:Up

[ 2016-11-08T17:59:05+08:00 ] ::1 /mintAdmin/up/images/20161108/photo_5821a083bfd63.png
INFO: [ app_init ] --START--
INFO: Run Behavior\BuildLiteBehavior [ RunTime:0.000018s ]
INFO: [ app_init ] --END-- [ RunTime:0.000410s ]
ERR: 无法加载模块:Up

[ 2016-11-08T17:59:07+08:00 ] ::1 /mintAdmin/up/images/20161108/photo_5821a083bfd63.png
INFO: [ app_init ] --START--
INFO: Run Behavior\BuildLiteBehavior [ RunTime:0.000053s ]
INFO: [ app_init ] --END-- [ RunTime:0.000815s ]
ERR: 无法加载模块:Up

[ 2016-11-08T17:59:08+08:00 ] ::1 /mintAdmin/up/images/20161108/photo_5821a083bfd63.png
INFO: [ app_init ] --START--
INFO: Run Behavior\BuildLiteBehavior [ RunTime:0.000018s ]
INFO: [ app_init ] --END-- [ RunTime:0.000529s ]
ERR: 无法加载模块:Up

[ 2016-11-08T18:04:16+08:00 ] ::1 /mintAdmin/up/images/20161108/photo_5821a083bfd63.png
INFO: [ app_init ] --START--
INFO: Run Behavior\BuildLiteBehavior [ RunTime:0.000020s ]
INFO: [ app_init ] --END-- [ RunTime:0.000445s ]
ERR: 无法加载模块:Up

[ 2016-11-08T18:04:22+08:00 ] ::1 /mintAdmin/up/images/20161108/photo_5821a083bfd63.png
INFO: [ app_init ] --START--
INFO: Run Behavior\BuildLiteBehavior [ RunTime:0.000019s ]
INFO: [ app_init ] --END-- [ RunTime:0.000509s ]
ERR: 无法加载模块:Up

[ 2016-11-08T18:04:40+08:00 ] ::1 /mintAdmin/up/images/20161108/photo_5821a083bfd63.png
INFO: [ app_init ] --START--
INFO: Run Behavior\BuildLiteBehavior [ RunTime:0.000018s ]
INFO: [ app_init ] --END-- [ RunTime:0.000407s ]
ERR: 无法加载模块:Up

[ 2016-11-08T18:06:18+08:00 ] ::1 /mintAdmin/up/images/20161108/photo_5821a083bfd63.png
INFO: [ app_init ] --START--
INFO: Run Behavior\BuildLiteBehavior [ RunTime:0.000028s ]
INFO: [ app_init ] --END-- [ RunTime:0.000903s ]
ERR: 无法加载模块:Up

[ 2016-11-08T18:06:18+08:00 ] ::1 /mintAdmin/up/images/20161108/photo_5821a393ab59b.png
INFO: [ app_init ] --START--
INFO: Run Behavior\BuildLiteBehavior [ RunTime:0.000031s ]
INFO: [ app_init ] --END-- [ RunTime:0.000801s ]
ERR: 无法加载模块:Up

[ 2016-11-08T18:06:31+08:00 ] ::1 /mintAdmin/up/images/20161108/photo_5821a393ab59b.png
INFO: [ app_init ] --START--
INFO: Run Behavior\BuildLiteBehavior [ RunTime:0.000030s ]
INFO: [ app_init ] --END-- [ RunTime:0.000756s ]
ERR: 无法加载模块:Up

[ 2016-11-08T18:06:31+08:00 ] ::1 /mintAdmin/up/images/20161108/photo_5821a083bfd63.png
INFO: [ app_init ] --START--
INFO: Run Behavior\BuildLiteBehavior [ RunTime:0.000026s ]
INFO: [ app_init ] --END-- [ RunTime:0.001046s ]
ERR: 无法加载模块:Up

