[ 2016-12-08T14:26:29+08:00 ] ::1 /mintAdmin/up/images/20161101/photo_58184fa59287d.png
INFO: [ app_init ] --START--
INFO: Run Behavior\BuildLiteBehavior [ RunTime:0.000030s ]
INFO: [ app_init ] --END-- [ RunTime:0.000582s ]
ERR: 无法加载模块:Up

[ 2016-12-08T14:26:29+08:00 ] ::1 /mintAdmin/up/images/20161104/photo_581ca5d5cdaa7.jpeg
INFO: [ app_init ] --START--
INFO: Run Behavior\BuildLiteBehavior [ RunTime:0.000024s ]
INFO: [ app_init ] --END-- [ RunTime:0.000786s ]
ERR: 无法加载模块:Up

[ 2016-12-08T14:26:29+08:00 ] ::1 /mintAdmin/up/images/20160708/photo_577f4902a2ac2.png
INFO: [ app_init ] --START--
INFO: Run Behavior\BuildLiteBehavior [ RunTime:0.000023s ]
INFO: [ app_init ] --END-- [ RunTime:0.000535s ]
ERR: 无法加载模块:Up

[ 2016-12-08T14:26:29+08:00 ] ::1 /mintAdmin/up/images/20161019/photo_58078d55abb43.png
INFO: [ app_init ] --START--
INFO: Run Behavior\BuildLiteBehavior [ RunTime:0.000046s ]
INFO: [ app_init ] --END-- [ RunTime:0.000853s ]
ERR: 无法加载模块:Up

[ 2016-12-08T14:26:29+08:00 ] ::1 /mintAdmin/up/images/20161009/photo_57f9c132c71e0.png
INFO: [ app_init ] --START--
INFO: Run Behavior\BuildLiteBehavior [ RunTime:0.000026s ]
INFO: [ app_init ] --END-- [ RunTime:0.000774s ]
ERR: 无法加载模块:Up

[ 2016-12-08T14:26:29+08:00 ] ::1 /mintAdmin/up/images/20161101/photo_5818500069aee.png
INFO: [ app_init ] --START--
INFO: Run Behavior\BuildLiteBehavior [ RunTime:0.000032s ]
INFO: [ app_init ] --END-- [ RunTime:0.001227s ]
ERR: 无法加载模块:Up

[ 2016-12-08T14:26:29+08:00 ] ::1 /mintAdmin/up/images/20161009/photo_57f9cf159e42c.png
INFO: [ app_init ] --START--
INFO: Run Behavior\BuildLiteBehavior [ RunTime:0.000027s ]
INFO: [ app_init ] --END-- [ RunTime:0.000631s ]
ERR: 无法加载模块:Up

[ 2016-12-08T14:26:29+08:00 ] ::1 /mintAdmin/up/images/20160708/photo_577f480a8bb5f.png
INFO: [ app_init ] --START--
INFO: Run Behavior\BuildLiteBehavior [ RunTime:0.000025s ]
INFO: [ app_init ] --END-- [ RunTime:0.000558s ]
ERR: 无法加载模块:Up

[ 2016-12-08T14:26:29+08:00 ] ::1 /mintAdmin/up/images/20161009/photo_57f9d59ca0c63.png
INFO: [ app_init ] --START--
INFO: Run Behavior\BuildLiteBehavior [ RunTime:0.000028s ]
INFO: [ app_init ] --END-- [ RunTime:0.000461s ]
ERR: 无法加载模块:Up

