[ 2016-10-28T09:57:05+08:00 ] ::1 /mintAdmin/up/images/20161027/photo_5811fd030da2f.png
INFO: [ app_init ] --START--
INFO: Run Behavior\BuildLiteBehavior [ RunTime:0.000027s ]
INFO: [ app_init ] --END-- [ RunTime:0.000658s ]
ERR: 无法加载模块:Up

[ 2016-10-28T09:57:14+08:00 ] ::1 /mintAdmin/up/images/20161027/photo_5811fc3a005fd.png
INFO: [ app_init ] --START--
INFO: Run Behavior\BuildLiteBehavior [ RunTime:0.000027s ]
INFO: [ app_init ] --END-- [ RunTime:0.000650s ]
ERR: 无法加载模块:Up

[ 2016-10-28T09:57:14+08:00 ] ::1 /mintAdmin/up/images/20161027/photo_5811ea7262565.png
INFO: [ app_init ] --START--
INFO: Run Behavior\BuildLiteBehavior [ RunTime:0.000029s ]
INFO: [ app_init ] --END-- [ RunTime:0.001809s ]
ERR: 无法加载模块:Up

[ 2016-10-28T09:57:14+08:00 ] ::1 /mintAdmin/up/images/20161027/photo_5811fc66a7d86.png
INFO: [ app_init ] --START--
INFO: Run Behavior\BuildLiteBehavior [ RunTime:0.000028s ]
INFO: [ app_init ] --END-- [ RunTime:0.000835s ]
ERR: 无法加载模块:Up

[ 2016-10-28T09:57:14+08:00 ] ::1 /mintAdmin/up/images/20161027/photo_5811fd030da2f.png
INFO: [ app_init ] --START--
INFO: Run Behavior\BuildLiteBehavior [ RunTime:0.000095s ]
INFO: [ app_init ] --END-- [ RunTime:0.003360s ]
ERR: 无法加载模块:Up

[ 2016-10-28T09:57:19+08:00 ] ::1 /mintAdmin/up/images/20161019/photo_58071846e811c.png
INFO: [ app_init ] --START--
INFO: Run Behavior\BuildLiteBehavior [ RunTime:0.000027s ]
INFO: [ app_init ] --END-- [ RunTime:0.000651s ]
ERR: 无法加载模块:Up

[ 2016-10-28T10:17:53+08:00 ] ::1 /mintAdmin/up/images/20161028/photo_5812b4e9e84cd.png
INFO: [ app_init ] --START--
INFO: Run Behavior\BuildLiteBehavior [ RunTime:0.000017s ]
INFO: [ app_init ] --END-- [ RunTime:0.000397s ]
ERR: 无法加载模块:Up

[ 2016-10-28T11:30:18+08:00 ] ::1 /mintAdmin/up/images/20161028/photo_5812b4e9e84cd.png
INFO: [ app_init ] --START--
INFO: Run Behavior\BuildLiteBehavior [ RunTime:0.000033s ]
INFO: [ app_init ] --END-- [ RunTime:0.000641s ]
ERR: 无法加载模块:Up

[ 2016-10-28T11:30:22+08:00 ] ::1 /mintAdmin/up/images/20161027/photo_5811fd030da2f.png
INFO: [ app_init ] --START--
INFO: Run Behavior\BuildLiteBehavior [ RunTime:0.000029s ]
INFO: [ app_init ] --END-- [ RunTime:0.000632s ]
ERR: 无法加载模块:Up

[ 2016-10-28T11:30:22+08:00 ] ::1 /mintAdmin/up/images/20161027/photo_5811fc3a005fd.png
INFO: [ app_init ] --START--
INFO: Run Behavior\BuildLiteBehavior [ RunTime:0.000029s ]
INFO: [ app_init ] --END-- [ RunTime:0.000767s ]
ERR: 无法加载模块:Up

[ 2016-10-28T15:48:49+08:00 ] ::1 /mintAdmin/up/images/20161028/photo_5813002ad3172.png
INFO: [ app_init ] --START--
INFO: Run Behavior\BuildLiteBehavior [ RunTime:0.000310s ]
INFO: [ app_init ] --END-- [ RunTime:0.001548s ]
ERR: 无法加载模块:Up

[ 2016-10-28T15:48:51+08:00 ] ::1 /mintAdmin/up/images/20161028/photo_5813002ad3172.png
INFO: [ app_init ] --START--
INFO: Run Behavior\BuildLiteBehavior [ RunTime:0.000030s ]
INFO: [ app_init ] --END-- [ RunTime:0.000915s ]
ERR: 无法加载模块:Up

[ 2016-10-28T15:48:55+08:00 ] ::1 /mintAdmin/up/images/20161028/photo_5813002ad3172.png
INFO: [ app_init ] --START--
INFO: Run Behavior\BuildLiteBehavior [ RunTime:0.000028s ]
INFO: [ app_init ] --END-- [ RunTime:0.008258s ]
ERR: 无法加载模块:Up

[ 2016-10-28T15:49:05+08:00 ] ::1 /mintAdmin/up/images/20161028/photo_5813002ad3172.png
INFO: [ app_init ] --START--
INFO: Run Behavior\BuildLiteBehavior [ RunTime:0.000033s ]
INFO: [ app_init ] --END-- [ RunTime:0.001918s ]
ERR: 无法加载模块:Up

[ 2016-10-28T15:50:41+08:00 ] ::1 /mintAdmin/up/images/20161028/photo_5813002ad3172.png
INFO: [ app_init ] --START--
INFO: Run Behavior\BuildLiteBehavior [ RunTime:0.000025s ]
INFO: [ app_init ] --END-- [ RunTime:0.000588s ]
ERR: 无法加载模块:Up

[ 2016-10-28T15:50:54+08:00 ] ::1 /mintAdmin/up/images/20161028/photo_5813002ad3172.png
INFO: [ app_init ] --START--
INFO: Run Behavior\BuildLiteBehavior [ RunTime:0.000025s ]
INFO: [ app_init ] --END-- [ RunTime:0.000636s ]
ERR: 无法加载模块:Up

[ 2016-10-28T15:51:13+08:00 ] ::1 /mintAdmin/up/images/20161028/photo_5813002ad3172.png
INFO: [ app_init ] --START--
INFO: Run Behavior\BuildLiteBehavior [ RunTime:0.000024s ]
INFO: [ app_init ] --END-- [ RunTime:0.000603s ]
ERR: 无法加载模块:Up

[ 2016-10-28T15:51:26+08:00 ] ::1 /mintAdmin/up/images/20161028/photo_5813002ad3172.png
INFO: [ app_init ] --START--
INFO: Run Behavior\BuildLiteBehavior [ RunTime:0.000027s ]
INFO: [ app_init ] --END-- [ RunTime:0.000652s ]
ERR: 无法加载模块:Up

[ 2016-10-28T15:54:22+08:00 ] ::1 /mintAdmin/up/images/20161028/photo_5813002ad3172.png
INFO: [ app_init ] --START--
INFO: Run Behavior\BuildLiteBehavior [ RunTime:0.000024s ]
INFO: [ app_init ] --END-- [ RunTime:0.000607s ]
ERR: 无法加载模块:Up

[ 2016-10-28T16:00:30+08:00 ] ::1 /mintAdmin/up/images/20161028/photo_5813002ad3172.png
INFO: [ app_init ] --START--
INFO: Run Behavior\BuildLiteBehavior [ RunTime:0.000030s ]
INFO: [ app_init ] --END-- [ RunTime:0.000664s ]
ERR: 无法加载模块:Up

[ 2016-10-28T16:00:34+08:00 ] ::1 /mintAdmin/up/images/20161028/photo_5813002ad3172.png
INFO: [ app_init ] --START--
INFO: Run Behavior\BuildLiteBehavior [ RunTime:0.000024s ]
INFO: [ app_init ] --END-- [ RunTime:0.000585s ]
ERR: 无法加载模块:Up

[ 2016-10-28T16:00:45+08:00 ] ::1 /mintAdmin/up/images/20161028/photo_5813002ad3172.png
INFO: [ app_init ] --START--
INFO: Run Behavior\BuildLiteBehavior [ RunTime:0.000024s ]
INFO: [ app_init ] --END-- [ RunTime:0.000601s ]
ERR: 无法加载模块:Up

[ 2016-10-28T16:00:56+08:00 ] ::1 /mintAdmin/up/images/20161028/photo_5813002ad3172.png
INFO: [ app_init ] --START--
INFO: Run Behavior\BuildLiteBehavior [ RunTime:0.000022s ]
INFO: [ app_init ] --END-- [ RunTime:0.000532s ]
ERR: 无法加载模块:Up

[ 2016-10-28T16:01:20+08:00 ] ::1 /mintAdmin/up/images/20161028/photo_5813002ad3172.png
INFO: [ app_init ] --START--
INFO: Run Behavior\BuildLiteBehavior [ RunTime:0.000030s ]
INFO: [ app_init ] --END-- [ RunTime:0.001183s ]
ERR: 无法加载模块:Up

[ 2016-10-28T16:01:20+08:00 ] ::1 /mintAdmin/up/images/20161028/photo_5813002ad3172.png
INFO: [ app_init ] --START--
INFO: Run Behavior\BuildLiteBehavior [ RunTime:0.000026s ]
INFO: [ app_init ] --END-- [ RunTime:0.000611s ]
ERR: 无法加载模块:Up

[ 2016-10-28T16:01:22+08:00 ] ::1 /mintAdmin/up/images/20161028/photo_5813002ad3172.png
INFO: [ app_init ] --START--
INFO: Run Behavior\BuildLiteBehavior [ RunTime:0.000026s ]
INFO: [ app_init ] --END-- [ RunTime:0.000627s ]
ERR: 无法加载模块:Up

[ 2016-10-28T16:01:26+08:00 ] ::1 /mintAdmin/up/images/20161028/photo_5813002ad3172.png
INFO: [ app_init ] --START--
INFO: Run Behavior\BuildLiteBehavior [ RunTime:0.000026s ]
INFO: [ app_init ] --END-- [ RunTime:0.000625s ]
ERR: 无法加载模块:Up

[ 2016-10-28T16:01:44+08:00 ] ::1 /mintAdmin/up/images/20161028/photo_5813002ad3172.png
INFO: [ app_init ] --START--
INFO: Run Behavior\BuildLiteBehavior [ RunTime:0.000026s ]
INFO: [ app_init ] --END-- [ RunTime:0.000600s ]
ERR: 无法加载模块:Up

[ 2016-10-28T16:01:48+08:00 ] ::1 /mintAdmin/up/images/20161028/photo_5813002ad3172.png
INFO: [ app_init ] --START--
INFO: Run Behavior\BuildLiteBehavior [ RunTime:0.000025s ]
INFO: [ app_init ] --END-- [ RunTime:0.000552s ]
ERR: 无法加载模块:Up

[ 2016-10-28T16:02:08+08:00 ] ::1 /mintAdmin/up/images/20161028/photo_5813002ad3172.png
INFO: [ app_init ] --START--
INFO: Run Behavior\BuildLiteBehavior [ RunTime:0.000026s ]
INFO: [ app_init ] --END-- [ RunTime:0.000628s ]
ERR: 无法加载模块:Up

[ 2016-10-28T16:02:13+08:00 ] ::1 /mintAdmin/up/images/20161028/photo_5813002ad3172.png
INFO: [ app_init ] --START--
INFO: Run Behavior\BuildLiteBehavior [ RunTime:0.000030s ]
INFO: [ app_init ] --END-- [ RunTime:0.000618s ]
ERR: 无法加载模块:Up

[ 2016-10-28T16:02:20+08:00 ] ::1 /mintAdmin/up/images/20161028/photo_5813002ad3172.png
INFO: [ app_init ] --START--
INFO: Run Behavior\BuildLiteBehavior [ RunTime:0.000025s ]
INFO: [ app_init ] --END-- [ RunTime:0.000597s ]
ERR: 无法加载模块:Up

[ 2016-10-28T16:09:02+08:00 ] ::1 /mintAdmin/up/images/20161028/photo_5813002ad3172.png
INFO: [ app_init ] --START--
INFO: Run Behavior\BuildLiteBehavior [ RunTime:0.000027s ]
INFO: [ app_init ] --END-- [ RunTime:0.000621s ]
ERR: 无法加载模块:Up

[ 2016-10-28T16:09:05+08:00 ] ::1 /mintAdmin/up/images/20161028/photo_5813002ad3172.png
INFO: [ app_init ] --START--
INFO: Run Behavior\BuildLiteBehavior [ RunTime:0.000028s ]
INFO: [ app_init ] --END-- [ RunTime:0.000629s ]
ERR: 无法加载模块:Up

[ 2016-10-28T16:09:20+08:00 ] ::1 /mintAdmin/up/images/20161028/photo_5813002ad3172.png
INFO: [ app_init ] --START--
INFO: Run Behavior\BuildLiteBehavior [ RunTime:0.000028s ]
INFO: [ app_init ] --END-- [ RunTime:0.000645s ]
ERR: 无法加载模块:Up

[ 2016-10-28T16:09:21+08:00 ] ::1 /mintAdmin/up/images/20161028/photo_5813002ad3172.png
INFO: [ app_init ] --START--
INFO: Run Behavior\BuildLiteBehavior [ RunTime:0.000028s ]
INFO: [ app_init ] --END-- [ RunTime:0.000577s ]
ERR: 无法加载模块:Up

[ 2016-10-28T16:09:22+08:00 ] ::1 /mintAdmin/up/images/20161028/photo_5813002ad3172.png
INFO: [ app_init ] --START--
INFO: Run Behavior\BuildLiteBehavior [ RunTime:0.000027s ]
INFO: [ app_init ] --END-- [ RunTime:0.000711s ]
ERR: 无法加载模块:Up

[ 2016-10-28T16:09:29+08:00 ] ::1 /mintAdmin/up/images/20161028/photo_5813002ad3172.png
INFO: [ app_init ] --START--
INFO: Run Behavior\BuildLiteBehavior [ RunTime:0.000036s ]
INFO: [ app_init ] --END-- [ RunTime:0.000820s ]
ERR: 无法加载模块:Up

[ 2016-10-28T16:09:44+08:00 ] ::1 /mintAdmin/up/images/20161028/photo_5813002ad3172.png
INFO: [ app_init ] --START--
INFO: Run Behavior\BuildLiteBehavior [ RunTime:0.000029s ]
INFO: [ app_init ] --END-- [ RunTime:0.000664s ]
ERR: 无法加载模块:Up

[ 2016-10-28T16:09:48+08:00 ] ::1 /mintAdmin/up/images/20161028/photo_5813002ad3172.png
INFO: [ app_init ] --START--
INFO: Run Behavior\BuildLiteBehavior [ RunTime:0.000029s ]
INFO: [ app_init ] --END-- [ RunTime:0.000964s ]
ERR: 无法加载模块:Up

[ 2016-10-28T16:09:52+08:00 ] ::1 /mintAdmin/up/images/20161028/photo_5813002ad3172.png
INFO: [ app_init ] --START--
INFO: Run Behavior\BuildLiteBehavior [ RunTime:0.000025s ]
INFO: [ app_init ] --END-- [ RunTime:0.000582s ]
ERR: 无法加载模块:Up

[ 2016-10-28T16:09:59+08:00 ] ::1 /mintAdmin/up/images/20161028/photo_5813002ad3172.png
INFO: [ app_init ] --START--
INFO: Run Behavior\BuildLiteBehavior [ RunTime:0.000023s ]
INFO: [ app_init ] --END-- [ RunTime:0.000628s ]
ERR: 无法加载模块:Up

[ 2016-10-28T16:10:20+08:00 ] ::1 /mintAdmin/up/images/20161028/photo_5813002ad3172.png
INFO: [ app_init ] --START--
INFO: Run Behavior\BuildLiteBehavior [ RunTime:0.000033s ]
INFO: [ app_init ] --END-- [ RunTime:0.001165s ]
ERR: 无法加载模块:Up

[ 2016-10-28T16:12:51+08:00 ] ::1 /mintAdmin/up/images/20161028/photo_5813002ad3172.png
INFO: [ app_init ] --START--
INFO: Run Behavior\BuildLiteBehavior [ RunTime:0.000024s ]
INFO: [ app_init ] --END-- [ RunTime:0.000620s ]
ERR: 无法加载模块:Up

[ 2016-10-28T16:12:58+08:00 ] ::1 /mintAdmin/up/images/20161028/photo_5813002ad3172.png
INFO: [ app_init ] --START--
INFO: Run Behavior\BuildLiteBehavior [ RunTime:0.000025s ]
INFO: [ app_init ] --END-- [ RunTime:0.000572s ]
ERR: 无法加载模块:Up

[ 2016-10-28T16:13:04+08:00 ] ::1 /mintAdmin/up/images/20161028/photo_5813002ad3172.png
INFO: [ app_init ] --START--
INFO: Run Behavior\BuildLiteBehavior [ RunTime:0.000027s ]
INFO: [ app_init ] --END-- [ RunTime:0.000610s ]
ERR: 无法加载模块:Up

[ 2016-10-28T16:14:02+08:00 ] ::1 /mintAdmin/up/images/20161028/photo_5813002ad3172.png
INFO: [ app_init ] --START--
INFO: Run Behavior\BuildLiteBehavior [ RunTime:0.000045s ]
INFO: [ app_init ] --END-- [ RunTime:0.000773s ]
ERR: 无法加载模块:Up

[ 2016-10-28T16:14:12+08:00 ] ::1 /mintAdmin/up/images/20161028/photo_5813002ad3172.png
INFO: [ app_init ] --START--
INFO: Run Behavior\BuildLiteBehavior [ RunTime:0.000021s ]
INFO: [ app_init ] --END-- [ RunTime:0.000762s ]
ERR: 无法加载模块:Up

[ 2016-10-28T16:14:28+08:00 ] ::1 /mintAdmin/up/images/20161028/photo_5813002ad3172.png
INFO: [ app_init ] --START--
INFO: Run Behavior\BuildLiteBehavior [ RunTime:0.000037s ]
INFO: [ app_init ] --END-- [ RunTime:0.000899s ]
ERR: 无法加载模块:Up

[ 2016-10-28T16:15:33+08:00 ] ::1 /mintAdmin/up/images/20161028/photo_5813002ad3172.png
INFO: [ app_init ] --START--
INFO: Run Behavior\BuildLiteBehavior [ RunTime:0.000050s ]
INFO: [ app_init ] --END-- [ RunTime:0.000807s ]
ERR: 无法加载模块:Up

[ 2016-10-28T16:16:36+08:00 ] ::1 /mintAdmin/up/images/20161028/photo_5813002ad3172.png
INFO: [ app_init ] --START--
INFO: Run Behavior\BuildLiteBehavior [ RunTime:0.000039s ]
INFO: [ app_init ] --END-- [ RunTime:0.000662s ]
ERR: 无法加载模块:Up

[ 2016-10-28T16:17:36+08:00 ] ::1 /mintAdmin/up/images/20161028/photo_5813002ad3172.png
INFO: [ app_init ] --START--
INFO: Run Behavior\BuildLiteBehavior [ RunTime:0.000026s ]
INFO: [ app_init ] --END-- [ RunTime:0.000588s ]
ERR: 无法加载模块:Up

[ 2016-10-28T16:17:39+08:00 ] ::1 /mintAdmin/up/images/20161028/photo_5813002ad3172.png
INFO: [ app_init ] --START--
INFO: Run Behavior\BuildLiteBehavior [ RunTime:0.000022s ]
INFO: [ app_init ] --END-- [ RunTime:0.000655s ]
ERR: 无法加载模块:Up

[ 2016-10-28T16:18:19+08:00 ] ::1 /mintAdmin/up/images/20161028/photo_5813002ad3172.png
INFO: [ app_init ] --START--
INFO: Run Behavior\BuildLiteBehavior [ RunTime:0.000021s ]
INFO: [ app_init ] --END-- [ RunTime:0.000518s ]
ERR: 无法加载模块:Up

[ 2016-10-28T16:18:31+08:00 ] ::1 /mintAdmin/up/images/20161028/photo_5813002ad3172.png
INFO: [ app_init ] --START--
INFO: Run Behavior\BuildLiteBehavior [ RunTime:0.000035s ]
INFO: [ app_init ] --END-- [ RunTime:0.001213s ]
ERR: 无法加载模块:Up

[ 2016-10-28T16:18:37+08:00 ] ::1 /mintAdmin/up/images/20161028/photo_5813002ad3172.png
INFO: [ app_init ] --START--
INFO: Run Behavior\BuildLiteBehavior [ RunTime:0.000024s ]
INFO: [ app_init ] --END-- [ RunTime:0.000639s ]
ERR: 无法加载模块:Up

[ 2016-10-28T16:20:21+08:00 ] ::1 /mintAdmin/up/images/20161028/photo_5813002ad3172.png
INFO: [ app_init ] --START--
INFO: Run Behavior\BuildLiteBehavior [ RunTime:0.000071s ]
INFO: [ app_init ] --END-- [ RunTime:0.000936s ]
ERR: 无法加载模块:Up

[ 2016-10-28T16:20:31+08:00 ] ::1 /mintAdmin/up/images/20161028/photo_5813002ad3172.png
INFO: [ app_init ] --START--
INFO: Run Behavior\BuildLiteBehavior [ RunTime:0.000034s ]
INFO: [ app_init ] --END-- [ RunTime:0.000831s ]
ERR: 无法加载模块:Up

[ 2016-10-28T16:20:32+08:00 ] ::1 /mintAdmin/up/images/20161028/photo_5813002ad3172.png
INFO: [ app_init ] --START--
INFO: Run Behavior\BuildLiteBehavior [ RunTime:0.000135s ]
INFO: [ app_init ] --END-- [ RunTime:0.000797s ]
ERR: 无法加载模块:Up

[ 2016-10-28T16:20:33+08:00 ] ::1 /mintAdmin/up/images/20161028/photo_5813002ad3172.png
INFO: [ app_init ] --START--
INFO: Run Behavior\BuildLiteBehavior [ RunTime:0.000026s ]
INFO: [ app_init ] --END-- [ RunTime:0.000586s ]
ERR: 无法加载模块:Up

[ 2016-10-28T16:20:37+08:00 ] ::1 /mintAdmin/up/images/20161028/photo_5813002ad3172.png
INFO: [ app_init ] --START--
INFO: Run Behavior\BuildLiteBehavior [ RunTime:0.000024s ]
INFO: [ app_init ] --END-- [ RunTime:0.001131s ]
ERR: 无法加载模块:Up

[ 2016-10-28T16:20:44+08:00 ] ::1 /mintAdmin/up/images/20161028/photo_58130957065e4.png
INFO: [ app_init ] --START--
INFO: Run Behavior\BuildLiteBehavior [ RunTime:0.000026s ]
INFO: [ app_init ] --END-- [ RunTime:0.000597s ]
ERR: 无法加载模块:Up

[ 2016-10-28T16:20:44+08:00 ] ::1 /mintAdmin/up/images/20161028/photo_5813002ad3172.png
INFO: [ app_init ] --START--
INFO: Run Behavior\BuildLiteBehavior [ RunTime:0.000026s ]
INFO: [ app_init ] --END-- [ RunTime:0.000594s ]
ERR: 无法加载模块:Up

[ 2016-10-28T16:20:47+08:00 ] ::1 /mintAdmin/up/images/20161028/photo_5813002ad3172.png
INFO: [ app_init ] --START--
INFO: Run Behavior\BuildLiteBehavior [ RunTime:0.000019s ]
INFO: [ app_init ] --END-- [ RunTime:0.000608s ]
ERR: 无法加载模块:Up

[ 2016-10-28T16:20:48+08:00 ] ::1 /mintAdmin/up/images/20161028/photo_5813002ad3172.png
INFO: [ app_init ] --START--
INFO: Run Behavior\BuildLiteBehavior [ RunTime:0.000032s ]
INFO: [ app_init ] --END-- [ RunTime:0.001527s ]
ERR: 无法加载模块:Up

[ 2016-10-28T16:20:54+08:00 ] ::1 /mintAdmin/up/images/20161028/photo_5813002ad3172.png
INFO: [ app_init ] --START--
INFO: Run Behavior\BuildLiteBehavior [ RunTime:0.000023s ]
INFO: [ app_init ] --END-- [ RunTime:0.000611s ]
ERR: 无法加载模块:Up

[ 2016-10-28T16:21:37+08:00 ] ::1 /mintAdmin/up/images/20161028/photo_5813002ad3172.png
INFO: [ app_init ] --START--
INFO: Run Behavior\BuildLiteBehavior [ RunTime:0.000026s ]
INFO: [ app_init ] --END-- [ RunTime:0.000596s ]
ERR: 无法加载模块:Up

[ 2016-10-28T16:21:42+08:00 ] ::1 /mintAdmin/up/images/20161028/photo_5813002ad3172.png
INFO: [ app_init ] --START--
INFO: Run Behavior\BuildLiteBehavior [ RunTime:0.000023s ]
INFO: [ app_init ] --END-- [ RunTime:0.000623s ]
ERR: 无法加载模块:Up

[ 2016-10-28T16:21:49+08:00 ] ::1 /mintAdmin/up/images/20161028/photo_5813002ad3172.png
INFO: [ app_init ] --START--
INFO: Run Behavior\BuildLiteBehavior [ RunTime:0.000029s ]
INFO: [ app_init ] --END-- [ RunTime:0.000716s ]
ERR: 无法加载模块:Up

[ 2016-10-28T16:22:17+08:00 ] ::1 /mintAdmin/up/images/20161028/photo_5813002ad3172.png
INFO: [ app_init ] --START--
INFO: Run Behavior\BuildLiteBehavior [ RunTime:0.000023s ]
INFO: [ app_init ] --END-- [ RunTime:0.000547s ]
ERR: 无法加载模块:Up

[ 2016-10-28T16:22:24+08:00 ] ::1 /mintAdmin/up/images/20161028/photo_5813002ad3172.png
INFO: [ app_init ] --START--
INFO: Run Behavior\BuildLiteBehavior [ RunTime:0.000032s ]
INFO: [ app_init ] --END-- [ RunTime:0.000676s ]
ERR: 无法加载模块:Up

[ 2016-10-28T16:22:31+08:00 ] ::1 /mintAdmin/up/images/20161028/photo_5813002ad3172.png
INFO: [ app_init ] --START--
INFO: Run Behavior\BuildLiteBehavior [ RunTime:0.000047s ]
INFO: [ app_init ] --END-- [ RunTime:0.000950s ]
ERR: 无法加载模块:Up

[ 2016-10-28T16:23:18+08:00 ] ::1 /mintAdmin/up/images/20161028/photo_5813002ad3172.png
INFO: [ app_init ] --START--
INFO: Run Behavior\BuildLiteBehavior [ RunTime:0.000037s ]
INFO: [ app_init ] --END-- [ RunTime:0.000722s ]
ERR: 无法加载模块:Up

[ 2016-10-28T16:24:09+08:00 ] ::1 /mintAdmin/up/images/20161028/photo_5813002ad3172.png
INFO: [ app_init ] --START--
INFO: Run Behavior\BuildLiteBehavior [ RunTime:0.000029s ]
INFO: [ app_init ] --END-- [ RunTime:0.000630s ]
ERR: 无法加载模块:Up

[ 2016-10-28T16:24:16+08:00 ] ::1 /mintAdmin/up/images/20161028/photo_5813002ad3172.png
INFO: [ app_init ] --START--
INFO: Run Behavior\BuildLiteBehavior [ RunTime:0.000027s ]
INFO: [ app_init ] --END-- [ RunTime:0.000867s ]
ERR: 无法加载模块:Up

[ 2016-10-28T16:24:26+08:00 ] ::1 /mintAdmin/up/images/20161028/photo_5813002ad3172.png
INFO: [ app_init ] --START--
INFO: Run Behavior\BuildLiteBehavior [ RunTime:0.000030s ]
INFO: [ app_init ] --END-- [ RunTime:0.000595s ]
ERR: 无法加载模块:Up

[ 2016-10-28T16:27:52+08:00 ] ::1 /mintAdmin/up/images/20161028/photo_5813002ad3172.png
INFO: [ app_init ] --START--
INFO: Run Behavior\BuildLiteBehavior [ RunTime:0.000023s ]
INFO: [ app_init ] --END-- [ RunTime:0.000568s ]
ERR: 无法加载模块:Up

[ 2016-10-28T16:29:15+08:00 ] ::1 /mintAdmin/up/images/20161028/photo_58130957065e4.png
INFO: [ app_init ] --START--
INFO: Run Behavior\BuildLiteBehavior [ RunTime:0.000063s ]
INFO: [ app_init ] --END-- [ RunTime:0.000760s ]
ERR: 无法加载模块:Up

[ 2016-10-28T16:29:15+08:00 ] ::1 /mintAdmin/up/images/20161028/photo_5813002ad3172.png
INFO: [ app_init ] --START--
INFO: Run Behavior\BuildLiteBehavior [ RunTime:0.000027s ]
INFO: [ app_init ] --END-- [ RunTime:0.000656s ]
ERR: 无法加载模块:Up

[ 2016-10-28T16:31:58+08:00 ] ::1 /mintAdmin/up/images/20161028/photo_5813002ad3172.png
INFO: [ app_init ] --START--
INFO: Run Behavior\BuildLiteBehavior [ RunTime:0.000024s ]
INFO: [ app_init ] --END-- [ RunTime:0.000737s ]
ERR: 无法加载模块:Up

[ 2016-10-28T16:31:58+08:00 ] ::1 /mintAdmin/up/images/20161028/photo_58130957065e4.png
INFO: [ app_init ] --START--
INFO: Run Behavior\BuildLiteBehavior [ RunTime:0.000028s ]
INFO: [ app_init ] --END-- [ RunTime:0.000647s ]
ERR: 无法加载模块:Up

[ 2016-10-28T16:32:00+08:00 ] ::1 /mintAdmin/up/images/20161028/photo_5813002ad3172.png
INFO: [ app_init ] --START--
INFO: Run Behavior\BuildLiteBehavior [ RunTime:0.000028s ]
INFO: [ app_init ] --END-- [ RunTime:0.000678s ]
ERR: 无法加载模块:Up

[ 2016-10-28T16:32:01+08:00 ] ::1 /mintAdmin/up/images/20161028/photo_5813002ad3172.png
INFO: [ app_init ] --START--
INFO: Run Behavior\BuildLiteBehavior [ RunTime:0.000026s ]
INFO: [ app_init ] --END-- [ RunTime:0.000548s ]
ERR: 无法加载模块:Up

[ 2016-10-28T16:32:04+08:00 ] ::1 /mintAdmin/up/images/20161028/photo_5813002ad3172.png
INFO: [ app_init ] --START--
INFO: Run Behavior\BuildLiteBehavior [ RunTime:0.000027s ]
INFO: [ app_init ] --END-- [ RunTime:0.000625s ]
ERR: 无法加载模块:Up

[ 2016-10-28T16:32:22+08:00 ] ::1 /mintAdmin/up/images/20161028/photo_5813002ad3172.png
INFO: [ app_init ] --START--
INFO: Run Behavior\BuildLiteBehavior [ RunTime:0.000025s ]
INFO: [ app_init ] --END-- [ RunTime:0.000775s ]
ERR: 无法加载模块:Up

[ 2016-10-28T16:35:06+08:00 ] ::1 /mintAdmin/up/images/20161028/photo_5813002ad3172.png
INFO: [ app_init ] --START--
INFO: Run Behavior\BuildLiteBehavior [ RunTime:0.000022s ]
INFO: [ app_init ] --END-- [ RunTime:0.000574s ]
ERR: 无法加载模块:Up

[ 2016-10-28T16:35:11+08:00 ] ::1 /mintAdmin/up/images/20161028/photo_5813002ad3172.png
INFO: [ app_init ] --START--
INFO: Run Behavior\BuildLiteBehavior [ RunTime:0.000028s ]
INFO: [ app_init ] --END-- [ RunTime:0.001035s ]
ERR: 无法加载模块:Up

[ 2016-10-28T16:35:41+08:00 ] ::1 /mintAdmin/up/images/20161028/photo_5813002ad3172.png
INFO: [ app_init ] --START--
INFO: Run Behavior\BuildLiteBehavior [ RunTime:0.000025s ]
INFO: [ app_init ] --END-- [ RunTime:0.000599s ]
ERR: 无法加载模块:Up

[ 2016-10-28T16:35:47+08:00 ] ::1 /mintAdmin/up/images/20161028/photo_5813002ad3172.png
INFO: [ app_init ] --START--
INFO: Run Behavior\BuildLiteBehavior [ RunTime:0.000037s ]
INFO: [ app_init ] --END-- [ RunTime:0.000796s ]
ERR: 无法加载模块:Up

[ 2016-10-28T16:36:34+08:00 ] ::1 /mintAdmin/up/images/20161028/photo_5813002ad3172.png
INFO: [ app_init ] --START--
INFO: Run Behavior\BuildLiteBehavior [ RunTime:0.000024s ]
INFO: [ app_init ] --END-- [ RunTime:0.000601s ]
ERR: 无法加载模块:Up

[ 2016-10-28T16:36:37+08:00 ] ::1 /mintAdmin/up/images/20161028/photo_5813002ad3172.png
INFO: [ app_init ] --START--
INFO: Run Behavior\BuildLiteBehavior [ RunTime:0.000028s ]
INFO: [ app_init ] --END-- [ RunTime:0.000720s ]
ERR: 无法加载模块:Up

[ 2016-10-28T16:36:37+08:00 ] ::1 /mintAdmin/up/images/20161028/photo_58130957065e4.png
INFO: [ app_init ] --START--
INFO: Run Behavior\BuildLiteBehavior [ RunTime:0.000029s ]
INFO: [ app_init ] --END-- [ RunTime:0.000693s ]
ERR: 无法加载模块:Up

[ 2016-10-28T16:36:38+08:00 ] ::1 /mintAdmin/up/images/20161028/photo_5813002ad3172.png
INFO: [ app_init ] --START--
INFO: Run Behavior\BuildLiteBehavior [ RunTime:0.000024s ]
INFO: [ app_init ] --END-- [ RunTime:0.000540s ]
ERR: 无法加载模块:Up

[ 2016-10-28T16:36:40+08:00 ] ::1 /mintAdmin/up/images/20161028/photo_5813002ad3172.png
INFO: [ app_init ] --START--
INFO: Run Behavior\BuildLiteBehavior [ RunTime:0.000029s ]
INFO: [ app_init ] --END-- [ RunTime:0.000654s ]
ERR: 无法加载模块:Up

[ 2016-10-28T16:36:46+08:00 ] ::1 /mintAdmin/up/images/20161028/photo_5813002ad3172.png
INFO: [ app_init ] --START--
INFO: Run Behavior\BuildLiteBehavior [ RunTime:0.000027s ]
INFO: [ app_init ] --END-- [ RunTime:0.000601s ]
ERR: 无法加载模块:Up

[ 2016-10-28T16:37:01+08:00 ] ::1 /mintAdmin/up/images/20161028/photo_5813002ad3172.png
INFO: [ app_init ] --START--
INFO: Run Behavior\BuildLiteBehavior [ RunTime:0.000024s ]
INFO: [ app_init ] --END-- [ RunTime:0.000579s ]
ERR: 无法加载模块:Up

[ 2016-10-28T16:37:05+08:00 ] ::1 /mintAdmin/up/images/20161028/photo_5813002ad3172.png
INFO: [ app_init ] --START--
INFO: Run Behavior\BuildLiteBehavior [ RunTime:0.000026s ]
INFO: [ app_init ] --END-- [ RunTime:0.001209s ]
ERR: 无法加载模块:Up

[ 2016-10-28T16:40:34+08:00 ] ::1 /mintAdmin/up/images/20161028/photo_5813002ad3172.png
INFO: [ app_init ] --START--
INFO: Run Behavior\BuildLiteBehavior [ RunTime:0.000028s ]
INFO: [ app_init ] --END-- [ RunTime:0.000644s ]
ERR: 无法加载模块:Up

[ 2016-10-28T16:40:58+08:00 ] ::1 /mintAdmin/up/images/20161028/photo_5813002ad3172.png
INFO: [ app_init ] --START--
INFO: Run Behavior\BuildLiteBehavior [ RunTime:0.000024s ]
INFO: [ app_init ] --END-- [ RunTime:0.000587s ]
ERR: 无法加载模块:Up

[ 2016-10-28T16:41:03+08:00 ] ::1 /mintAdmin/up/images/20161028/photo_5813002ad3172.png
INFO: [ app_init ] --START--
INFO: Run Behavior\BuildLiteBehavior [ RunTime:0.000051s ]
INFO: [ app_init ] --END-- [ RunTime:0.000873s ]
ERR: 无法加载模块:Up

[ 2016-10-28T16:51:29+08:00 ] ::1 /mintAdmin/up/images/20161028/photo_5813002ad3172.png
INFO: [ app_init ] --START--
INFO: Run Behavior\BuildLiteBehavior [ RunTime:0.000062s ]
INFO: [ app_init ] --END-- [ RunTime:0.001152s ]
ERR: 无法加载模块:Up

[ 2016-10-28T16:51:54+08:00 ] ::1 /mintAdmin/up/images/20161028/photo_5813002ad3172.png
INFO: [ app_init ] --START--
INFO: Run Behavior\BuildLiteBehavior [ RunTime:0.000021s ]
INFO: [ app_init ] --END-- [ RunTime:0.000555s ]
ERR: 无法加载模块:Up

[ 2016-10-28T16:51:57+08:00 ] ::1 /mintAdmin/up/images/20161028/photo_5813002ad3172.png
INFO: [ app_init ] --START--
INFO: Run Behavior\BuildLiteBehavior [ RunTime:0.000024s ]
INFO: [ app_init ] --END-- [ RunTime:0.000589s ]
ERR: 无法加载模块:Up

[ 2016-10-28T16:54:06+08:00 ] ::1 /mintAdmin/up/images/20161028/photo_5813002ad3172.png
INFO: [ app_init ] --START--
INFO: Run Behavior\BuildLiteBehavior [ RunTime:0.000035s ]
INFO: [ app_init ] --END-- [ RunTime:0.000834s ]
ERR: 无法加载模块:Up

[ 2016-10-28T16:54:23+08:00 ] ::1 /mintAdmin/up/images/20161028/photo_5813002ad3172.png
INFO: [ app_init ] --START--
INFO: Run Behavior\BuildLiteBehavior [ RunTime:0.000026s ]
INFO: [ app_init ] --END-- [ RunTime:0.000608s ]
ERR: 无法加载模块:Up

[ 2016-10-28T16:54:27+08:00 ] ::1 /mintAdmin/up/images/20161028/photo_5813002ad3172.png
INFO: [ app_init ] --START--
INFO: Run Behavior\BuildLiteBehavior [ RunTime:0.000024s ]
INFO: [ app_init ] --END-- [ RunTime:0.000572s ]
ERR: 无法加载模块:Up

[ 2016-10-28T16:54:48+08:00 ] ::1 /mintAdmin/up/images/20161028/photo_5813002ad3172.png
INFO: [ app_init ] --START--
INFO: Run Behavior\BuildLiteBehavior [ RunTime:0.000027s ]
INFO: [ app_init ] --END-- [ RunTime:0.000865s ]
ERR: 无法加载模块:Up

[ 2016-10-28T16:55:08+08:00 ] ::1 /mintAdmin/up/images/20161028/photo_5813002ad3172.png
INFO: [ app_init ] --START--
INFO: Run Behavior\BuildLiteBehavior [ RunTime:0.000026s ]
INFO: [ app_init ] --END-- [ RunTime:0.000619s ]
ERR: 无法加载模块:Up

[ 2016-10-28T16:55:10+08:00 ] ::1 /mintAdmin/up/images/20161028/photo_5813002ad3172.png
INFO: [ app_init ] --START--
INFO: Run Behavior\BuildLiteBehavior [ RunTime:0.000025s ]
INFO: [ app_init ] --END-- [ RunTime:0.000597s ]
ERR: 无法加载模块:Up

[ 2016-10-28T16:55:51+08:00 ] ::1 /mintAdmin/up/images/20161028/photo_5813002ad3172.png
INFO: [ app_init ] --START--
INFO: Run Behavior\BuildLiteBehavior [ RunTime:0.000026s ]
INFO: [ app_init ] --END-- [ RunTime:0.000582s ]
ERR: 无法加载模块:Up

[ 2016-10-28T16:56:07+08:00 ] ::1 /mintAdmin/up/images/20161028/photo_5813002ad3172.png
INFO: [ app_init ] --START--
INFO: Run Behavior\BuildLiteBehavior [ RunTime:0.000026s ]
INFO: [ app_init ] --END-- [ RunTime:0.000961s ]
ERR: 无法加载模块:Up

[ 2016-10-28T16:56:13+08:00 ] ::1 /mintAdmin/up/images/20161028/photo_5813002ad3172.png
INFO: [ app_init ] --START--
INFO: Run Behavior\BuildLiteBehavior [ RunTime:0.000037s ]
INFO: [ app_init ] --END-- [ RunTime:0.003013s ]
ERR: 无法加载模块:Up

[ 2016-10-28T16:57:16+08:00 ] ::1 /mintAdmin/up/images/20161028/photo_5813002ad3172.png
INFO: [ app_init ] --START--
INFO: Run Behavior\BuildLiteBehavior [ RunTime:0.000028s ]
INFO: [ app_init ] --END-- [ RunTime:0.001091s ]
ERR: 无法加载模块:Up

[ 2016-10-28T16:57:37+08:00 ] ::1 /mintAdmin/up/images/20161028/photo_5813002ad3172.png
INFO: [ app_init ] --START--
INFO: Run Behavior\BuildLiteBehavior [ RunTime:0.000030s ]
INFO: [ app_init ] --END-- [ RunTime:0.000848s ]
ERR: 无法加载模块:Up

[ 2016-10-28T16:57:41+08:00 ] ::1 /mintAdmin/up/images/20161028/photo_5813002ad3172.png
INFO: [ app_init ] --START--
INFO: Run Behavior\BuildLiteBehavior [ RunTime:0.000025s ]
INFO: [ app_init ] --END-- [ RunTime:0.000593s ]
ERR: 无法加载模块:Up

[ 2016-10-28T17:00:12+08:00 ] ::1 /mintAdmin/up/images/20161028/photo_5813002ad3172.png
INFO: [ app_init ] --START--
INFO: Run Behavior\BuildLiteBehavior [ RunTime:0.000025s ]
INFO: [ app_init ] --END-- [ RunTime:0.000811s ]
ERR: 无法加载模块:Up

[ 2016-10-28T17:00:26+08:00 ] ::1 /mintAdmin/up/images/20161028/photo_5813002ad3172.png
INFO: [ app_init ] --START--
INFO: Run Behavior\BuildLiteBehavior [ RunTime:0.000026s ]
INFO: [ app_init ] --END-- [ RunTime:0.000601s ]
ERR: 无法加载模块:Up

[ 2016-10-28T17:00:26+08:00 ] ::1 /mintAdmin/up/images/20161028/photo_58130957065e4.png
INFO: [ app_init ] --START--
INFO: Run Behavior\BuildLiteBehavior [ RunTime:0.000114s ]
INFO: [ app_init ] --END-- [ RunTime:0.000676s ]
ERR: 无法加载模块:Up

[ 2016-10-28T17:00:30+08:00 ] ::1 /mintAdmin/up/images/20161028/photo_5813002ad3172.png
INFO: [ app_init ] --START--
INFO: Run Behavior\BuildLiteBehavior [ RunTime:0.000018s ]
INFO: [ app_init ] --END-- [ RunTime:0.000385s ]
ERR: 无法加载模块:Up

[ 2016-10-28T17:00:31+08:00 ] ::1 /mintAdmin/up/images/20161028/photo_5813002ad3172.png
INFO: [ app_init ] --START--
INFO: Run Behavior\BuildLiteBehavior [ RunTime:0.000026s ]
INFO: [ app_init ] --END-- [ RunTime:0.000615s ]
ERR: 无法加载模块:Up

[ 2016-10-28T17:00:36+08:00 ] ::1 /mintAdmin/up/images/20161028/photo_5813002ad3172.png
INFO: [ app_init ] --START--
INFO: Run Behavior\BuildLiteBehavior [ RunTime:0.000023s ]
INFO: [ app_init ] --END-- [ RunTime:0.000679s ]
ERR: 无法加载模块:Up

[ 2016-10-28T17:02:39+08:00 ] ::1 /mintAdmin/up/images/20161028/photo_58130957065e4.png
INFO: [ app_init ] --START--
INFO: Run Behavior\BuildLiteBehavior [ RunTime:0.000328s ]
INFO: [ app_init ] --END-- [ RunTime:0.004359s ]
ERR: 无法加载模块:Up

[ 2016-10-28T17:02:39+08:00 ] ::1 /mintAdmin/up/images/20161028/photo_5813002ad3172.png
INFO: [ app_init ] --START--
INFO: Run Behavior\BuildLiteBehavior [ RunTime:0.000038s ]
INFO: [ app_init ] --END-- [ RunTime:0.001734s ]
ERR: 无法加载模块:Up

[ 2016-10-28T17:03:19+08:00 ] ::1 /mintAdmin/up/images/20161028/photo_5813002ad3172.png
INFO: [ app_init ] --START--
INFO: Run Behavior\BuildLiteBehavior [ RunTime:0.000027s ]
INFO: [ app_init ] --END-- [ RunTime:0.000601s ]
ERR: 无法加载模块:Up

[ 2016-10-28T17:03:19+08:00 ] ::1 /mintAdmin/up/images/20161028/photo_58130957065e4.png
INFO: [ app_init ] --START--
INFO: Run Behavior\BuildLiteBehavior [ RunTime:0.000019s ]
INFO: [ app_init ] --END-- [ RunTime:0.000485s ]
ERR: 无法加载模块:Up

[ 2016-10-28T17:09:21+08:00 ] ::1 /mintAdmin/up/images/20161028/photo_58130957065e4.png
INFO: [ app_init ] --START--
INFO: Run Behavior\BuildLiteBehavior [ RunTime:0.000019s ]
INFO: [ app_init ] --END-- [ RunTime:0.000575s ]
ERR: 无法加载模块:Up

[ 2016-10-28T17:09:21+08:00 ] ::1 /mintAdmin/up/images/20161028/photo_5813002ad3172.png
INFO: [ app_init ] --START--
INFO: Run Behavior\BuildLiteBehavior [ RunTime:0.000024s ]
INFO: [ app_init ] --END-- [ RunTime:0.000593s ]
ERR: 无法加载模块:Up

[ 2016-10-28T17:22:20+08:00 ] ::1 /mintAdmin/up/images/20161028/photo_5813002ad3172.png
INFO: [ app_init ] --START--
INFO: Run Behavior\BuildLiteBehavior [ RunTime:0.000022s ]
INFO: [ app_init ] --END-- [ RunTime:0.000577s ]
ERR: 无法加载模块:Up

